{"C:\\Users\\atdan\\OneDrive\\Desktop\\Merkato\\frontend\\src\\App.js": {"path":"C:\\Users\\atdan\\OneDrive\\Desktop\\Merkato\\frontend\\src\\App.js","statementMap":{"0":{"start":{"line":69,"column":26},"end":{"line":72,"column":1}},"1":{"start":{"line":70,"column":21},"end":{"line":70,"column":32}},"2":{"start":{"line":71,"column":2},"end":{"line":71,"column":55}},"3":{"start":{"line":75,"column":39},"end":{"line":75,"column":48}},"4":{"start":{"line":76,"column":26},"end":{"line":76,"column":86}},"5":{"start":{"line":76,"column":41},"end":{"line":76,"column":85}},"6":{"start":{"line":77,"column":34},"end":{"line":77,"column":49}},"7":{"start":{"line":78,"column":42},"end":{"line":78,"column":57}},"8":{"start":{"line":80,"column":23},"end":{"line":83,"column":3}},"9":{"start":{"line":81,"column":4},"end":{"line":81,"column":16}},"10":{"start":{"line":82,"column":4},"end":{"line":82,"column":31}},"11":{"start":{"line":85,"column":27},"end":{"line":88,"column":3}},"12":{"start":{"line":86,"column":4},"end":{"line":86,"column":21}},"13":{"start":{"line":87,"column":4},"end":{"line":87,"column":50}},"14":{"start":{"line":90,"column":16},"end":{"line":90,"column":47}},"15":{"start":{"line":92,"column":2},"end":{"line":181,"column":4}},"16":{"start":{"line":177,"column":61},"end":{"line":177,"column":83}}},"fnMap":{"0":{"name":"(anonymous_0)","decl":{"start":{"line":69,"column":26},"end":{"line":69,"column":27}},"loc":{"start":{"line":69,"column":32},"end":{"line":72,"column":1}},"line":69},"1":{"name":"App","decl":{"start":{"line":74,"column":9},"end":{"line":74,"column":12}},"loc":{"start":{"line":74,"column":15},"end":{"line":182,"column":1}},"line":74},"2":{"name":"(anonymous_2)","decl":{"start":{"line":76,"column":35},"end":{"line":76,"column":36}},"loc":{"start":{"line":76,"column":41},"end":{"line":76,"column":85}},"line":76},"3":{"name":"(anonymous_3)","decl":{"start":{"line":80,"column":23},"end":{"line":80,"column":24}},"loc":{"start":{"line":80,"column":29},"end":{"line":83,"column":3}},"line":80},"4":{"name":"(anonymous_4)","decl":{"start":{"line":85,"column":27},"end":{"line":85,"column":28}},"loc":{"start":{"line":85,"column":40},"end":{"line":88,"column":3}},"line":85},"5":{"name":"(anonymous_5)","decl":{"start":{"line":177,"column":55},"end":{"line":177,"column":56}},"loc":{"start":{"line":177,"column":61},"end":{"line":177,"column":83}},"line":177}},"branchMap":{"0":{"loc":{"start":{"line":76,"column":41},"end":{"line":76,"column":85}},"type":"binary-expr","locations":[{"start":{"line":76,"column":41},"end":{"line":76,"column":77}},{"start":{"line":76,"column":81},"end":{"line":76,"column":85}}],"line":76}},"s":{"0":1,"1":0,"2":0,"3":20,"4":19,"5":10,"6":19,"7":19,"8":19,"9":0,"10":0,"11":19,"12":0,"13":0,"14":19,"15":19,"16":0},"f":{"0":0,"1":20,"2":10,"3":0,"4":0,"5":0},"b":{"0":[10,10]},"_coverageSchema":"1a1c01bbd47fc00a2c39e90264f33305004495a9","hash":"6cbf3cdfa550d4d0e52bbdd10b55cecec09d9e5f"}
,"C:\\Users\\atdan\\OneDrive\\Desktop\\Merkato\\frontend\\src\\components\\AdminLayout.js": {"path":"C:\\Users\\atdan\\OneDrive\\Desktop\\Merkato\\frontend\\src\\components\\AdminLayout.js","statementMap":{"0":{"start":{"line":5,"column":20},"end":{"line":89,"column":1}},"1":{"start":{"line":6,"column":19},"end":{"line":6,"column":32}},"2":{"start":{"line":9,"column":2},"end":{"line":9,"column":55}},"3":{"start":{"line":11,"column":23},"end":{"line":15,"column":3}},"4":{"start":{"line":12,"column":4},"end":{"line":12,"column":37}},"5":{"start":{"line":13,"column":4},"end":{"line":13,"column":36}},"6":{"start":{"line":14,"column":4},"end":{"line":14,"column":23}},"7":{"start":{"line":18,"column":20},"end":{"line":18,"column":24}},"8":{"start":{"line":19,"column":2},"end":{"line":31,"column":3}},"9":{"start":{"line":20,"column":4},"end":{"line":24,"column":6}},"10":{"start":{"line":25,"column":9},"end":{"line":31,"column":3}},"11":{"start":{"line":26,"column":4},"end":{"line":30,"column":6}},"12":{"start":{"line":33,"column":2},"end":{"line":88,"column":4}}},"fnMap":{"0":{"name":"(anonymous_0)","decl":{"start":{"line":5,"column":20},"end":{"line":5,"column":21}},"loc":{"start":{"line":5,"column":34},"end":{"line":89,"column":1}},"line":5},"1":{"name":"(anonymous_1)","decl":{"start":{"line":11,"column":23},"end":{"line":11,"column":24}},"loc":{"start":{"line":11,"column":29},"end":{"line":15,"column":3}},"line":11}},"branchMap":{"0":{"loc":{"start":{"line":19,"column":2},"end":{"line":31,"column":3}},"type":"if","locations":[{"start":{"line":19,"column":2},"end":{"line":31,"column":3}},{"start":{"line":25,"column":9},"end":{"line":31,"column":3}}],"line":19},"1":{"loc":{"start":{"line":25,"column":9},"end":{"line":31,"column":3}},"type":"if","locations":[{"start":{"line":25,"column":9},"end":{"line":31,"column":3}},{"start":{},"end":{}}],"line":25},"2":{"loc":{"start":{"line":36,"column":7},"end":{"line":36,"column":82}},"type":"binary-expr","locations":[{"start":{"line":36,"column":7},"end":{"line":36,"column":12}},{"start":{"line":36,"column":16},"end":{"line":36,"column":82}}],"line":36}},"s":{"0":1,"1":2,"2":2,"3":2,"4":0,"5":0,"6":0,"7":2,"8":2,"9":0,"10":2,"11":0,"12":2},"f":{"0":2,"1":0},"b":{"0":[0,2],"1":[0,2],"2":[2,0]},"_coverageSchema":"1a1c01bbd47fc00a2c39e90264f33305004495a9","hash":"2d7e637b87daa2eef4ab197f7a96eebd46b4203d"}
,"C:\\Users\\atdan\\OneDrive\\Desktop\\Merkato\\frontend\\src\\components\\AdminSidebar.js": {"path":"C:\\Users\\atdan\\OneDrive\\Desktop\\Merkato\\frontend\\src\\components\\AdminSidebar.js","statementMap":{"0":{"start":{"line":4,"column":21},"end":{"line":43,"column":1}},"1":{"start":{"line":5,"column":20},"end":{"line":12,"column":3}},"2":{"start":{"line":14,"column":22},"end":{"line":18,"column":3}},"3":{"start":{"line":20,"column":2},"end":{"line":42,"column":4}}},"fnMap":{"0":{"name":"(anonymous_0)","decl":{"start":{"line":4,"column":21},"end":{"line":4,"column":22}},"loc":{"start":{"line":4,"column":27},"end":{"line":43,"column":1}},"line":4}},"branchMap":{},"s":{"0":1,"1":2,"2":2,"3":2},"f":{"0":2},"b":{},"_coverageSchema":"1a1c01bbd47fc00a2c39e90264f33305004495a9","hash":"3a64746f8f22ba38bf948aa9f14bcc0649d8a1c6"}
,"C:\\Users\\atdan\\OneDrive\\Desktop\\Merkato\\frontend\\src\\components\\Breadcrumb.js": {"path":"C:\\Users\\atdan\\OneDrive\\Desktop\\Merkato\\frontend\\src\\components\\Breadcrumb.js","statementMap":{"0":{"start":{"line":6,"column":10},"end":{"line":6,"column":29}},"1":{"start":{"line":9,"column":4},"end":{"line":9,"column":30}},"2":{"start":{"line":13,"column":4},"end":{"line":15,"column":5}},"3":{"start":{"line":14,"column":6},"end":{"line":14,"column":105}},"4":{"start":{"line":16,"column":4},"end":{"line":16,"column":31}},"5":{"start":{"line":20,"column":19},"end":{"line":126,"column":1}},"6":{"start":{"line":21,"column":19},"end":{"line":21,"column":32}},"7":{"start":{"line":22,"column":36},"end":{"line":22,"column":50}},"8":{"start":{"line":23,"column":20},"end":{"line":23,"column":65}},"9":{"start":{"line":23,"column":63},"end":{"line":23,"column":64}},"10":{"start":{"line":26,"column":21},"end":{"line":37,"column":3}},"11":{"start":{"line":39,"column":2},"end":{"line":42,"column":26}},"12":{"start":{"line":40,"column":4},"end":{"line":40,"column":24}},"13":{"start":{"line":41,"column":4},"end":{"line":41,"column":36}},"14":{"start":{"line":41,"column":17},"end":{"line":41,"column":35}},"15":{"start":{"line":44,"column":2},"end":{"line":50,"column":3}},"16":{"start":{"line":45,"column":4},"end":{"line":49,"column":6}},"17":{"start":{"line":52,"column":2},"end":{"line":125,"column":4}},"18":{"start":{"line":78,"column":35},"end":{"line":78,"column":77}},"19":{"start":{"line":79,"column":35},"end":{"line":79,"column":81}},"20":{"start":{"line":85,"column":29},"end":{"line":85,"column":70}},"21":{"start":{"line":86,"column":27},"end":{"line":86,"column":53}},"22":{"start":{"line":88,"column":12},"end":{"line":120,"column":14}},"23":{"start":{"line":113,"column":41},"end":{"line":113,"column":83}},"24":{"start":{"line":114,"column":41},"end":{"line":114,"column":87}},"25":{"start":{"line":128,"column":18},"end":{"line":134,"column":1}},"26":{"start":{"line":136,"column":22},"end":{"line":141,"column":1}},"27":{"start":{"line":137,"column":2},"end":{"line":140,"column":12}},"28":{"start":{"line":139,"column":29},"end":{"line":139,"column":44}},"29":{"start":{"line":143,"column":0},"end":{"line":145,"column":2}}},"fnMap":{"0":{"name":"(anonymous_0)","decl":{"start":{"line":8,"column":2},"end":{"line":8,"column":3}},"loc":{"start":{"line":8,"column":41},"end":{"line":10,"column":3}},"line":8},"1":{"name":"(anonymous_1)","decl":{"start":{"line":12,"column":2},"end":{"line":12,"column":3}},"loc":{"start":{"line":12,"column":11},"end":{"line":17,"column":3}},"line":12},"2":{"name":"(anonymous_2)","decl":{"start":{"line":20,"column":19},"end":{"line":20,"column":20}},"loc":{"start":{"line":20,"column":46},"end":{"line":126,"column":1}},"line":20},"3":{"name":"(anonymous_3)","decl":{"start":{"line":23,"column":56},"end":{"line":23,"column":57}},"loc":{"start":{"line":23,"column":63},"end":{"line":23,"column":64}},"line":23},"4":{"name":"(anonymous_4)","decl":{"start":{"line":39,"column":12},"end":{"line":39,"column":13}},"loc":{"start":{"line":39,"column":18},"end":{"line":42,"column":3}},"line":39},"5":{"name":"(anonymous_5)","decl":{"start":{"line":41,"column":11},"end":{"line":41,"column":12}},"loc":{"start":{"line":41,"column":17},"end":{"line":41,"column":35}},"line":41},"6":{"name":"(anonymous_6)","decl":{"start":{"line":78,"column":28},"end":{"line":78,"column":29}},"loc":{"start":{"line":78,"column":35},"end":{"line":78,"column":77}},"line":78},"7":{"name":"(anonymous_7)","decl":{"start":{"line":79,"column":28},"end":{"line":79,"column":29}},"loc":{"start":{"line":79,"column":35},"end":{"line":79,"column":81}},"line":79},"8":{"name":"(anonymous_8)","decl":{"start":{"line":84,"column":25},"end":{"line":84,"column":26}},"loc":{"start":{"line":84,"column":41},"end":{"line":121,"column":11}},"line":84},"9":{"name":"(anonymous_9)","decl":{"start":{"line":113,"column":34},"end":{"line":113,"column":35}},"loc":{"start":{"line":113,"column":41},"end":{"line":113,"column":83}},"line":113},"10":{"name":"(anonymous_10)","decl":{"start":{"line":114,"column":34},"end":{"line":114,"column":35}},"loc":{"start":{"line":114,"column":41},"end":{"line":114,"column":87}},"line":114},"11":{"name":"(anonymous_11)","decl":{"start":{"line":136,"column":22},"end":{"line":136,"column":23}},"loc":{"start":{"line":136,"column":31},"end":{"line":141,"column":1}},"line":136},"12":{"name":"(anonymous_12)","decl":{"start":{"line":139,"column":22},"end":{"line":139,"column":23}},"loc":{"start":{"line":139,"column":29},"end":{"line":139,"column":44}},"line":139}},"branchMap":{"0":{"loc":{"start":{"line":13,"column":4},"end":{"line":15,"column":5}},"type":"if","locations":[{"start":{"line":13,"column":4},"end":{"line":15,"column":5}},{"start":{},"end":{}}],"line":13},"1":{"loc":{"start":{"line":20,"column":22},"end":{"line":20,"column":39}},"type":"default-arg","locations":[{"start":{"line":20,"column":37},"end":{"line":20,"column":39}}],"line":20},"2":{"loc":{"start":{"line":44,"column":2},"end":{"line":50,"column":3}},"type":"if","locations":[{"start":{"line":44,"column":2},"end":{"line":50,"column":3}},{"start":{},"end":{}}],"line":44},"3":{"loc":{"start":{"line":96,"column":17},"end":{"line":118,"column":17}},"type":"cond-expr","locations":[{"start":{"line":97,"column":18},"end":{"line":108,"column":25}},{"start":{"line":110,"column":18},"end":{"line":117,"column":25}}],"line":96},"4":{"loc":{"start":{"line":107,"column":21},"end":{"line":107,"column":66}},"type":"binary-expr","locations":[{"start":{"line":107,"column":21},"end":{"line":107,"column":40}},{"start":{"line":107,"column":44},"end":{"line":107,"column":66}}],"line":107},"5":{"loc":{"start":{"line":116,"column":21},"end":{"line":116,"column":66}},"type":"binary-expr","locations":[{"start":{"line":116,"column":21},"end":{"line":116,"column":40}},{"start":{"line":116,"column":44},"end":{"line":116,"column":66}}],"line":116}},"s":{"0":2,"1":0,"2":2,"3":0,"4":2,"5":1,"6":4,"7":4,"8":4,"9":12,"10":4,"11":4,"12":2,"13":2,"14":2,"15":4,"16":2,"17":2,"18":0,"19":0,"20":4,"21":4,"22":4,"23":0,"24":0,"25":1,"26":1,"27":2,"28":2,"29":1},"f":{"0":0,"1":2,"2":4,"3":12,"4":2,"5":2,"6":0,"7":0,"8":4,"9":0,"10":0,"11":2,"12":2},"b":{"0":[0,2],"1":[4],"2":[2,2],"3":[2,2],"4":[2,2],"5":[2,0]},"_coverageSchema":"1a1c01bbd47fc00a2c39e90264f33305004495a9","hash":"6a5d3385f439e6ff6974b9f75eeeac1a9e028152"}
,"C:\\Users\\atdan\\OneDrive\\Desktop\\Merkato\\frontend\\src\\components\\CustomerSidebar.js": {"path":"C:\\Users\\atdan\\OneDrive\\Desktop\\Merkato\\frontend\\src\\components\\CustomerSidebar.js","statementMap":{"0":{"start":{"line":6,"column":19},"end":{"line":6,"column":32}},"1":{"start":{"line":8,"column":20},"end":{"line":15,"column":3}},"2":{"start":{"line":17,"column":2},"end":{"line":91,"column":4}},"3":{"start":{"line":33,"column":25},"end":{"line":33,"column":64}},"4":{"start":{"line":34,"column":8},"end":{"line":64,"column":10}},"5":{"start":{"line":51,"column":14},"end":{"line":51,"column":64}},"6":{"start":{"line":52,"column":14},"end":{"line":52,"column":54}},"7":{"start":{"line":55,"column":14},"end":{"line":58,"column":15}},"8":{"start":{"line":56,"column":16},"end":{"line":56,"column":70}},"9":{"start":{"line":57,"column":16},"end":{"line":57,"column":56}},"10":{"start":{"line":84,"column":29},"end":{"line":84,"column":78}},"11":{"start":{"line":85,"column":29},"end":{"line":85,"column":78}},"12":{"start":{"line":94,"column":0},"end":{"line":96,"column":2}}},"fnMap":{"0":{"name":"CustomerSidebar","decl":{"start":{"line":5,"column":9},"end":{"line":5,"column":24}},"loc":{"start":{"line":5,"column":35},"end":{"line":92,"column":1}},"line":5},"1":{"name":"(anonymous_1)","decl":{"start":{"line":32,"column":21},"end":{"line":32,"column":22}},"loc":{"start":{"line":32,"column":29},"end":{"line":65,"column":7}},"line":32},"2":{"name":"(anonymous_2)","decl":{"start":{"line":50,"column":26},"end":{"line":50,"column":27}},"loc":{"start":{"line":50,"column":33},"end":{"line":53,"column":13}},"line":50},"3":{"name":"(anonymous_3)","decl":{"start":{"line":54,"column":26},"end":{"line":54,"column":27}},"loc":{"start":{"line":54,"column":33},"end":{"line":59,"column":13}},"line":54},"4":{"name":"(anonymous_4)","decl":{"start":{"line":84,"column":22},"end":{"line":84,"column":23}},"loc":{"start":{"line":84,"column":29},"end":{"line":84,"column":78}},"line":84},"5":{"name":"(anonymous_5)","decl":{"start":{"line":85,"column":22},"end":{"line":85,"column":23}},"loc":{"start":{"line":85,"column":29},"end":{"line":85,"column":78}},"line":85}},"branchMap":{"0":{"loc":{"start":{"line":43,"column":21},"end":{"line":43,"column":53}},"type":"cond-expr","locations":[{"start":{"line":43,"column":32},"end":{"line":43,"column":41}},{"start":{"line":43,"column":44},"end":{"line":43,"column":53}}],"line":43},"1":{"loc":{"start":{"line":44,"column":31},"end":{"line":44,"column":67}},"type":"cond-expr","locations":[{"start":{"line":44,"column":42},"end":{"line":44,"column":51}},{"start":{"line":44,"column":54},"end":{"line":44,"column":67}}],"line":44},"2":{"loc":{"start":{"line":47,"column":26},"end":{"line":47,"column":50}},"type":"cond-expr","locations":[{"start":{"line":47,"column":37},"end":{"line":47,"column":42}},{"start":{"line":47,"column":45},"end":{"line":47,"column":50}}],"line":47},"3":{"loc":{"start":{"line":55,"column":14},"end":{"line":58,"column":15}},"type":"if","locations":[{"start":{"line":55,"column":14},"end":{"line":58,"column":15}},{"start":{},"end":{}}],"line":55}},"s":{"0":4,"1":4,"2":4,"3":24,"4":24,"5":0,"6":0,"7":0,"8":0,"9":0,"10":0,"11":0,"12":1},"f":{"0":4,"1":24,"2":0,"3":0,"4":0,"5":0},"b":{"0":[4,20],"1":[4,20],"2":[4,20],"3":[0,0]},"_coverageSchema":"1a1c01bbd47fc00a2c39e90264f33305004495a9","hash":"d1b50467477c20666340855aaa4bd2181b8462ae"}
,"C:\\Users\\atdan\\OneDrive\\Desktop\\Merkato\\frontend\\src\\components\\FeedbackPopup.js": {"path":"C:\\Users\\atdan\\OneDrive\\Desktop\\Merkato\\frontend\\src\\components\\FeedbackPopup.js","statementMap":{"0":{"start":{"line":5,"column":26},"end":{"line":9,"column":4}},"1":{"start":{"line":10,"column":24},"end":{"line":10,"column":36}},"2":{"start":{"line":11,"column":16},"end":{"line":11,"column":45}},"3":{"start":{"line":12,"column":18},"end":{"line":12,"column":54}},"4":{"start":{"line":14,"column":23},"end":{"line":63,"column":3}},"5":{"start":{"line":65,"column":12},"end":{"line":65,"column":49}},"6":{"start":{"line":67,"column":23},"end":{"line":69,"column":3}},"7":{"start":{"line":68,"column":4},"end":{"line":68,"column":58}},"8":{"start":{"line":71,"column":23},"end":{"line":82,"column":3}},"9":{"start":{"line":72,"column":4},"end":{"line":72,"column":23}},"10":{"start":{"line":73,"column":4},"end":{"line":73,"column":45}},"11":{"start":{"line":73,"column":16},"end":{"line":73,"column":45}},"12":{"start":{"line":75,"column":4},"end":{"line":81,"column":5}},"13":{"start":{"line":76,"column":6},"end":{"line":76,"column":59}},"14":{"start":{"line":77,"column":6},"end":{"line":77,"column":25}},"15":{"start":{"line":78,"column":6},"end":{"line":78,"column":59}},"16":{"start":{"line":80,"column":6},"end":{"line":80,"column":21}},"17":{"start":{"line":84,"column":2},"end":{"line":84,"column":28}},"18":{"start":{"line":84,"column":16},"end":{"line":84,"column":28}},"19":{"start":{"line":86,"column":2},"end":{"line":132,"column":4}}},"fnMap":{"0":{"name":"FeedbackPopup","decl":{"start":{"line":4,"column":9},"end":{"line":4,"column":22}},"loc":{"start":{"line":4,"column":51},"end":{"line":133,"column":1}},"line":4},"1":{"name":"(anonymous_1)","decl":{"start":{"line":67,"column":23},"end":{"line":67,"column":24}},"loc":{"start":{"line":67,"column":30},"end":{"line":69,"column":3}},"line":67},"2":{"name":"(anonymous_2)","decl":{"start":{"line":71,"column":23},"end":{"line":71,"column":24}},"loc":{"start":{"line":71,"column":36},"end":{"line":82,"column":3}},"line":71}},"branchMap":{"0":{"loc":{"start":{"line":65,"column":12},"end":{"line":65,"column":49}},"type":"binary-expr","locations":[{"start":{"line":65,"column":12},"end":{"line":65,"column":30}},{"start":{"line":65,"column":34},"end":{"line":65,"column":49}}],"line":65},"1":{"loc":{"start":{"line":73,"column":4},"end":{"line":73,"column":45}},"type":"if","locations":[{"start":{"line":73,"column":4},"end":{"line":73,"column":45}},{"start":{},"end":{}}],"line":73},"2":{"loc":{"start":{"line":84,"column":2},"end":{"line":84,"column":28}},"type":"if","locations":[{"start":{"line":84,"column":2},"end":{"line":84,"column":28}},{"start":{},"end":{}}],"line":84},"3":{"loc":{"start":{"line":128,"column":9},"end":{"line":128,"column":54}},"type":"binary-expr","locations":[{"start":{"line":128,"column":9},"end":{"line":128,"column":12}},{"start":{"line":128,"column":16},"end":{"line":128,"column":54}}],"line":128}},"s":{"0":19,"1":19,"2":19,"3":19,"4":19,"5":19,"6":19,"7":0,"8":19,"9":0,"10":0,"11":0,"12":0,"13":0,"14":0,"15":0,"16":0,"17":19,"18":19,"19":0},"f":{"0":19,"1":0,"2":0},"b":{"0":[19,0],"1":[0,0],"2":[19,0],"3":[0,0]},"_coverageSchema":"1a1c01bbd47fc00a2c39e90264f33305004495a9","hash":"3ca3d2cbacdac71f6289dadbb4afded286b98ffe"}
,"C:\\Users\\atdan\\OneDrive\\Desktop\\Merkato\\frontend\\src\\components\\FloatingPromoButton.js": {"path":"C:\\Users\\atdan\\OneDrive\\Desktop\\Merkato\\frontend\\src\\components\\FloatingPromoButton.js","statementMap":{"0":{"start":{"line":5,"column":19},"end":{"line":5,"column":32}},"1":{"start":{"line":7,"column":2},"end":{"line":51,"column":4}},"2":{"start":{"line":18,"column":23},"end":{"line":18,"column":44}},"3":{"start":{"line":36,"column":23},"end":{"line":36,"column":55}}},"fnMap":{"0":{"name":"FloatingPromoButton","decl":{"start":{"line":4,"column":9},"end":{"line":4,"column":28}},"loc":{"start":{"line":4,"column":50},"end":{"line":52,"column":1}},"line":4},"1":{"name":"(anonymous_1)","decl":{"start":{"line":18,"column":17},"end":{"line":18,"column":18}},"loc":{"start":{"line":18,"column":23},"end":{"line":18,"column":44}},"line":18},"2":{"name":"(anonymous_2)","decl":{"start":{"line":36,"column":17},"end":{"line":36,"column":18}},"loc":{"start":{"line":36,"column":23},"end":{"line":36,"column":55}},"line":36}},"branchMap":{},"s":{"0":21,"1":21,"2":0,"3":0},"f":{"0":21,"1":0,"2":0},"b":{},"_coverageSchema":"1a1c01bbd47fc00a2c39e90264f33305004495a9","hash":"4d959192e83840c2884e99219ff6887f1829d3be"}
,"C:\\Users\\atdan\\OneDrive\\Desktop\\Merkato\\frontend\\src\\components\\Invoice.js": {"path":"C:\\Users\\atdan\\OneDrive\\Desktop\\Merkato\\frontend\\src\\components\\Invoice.js","statementMap":{"0":{"start":{"line":5,"column":2},"end":{"line":5,"column":26}},"1":{"start":{"line":5,"column":14},"end":{"line":5,"column":26}},"2":{"start":{"line":19,"column":6},"end":{"line":19,"column":11}},"3":{"start":{"line":21,"column":2},"end":{"line":111,"column":4}},"4":{"start":{"line":45,"column":8},"end":{"line":89,"column":14}},"5":{"start":{"line":59,"column":16},"end":{"line":65,"column":21}},"6":{"start":{"line":94,"column":77},"end":{"line":94,"column":93}},"7":{"start":{"line":95,"column":78},"end":{"line":95,"column":89}},"8":{"start":{"line":96,"column":83},"end":{"line":96,"column":99}}},"fnMap":{"0":{"name":"Invoice","decl":{"start":{"line":4,"column":9},"end":{"line":4,"column":16}},"loc":{"start":{"line":4,"column":28},"end":{"line":112,"column":1}},"line":4},"1":{"name":"(anonymous_1)","decl":{"start":{"line":44,"column":19},"end":{"line":44,"column":20}},"loc":{"start":{"line":45,"column":8},"end":{"line":89,"column":14}},"line":45},"2":{"name":"(anonymous_2)","decl":{"start":{"line":58,"column":35},"end":{"line":58,"column":36}},"loc":{"start":{"line":59,"column":16},"end":{"line":65,"column":21}},"line":59},"3":{"name":"(anonymous_3)","decl":{"start":{"line":94,"column":65},"end":{"line":94,"column":66}},"loc":{"start":{"line":94,"column":77},"end":{"line":94,"column":93}},"line":94},"4":{"name":"(anonymous_4)","decl":{"start":{"line":95,"column":66},"end":{"line":95,"column":67}},"loc":{"start":{"line":95,"column":78},"end":{"line":95,"column":89}},"line":95},"5":{"name":"(anonymous_5)","decl":{"start":{"line":96,"column":71},"end":{"line":96,"column":72}},"loc":{"start":{"line":96,"column":83},"end":{"line":96,"column":99}},"line":96}},"branchMap":{"0":{"loc":{"start":{"line":5,"column":2},"end":{"line":5,"column":26}},"type":"if","locations":[{"start":{"line":5,"column":2},"end":{"line":5,"column":26}},{"start":{},"end":{}}],"line":5},"1":{"loc":{"start":{"line":10,"column":4},"end":{"line":10,"column":24}},"type":"default-arg","locations":[{"start":{"line":10,"column":22},"end":{"line":10,"column":24}}],"line":10},"2":{"loc":{"start":{"line":12,"column":4},"end":{"line":12,"column":16}},"type":"default-arg","locations":[{"start":{"line":12,"column":14},"end":{"line":12,"column":16}}],"line":12},"3":{"loc":{"start":{"line":13,"column":4},"end":{"line":13,"column":13}},"type":"default-arg","locations":[{"start":{"line":13,"column":12},"end":{"line":13,"column":13}}],"line":13},"4":{"loc":{"start":{"line":14,"column":4},"end":{"line":14,"column":16}},"type":"default-arg","locations":[{"start":{"line":14,"column":15},"end":{"line":14,"column":16}}],"line":14},"5":{"loc":{"start":{"line":17,"column":4},"end":{"line":17,"column":20}},"type":"default-arg","locations":[{"start":{"line":17,"column":15},"end":{"line":17,"column":20}}],"line":17},"6":{"loc":{"start":{"line":40,"column":37},"end":{"line":40,"column":74}},"type":"binary-expr","locations":[{"start":{"line":40,"column":37},"end":{"line":40,"column":65}},{"start":{"line":40,"column":69},"end":{"line":40,"column":74}}],"line":40},"7":{"loc":{"start":{"line":97,"column":9},"end":{"line":102,"column":9}},"type":"binary-expr","locations":[{"start":{"line":97,"column":9},"end":{"line":97,"column":18}},{"start":{"line":98,"column":10},"end":{"line":101,"column":13}}],"line":97},"8":{"loc":{"start":{"line":103,"column":78},"end":{"line":103,"column":105}},"type":"binary-expr","locations":[{"start":{"line":103,"column":78},"end":{"line":103,"column":96}},{"start":{"line":103,"column":100},"end":{"line":103,"column":105}}],"line":103}},"s":{"0":0,"1":0,"2":0,"3":0,"4":0,"5":0,"6":0,"7":0,"8":0},"f":{"0":0,"1":0,"2":0,"3":0,"4":0,"5":0},"b":{"0":[0,0],"1":[0],"2":[0],"3":[0],"4":[0],"5":[0],"6":[0,0],"7":[0,0],"8":[0,0]},"_coverageSchema":"1a1c01bbd47fc00a2c39e90264f33305004495a9","hash":"18c79f829c6028590034d9ccb2c170813738b13d"}
,"C:\\Users\\atdan\\OneDrive\\Desktop\\Merkato\\frontend\\src\\components\\MerkatoFooter.js": {"path":"C:\\Users\\atdan\\OneDrive\\Desktop\\Merkato\\frontend\\src\\components\\MerkatoFooter.js","statementMap":{"0":{"start":{"line":6,"column":20},"end":{"line":6,"column":44}},"1":{"start":{"line":8,"column":22},"end":{"line":57,"column":1}},"2":{"start":{"line":9,"column":2},"end":{"line":56,"column":11}},"3":{"start":{"line":59,"column":0},"end":{"line":61,"column":2}}},"fnMap":{"0":{"name":"(anonymous_0)","decl":{"start":{"line":8,"column":22},"end":{"line":8,"column":23}},"loc":{"start":{"line":9,"column":2},"end":{"line":56,"column":11}},"line":9}},"branchMap":{"0":{"loc":{"start":{"line":8,"column":25},"end":{"line":8,"column":43}},"type":"default-arg","locations":[{"start":{"line":8,"column":39},"end":{"line":8,"column":43}}],"line":8},"1":{"loc":{"start":{"line":11,"column":7},"end":{"line":38,"column":7}},"type":"binary-expr","locations":[{"start":{"line":11,"column":7},"end":{"line":11,"column":18}},{"start":{"line":12,"column":8},"end":{"line":37,"column":14}}],"line":11}},"s":{"0":1,"1":1,"2":3,"3":1},"f":{"0":3},"b":{"0":[3],"1":[3,3]},"_coverageSchema":"1a1c01bbd47fc00a2c39e90264f33305004495a9","hash":"8c68a7982d53d4024c2a154a07695740fed2384f"}
,"C:\\Users\\atdan\\OneDrive\\Desktop\\Merkato\\frontend\\src\\components\\Navbar.js": {"path":"C:\\Users\\atdan\\OneDrive\\Desktop\\Merkato\\frontend\\src\\components\\Navbar.js","statementMap":{"0":{"start":{"line":5,"column":15},"end":{"line":93,"column":1}},"1":{"start":{"line":6,"column":42},"end":{"line":6,"column":57}},"2":{"start":{"line":7,"column":34},"end":{"line":7,"column":49}},"3":{"start":{"line":8,"column":44},"end":{"line":8,"column":58}},"4":{"start":{"line":9,"column":36},"end":{"line":9,"column":50}},"5":{"start":{"line":11,"column":2},"end":{"line":92,"column":4}},"6":{"start":{"line":37,"column":14},"end":{"line":37,"column":42}},"7":{"start":{"line":38,"column":14},"end":{"line":38,"column":36}},"8":{"start":{"line":41,"column":28},"end":{"line":41,"column":73}},"9":{"start":{"line":41,"column":45},"end":{"line":41,"column":67}},"10":{"start":{"line":42,"column":14},"end":{"line":42,"column":38}},"11":{"start":{"line":58,"column":14},"end":{"line":58,"column":38}},"12":{"start":{"line":59,"column":14},"end":{"line":59,"column":32}},"13":{"start":{"line":62,"column":28},"end":{"line":62,"column":69}},"14":{"start":{"line":62,"column":45},"end":{"line":62,"column":63}},"15":{"start":{"line":63,"column":14},"end":{"line":63,"column":34}}},"fnMap":{"0":{"name":"(anonymous_0)","decl":{"start":{"line":5,"column":15},"end":{"line":5,"column":16}},"loc":{"start":{"line":5,"column":21},"end":{"line":93,"column":1}},"line":5},"1":{"name":"(anonymous_1)","decl":{"start":{"line":36,"column":26},"end":{"line":36,"column":27}},"loc":{"start":{"line":36,"column":32},"end":{"line":39,"column":13}},"line":36},"2":{"name":"(anonymous_2)","decl":{"start":{"line":40,"column":26},"end":{"line":40,"column":27}},"loc":{"start":{"line":40,"column":32},"end":{"line":43,"column":13}},"line":40},"3":{"name":"(anonymous_3)","decl":{"start":{"line":41,"column":39},"end":{"line":41,"column":40}},"loc":{"start":{"line":41,"column":45},"end":{"line":41,"column":67}},"line":41},"4":{"name":"(anonymous_4)","decl":{"start":{"line":57,"column":26},"end":{"line":57,"column":27}},"loc":{"start":{"line":57,"column":32},"end":{"line":60,"column":13}},"line":57},"5":{"name":"(anonymous_5)","decl":{"start":{"line":61,"column":26},"end":{"line":61,"column":27}},"loc":{"start":{"line":61,"column":32},"end":{"line":64,"column":13}},"line":61},"6":{"name":"(anonymous_6)","decl":{"start":{"line":62,"column":39},"end":{"line":62,"column":40}},"loc":{"start":{"line":62,"column":45},"end":{"line":62,"column":63}},"line":62}},"branchMap":{"0":{"loc":{"start":{"line":46,"column":13},"end":{"line":51,"column":13}},"type":"binary-expr","locations":[{"start":{"line":46,"column":13},"end":{"line":46,"column":25}},{"start":{"line":47,"column":14},"end":{"line":50,"column":20}}],"line":46},"1":{"loc":{"start":{"line":67,"column":13},"end":{"line":72,"column":13}},"type":"binary-expr","locations":[{"start":{"line":67,"column":13},"end":{"line":67,"column":21}},{"start":{"line":68,"column":14},"end":{"line":71,"column":20}}],"line":67}},"s":{"0":1,"1":11,"2":11,"3":11,"4":11,"5":11,"6":0,"7":0,"8":0,"9":0,"10":0,"11":0,"12":0,"13":0,"14":0,"15":0},"f":{"0":11,"1":0,"2":0,"3":0,"4":0,"5":0,"6":0},"b":{"0":[11,0],"1":[11,0]},"_coverageSchema":"1a1c01bbd47fc00a2c39e90264f33305004495a9","hash":"a6c8475e050f1e79b5c54fc39f28da4e618f73bc"}
,"C:\\Users\\atdan\\OneDrive\\Desktop\\Merkato\\frontend\\src\\components\\ProductCard.js": {"path":"C:\\Users\\atdan\\OneDrive\\Desktop\\Merkato\\frontend\\src\\components\\ProductCard.js","statementMap":{"0":{"start":{"line":13,"column":17},"end":{"line":13,"column":89}},"1":{"start":{"line":14,"column":23},"end":{"line":14,"column":74}},"2":{"start":{"line":15,"column":21},"end":{"line":15,"column":45}},"3":{"start":{"line":16,"column":19},"end":{"line":16,"column":65}},"4":{"start":{"line":17,"column":16},"end":{"line":17,"column":39}},"5":{"start":{"line":18,"column":23},"end":{"line":18,"column":42}},"6":{"start":{"line":20,"column":2},"end":{"line":71,"column":4}},"7":{"start":{"line":34,"column":14},"end":{"line":34,"column":104}},"8":{"start":{"line":59,"column":25},"end":{"line":59,"column":110}},"9":{"start":{"line":74,"column":0},"end":{"line":95,"column":2}}},"fnMap":{"0":{"name":"ProductCard","decl":{"start":{"line":6,"column":9},"end":{"line":6,"column":20}},"loc":{"start":{"line":12,"column":3},"end":{"line":72,"column":1}},"line":12},"1":{"name":"(anonymous_1)","decl":{"start":{"line":33,"column":30},"end":{"line":33,"column":31}},"loc":{"start":{"line":34,"column":14},"end":{"line":34,"column":104}},"line":34},"2":{"name":"(anonymous_2)","decl":{"start":{"line":59,"column":19},"end":{"line":59,"column":20}},"loc":{"start":{"line":59,"column":25},"end":{"line":59,"column":110}},"line":59}},"branchMap":{"0":{"loc":{"start":{"line":8,"column":2},"end":{"line":8,"column":19}},"type":"default-arg","locations":[{"start":{"line":8,"column":9},"end":{"line":8,"column":19}}],"line":8},"1":{"loc":{"start":{"line":9,"column":2},"end":{"line":9,"column":13}},"type":"default-arg","locations":[{"start":{"line":9,"column":9},"end":{"line":9,"column":13}}],"line":9},"2":{"loc":{"start":{"line":10,"column":2},"end":{"line":10,"column":19}},"type":"default-arg","locations":[{"start":{"line":10,"column":17},"end":{"line":10,"column":19}}],"line":10},"3":{"loc":{"start":{"line":13,"column":17},"end":{"line":13,"column":89}},"type":"binary-expr","locations":[{"start":{"line":13,"column":17},"end":{"line":13,"column":32}},{"start":{"line":13,"column":36},"end":{"line":13,"column":65}},{"start":{"line":13,"column":69},"end":{"line":13,"column":89}}],"line":13},"4":{"loc":{"start":{"line":14,"column":23},"end":{"line":14,"column":74}},"type":"cond-expr","locations":[{"start":{"line":14,"column":46},"end":{"line":14,"column":69}},{"start":{"line":14,"column":72},"end":{"line":14,"column":74}}],"line":14},"5":{"loc":{"start":{"line":16,"column":19},"end":{"line":16,"column":65}},"type":"binary-expr","locations":[{"start":{"line":16,"column":19},"end":{"line":16,"column":32}},{"start":{"line":16,"column":36},"end":{"line":16,"column":65}}],"line":16},"6":{"loc":{"start":{"line":17,"column":16},"end":{"line":17,"column":39}},"type":"binary-expr","locations":[{"start":{"line":17,"column":16},"end":{"line":17,"column":29}},{"start":{"line":17,"column":33},"end":{"line":17,"column":39}}],"line":17},"7":{"loc":{"start":{"line":21,"column":64},"end":{"line":21,"column":89}},"type":"cond-expr","locations":[{"start":{"line":21,"column":73},"end":{"line":21,"column":84}},{"start":{"line":21,"column":87},"end":{"line":21,"column":89}}],"line":21},"8":{"loc":{"start":{"line":21,"column":93},"end":{"line":21,"column":132}},"type":"cond-expr","locations":[{"start":{"line":21,"column":108},"end":{"line":21,"column":127}},{"start":{"line":21,"column":130},"end":{"line":21,"column":132}}],"line":21},"9":{"loc":{"start":{"line":28,"column":11},"end":{"line":28,"column":74}},"type":"binary-expr","locations":[{"start":{"line":28,"column":11},"end":{"line":28,"column":17}},{"start":{"line":28,"column":21},"end":{"line":28,"column":74}}],"line":28},"10":{"loc":{"start":{"line":31,"column":9},"end":{"line":37,"column":9}},"type":"binary-expr","locations":[{"start":{"line":31,"column":9},"end":{"line":31,"column":32}},{"start":{"line":32,"column":10},"end":{"line":36,"column":16}}],"line":31},"11":{"loc":{"start":{"line":39,"column":9},"end":{"line":41,"column":9}},"type":"binary-expr","locations":[{"start":{"line":39,"column":9},"end":{"line":39,"column":37}},{"start":{"line":40,"column":10},"end":{"line":40,"column":73}}],"line":39},"12":{"loc":{"start":{"line":43,"column":9},"end":{"line":47,"column":9}},"type":"binary-expr","locations":[{"start":{"line":43,"column":9},"end":{"line":43,"column":15}},{"start":{"line":44,"column":10},"end":{"line":46,"column":16}}],"line":43},"13":{"loc":{"start":{"line":49,"column":9},"end":{"line":51,"column":9}},"type":"binary-expr","locations":[{"start":{"line":49,"column":9},"end":{"line":49,"column":21}},{"start":{"line":50,"column":10},"end":{"line":50,"column":61}}],"line":49},"14":{"loc":{"start":{"line":53,"column":9},"end":{"line":55,"column":9}},"type":"binary-expr","locations":[{"start":{"line":53,"column":9},"end":{"line":53,"column":28}},{"start":{"line":54,"column":10},"end":{"line":54,"column":74}}],"line":53},"15":{"loc":{"start":{"line":59,"column":25},"end":{"line":59,"column":110}},"type":"cond-expr","locations":[{"start":{"line":59,"column":78},"end":{"line":59,"column":98}},{"start":{"line":59,"column":101},"end":{"line":59,"column":110}}],"line":59},"16":{"loc":{"start":{"line":59,"column":25},"end":{"line":59,"column":75}},"type":"binary-expr","locations":[{"start":{"line":59,"column":25},"end":{"line":59,"column":38}},{"start":{"line":59,"column":42},"end":{"line":59,"column":75}}],"line":59},"17":{"loc":{"start":{"line":67,"column":11},"end":{"line":67,"column":44}},"type":"cond-expr","locations":[{"start":{"line":67,"column":20},"end":{"line":67,"column":31}},{"start":{"line":67,"column":34},"end":{"line":67,"column":44}}],"line":67}},"s":{"0":0,"1":0,"2":0,"3":0,"4":0,"5":0,"6":0,"7":0,"8":0,"9":1},"f":{"0":0,"1":0,"2":0},"b":{"0":[0],"1":[0],"2":[0],"3":[0,0,0],"4":[0,0],"5":[0,0],"6":[0,0],"7":[0,0],"8":[0,0],"9":[0,0],"10":[0,0],"11":[0,0],"12":[0,0],"13":[0,0],"14":[0,0],"15":[0,0],"16":[0,0],"17":[0,0]},"_coverageSchema":"1a1c01bbd47fc00a2c39e90264f33305004495a9","hash":"558d1ea22e8cd64e8b194fbac5a06b18ae2de7a2"}
,"C:\\Users\\atdan\\OneDrive\\Desktop\\Merkato\\frontend\\src\\components\\ProtectedRoute.js": {"path":"C:\\Users\\atdan\\OneDrive\\Desktop\\Merkato\\frontend\\src\\components\\ProtectedRoute.js","statementMap":{"0":{"start":{"line":6,"column":23},"end":{"line":18,"column":1}},"1":{"start":{"line":7,"column":28},"end":{"line":7,"column":37}},"2":{"start":{"line":9,"column":2},"end":{"line":9,"column":44}},"3":{"start":{"line":9,"column":15},"end":{"line":9,"column":44}},"4":{"start":{"line":11,"column":16},"end":{"line":11,"column":33}},"5":{"start":{"line":13,"column":2},"end":{"line":15,"column":3}},"6":{"start":{"line":14,"column":4},"end":{"line":14,"column":44}},"7":{"start":{"line":17,"column":2},"end":{"line":17,"column":18}}},"fnMap":{"0":{"name":"(anonymous_0)","decl":{"start":{"line":6,"column":23},"end":{"line":6,"column":24}},"loc":{"start":{"line":6,"column":55},"end":{"line":18,"column":1}},"line":6}},"branchMap":{"0":{"loc":{"start":{"line":9,"column":2},"end":{"line":9,"column":44}},"type":"if","locations":[{"start":{"line":9,"column":2},"end":{"line":9,"column":44}},{"start":{},"end":{}}],"line":9},"1":{"loc":{"start":{"line":11,"column":16},"end":{"line":11,"column":33}},"type":"binary-expr","locations":[{"start":{"line":11,"column":16},"end":{"line":11,"column":27}},{"start":{"line":11,"column":31},"end":{"line":11,"column":33}}],"line":11},"2":{"loc":{"start":{"line":13,"column":2},"end":{"line":15,"column":3}},"type":"if","locations":[{"start":{"line":13,"column":2},"end":{"line":15,"column":3}},{"start":{},"end":{}}],"line":13},"3":{"loc":{"start":{"line":13,"column":6},"end":{"line":13,"column":62}},"type":"binary-expr","locations":[{"start":{"line":13,"column":6},"end":{"line":13,"column":11}},{"start":{"line":13,"column":16},"end":{"line":13,"column":28}},{"start":{"line":13,"column":32},"end":{"line":13,"column":61}}],"line":13}},"s":{"0":1,"1":11,"2":11,"3":6,"4":5,"5":5,"6":1,"7":4},"f":{"0":11},"b":{"0":[6,5],"1":[5,1],"2":[1,4],"3":[5,4,4]},"_coverageSchema":"1a1c01bbd47fc00a2c39e90264f33305004495a9","hash":"586094f9ef0c7a8bd5350decece1ad391163041d"}
,"C:\\Users\\atdan\\OneDrive\\Desktop\\Merkato\\frontend\\src\\components\\VendorCard.js": {"path":"C:\\Users\\atdan\\OneDrive\\Desktop\\Merkato\\frontend\\src\\components\\VendorCard.js","statementMap":{"0":{"start":{"line":7,"column":17},"end":{"line":7,"column":60}},"1":{"start":{"line":8,"column":24},"end":{"line":8,"column":38}},"2":{"start":{"line":9,"column":25},"end":{"line":9,"column":41}},"3":{"start":{"line":11,"column":2},"end":{"line":36,"column":4}},"4":{"start":{"line":39,"column":0},"end":{"line":48,"column":2}}},"fnMap":{"0":{"name":"VendorCard","decl":{"start":{"line":6,"column":9},"end":{"line":6,"column":19}},"loc":{"start":{"line":6,"column":62},"end":{"line":37,"column":1}},"line":6}},"branchMap":{"0":{"loc":{"start":{"line":6,"column":30},"end":{"line":6,"column":41}},"type":"default-arg","locations":[{"start":{"line":6,"column":37},"end":{"line":6,"column":41}}],"line":6},"1":{"loc":{"start":{"line":6,"column":43},"end":{"line":6,"column":58}},"type":"default-arg","locations":[{"start":{"line":6,"column":51},"end":{"line":6,"column":58}}],"line":6},"2":{"loc":{"start":{"line":7,"column":17},"end":{"line":7,"column":60}},"type":"binary-expr","locations":[{"start":{"line":7,"column":17},"end":{"line":7,"column":28}},{"start":{"line":7,"column":32},"end":{"line":7,"column":60}}],"line":7},"3":{"loc":{"start":{"line":15,"column":16},"end":{"line":15,"column":39}},"type":"binary-expr","locations":[{"start":{"line":15,"column":16},"end":{"line":15,"column":27}},{"start":{"line":15,"column":31},"end":{"line":15,"column":39}}],"line":15},"4":{"loc":{"start":{"line":21,"column":37},"end":{"line":21,"column":68}},"type":"binary-expr","locations":[{"start":{"line":21,"column":37},"end":{"line":21,"column":48}},{"start":{"line":21,"column":52},"end":{"line":21,"column":68}}],"line":21},"5":{"loc":{"start":{"line":22,"column":37},"end":{"line":22,"column":70}},"type":"binary-expr","locations":[{"start":{"line":22,"column":37},"end":{"line":22,"column":49}},{"start":{"line":22,"column":53},"end":{"line":22,"column":70}}],"line":22},"6":{"loc":{"start":{"line":30,"column":31},"end":{"line":30,"column":54}},"type":"binary-expr","locations":[{"start":{"line":30,"column":31},"end":{"line":30,"column":42}},{"start":{"line":30,"column":46},"end":{"line":30,"column":54}}],"line":30}},"s":{"0":0,"1":0,"2":0,"3":0,"4":1},"f":{"0":0},"b":{"0":[0],"1":[0],"2":[0,0],"3":[0,0],"4":[0,0],"5":[0,0],"6":[0,0]},"_coverageSchema":"1a1c01bbd47fc00a2c39e90264f33305004495a9","hash":"85c95d1f29112d36f735256d9826984f02524754"}
,"C:\\Users\\atdan\\OneDrive\\Desktop\\Merkato\\frontend\\src\\components\\VendorSidebar.js": {"path":"C:\\Users\\atdan\\OneDrive\\Desktop\\Merkato\\frontend\\src\\components\\VendorSidebar.js","statementMap":{"0":{"start":{"line":5,"column":22},"end":{"line":51,"column":1}},"1":{"start":{"line":6,"column":20},"end":{"line":14,"column":3}},"2":{"start":{"line":16,"column":22},"end":{"line":21,"column":3}},"3":{"start":{"line":23,"column":2},"end":{"line":50,"column":4}}},"fnMap":{"0":{"name":"(anonymous_0)","decl":{"start":{"line":5,"column":22},"end":{"line":5,"column":23}},"loc":{"start":{"line":5,"column":28},"end":{"line":51,"column":1}},"line":5}},"branchMap":{},"s":{"0":1,"1":2,"2":2,"3":2},"f":{"0":2},"b":{},"_coverageSchema":"1a1c01bbd47fc00a2c39e90264f33305004495a9","hash":"01b2071658acf6336e8887ee24656d6b6c4fa067"}
,"C:\\Users\\atdan\\OneDrive\\Desktop\\Merkato\\frontend\\src\\components\\QuickStatCard\\QuickStatCard.js": {"path":"C:\\Users\\atdan\\OneDrive\\Desktop\\Merkato\\frontend\\src\\components\\QuickStatCard\\QuickStatCard.js","statementMap":{"0":{"start":{"line":6,"column":25},"end":{"line":11,"column":15}},"1":{"start":{"line":7,"column":4},"end":{"line":10,"column":5}},"2":{"start":{"line":8,"column":6},"end":{"line":8,"column":29}},"3":{"start":{"line":9,"column":6},"end":{"line":9,"column":16}},"4":{"start":{"line":13,"column":2},"end":{"line":26,"column":4}},"5":{"start":{"line":29,"column":0},"end":{"line":34,"column":2}}},"fnMap":{"0":{"name":"QuickStatCard","decl":{"start":{"line":5,"column":9},"end":{"line":5,"column":22}},"loc":{"start":{"line":5,"column":56},"end":{"line":27,"column":1}},"line":5},"1":{"name":"(anonymous_1)","decl":{"start":{"line":6,"column":37},"end":{"line":6,"column":38}},"loc":{"start":{"line":6,"column":48},"end":{"line":11,"column":3}},"line":6}},"branchMap":{"0":{"loc":{"start":{"line":7,"column":4},"end":{"line":10,"column":5}},"type":"if","locations":[{"start":{"line":7,"column":4},"end":{"line":10,"column":5}},{"start":{},"end":{}}],"line":7},"1":{"loc":{"start":{"line":7,"column":8},"end":{"line":7,"column":50}},"type":"binary-expr","locations":[{"start":{"line":7,"column":8},"end":{"line":7,"column":29}},{"start":{"line":7,"column":33},"end":{"line":7,"column":50}}],"line":7}},"s":{"0":8,"1":0,"2":0,"3":0,"4":8,"5":1},"f":{"0":8,"1":0},"b":{"0":[0,0],"1":[0,0]},"_coverageSchema":"1a1c01bbd47fc00a2c39e90264f33305004495a9","hash":"66f9ab96789cddc7c5de0eb383ed0e1c907143f0"}
,"C:\\Users\\atdan\\OneDrive\\Desktop\\Merkato\\frontend\\src\\components\\admin\\AdminPromoAnalytics.js": {"path":"C:\\Users\\atdan\\OneDrive\\Desktop\\Merkato\\frontend\\src\\components\\admin\\AdminPromoAnalytics.js","statementMap":{"0":{"start":{"line":5,"column":28},"end":{"line":5,"column":40}},"1":{"start":{"line":6,"column":24},"end":{"line":6,"column":36}},"2":{"start":{"line":7,"column":16},"end":{"line":7,"column":45}},"3":{"start":{"line":9,"column":2},"end":{"line":21,"column":9}},"4":{"start":{"line":10,"column":23},"end":{"line":19,"column":5}},"5":{"start":{"line":11,"column":6},"end":{"line":18,"column":7}},"6":{"start":{"line":12,"column":20},"end":{"line":14,"column":10}},"7":{"start":{"line":15,"column":8},"end":{"line":15,"column":27}},"8":{"start":{"line":17,"column":8},"end":{"line":17,"column":45}},"9":{"start":{"line":20,"column":4},"end":{"line":20,"column":17}},"10":{"start":{"line":23,"column":2},"end":{"line":54,"column":4}},"11":{"start":{"line":41,"column":12},"end":{"line":49,"column":17}},"12":{"start":{"line":57,"column":11},"end":{"line":57,"column":80}},"13":{"start":{"line":58,"column":11},"end":{"line":58,"column":61}}},"fnMap":{"0":{"name":"AdminPromoAnalytics","decl":{"start":{"line":4,"column":9},"end":{"line":4,"column":28}},"loc":{"start":{"line":4,"column":31},"end":{"line":55,"column":1}},"line":4},"1":{"name":"(anonymous_1)","decl":{"start":{"line":9,"column":12},"end":{"line":9,"column":13}},"loc":{"start":{"line":9,"column":18},"end":{"line":21,"column":3}},"line":9},"2":{"name":"(anonymous_2)","decl":{"start":{"line":10,"column":23},"end":{"line":10,"column":24}},"loc":{"start":{"line":10,"column":35},"end":{"line":19,"column":5}},"line":10},"3":{"name":"(anonymous_3)","decl":{"start":{"line":40,"column":21},"end":{"line":40,"column":22}},"loc":{"start":{"line":41,"column":12},"end":{"line":49,"column":17}},"line":41}},"branchMap":{"0":{"loc":{"start":{"line":26,"column":7},"end":{"line":26,"column":26}},"type":"binary-expr","locations":[{"start":{"line":26,"column":7},"end":{"line":26,"column":10}},{"start":{"line":26,"column":14},"end":{"line":26,"column":26}}],"line":26},"1":{"loc":{"start":{"line":46,"column":30},"end":{"line":46,"column":52}},"type":"binary-expr","locations":[{"start":{"line":46,"column":30},"end":{"line":46,"column":45}},{"start":{"line":46,"column":49},"end":{"line":46,"column":52}}],"line":46},"2":{"loc":{"start":{"line":47,"column":30},"end":{"line":47,"column":58}},"type":"cond-expr","locations":[{"start":{"line":47,"column":46},"end":{"line":47,"column":51}},{"start":{"line":47,"column":54},"end":{"line":47,"column":58}}],"line":47},"3":{"loc":{"start":{"line":48,"column":30},"end":{"line":48,"column":98}},"type":"cond-expr","locations":[{"start":{"line":48,"column":47},"end":{"line":48,"column":92}},{"start":{"line":48,"column":95},"end":{"line":48,"column":98}}],"line":48}},"s":{"0":0,"1":0,"2":0,"3":0,"4":0,"5":0,"6":0,"7":0,"8":0,"9":0,"10":0,"11":0,"12":1,"13":1},"f":{"0":0,"1":0,"2":0,"3":0},"b":{"0":[0,0],"1":[0,0],"2":[0,0],"3":[0,0]},"_coverageSchema":"1a1c01bbd47fc00a2c39e90264f33305004495a9","hash":"99e158027f2afae05d359762efe8881d4ed07d47"}
,"C:\\Users\\atdan\\OneDrive\\Desktop\\Merkato\\frontend\\src\\components\\admin\\AdminPromoCampaigns.js": {"path":"C:\\Users\\atdan\\OneDrive\\Desktop\\Merkato\\frontend\\src\\components\\admin\\AdminPromoCampaigns.js","statementMap":{"0":{"start":{"line":5,"column":36},"end":{"line":5,"column":48}},"1":{"start":{"line":6,"column":26},"end":{"line":14,"column":4}},"2":{"start":{"line":15,"column":24},"end":{"line":15,"column":36}},"3":{"start":{"line":16,"column":16},"end":{"line":16,"column":45}},"4":{"start":{"line":18,"column":2},"end":{"line":20,"column":9}},"5":{"start":{"line":19,"column":4},"end":{"line":19,"column":21}},"6":{"start":{"line":22,"column":25},"end":{"line":31,"column":3}},"7":{"start":{"line":23,"column":4},"end":{"line":30,"column":5}},"8":{"start":{"line":24,"column":18},"end":{"line":26,"column":8}},"9":{"start":{"line":27,"column":6},"end":{"line":27,"column":29}},"10":{"start":{"line":29,"column":6},"end":{"line":29,"column":41}},"11":{"start":{"line":33,"column":23},"end":{"line":58,"column":3}},"12":{"start":{"line":34,"column":4},"end":{"line":34,"column":23}},"13":{"start":{"line":35,"column":4},"end":{"line":38,"column":5}},"14":{"start":{"line":36,"column":6},"end":{"line":36,"column":53}},"15":{"start":{"line":37,"column":6},"end":{"line":37,"column":13}},"16":{"start":{"line":40,"column":4},"end":{"line":57,"column":5}},"17":{"start":{"line":41,"column":6},"end":{"line":43,"column":9}},"18":{"start":{"line":44,"column":6},"end":{"line":52,"column":9}},"19":{"start":{"line":53,"column":6},"end":{"line":53,"column":35}},"20":{"start":{"line":54,"column":6},"end":{"line":54,"column":23}},"21":{"start":{"line":56,"column":6},"end":{"line":56,"column":42}},"22":{"start":{"line":60,"column":2},"end":{"line":109,"column":4}},"23":{"start":{"line":67,"column":88},"end":{"line":67,"column":130}},"24":{"start":{"line":68,"column":84},"end":{"line":68,"column":133}},"25":{"start":{"line":69,"column":65},"end":{"line":69,"column":112}},"26":{"start":{"line":70,"column":63},"end":{"line":70,"column":108}},"27":{"start":{"line":71,"column":101},"end":{"line":71,"column":152}},"28":{"start":{"line":72,"column":94},"end":{"line":72,"column":142}},"29":{"start":{"line":74,"column":91},"end":{"line":74,"column":158}},"30":{"start":{"line":96,"column":12},"end":{"line":104,"column":17}},"31":{"start":{"line":112,"column":19},"end":{"line":119,"column":1}},"32":{"start":{"line":121,"column":11},"end":{"line":121,"column":76}},"33":{"start":{"line":122,"column":11},"end":{"line":122,"column":57}}},"fnMap":{"0":{"name":"AdminPromoCampaigns","decl":{"start":{"line":4,"column":9},"end":{"line":4,"column":28}},"loc":{"start":{"line":4,"column":31},"end":{"line":110,"column":1}},"line":4},"1":{"name":"(anonymous_1)","decl":{"start":{"line":18,"column":12},"end":{"line":18,"column":13}},"loc":{"start":{"line":18,"column":18},"end":{"line":20,"column":3}},"line":18},"2":{"name":"(anonymous_2)","decl":{"start":{"line":22,"column":25},"end":{"line":22,"column":26}},"loc":{"start":{"line":22,"column":37},"end":{"line":31,"column":3}},"line":22},"3":{"name":"(anonymous_3)","decl":{"start":{"line":33,"column":23},"end":{"line":33,"column":24}},"loc":{"start":{"line":33,"column":36},"end":{"line":58,"column":3}},"line":33},"4":{"name":"(anonymous_4)","decl":{"start":{"line":67,"column":83},"end":{"line":67,"column":84}},"loc":{"start":{"line":67,"column":88},"end":{"line":67,"column":130}},"line":67},"5":{"name":"(anonymous_5)","decl":{"start":{"line":68,"column":79},"end":{"line":68,"column":80}},"loc":{"start":{"line":68,"column":84},"end":{"line":68,"column":133}},"line":68},"6":{"name":"(anonymous_6)","decl":{"start":{"line":69,"column":60},"end":{"line":69,"column":61}},"loc":{"start":{"line":69,"column":65},"end":{"line":69,"column":112}},"line":69},"7":{"name":"(anonymous_7)","decl":{"start":{"line":70,"column":58},"end":{"line":70,"column":59}},"loc":{"start":{"line":70,"column":63},"end":{"line":70,"column":108}},"line":70},"8":{"name":"(anonymous_8)","decl":{"start":{"line":71,"column":96},"end":{"line":71,"column":97}},"loc":{"start":{"line":71,"column":101},"end":{"line":71,"column":152}},"line":71},"9":{"name":"(anonymous_9)","decl":{"start":{"line":72,"column":89},"end":{"line":72,"column":90}},"loc":{"start":{"line":72,"column":94},"end":{"line":72,"column":142}},"line":72},"10":{"name":"(anonymous_10)","decl":{"start":{"line":74,"column":86},"end":{"line":74,"column":87}},"loc":{"start":{"line":74,"column":91},"end":{"line":74,"column":158}},"line":74},"11":{"name":"(anonymous_11)","decl":{"start":{"line":95,"column":25},"end":{"line":95,"column":26}},"loc":{"start":{"line":96,"column":12},"end":{"line":104,"column":17}},"line":96}},"branchMap":{"0":{"loc":{"start":{"line":35,"column":4},"end":{"line":38,"column":5}},"type":"if","locations":[{"start":{"line":35,"column":4},"end":{"line":38,"column":5}},{"start":{},"end":{}}],"line":35},"1":{"loc":{"start":{"line":35,"column":8},"end":{"line":35,"column":54}},"type":"binary-expr","locations":[{"start":{"line":35,"column":8},"end":{"line":35,"column":18}},{"start":{"line":35,"column":22},"end":{"line":35,"column":37}},{"start":{"line":35,"column":41},"end":{"line":35,"column":54}}],"line":35},"2":{"loc":{"start":{"line":63,"column":7},"end":{"line":63,"column":81}},"type":"binary-expr","locations":[{"start":{"line":63,"column":7},"end":{"line":63,"column":10}},{"start":{"line":63,"column":14},"end":{"line":63,"column":81}}],"line":63},"3":{"loc":{"start":{"line":63,"column":33},"end":{"line":63,"column":68}},"type":"cond-expr","locations":[{"start":{"line":63,"column":53},"end":{"line":63,"column":60}},{"start":{"line":63,"column":63},"end":{"line":63,"column":68}}],"line":63},"4":{"loc":{"start":{"line":100,"column":30},"end":{"line":100,"column":52}},"type":"binary-expr","locations":[{"start":{"line":100,"column":30},"end":{"line":100,"column":45}},{"start":{"line":100,"column":49},"end":{"line":100,"column":52}}],"line":100},"5":{"loc":{"start":{"line":101,"column":30},"end":{"line":101,"column":49}},"type":"binary-expr","locations":[{"start":{"line":101,"column":30},"end":{"line":101,"column":42}},{"start":{"line":101,"column":46},"end":{"line":101,"column":49}}],"line":101},"6":{"loc":{"start":{"line":102,"column":30},"end":{"line":102,"column":74}},"type":"cond-expr","locations":[{"start":{"line":102,"column":62},"end":{"line":102,"column":67}},{"start":{"line":102,"column":70},"end":{"line":102,"column":74}}],"line":102},"7":{"loc":{"start":{"line":103,"column":30},"end":{"line":103,"column":85}},"type":"cond-expr","locations":[{"start":{"line":103,"column":65},"end":{"line":103,"column":74}},{"start":{"line":103,"column":77},"end":{"line":103,"column":85}}],"line":103}},"s":{"0":0,"1":0,"2":0,"3":0,"4":0,"5":0,"6":0,"7":0,"8":0,"9":0,"10":0,"11":0,"12":0,"13":0,"14":0,"15":0,"16":0,"17":0,"18":0,"19":0,"20":0,"21":0,"22":0,"23":0,"24":0,"25":0,"26":0,"27":0,"28":0,"29":0,"30":0,"31":1,"32":1,"33":1},"f":{"0":0,"1":0,"2":0,"3":0,"4":0,"5":0,"6":0,"7":0,"8":0,"9":0,"10":0,"11":0},"b":{"0":[0,0],"1":[0,0,0],"2":[0,0],"3":[0,0],"4":[0,0],"5":[0,0],"6":[0,0],"7":[0,0]},"_coverageSchema":"1a1c01bbd47fc00a2c39e90264f33305004495a9","hash":"276a321a9e6b48f4b0a8ad200f06388594b1be68"}
,"C:\\Users\\atdan\\OneDrive\\Desktop\\Merkato\\frontend\\src\\components\\admin\\AdminPromoCodes.js": {"path":"C:\\Users\\atdan\\OneDrive\\Desktop\\Merkato\\frontend\\src\\components\\admin\\AdminPromoCodes.js","statementMap":{"0":{"start":{"line":5,"column":28},"end":{"line":5,"column":40}},"1":{"start":{"line":6,"column":36},"end":{"line":6,"column":48}},"2":{"start":{"line":7,"column":24},"end":{"line":7,"column":36}},"3":{"start":{"line":8,"column":32},"end":{"line":8,"column":48}},"4":{"start":{"line":9,"column":32},"end":{"line":18,"column":4}},"5":{"start":{"line":19,"column":46},"end":{"line":19,"column":58}},"6":{"start":{"line":20,"column":16},"end":{"line":20,"column":45}},"7":{"start":{"line":21,"column":18},"end":{"line":21,"column":54}},"8":{"start":{"line":23,"column":2},"end":{"line":26,"column":9}},"9":{"start":{"line":24,"column":4},"end":{"line":24,"column":17}},"10":{"start":{"line":25,"column":4},"end":{"line":25,"column":21}},"11":{"start":{"line":28,"column":21},"end":{"line":35,"column":3}},"12":{"start":{"line":29,"column":4},"end":{"line":34,"column":5}},"13":{"start":{"line":30,"column":18},"end":{"line":30,"column":72}},"14":{"start":{"line":31,"column":6},"end":{"line":31,"column":25}},"15":{"start":{"line":33,"column":6},"end":{"line":33,"column":59}},"16":{"start":{"line":37,"column":25},"end":{"line":44,"column":3}},"17":{"start":{"line":38,"column":4},"end":{"line":43,"column":5}},"18":{"start":{"line":39,"column":18},"end":{"line":39,"column":76}},"19":{"start":{"line":40,"column":6},"end":{"line":40,"column":29}},"20":{"start":{"line":42,"column":6},"end":{"line":42,"column":49}},"21":{"start":{"line":46,"column":22},"end":{"line":50,"column":3}},"22":{"start":{"line":47,"column":4},"end":{"line":47,"column":17}},"23":{"start":{"line":48,"column":4},"end":{"line":48,"column":21}},"24":{"start":{"line":49,"column":4},"end":{"line":49,"column":39}},"25":{"start":{"line":49,"column":21},"end":{"line":49,"column":31}},"26":{"start":{"line":52,"column":22},"end":{"line":71,"column":3}},"27":{"start":{"line":53,"column":4},"end":{"line":56,"column":5}},"28":{"start":{"line":54,"column":6},"end":{"line":54,"column":66}},"29":{"start":{"line":55,"column":6},"end":{"line":55,"column":13}},"30":{"start":{"line":58,"column":4},"end":{"line":70,"column":5}},"31":{"start":{"line":59,"column":6},"end":{"line":62,"column":22}},"32":{"start":{"line":63,"column":6},"end":{"line":65,"column":9}},"33":{"start":{"line":66,"column":6},"end":{"line":66,"column":19}},"34":{"start":{"line":67,"column":6},"end":{"line":67,"column":52}},"35":{"start":{"line":69,"column":6},"end":{"line":69,"column":58}},"36":{"start":{"line":72,"column":21},"end":{"line":80,"column":3}},"37":{"start":{"line":73,"column":4},"end":{"line":79,"column":5}},"38":{"start":{"line":74,"column":6},"end":{"line":74,"column":76}},"39":{"start":{"line":75,"column":6},"end":{"line":75,"column":19}},"40":{"start":{"line":76,"column":6},"end":{"line":76,"column":52}},"41":{"start":{"line":78,"column":6},"end":{"line":78,"column":59}},"42":{"start":{"line":82,"column":23},"end":{"line":84,"column":3}},"43":{"start":{"line":83,"column":4},"end":{"line":83,"column":55}},"44":{"start":{"line":86,"column":28},"end":{"line":94,"column":3}},"45":{"start":{"line":87,"column":21},"end":{"line":92,"column":6}},"46":{"start":{"line":88,"column":6},"end":{"line":90,"column":7}},"47":{"start":{"line":89,"column":8},"end":{"line":89,"column":109}},"48":{"start":{"line":91,"column":6},"end":{"line":91,"column":18}},"49":{"start":{"line":93,"column":4},"end":{"line":93,"column":23}},"50":{"start":{"line":96,"column":26},"end":{"line":101,"column":3}},"51":{"start":{"line":97,"column":4},"end":{"line":100,"column":7}},"52":{"start":{"line":103,"column":22},"end":{"line":118,"column":3}},"53":{"start":{"line":104,"column":4},"end":{"line":107,"column":5}},"54":{"start":{"line":105,"column":6},"end":{"line":105,"column":66}},"55":{"start":{"line":106,"column":6},"end":{"line":106,"column":13}},"56":{"start":{"line":108,"column":4},"end":{"line":117,"column":7}},"57":{"start":{"line":120,"column":2},"end":{"line":212,"column":6}},"58":{"start":{"line":137,"column":50},"end":{"line":137,"column":83}},"59":{"start":{"line":140,"column":6},"end":{"line":140,"column":57}},"60":{"start":{"line":147,"column":70},"end":{"line":147,"column":96}},"61":{"start":{"line":148,"column":52},"end":{"line":148,"column":78}},"62":{"start":{"line":152,"column":86},"end":{"line":152,"column":113}},"63":{"start":{"line":153,"column":104},"end":{"line":153,"column":139}},"64":{"start":{"line":154,"column":97},"end":{"line":154,"column":129}},"65":{"start":{"line":155,"column":68},"end":{"line":155,"column":99}},"66":{"start":{"line":157,"column":94},"end":{"line":157,"column":143}},"67":{"start":{"line":159,"column":56},"end":{"line":159,"column":86}},"68":{"start":{"line":162,"column":12},"end":{"line":162,"column":63}},"69":{"start":{"line":171,"column":50},"end":{"line":171,"column":83}},"70":{"start":{"line":174,"column":6},"end":{"line":174,"column":57}},"71":{"start":{"line":181,"column":18},"end":{"line":181,"column":74}},"72":{"start":{"line":183,"column":4},"end":{"line":209,"column":10}},"73":{"start":{"line":190,"column":101},"end":{"line":190,"column":139}},"74":{"start":{"line":191,"column":105},"end":{"line":191,"column":144}},"75":{"start":{"line":193,"column":49},"end":{"line":193,"column":87}},"76":{"start":{"line":198,"column":129},"end":{"line":198,"column":176}},"77":{"start":{"line":199,"column":122},"end":{"line":199,"column":166}},"78":{"start":{"line":200,"column":147},"end":{"line":200,"column":190}},"79":{"start":{"line":201,"column":108},"end":{"line":201,"column":169}},"80":{"start":{"line":206,"column":31},"end":{"line":206,"column":48}},"81":{"start":{"line":207,"column":31},"end":{"line":207,"column":49}}},"fnMap":{"0":{"name":"AdminPromoCodes","decl":{"start":{"line":4,"column":9},"end":{"line":4,"column":24}},"loc":{"start":{"line":4,"column":27},"end":{"line":213,"column":3}},"line":4},"1":{"name":"(anonymous_1)","decl":{"start":{"line":23,"column":12},"end":{"line":23,"column":13}},"loc":{"start":{"line":23,"column":18},"end":{"line":26,"column":3}},"line":23},"2":{"name":"(anonymous_2)","decl":{"start":{"line":28,"column":21},"end":{"line":28,"column":22}},"loc":{"start":{"line":28,"column":33},"end":{"line":35,"column":3}},"line":28},"3":{"name":"(anonymous_3)","decl":{"start":{"line":37,"column":25},"end":{"line":37,"column":26}},"loc":{"start":{"line":37,"column":37},"end":{"line":44,"column":3}},"line":37},"4":{"name":"(anonymous_4)","decl":{"start":{"line":46,"column":22},"end":{"line":46,"column":23}},"loc":{"start":{"line":46,"column":47},"end":{"line":50,"column":3}},"line":46},"5":{"name":"(anonymous_5)","decl":{"start":{"line":49,"column":15},"end":{"line":49,"column":16}},"loc":{"start":{"line":49,"column":21},"end":{"line":49,"column":31}},"line":49},"6":{"name":"(anonymous_6)","decl":{"start":{"line":52,"column":22},"end":{"line":52,"column":23}},"loc":{"start":{"line":52,"column":34},"end":{"line":71,"column":3}},"line":52},"7":{"name":"(anonymous_7)","decl":{"start":{"line":72,"column":21},"end":{"line":72,"column":22}},"loc":{"start":{"line":72,"column":44},"end":{"line":80,"column":3}},"line":72},"8":{"name":"(anonymous_8)","decl":{"start":{"line":82,"column":23},"end":{"line":82,"column":24}},"loc":{"start":{"line":82,"column":33},"end":{"line":84,"column":3}},"line":82},"9":{"name":"(anonymous_9)","decl":{"start":{"line":86,"column":28},"end":{"line":86,"column":29}},"loc":{"start":{"line":86,"column":44},"end":{"line":94,"column":3}},"line":86},"10":{"name":"(anonymous_10)","decl":{"start":{"line":87,"column":31},"end":{"line":87,"column":32}},"loc":{"start":{"line":87,"column":39},"end":{"line":92,"column":5}},"line":87},"11":{"name":"(anonymous_11)","decl":{"start":{"line":96,"column":26},"end":{"line":96,"column":27}},"loc":{"start":{"line":96,"column":38},"end":{"line":101,"column":3}},"line":96},"12":{"name":"(anonymous_12)","decl":{"start":{"line":103,"column":22},"end":{"line":103,"column":23}},"loc":{"start":{"line":103,"column":32},"end":{"line":118,"column":3}},"line":103},"13":{"name":"(anonymous_13)","decl":{"start":{"line":137,"column":43},"end":{"line":137,"column":44}},"loc":{"start":{"line":137,"column":50},"end":{"line":137,"column":83}},"line":137},"14":{"name":"(anonymous_14)","decl":{"start":{"line":139,"column":19},"end":{"line":139,"column":20}},"loc":{"start":{"line":140,"column":6},"end":{"line":140,"column":57}},"line":140},"15":{"name":"(anonymous_15)","decl":{"start":{"line":147,"column":65},"end":{"line":147,"column":66}},"loc":{"start":{"line":147,"column":70},"end":{"line":147,"column":96}},"line":147},"16":{"name":"(anonymous_16)","decl":{"start":{"line":148,"column":47},"end":{"line":148,"column":48}},"loc":{"start":{"line":148,"column":52},"end":{"line":148,"column":78}},"line":148},"17":{"name":"(anonymous_17)","decl":{"start":{"line":152,"column":81},"end":{"line":152,"column":82}},"loc":{"start":{"line":152,"column":86},"end":{"line":152,"column":113}},"line":152},"18":{"name":"(anonymous_18)","decl":{"start":{"line":153,"column":99},"end":{"line":153,"column":100}},"loc":{"start":{"line":153,"column":104},"end":{"line":153,"column":139}},"line":153},"19":{"name":"(anonymous_19)","decl":{"start":{"line":154,"column":92},"end":{"line":154,"column":93}},"loc":{"start":{"line":154,"column":97},"end":{"line":154,"column":129}},"line":154},"20":{"name":"(anonymous_20)","decl":{"start":{"line":155,"column":63},"end":{"line":155,"column":64}},"loc":{"start":{"line":155,"column":68},"end":{"line":155,"column":99}},"line":155},"21":{"name":"(anonymous_21)","decl":{"start":{"line":157,"column":89},"end":{"line":157,"column":90}},"loc":{"start":{"line":157,"column":94},"end":{"line":157,"column":143}},"line":157},"22":{"name":"(anonymous_22)","decl":{"start":{"line":159,"column":51},"end":{"line":159,"column":52}},"loc":{"start":{"line":159,"column":56},"end":{"line":159,"column":86}},"line":159},"23":{"name":"(anonymous_23)","decl":{"start":{"line":161,"column":25},"end":{"line":161,"column":26}},"loc":{"start":{"line":162,"column":12},"end":{"line":162,"column":63}},"line":162},"24":{"name":"(anonymous_24)","decl":{"start":{"line":171,"column":43},"end":{"line":171,"column":44}},"loc":{"start":{"line":171,"column":50},"end":{"line":171,"column":83}},"line":171},"25":{"name":"(anonymous_25)","decl":{"start":{"line":173,"column":19},"end":{"line":173,"column":20}},"loc":{"start":{"line":174,"column":6},"end":{"line":174,"column":57}},"line":174},"26":{"name":"(anonymous_26)","decl":{"start":{"line":181,"column":10},"end":{"line":181,"column":11}},"loc":{"start":{"line":181,"column":18},"end":{"line":181,"column":74}},"line":181},"27":{"name":"(anonymous_27)","decl":{"start":{"line":182,"column":7},"end":{"line":182,"column":8}},"loc":{"start":{"line":183,"column":4},"end":{"line":209,"column":10}},"line":183},"28":{"name":"(anonymous_28)","decl":{"start":{"line":190,"column":96},"end":{"line":190,"column":97}},"loc":{"start":{"line":190,"column":101},"end":{"line":190,"column":139}},"line":190},"29":{"name":"(anonymous_29)","decl":{"start":{"line":191,"column":100},"end":{"line":191,"column":101}},"loc":{"start":{"line":191,"column":105},"end":{"line":191,"column":144}},"line":191},"30":{"name":"(anonymous_30)","decl":{"start":{"line":193,"column":44},"end":{"line":193,"column":45}},"loc":{"start":{"line":193,"column":49},"end":{"line":193,"column":87}},"line":193},"31":{"name":"(anonymous_31)","decl":{"start":{"line":198,"column":124},"end":{"line":198,"column":125}},"loc":{"start":{"line":198,"column":129},"end":{"line":198,"column":176}},"line":198},"32":{"name":"(anonymous_32)","decl":{"start":{"line":199,"column":117},"end":{"line":199,"column":118}},"loc":{"start":{"line":199,"column":122},"end":{"line":199,"column":166}},"line":199},"33":{"name":"(anonymous_33)","decl":{"start":{"line":200,"column":142},"end":{"line":200,"column":143}},"loc":{"start":{"line":200,"column":147},"end":{"line":200,"column":190}},"line":200},"34":{"name":"(anonymous_34)","decl":{"start":{"line":201,"column":103},"end":{"line":201,"column":104}},"loc":{"start":{"line":201,"column":108},"end":{"line":201,"column":169}},"line":201},"35":{"name":"(anonymous_35)","decl":{"start":{"line":206,"column":25},"end":{"line":206,"column":26}},"loc":{"start":{"line":206,"column":31},"end":{"line":206,"column":48}},"line":206},"36":{"name":"(anonymous_36)","decl":{"start":{"line":207,"column":25},"end":{"line":207,"column":26}},"loc":{"start":{"line":207,"column":31},"end":{"line":207,"column":49}},"line":207}},"branchMap":{"0":{"loc":{"start":{"line":46,"column":29},"end":{"line":46,"column":42}},"type":"default-arg","locations":[{"start":{"line":46,"column":36},"end":{"line":46,"column":42}}],"line":46},"1":{"loc":{"start":{"line":53,"column":4},"end":{"line":56,"column":5}},"type":"if","locations":[{"start":{"line":53,"column":4},"end":{"line":56,"column":5}},{"start":{},"end":{}}],"line":53},"2":{"loc":{"start":{"line":53,"column":8},"end":{"line":53,"column":56}},"type":"binary-expr","locations":[{"start":{"line":53,"column":8},"end":{"line":53,"column":21}},{"start":{"line":53,"column":25},"end":{"line":53,"column":39}},{"start":{"line":53,"column":43},"end":{"line":53,"column":56}}],"line":53},"3":{"loc":{"start":{"line":61,"column":18},"end":{"line":61,"column":42}},"type":"binary-expr","locations":[{"start":{"line":61,"column":18},"end":{"line":61,"column":34}},{"start":{"line":61,"column":38},"end":{"line":61,"column":42}}],"line":61},"4":{"loc":{"start":{"line":88,"column":6},"end":{"line":90,"column":7}},"type":"if","locations":[{"start":{"line":88,"column":6},"end":{"line":90,"column":7}},{"start":{},"end":{}}],"line":88},"5":{"loc":{"start":{"line":89,"column":33},"end":{"line":89,"column":106}},"type":"cond-expr","locations":[{"start":{"line":89,"column":73},"end":{"line":89,"column":89}},{"start":{"line":89,"column":92},"end":{"line":89,"column":106}}],"line":89},"6":{"loc":{"start":{"line":99,"column":13},"end":{"line":99,"column":86}},"type":"cond-expr","locations":[{"start":{"line":99,"column":53},"end":{"line":99,"column":69}},{"start":{"line":99,"column":72},"end":{"line":99,"column":86}}],"line":99},"7":{"loc":{"start":{"line":104,"column":4},"end":{"line":107,"column":5}},"type":"if","locations":[{"start":{"line":104,"column":4},"end":{"line":107,"column":5}},{"start":{},"end":{}}],"line":104},"8":{"loc":{"start":{"line":104,"column":8},"end":{"line":104,"column":47}},"type":"binary-expr","locations":[{"start":{"line":104,"column":8},"end":{"line":104,"column":18}},{"start":{"line":104,"column":22},"end":{"line":104,"column":33}},{"start":{"line":104,"column":37},"end":{"line":104,"column":47}}],"line":104},"9":{"loc":{"start":{"line":112,"column":21},"end":{"line":112,"column":56}},"type":"binary-expr","locations":[{"start":{"line":112,"column":21},"end":{"line":112,"column":51}},{"start":{"line":112,"column":55},"end":{"line":112,"column":56}}],"line":112},"10":{"loc":{"start":{"line":113,"column":18},"end":{"line":113,"column":55}},"type":"binary-expr","locations":[{"start":{"line":113,"column":18},"end":{"line":113,"column":47}},{"start":{"line":113,"column":51},"end":{"line":113,"column":55}}],"line":113},"11":{"loc":{"start":{"line":114,"column":17},"end":{"line":114,"column":39}},"type":"binary-expr","locations":[{"start":{"line":114,"column":17},"end":{"line":114,"column":31}},{"start":{"line":114,"column":35},"end":{"line":114,"column":39}}],"line":114},"12":{"loc":{"start":{"line":115,"column":35},"end":{"line":115,"column":76}},"type":"binary-expr","locations":[{"start":{"line":115,"column":35},"end":{"line":115,"column":67}},{"start":{"line":115,"column":71},"end":{"line":115,"column":76}}],"line":115},"13":{"loc":{"start":{"line":116,"column":16},"end":{"line":116,"column":42}},"type":"binary-expr","locations":[{"start":{"line":116,"column":16},"end":{"line":116,"column":34}},{"start":{"line":116,"column":38},"end":{"line":116,"column":42}}],"line":116},"14":{"loc":{"start":{"line":124,"column":7},"end":{"line":134,"column":7}},"type":"binary-expr","locations":[{"start":{"line":124,"column":7},"end":{"line":124,"column":10}},{"start":{"line":125,"column":8},"end":{"line":133,"column":22}}],"line":124},"15":{"loc":{"start":{"line":128,"column":27},"end":{"line":128,"column":106}},"type":"cond-expr","locations":[{"start":{"line":128,"column":51},"end":{"line":128,"column":60}},{"start":{"line":128,"column":63},"end":{"line":128,"column":106}}],"line":128},"16":{"loc":{"start":{"line":128,"column":63},"end":{"line":128,"column":106}},"type":"cond-expr","locations":[{"start":{"line":128,"column":85},"end":{"line":128,"column":94}},{"start":{"line":128,"column":97},"end":{"line":128,"column":106}}],"line":128},"17":{"loc":{"start":{"line":129,"column":17},"end":{"line":129,"column":96}},"type":"cond-expr","locations":[{"start":{"line":129,"column":41},"end":{"line":129,"column":50}},{"start":{"line":129,"column":53},"end":{"line":129,"column":96}}],"line":129},"18":{"loc":{"start":{"line":129,"column":53},"end":{"line":129,"column":96}},"type":"cond-expr","locations":[{"start":{"line":129,"column":75},"end":{"line":129,"column":84}},{"start":{"line":129,"column":87},"end":{"line":129,"column":96}}],"line":129},"19":{"loc":{"start":{"line":131,"column":23},"end":{"line":131,"column":102}},"type":"cond-expr","locations":[{"start":{"line":131,"column":47},"end":{"line":131,"column":56}},{"start":{"line":131,"column":59},"end":{"line":131,"column":102}}],"line":131},"20":{"loc":{"start":{"line":131,"column":59},"end":{"line":131,"column":102}},"type":"cond-expr","locations":[{"start":{"line":131,"column":81},"end":{"line":131,"column":90}},{"start":{"line":131,"column":93},"end":{"line":131,"column":102}}],"line":131},"21":{"loc":{"start":{"line":181,"column":18},"end":{"line":181,"column":74}},"type":"binary-expr","locations":[{"start":{"line":181,"column":18},"end":{"line":181,"column":33}},{"start":{"line":181,"column":37},"end":{"line":181,"column":74}}],"line":181},"22":{"loc":{"start":{"line":198,"column":88},"end":{"line":198,"column":112}},"type":"binary-expr","locations":[{"start":{"line":198,"column":88},"end":{"line":198,"column":106}},{"start":{"line":198,"column":110},"end":{"line":198,"column":112}}],"line":198},"23":{"loc":{"start":{"line":199,"column":84},"end":{"line":199,"column":105}},"type":"binary-expr","locations":[{"start":{"line":199,"column":84},"end":{"line":199,"column":99}},{"start":{"line":199,"column":103},"end":{"line":199,"column":105}}],"line":199},"24":{"loc":{"start":{"line":200,"column":81},"end":{"line":200,"column":130}},"type":"cond-expr","locations":[{"start":{"line":200,"column":98},"end":{"line":200,"column":125}},{"start":{"line":200,"column":128},"end":{"line":200,"column":130}}],"line":200},"25":{"loc":{"start":{"line":201,"column":50},"end":{"line":201,"column":91}},"type":"binary-expr","locations":[{"start":{"line":201,"column":50},"end":{"line":201,"column":82}},{"start":{"line":201,"column":86},"end":{"line":201,"column":91}}],"line":201},"26":{"loc":{"start":{"line":202,"column":7},"end":{"line":204,"column":7}},"type":"binary-expr","locations":[{"start":{"line":202,"column":7},"end":{"line":202,"column":20}},{"start":{"line":203,"column":8},"end":{"line":203,"column":81}}],"line":202},"27":{"loc":{"start":{"line":203,"column":44},"end":{"line":203,"column":74}},"type":"binary-expr","locations":[{"start":{"line":203,"column":44},"end":{"line":203,"column":62}},{"start":{"line":203,"column":66},"end":{"line":203,"column":74}}],"line":203},"28":{"loc":{"start":{"line":207,"column":52},"end":{"line":207,"column":98}},"type":"cond-expr","locations":[{"start":{"line":207,"column":68},"end":{"line":207,"column":83}},{"start":{"line":207,"column":86},"end":{"line":207,"column":98}}],"line":207}},"s":{"0":0,"1":0,"2":0,"3":0,"4":0,"5":0,"6":0,"7":0,"8":0,"9":0,"10":0,"11":0,"12":0,"13":0,"14":0,"15":0,"16":0,"17":0,"18":0,"19":0,"20":0,"21":0,"22":0,"23":0,"24":0,"25":0,"26":0,"27":0,"28":0,"29":0,"30":0,"31":0,"32":0,"33":0,"34":0,"35":0,"36":0,"37":0,"38":0,"39":0,"40":0,"41":0,"42":0,"43":0,"44":0,"45":0,"46":0,"47":0,"48":0,"49":0,"50":0,"51":0,"52":0,"53":0,"54":0,"55":0,"56":0,"57":0,"58":0,"59":0,"60":0,"61":0,"62":0,"63":0,"64":0,"65":0,"66":0,"67":0,"68":0,"69":0,"70":0,"71":0,"72":0,"73":0,"74":0,"75":0,"76":0,"77":0,"78":0,"79":0,"80":0,"81":0},"f":{"0":0,"1":0,"2":0,"3":0,"4":0,"5":0,"6":0,"7":0,"8":0,"9":0,"10":0,"11":0,"12":0,"13":0,"14":0,"15":0,"16":0,"17":0,"18":0,"19":0,"20":0,"21":0,"22":0,"23":0,"24":0,"25":0,"26":0,"27":0,"28":0,"29":0,"30":0,"31":0,"32":0,"33":0,"34":0,"35":0,"36":0},"b":{"0":[0],"1":[0,0],"2":[0,0,0],"3":[0,0],"4":[0,0],"5":[0,0],"6":[0,0],"7":[0,0],"8":[0,0,0],"9":[0,0],"10":[0,0],"11":[0,0],"12":[0,0],"13":[0,0],"14":[0,0],"15":[0,0],"16":[0,0],"17":[0,0],"18":[0,0],"19":[0,0],"20":[0,0],"21":[0,0],"22":[0,0],"23":[0,0],"24":[0,0],"25":[0,0],"26":[0,0],"27":[0,0],"28":[0,0]},"_coverageSchema":"1a1c01bbd47fc00a2c39e90264f33305004495a9","hash":"196cfcda8cf32f4eb052c689675a149b562f62af"}
,"C:\\Users\\atdan\\OneDrive\\Desktop\\Merkato\\frontend\\src\\components\\admin\\PromoManager.js": {"path":"C:\\Users\\atdan\\OneDrive\\Desktop\\Merkato\\frontend\\src\\components\\admin\\PromoManager.js","statementMap":{"0":{"start":{"line":7,"column":36},"end":{"line":7,"column":53}},"1":{"start":{"line":9,"column":20},"end":{"line":20,"column":3}},"2":{"start":{"line":10,"column":4},"end":{"line":19,"column":5}},"3":{"start":{"line":12,"column":8},"end":{"line":12,"column":35}},"4":{"start":{"line":14,"column":8},"end":{"line":14,"column":39}},"5":{"start":{"line":16,"column":8},"end":{"line":16,"column":39}},"6":{"start":{"line":18,"column":8},"end":{"line":18,"column":20}},"7":{"start":{"line":22,"column":2},"end":{"line":53,"column":4}},"8":{"start":{"line":32,"column":25},"end":{"line":32,"column":46}},"9":{"start":{"line":38,"column":25},"end":{"line":38,"column":50}},"10":{"start":{"line":44,"column":25},"end":{"line":44,"column":50}},"11":{"start":{"line":56,"column":15},"end":{"line":64,"column":2}},"12":{"start":{"line":56,"column":28},"end":{"line":64,"column":1}}},"fnMap":{"0":{"name":"PromoManager","decl":{"start":{"line":6,"column":9},"end":{"line":6,"column":21}},"loc":{"start":{"line":6,"column":24},"end":{"line":54,"column":1}},"line":6},"1":{"name":"(anonymous_1)","decl":{"start":{"line":9,"column":20},"end":{"line":9,"column":21}},"loc":{"start":{"line":9,"column":26},"end":{"line":20,"column":3}},"line":9},"2":{"name":"(anonymous_2)","decl":{"start":{"line":32,"column":19},"end":{"line":32,"column":20}},"loc":{"start":{"line":32,"column":25},"end":{"line":32,"column":46}},"line":32},"3":{"name":"(anonymous_3)","decl":{"start":{"line":38,"column":19},"end":{"line":38,"column":20}},"loc":{"start":{"line":38,"column":25},"end":{"line":38,"column":50}},"line":38},"4":{"name":"(anonymous_4)","decl":{"start":{"line":44,"column":19},"end":{"line":44,"column":20}},"loc":{"start":{"line":44,"column":25},"end":{"line":44,"column":50}},"line":44},"5":{"name":"(anonymous_5)","decl":{"start":{"line":56,"column":15},"end":{"line":56,"column":16}},"loc":{"start":{"line":56,"column":28},"end":{"line":64,"column":1}},"line":56}},"branchMap":{"0":{"loc":{"start":{"line":10,"column":4},"end":{"line":19,"column":5}},"type":"switch","locations":[{"start":{"line":11,"column":6},"end":{"line":12,"column":35}},{"start":{"line":13,"column":6},"end":{"line":14,"column":39}},{"start":{"line":15,"column":6},"end":{"line":16,"column":39}},{"start":{"line":17,"column":6},"end":{"line":18,"column":20}}],"line":10},"1":{"loc":{"start":{"line":58,"column":19},"end":{"line":58,"column":49}},"type":"cond-expr","locations":[{"start":{"line":58,"column":28},"end":{"line":58,"column":37}},{"start":{"line":58,"column":40},"end":{"line":58,"column":49}}],"line":58},"2":{"loc":{"start":{"line":59,"column":9},"end":{"line":59,"column":36}},"type":"cond-expr","locations":[{"start":{"line":59,"column":18},"end":{"line":59,"column":24}},{"start":{"line":59,"column":27},"end":{"line":59,"column":36}}],"line":59}},"s":{"0":0,"1":0,"2":0,"3":0,"4":0,"5":0,"6":0,"7":0,"8":0,"9":0,"10":0,"11":1,"12":0},"f":{"0":0,"1":0,"2":0,"3":0,"4":0,"5":0},"b":{"0":[0,0,0,0],"1":[0,0],"2":[0,0]},"_coverageSchema":"1a1c01bbd47fc00a2c39e90264f33305004495a9","hash":"46fb411b441dd771f53b8a83c27a4322b5f0f7f8"}
,"C:\\Users\\atdan\\OneDrive\\Desktop\\Merkato\\frontend\\src\\components\\admin\\ReviewModeration.js": {"path":"C:\\Users\\atdan\\OneDrive\\Desktop\\Merkato\\frontend\\src\\components\\admin\\ReviewModeration.js","statementMap":{"0":{"start":{"line":8,"column":32},"end":{"line":8,"column":44}},"1":{"start":{"line":9,"column":32},"end":{"line":9,"column":46}},"2":{"start":{"line":10,"column":16},"end":{"line":10,"column":45}},"3":{"start":{"line":12,"column":2},"end":{"line":26,"column":14}},"4":{"start":{"line":13,"column":25},"end":{"line":24,"column":5}},"5":{"start":{"line":14,"column":6},"end":{"line":23,"column":7}},"6":{"start":{"line":15,"column":20},"end":{"line":17,"column":10}},"7":{"start":{"line":18,"column":8},"end":{"line":18,"column":29}},"8":{"start":{"line":20,"column":8},"end":{"line":20,"column":46}},"9":{"start":{"line":22,"column":8},"end":{"line":22,"column":26}},"10":{"start":{"line":25,"column":4},"end":{"line":25,"column":19}},"11":{"start":{"line":28,"column":23},"end":{"line":44,"column":3}},"12":{"start":{"line":29,"column":4},"end":{"line":43,"column":5}},"13":{"start":{"line":30,"column":6},"end":{"line":38,"column":7}},"14":{"start":{"line":31,"column":8},"end":{"line":33,"column":11}},"15":{"start":{"line":35,"column":8},"end":{"line":37,"column":11}},"16":{"start":{"line":39,"column":6},"end":{"line":39,"column":54}},"17":{"start":{"line":40,"column":6},"end":{"line":40,"column":52}},"18":{"start":{"line":40,"column":37},"end":{"line":40,"column":49}},"19":{"start":{"line":42,"column":6},"end":{"line":42,"column":48}},"20":{"start":{"line":46,"column":2},"end":{"line":46,"column":68}},"21":{"start":{"line":46,"column":15},"end":{"line":46,"column":68}},"22":{"start":{"line":48,"column":2},"end":{"line":85,"column":4}},"23":{"start":{"line":68,"column":14},"end":{"line":79,"column":19}},"24":{"start":{"line":75,"column":41},"end":{"line":75,"column":76}},"25":{"start":{"line":76,"column":41},"end":{"line":76,"column":73}},"26":{"start":{"line":77,"column":41},"end":{"line":77,"column":75}}},"fnMap":{"0":{"name":"ReviewModeration","decl":{"start":{"line":7,"column":9},"end":{"line":7,"column":25}},"loc":{"start":{"line":7,"column":28},"end":{"line":86,"column":1}},"line":7},"1":{"name":"(anonymous
[...]
"column":20}},{"start":{"line":59,"column":24},"end":{"line":59,"column":32}}],"line":59},"5":{"loc":{"start":{"line":79,"column":4},"end":{"line":79,"column":44}},"type":"if","locations":[{"start":{"line":79,"column":4},"end":{"line":79,"column":44}},{"start":{},"end":{}}],"line":79},"6":{"loc":{"start":{"line":79,"column":8},"end":{"line":79,"column":30}},"type":"binary-expr","locations":[{"start":{"line":79,"column":8},"end":{"line":79,"column":18}},{"start":{"line":79,"column":22},"end":{"line":79,"column":30}}],"line":79},"7":{"loc":{"start":{"line":81,"column":11},"end":{"line":81,"column":77}},"type":"binary-expr","locations":[{"start":{"line":81,"column":12},"end":{"line":81,"column":22}},{"start":{"line":81,"column":26},"end":{"line":81,"column":43}},{"start":{"line":81,"column":49},"end":{"line":81,"column":57}},{"start":{"line":81,"column":61},"end":{"line":81,"column":76}}],"line":81},"8":{"loc":{"start":{"line":85,"column":23},"end":{"line":85,"column":72}},"type":"binary-expr","locations":[{"start":{"line":85,"column":23},"end":{"line":85,"column":35}},{"start":{"line":85,"column":39},"end":{"line":85,"column":72}}],"line":85},"9":{"loc":{"start":{"line":86,"column":25},"end":{"line":86,"column":102}},"type":"binary-expr","locations":[{"start":{"line":86,"column":25},"end":{"line":86,"column":39}},{"start":{"line":86,"column":43},"end":{"line":86,"column":102}}],"line":86},"10":{"loc":{"start":{"line":88,"column":11},"end":{"line":88,"column":50}},"type":"binary-expr","locations":[{"start":{"line":88,"column":11},"end":{"line":88,"column":21}},{"start":{"line":88,"column":25},"end":{"line":88,"column":37}},{"start":{"line":88,"column":41},"end":{"line":88,"column":50}}],"line":88},"11":{"loc":{"start":{"line":96,"column":30},"end":{"line":96,"column":57}},"type":"binary-expr","locations":[{"start":{"line":96,"column":30},"end":{"line":96,"column":52}},{"start":{"line":96,"column":56},"end":{"line":96,"column":57}}],"line":96},"12":{"loc":{"start":{"line":100,"column":23},"end":{"line":100,"column":66}},"type":"binary-expr","locations":[{"start":{"line":100,"column":23},"end":{"line":100,"column":45}},{"start":{"line":100,"column":49},"end":{"line":100,"column":66}}],"line":100},"13":{"loc":{"start":{"line":101,"column":6},"end":{"line":103,"column":7}},"type":"if","locations":[{"start":{"line":101,"column":6},"end":{"line":103,"column":7}},{"start":{},"end":{}}],"line":101},"14":{"loc":{"start":{"line":101,"column":10},"end":{"line":101,"column":46}},"type":"binary-expr","locations":[{"start":{"line":101,"column":10},"end":{"line":101,"column":14}},{"start":{"line":101,"column":18},"end":{"line":101,"column":46}}],"line":101},"15":{"loc":{"start":{"line":102,"column":33},"end":{"line":102,"column":59}},"type":"binary-expr","locations":[{"start":{"line":102,"column":33},"end":{"line":102,"column":54}},{"start":{"line":102,"column":58},"end":{"line":102,"column":59}}],"line":102},"16":{"loc":{"start":{"line":113,"column":4},"end":{"line":113,"column":31}},"type":"if","locations":[{"start":{"line":113,"column":4},"end":{"line":113,"column":31}},{"start":{},"end":{}}],"line":113},"17":{"loc":{"start":{"line":122,"column":7},"end":{"line":122,"column":55}},"type":"binary-expr","locations":[{"start":{"line":122,"column":7},"end":{"line":122,"column":10}},{"start":{"line":122,"column":14},"end":{"line":122,"column":55}}],"line":122},"18":{"loc":{"start":{"line":123,"column":7},"end":{"line":123,"column":97}},"type":"binary-expr","locations":[{"start":{"line":123,"column":7},"end":{"line":123,"column":12}},{"start":{"line":123,"column":16},"end":{"line":123,"column":97}}],"line":123},"19":{"loc":{"start":{"line":155,"column":7},"end":{"line":168,"column":7}},"type":"binary-expr","locations":[{"start":{"line":155,"column":7},"end":{"line":155,"column":34}},{"start":{"line":156,"column":8},"end":{"line":167,"column":14}}],"line":155},"20":{"loc":{"start":{"line":170,"column":7},"end":{"line":183,"column":7}},"type":"binary-expr","locations":[{"start":{"line":170,"column":7},"end":{"line":170,"column":32}},{"start":{"line":171,"column":8},"end":{"line":182,"column":14}}],"line":170},"21":{"loc":{"start":{"line":186,"column":7},"end":{"line":241,"column":7}},"type":"cond-expr","locations":[{"start":{"line":187,"column":8},"end":{"line":187,"column":89}},{"start":{"line":189,"column":8},"end":{"line":240,"column":14}}],"line":186},"22":{"loc":{"start":{"line":202,"column":15},"end":{"line":208,"column":15}},"type":"binary-expr","locations":[{"start":{"line":202,"column":15},"end":{"line":202,"column":30}},{"start":{"line":203,"column":16},"end":{"line":207,"column":22}}],"line":202},"23":{"loc":{"start":{"line":219,"column":44},"end":{"line":219,"column":87}},"type":"binary-expr","locations":[{"start":{"line":219,"column":44},"end":{"line":219,"column":66}},{"start":{"line":219,"column":70},"end":{"line":219,"column":87}}],"line":219},"24":{"loc":{"start":{"line":229,"column":15},"end":{"line":237,"column":15}},"type":"binary-expr","locations":[{"start":{"line":229,"column":15},"end":{"line":229,"column":55}},{"start":{"line":230,"column":16},"end":{"line":236,"column":25}}],"line":229}},"s":{"0":0,"1":0,"2":0,"3":0,"4":0,"5":0,"6":0,"7":0,"8":0,"9":0,"10":0,"11":0,"12":0,"13":0,"14":0,"15":0,"16":0,"17":0,"18":0,"19":0,"20":0,"21":0,"22":0,"23":0,"24":0,"25":0,"26":0,"27":0,"28":0,"29":0,"30":0,"31":0,"32":0,"33":0,"34":0,"35":0,"36":0,"37":0,"38":0,"39":0,"40":0,"41":0,"42":0,"43":0,"44":0,"45":0,"46":0,"47":0,"48":0,"49":0,"50":0,"51":0,"52":0,"53":0,"54":0,"55":0,"56":0,"57":0,"58":0,"59":0,"60":0,"61":0,"62":0,"63":0,"64":0,"65":0,"66":0,"67":0,"68":0,"69":0,"70":0,"71":0,"72":0,"73":0,"74":0,"75":0,"76":0,"77":0,"78":0,"79":0,"80":0,"81":0,"82":0,"83":0},"f":{"0":0,"1":0,"2":0,"3":0,"4":0,"5":0,"6":0,"7":0,"8":0,"9":0,"10":0,"11":0,"12":0,"13":0,"14":0,"15":0,"16":0,"17":0,"18":0,"19":0,"20":0,"21":0,"22":0,"23":0,"24":0,"25":0,"26":0,"27":0},"b":{"0":[0,0],"1":[0,0],"2":[0,0],"3":[0,0],"4":[0,0],"5":[0,0],"6":[0,0],"7":[0,0,0,0],"8":[0,0],"9":[0,0],"10":[0,0,0],"11":[0,0],"12":[0,0],"13":[0,0],"14":[0,0],"15":[0,0],"16":[0,0],"17":[0,0],"18":[0,0],"19":[0,0],"20":[0,0],"21":[0,0],"22":[0,0],"23":[0,0],"24":[0,0]},"_coverageSchema":"1a1c01bbd47fc00a2c39e90264f33305004495a9","hash":"fd0ffcb78bae3a710d9defa9ec10c9e714cda553"}
,"C:\\Users\\atdan\\OneDrive\\Desktop\\Merkato\\frontend\\src\\pages\\VendorQuestions.js": {"path":"C:\\Users\\atdan\\OneDrive\\Desktop\\Merkato\\frontend\\src\\pages\\VendorQuestions.js","statementMap":{"0":{"start":{"line":5,"column":24},"end":{"line":85,"column":1}},"1":{"start":{"line":6,"column":36},"end":{"line":6,"column":48}},"2":{"start":{"line":7,"column":32},"end":{"line":7,"column":46}},"3":{"start":{"line":8,"column":28},"end":{"line":8,"column":40}},"4":{"start":{"line":10,"column":2},"end":{"line":27,"column":9}},"5":{"start":{"line":11,"column":27},"end":{"line":24,"column":5}},"6":{"start":{"line":12,"column":6},"end":{"line":23,"column":7}},"7":{"start":{"line":13,"column":22},"end":{"line":13,"column":51}},"8":{"start":{"line":14,"column":25},"end":{"line":16,"column":10}},"9":{"start":{"line":17,"column":8},"end":{"line":17,"column":36}},"10":{"start":{"line":19,"column":8},"end":{"line":19,"column":45}},"11":{"start":{"line":20,"column":8},"end":{"line":20,"column":56}},"12":{"start":{"line":22,"column":8},"end":{"line":22,"column":26}},"13":{"start":{"line":26,"column":4},"end":{"line":26,"column":21}},"14":{"start":{"line":29,"column":2},"end":{"line":31,"column":3}},"15":{"start":{"line":30,"column":4},"end":{"line":30,"column":59}},"16":{"start":{"line":33,"column":2},"end":{"line":35,"column":3}},"17":{"start":{"line":34,"column":4},"end":{"line":34,"column":59}},"18":{"start":{"line":37,"column":2},"end":{"line":84,"column":4}},"19":{"start":{"line":50,"column":16},"end":{"line":77,"column":21}}},"fnMap":{"0":{"name":"(anonymous_0)","decl":{"start":{"line":5,"column":24},"end":{"line":5,"column":25}},"loc":{"start":{"line":5,"column":30},"end":{"line":85,"column":1}},"line":5},"1":{"name":"(anonymous_1)","decl":{"start":{"line":10,"column":12},"end":{"line":10,"column":13}},"loc":{"start":{"line":10,"column":18},"end":{"line":27,"column":3}},"line":10},"2":{"name":"(anonymous_2)","decl":{"start":{"line":11,"column":27},"end":{"line":11,"column":28}},"loc":{"start":{"line":11,"column":39},"end":{"line":24,"column":5}},"line":11},"3":{"name":"(anonymous_3)","decl":{"start":{"line":49,"column":29},"end":{"line":49,"column":30}},"loc":{"start":{"line":50,"column":16},"end":{"line":77,"column":21}},"line":50},"4":{"name":"(anonymous_4)","decl":{"start":{"line":72,"column":31},"end":{"line":72,"column":32}},"loc":{"start":{"line":72,"column":37},"end":{"line":72,"column":63}},"line":72}},"branchMap":{"0":{"loc":{"start":{"line":29,"column":2},"end":{"line":31,"column":3}},"type":"if","locations":[{"start":{"line":29,"column":2},"end":{"line":31,"column":3}},{"start":{},"end":{}}],"line":29},"1":{"loc":{"start":{"line":33,"column":2},"end":{"line":35,"column":3}},"type":"if","locations":[{"start":{"line":33,"column":2},"end":{"line":35,"column":3}},{"start":{},"end":{}}],"line":33},"2":{"loc":{"start":{"line":45,"column":11},"end":{"line":80,"column":11}},"type":"cond-expr","locations":[{"start":{"line":46,"column":12},"end":{"line":46,"column":71}},{"start":{"line":48,"column":12},"end":{"line":79,"column":17}}],"line":45},"3":{"loc":{"start":{"line":62,"column":22},"end":{"line":62,"column":103}},"type":"cond-expr","locations":[{"start":{"line":62,"column":40},"end":{"line":62,"column":69}},{"start":{"line":62,"column":72},"end":{"line":62,"column":103}}],"line":62},"4":{"loc":{"start":{"line":64,"column":23},"end":{"line":64,"column":63}},"type":"cond-expr","locations":[{"start":{"line":64,"column":41},"end":{"line":64,"column":51}},{"start":{"line":64,"column":54},"end":{"line":64,"column":63}}],"line":64},"5":{"loc":{"start":{"line":68,"column":19},"end":{"line":76,"column":19}},"type":"binary-expr","locations":[{"start":{"line":68,"column":19},"end":{"line":68,"column":35}},{"start":{"line":69,"column":20},"end":{"line":75,"column":29}}],"line":68}},"s":{"0":1,"1":0,"2":0,"3":0,"4":0,"5":0,"6":0,"7":0,"8":0,"9":0,"10":0,"11":0,"12":0,"13":0,"14":0,"15":0,"16":0,"17":0,"18":0,"19":0},"f":{"0":0,"1":0,"2":0,"3":0,"4":0},"b":{"0":[0,0],"1":[0,0],"2":[0,0],"3":[0,0],"4":[0,0],"5":[0,0]},"_coverageSchema":"1a1c01bbd47fc00a2c39e90264f33305004495a9","hash":"05e898dbb4934093dd1c33681cb5152ce8e3d1c6"}
,"C:\\Users\\atdan\\OneDrive\\Desktop\\Merkato\\frontend\\src\\pages\\VendorStore.js": {"path":"C:\\Users\\atdan\\OneDrive\\Desktop\\Merkato\\frontend\\src\\pages\\VendorStore.js","statementMap":{"0":{"start":{"line":8,"column":17},"end":{"line":8,"column":28}},"1":{"start":{"line":9,"column":34},"end":{"line":9,"column":46}},"2":{"start":{"line":10,"column":30},"end":{"line":10,"column":44}},"3":{"start":{"line":11,"column":24},"end":{"line":11,"column":36}},"4":{"start":{"line":12,"column":46},"end":{"line":12,"column":61}},"5":{"start":{"line":13,"column":44},"end":{"line":13,"column":58}},"6":{"start":{"line":15,"column":2},"end":{"line":29,"column":11}},"7":{"start":{"line":16,"column":24},"end":{"line":27,"column":5}},"8":{"start":{"line":17,"column":6},"end":{"line":26,"column":7}},"9":{"start":{"line":18,"column":27},"end":{"line":18,"column":71}},"10":{"start":{"line":19,"column":27},"end":{"line":19,"column":72}},"11":{"start":{"line":20,"column":33},"end":{"line":20,"column":83}},"12":{"start":{"line":21,"column":8},"end":{"line":21,"column":35}},"13":{"start":{"line":22,"column":8},"end":{"line":22,"column":37}},"14":{"start":{"line":23,"column":8},"end":{"line":23,"column":48}},"15":{"start":{"line":25,"column":8},"end":{"line":25,"column":53}},"16":{"start":{"line":28,"column":4},"end":{"line":28,"column":18}},"17":{"start":{"line":32,"column":21},"end":{"line":32,"column":87}},"18":{"start":{"line":32,"column":58},"end":{"line":32,"column":68}},"19":{"start":{"line":33,"column":27},"end":{"line":33,"column":116}},"20":{"start":{"line":33,"column":86},"end":{"line":33,"column":115}},"21":{"start":{"line":36,"column":22},"end":{"line":41,"column":8}},"22":{"start":{"line":43,"column":2},"end":{"line":143,"column":4}},"23":{"start":{"line":113,"column":31},"end":{"line":113,"column":64}},"24":{"start":{"line":122,"column":16},"end":{"line":122,"column":60}},"25":{"start":{"line":136,"column":14},"end":{"line":136,"column":109}}},"fnMap":{"0":{"name":"VendorStore","decl":{"start":{"line":7,"column":9},"end":{"line":7,"column":20}},"loc":{"start":{"line":7,"column":23},"end":{"line":144,"column":1}},"line":7},"1":{"name":"(anonymous_1)","decl":{"start":{"line":15,"column":12},"end":{"line":15,"column":13}},"loc":{"start":{"line":15,"column":18},"end":{"line":29,"column":3}},"line":15},"2":{"name":"(anonymous_2)","decl":{"start":{"line":16,"column":24},"end":{"line":16,"column":25}},"loc":{"start":{"line":16,"column":36},"end":{"line":27,"column":5}},"line":16},"3":{"name":"(anonymous_3)","decl":{"start":{"line":32,"column":53},"end":{"line":32,"column":54}},"loc":{"start":{"line":32,"column":58},"end":{"line":32,"column":68}},"line":32},"4":{"name":"(anonymous_4)","decl":{"start":{"line":33,"column":81},"end":{"line":33,"column":82}},"loc":{"start":{"line":33,"column":86},"end":{"line":33,"column":115}},"line":33},"5":{"name":"(anonymous_5)","decl":{"start":{"line":113,"column":24},"end":{"line":113,"column":25}},"loc":{"start":{"line":113,"column":31},"end":{"line":113,"column":64}},"line":113},"6":{"name":"(anonymous_6)","decl":{"start":{"line":121,"column":30},"end":{"line":121,"column":31}},"loc":{"start":{"line":122,"column":16},"end":{"line":122,"column":60}},"line":122},"7":{"name":"(anonymous_7)","decl":{"start":{"line":135,"column":34},"end":{"line":135,"column":35}},"loc":{"start":{"line":136,"column":14},"end":{"line":136,"column":109}},"line":136}},"branchMap":{"0":{"loc":{"start":{"line":33,"column":27},"end":{"line":33,"column":116}},"type":"cond-expr","locations":[{"start":{"line":33,"column":54},"end":{"line":33,"column":62}},{"start":{"line":33,"column":65},"end":{"line":33,"column":116}}],"line":33},"1":{"loc":{"start":{"line":36,"column":22},"end":{"line":41,"column":8}},"type":"cond-expr","locations":[{"start":{"line":36,"column":38},"end":{"line":41,"column":3}},{"start":{"line":41,"column":6},"end":{"line":41,"column":8}}],"line":36},"2":{"loc":{"start":{"line":37,"column":21},"end":{"line":37,"column":60}},"type":"binary-expr","locations":[{"start":{"line":37,"column":21},"end":{"line":37,"column":50}},{"start":{"line":37,"column":54},"end":{"line":37,"column":60}}],"line":37},"3":{"loc":{"start":{"line":38,"column":11},"end":{"line":38,"column":44}},"type":"binary-expr","locations":[{"start":{"line":38,"column":11},"end":{"line":38,"column":34}},{"start":{"line":38,"column":38},"end":{"line":38,"column":44}}],"line":38},"4":{"loc":{"start":{"line":39,"column":17},"end":{"line":39,"column":48}},"type":"binary-expr","locations":[{"start":{"line":39,"column":17},"end":{"line":39,"column":42}},{"start":{"line":39,"column":46},"end":{"line":39,"column":48}}],"line":39},"5":{"loc":{"start":{"line":40,"column":11},"end":{"line":40,"column":40}},"type":"binary-expr","locations":[{"start":{"line":40,"column":11},"end":{"line":40,"column":30}},{"start":{"line":40,"column":34},"end":{"line":40,"column":40}}],"line":40},"6":{"loc":{"start":{"line":62,"column":9},"end":{"line":92,"column":33}},"type":"cond-expr","locations":[{"start":{"line":63,"column":10},"end":{"line":91,"column":16}},{"start":{"line":92,"column":12},"end":{"line":92,"column":33}}],"line":62},"7":{"loc":{"start":{"line":70,"column":13},"end":{"line":86,"column":13}},"type":"cond-expr","locations":[{"start":{"line":71,"column":14},"end":{"line":75,"column":16}},{"start":{"line":77,"column":14},"end":{"line":85,"column":20}}],"line":70},"8":{"loc":{"start":{"line":73,"column":21},"end":{"line":73,"column":52}},"type":"binary-expr","locations":[{"start":{"line":73,"column":21},"end":{"line":73,"column":37}},{"start":{"line":73,"column":41},"end":{"line":73,"column":52}}],"line":73},"9":{"loc":{"start":{"line":87,"column":66},"end":{"line":87,"column":97}},"type":"binary-expr","locations":[{"start":{"line":87,"column":66},"end":{"line":87,"column":82}},{"start":{"line":87,"column":86},"end":{"line":87,"column":97}}],"line":87},"10":{"loc":{"start":{"line":88,"column":13},"end":{"line":88,"column":137}},"type":"binary-expr","locations":[{"start":{"line":88,"column":13},"end":{"line":88,"column":36}},{"start":{"line":88,"column":40},"end":{"line":88,"column":137}}],"line":88},"11":{"loc":{"start":{"line":89,"column":13},"end":{"line":89,"column":92}},"type":"binary-expr","locations":[{"start":{"line":89,"column":13},"end":{"line":89,"column":23}},{"start":{"line":89,"column":27},"end":{"line":89,"column":92}}],"line":89},"12":{"loc":{"start":{"line":90,"column":81},"end":{"line":90,"column":116}},"type":"binary-expr","locations":[{"start":{"line":90,"column":81},"end":{"line":90,"column":95}},{"start":{"line":90,"column":99},"end":{"line":90,"column":116}}],"line":90},"13":{"loc":{"start":{"line":94,"column":9},"end":{"line":94,"column":28}},"type":"binary-expr","locations":[{"start":{"line":94,"column":9},"end":{"line":94,"column":12}},{"start":{"line":94,"column":16},"end":{"line":94,"column":28}}],"line":94},"14":{"loc":{"start":{"line":97,"column":9},"end":{"line":106,"column":9}},"type":"binary-expr","locations":[{"start":{"line":97,"column":9},"end":{"line":97,"column":32}},{"start":{"line":98,"column":10},"end":{"line":105,"column":15}}],"line":97},"15":{"loc":{"start":{"line":109,"column":9},"end":{"line":126,"column":9}},"type":"binary-expr","locations":[{"start":{"line":109,"column":9},"end":{"line":109,"column":30}},{"start":{"line":110,"column":10},"end":{"line":125,"column":16}}],"line":109},"16":{"loc":{"start":{"line":129,"column":9},"end":{"line":139,"column":9}},"type":"cond-expr","locations":[{"start":{"line":130,"column":10},"end":{"line":130,"column":107}},{"start":{"line":132,"column":10},"end":{"line":138,"column":16}}],"line":129},"17":{"loc":{"start":{"line":136,"column":91},"end":{"line":136,"column":105}},"type":"binary-expr","locations":[{"start":{"line":136,"column":91},"end":{"line":136,"column":99}},{"start":{"line":136,"column":103},"end":{"line":136,"column":105}}],"line":136}},"s":{"0":0,"1":0,"2":0,"3":0,"4":0,"5":0,"6":0,"7":0,"8":0,"9":0,"10":0,"11":0,"12":0,"13":0,"14":0,"15":0,"16":0,"17":0,"18":0,"19":0,"20":0,"21":0,"22":0,"23":0,"24":0,"25":0},"f":{"0":0,"1":0,"2":0,"3":0,"4":0,"5":0,"6":0,"7":0},"b":{"0":[0,0],"1":[0,0],"2":[0,0],"3":[0,0],"4":[0,0],"5":[0,0],"6":[0,0],"7":[0,0],"8":[0,0],"9":[0,0],"10":[0,0],"11":[0,0],"12":[0,0],"13":[0,0],"14":[0,0],"15":[0,0],"16":[0,0],"17":[0,0]},"_coverageSchema":"1a1c01bbd47fc00a2c39e90264f33305004495a9","hash":"ee891a2ae4180f202062954ccce46efa977023bd"}
,"C:\\Users\\atdan\\OneDrive\\Desktop\\Merkato\\frontend\\src\\utils\\uploadImage.js": {"path":"C:\\Users\\atdan\\OneDrive\\Desktop\\Merkato\\frontend\\src\\utils\\uploadImage.js","statementMap":{"0":{"start":{"line":3,"column":34},"end":{"line":16,"column":1}},"1":{"start":{"line":4,"column":19},"end":{"line":4,"column":33}},"2":{"start":{"line":5,"column":2},"end":{"line":5,"column":33}},"3":{"start":{"line":7,"column":17},"end":{"line":12,"column":3}},"4":{"start":{"line":14,"column":19},"end":{"line":14,"column":68}},"5":{"start":{"line":15,"column":2},"end":{"line":15,"column":23}}},"fnMap":{"0":{"name":"(anonymous_0)","decl":{"start":{"line":3,"column":34},"end":{"line":3,"column":35}},"loc":{"start":{"line":3,"column":57},"end":{"line":16,"column":1}},"line":3}},"branchMap":{},"s":{"0":1,"1":0,"2":0,"3":0,"4":0,"5":0},"f":{"0":0},"b":{},"_coverageSchema":"1a1c01bbd47fc00a2c39e90264f33305004495a9","hash":"bd80a2985f28ea7dae53c117e45dbd04f8c875db"}
}
