{"C:\\Users\\atdan\\OneDrive\\Desktop\\Merkato\\frontend\\src\\App.js": {"path":"C:\\Users\\atdan\\OneDrive\\Desktop\\Merkato\\frontend\\src\\App.js","statementMap":{"0":{"start":{"line":81,"column":26},"end":{"line":84,"column":1}},"1":{"start":{"line":82,"column":21},"end":{"line":82,"column":32}},"2":{"start":{"line":83,"column":2},"end":{"line":83,"column":55}},"3":{"start":{"line":87,"column":39},"end":{"line":87,"column":48}},"4":{"start":{"line":88,"column":26},"end":{"line":88,"column":86}},"5":{"start":{"line":88,"column":41},"end":{"line":88,"column":85}},"6":{"start":{"line":89,"column":34},"end":{"line":89,"column":49}},"7":{"start":{"line":90,"column":42},"end":{"line":90,"column":57}},"8":{"start":{"line":92,"column":23},"end":{"line":95,"column":3}},"9":{"start":{"line":93,"column":4},"end":{"line":93,"column":16}},"10":{"start":{"line":94,"column":4},"end":{"line":94,"column":31}},"11":{"start":{"line":97,"column":27},"end":{"line":100,"column":3}},"12":{"start":{"line":98,"column":4},"end":{"line":98,"column":21}},"13":{"start":{"line":99,"column":4},"end":{"line":99,"column":50}},"14":{"start":{"line":102,"column":16},"end":{"line":102,"column":47}},"15":{"start":{"line":106,"column":2},"end":{"line":144,"column":9}},"16":{"start":{"line":107,"column":4},"end":{"line":143,"column":27}},"17":{"start":{"line":108,"column":6},"end":{"line":142,"column":7}},"18":{"start":{"line":109,"column":22},"end":{"line":109,"column":53}},"19":{"start":{"line":110,"column":8},"end":{"line":110,"column":50}},"20":{"start":{"line":111,"column":8},"end":{"line":140,"column":10}},"21":{"start":{"line":141,"column":8},"end":{"line":141,"column":41}},"22":{"start":{"line":146,"column":2},"end":{"line":265,"column":4}},"23":{"start":{"line":153,"column":14},"end":{"line":164,"column":24}},"24":{"start":{"line":154,"column":31},"end":{"line":154,"column":99}},"25":{"start":{"line":155,"column":16},"end":{"line":163,"column":17}},"26":{"start":{"line":156,"column":18},"end":{"line":162,"column":20}},"27":{"start":{"line":159,"column":24},"end":{"line":159,"column":78}},"28":{"start":{"line":165,"column":14},"end":{"line":165,"column":26}},"29":{"start":{"line":261,"column":61},"end":{"line":261,"column":83}}},"fnMap":{"0":{"name":"(anonymous_0)","decl":{"start":{"line":81,"column":26},"end":{"line":81,"column":27}},"loc":{"start":{"line":81,"column":32},"end":{"line":84,"column":1}},"line":81},"1":{"name":"App","decl":{"start":{"line":86,"column":9},"end":{"line":86,"column":12}},"loc":{"start":{"line":86,"column":15},"end":{"line":266,"column":1}},"line":86},"2":{"name":"(anonymous_2)","decl":{"start":{"line":88,"column":35},"end":{"line":88,"column":36}},"loc":{"start":{"line":88,"column":41},"end":{"line":88,"column":85}},"line":88},"3":{"name":"(anonymous_3)","decl":{"start":{"line":92,"column":23},"end":{"line":92,"column":24}},"loc":{"start":{"line":92,"column":29},"end":{"line":95,"column":3}},"line":92},"4":{"name":"(anonymous_4)","decl":{"start":{"line":97,"column":27},"end":{"line":97,"column":28}},"loc":{"start":{"line":97,"column":40},"end":{"line":100,"column":3}},"line":97},"5":{"name":"(anonymous_5)","decl":{"start":{"line":106,"column":12},"end":{"line":106,"column":13}},"loc":{"start":{"line":106,"column":18},"end":{"line":144,"column":3}},"line":106},"6":{"name":"(anonymous_6)","decl":{"start":{"line":152,"column":14},"end":{"line":152,"column":15}},"loc":{"start":{"line":152,"column":20},"end":{"line":166,"column":13}},"line":152},"7":{"name":"(anonymous_7)","decl":{"start":{"line":158,"column":34},"end":{"line":158,"column":35}},"loc":{"start":{"line":159,"column":24},"end":{"line":159,"column":78}},"line":159},"8":{"name":"(anonymous_8)","decl":{"start":{"line":261,"column":55},"end":{"line":261,"column":56}},"loc":{"start":{"line":261,"column":61},"end":{"line":261,"column":83}},"line":261}},"branchMap":{"0":{"loc":{"start":{"line":88,"column":41},"end":{"line":88,"column":85}},"type":"binary-expr","locations":[{"start":{"line":88,"column":41},"end":{"line":88,"column":77}},{"start":{"line":88,"column":81},"end":{"line":88,"column":85}}],"line":88},"1":{"loc":{"start":{"line":108,"column":6},"end":{"line":142,"column":7}},"type":"if","locations":[{"start":{"line":108,"column":6},"end":{"line":142,"column":7}},{"start":{},"end":{}}],"line":108},"2":{"loc":{"start":{"line":108,"column":10},"end":{"line":108,"column":110}},"type":"binary-expr","locations":[{"start":{"line":108,"column":10},"end":{"line":108,"column":39}},{"start":{"line":108,"column":43},"end":{"line":108,"column":57}},{"start":{"line":108,"column":61},"end":{"line":108,"column":110}}],"line":108},"3":{"loc":{"start":{"line":150,"column":9},"end":{"line":168,"column":9}},"type":"binary-expr","locations":[{"start":{"line":150,"column":9},"end":{"line":150,"column":38}},{"start":{"line":150,"column":42},"end":{"line":150,"column":56}},{"start":{"line":151,"column":10},"end":{"line":167,"column":16}}],"line":150},"4":{"loc":{"start":{"line":154,"column":42},"end":{"line":154,"column":98}},"type":"binary-expr","locations":[{"start":{"line":154,"column":42},"end":{"line":154,"column":90}},{"start":{"line":154,"column":94},"end":{"line":154,"column":98}}],"line":154},"5":{"loc":{"start":{"line":155,"column":16},"end":{"line":163,"column":17}},"type":"if","locations":[{"start":{"line":155,"column":16},"end":{"line":163,"column":17}},{"start":{},"end":{}}],"line":155},"6":{"loc":{"start":{"line":155,"column":20},"end":{"line":155,"column":62}},"type":"binary-expr","locations":[{"start":{"line":155,"column":20},"end":{"line":155,"column":41}},{"start":{"line":155,"column":45},"end":{"line":155,"column":62}}],"line":155}},"s":{"0":1,"1":0,"2":0,"3":20,"4":19,"5":10,"6":19,"7":19,"8":19,"9":0,"10":0,"11":19,"12":0,"13":0,"14":19,"15":19,"16":10,"17":10,"18":0,"19":0,"20":0,"21":0,"22":19,"23":0,"24":0,"25":0,"26":0,"27":0,"28":0,"29":0},"f":{"0":0,"1":20,"2":10,"3":0,"4":0,"5":10,"6":0,"7":0,"8":0},"b":{"0":[10,10],"1":[0,10],"2":[10,10,0],"3":[19,19,0],"4":[0,0],"5":[0,0],"6":[0,0]},"_coverageSchema":"1a1c01bbd47fc00a2c39e90264f33305004495a9","hash":"207dfd26c14339872226191393ac8d950c2b4a45"}
,"C:\\Users\\atdan\\OneDrive\\Desktop\\Merkato\\frontend\\src\\components\\AdminLayout.js": {"path":"C:\\Users\\atdan\\OneDrive\\Desktop\\Merkato\\frontend\\src\\components\\AdminLayout.js","statementMap":{"0":{"start":{"line":8,"column":20},"end":{"line":103,"column":1}},"1":{"start":{"line":9,"column":19},"end":{"line":9,"column":32}},"2":{"start":{"line":12,"column":2},"end":{"line":12,"column":55}},"3":{"start":{"line":14,"column":23},"end":{"line":18,"column":3}},"4":{"start":{"line":15,"column":4},"end":{"line":15,"column":37}},"5":{"start":{"line":16,"column":4},"end":{"line":16,"column":36}},"6":{"start":{"line":17,"column":4},"end":{"line":17,"column":23}},"7":{"start":{"line":21,"column":20},"end":{"line":21,"column":24}},"8":{"start":{"line":22,"column":2},"end":{"line":34,"column":3}},"9":{"start":{"line":23,"column":4},"end":{"line":27,"column":6}},"10":{"start":{"line":28,"column":9},"end":{"line":34,"column":3}},"11":{"start":{"line":29,"column":4},"end":{"line":33,"column":6}},"12":{"start":{"line":36,"column":2},"end":{"line":102,"column":4}}},"fnMap":{"0":{"name":"(anonymous_0)","decl":{"start":{"line":8,"column":20},"end":{"line":8,"column":21}},"loc":{"start":{"line":8,"column":34},"end":{"line":103,"column":1}},"line":8},"1":{"name":"(anonymous_1)","decl":{"start":{"line":14,"column":23},"end":{"line":14,"column":24}},"loc":{"start":{"line":14,"column":29},"end":{"line":18,"column":3}},"line":14}},"branchMap":{"0":{"loc":{"start":{"line":22,"column":2},"end":{"line":34,"column":3}},"type":"if","locations":[{"start":{"line":22,"column":2},"end":{"line":34,"column":3}},{"start":{"line":28,"column":9},"end":{"line":34,"column":3}}],"line":22},"1":{"loc":{"start":{"line":28,"column":9},"end":{"line":34,"column":3}},"type":"if","locations":[{"start":{"line":28,"column":9},"end":{"line":34,"column":3}},{"start":{},"end":{}}],"line":28},"2":{"loc":{"start":{"line":39,"column":7},"end":{"line":39,"column":82}},"type":"binary-expr","locations":[{"start":{"line":39,"column":7},"end":{"line":39,"column":12}},{"start":{"line":39,"column":16},"end":{"line":39,"column":82}}],"line":39}},"s":{"0":1,"1":2,"2":2,"3":2,"4":0,"5":0,"6":0,"7":2,"8":2,"9":0,"10":2,"11":0,"12":2},"f":{"0":2,"1":0},"b":{"0":[0,2],"1":[0,2],"2":[2,0]},"_coverageSchema":"1a1c01bbd47fc00a2c39e90264f33305004495a9","hash":"60c6102cc472c4f3a040303e697067049bb1784d"}
,"C:\\Users\\atdan\\OneDrive\\Desktop\\Merkato\\frontend\\src\\components\\AdminSidebar.js": {"path":"C:\\Users\\atdan\\OneDrive\\Desktop\\Merkato\\frontend\\src\\components\\AdminSidebar.js","statementMap":{"0":{"start":{"line":4,"column":21},"end":{"line":43,"column":1}},"1":{"start":{"line":5,"column":20},"end":{"line":12,"column":3}},"2":{"start":{"line":14,"column":22},"end":{"line":18,"column":3}},"3":{"start":{"line":20,"column":2},"end":{"line":42,"column":4}}},"fnMap":{"0":{"name":"(anonymous_0)","decl":{"start":{"line":4,"column":21},"end":{"line":4,"column":22}},"loc":{"start":{"line":4,"column":27},"end":{"line":43,"column":1}},"line":4}},"branchMap":{},"s":{"0":1,"1":2,"2":2,"3":2},"f":{"0":2},"b":{},"_coverageSchema":"1a1c01bbd47fc00a2c39e90264f33305004495a9","hash":"3a64746f8f22ba38bf948aa9f14bcc0649d8a1c6"}
,"C:\\Users\\atdan\\OneDrive\\Desktop\\Merkato\\frontend\\src\\components\\AdminVideoUpload.js": {"path":"C:\\Users\\atdan\\OneDrive\\Desktop\\Merkato\\frontend\\src\\components\\AdminVideoUpload.js","statementMap":{"0":{"start":{"line":5,"column":28},"end":{"line":5,"column":42}},"1":{"start":{"line":6,"column":42},"end":{"line":6,"column":54}},"2":{"start":{"line":7,"column":34},"end":{"line":7,"column":46}},"3":{"start":{"line":9,"column":27},"end":{"line":11,"column":3}},"4":{"start":{"line":10,"column":4},"end":{"line":10,"column":32}},"5":{"start":{"line":13,"column":23},"end":{"line":31,"column":3}},"6":{"start":{"line":14,"column":4},"end":{"line":14,"column":23}},"7":{"start":{"line":15,"column":4},"end":{"line":15,"column":23}},"8":{"start":{"line":15,"column":16},"end":{"line":15,"column":23}},"9":{"start":{"line":16,"column":21},"end":{"line":16,"column":35}},"10":{"start":{"line":17,"column":4},"end":{"line":17,"column":36}},"11":{"start":{"line":18,"column":4},"end":{"line":30,"column":5}},"12":{"start":{"line":19,"column":18},"end":{"line":24,"column":8}},"13":{"start":{"line":25,"column":6},"end":{"line":25,"column":44}},"14":{"start":{"line":26,"column":6},"end":{"line":26,"column":37}},"15":{"start":{"line":27,"column":6},"end":{"line":27,"column":48}},"16":{"start":{"line":27,"column":20},"end":{"line":27,"column":48}},"17":{"start":{"line":29,"column":6},"end":{"line":29,"column":88}},"18":{"start":{"line":33,"column":2},"end":{"line":45,"column":4}}},"fnMap":{"0":{"name":"AdminVideoUpload","decl":{"start":{"line":4,"column":9},"end":{"line":4,"column":25}},"loc":{"start":{"line":4,"column":52},"end":{"line":46,"column":1}},"line":4},"1":{"name":"(anonymous_1)","decl":{"start":{"line":9,"column":27},"end":{"line":9,"column":28}},"loc":{"start":{"line":9,"column":34},"end":{"line":11,"column":3}},"line":9},"2":{"name":"(anonymous_2)","decl":{"start":{"line":13,"column":23},"end":{"line":13,"column":24}},"loc":{"start":{"line":13,"column":36},"end":{"line":31,"column":3}},"line":13}},"branchMap":{"0":{"loc":{"start":{"line":15,"column":4},"end":{"line":15,"column":23}},"type":"if","locations":[{"start":{"line":15,"column":4},"end":{"line":15,"column":23}},{"start":{},"end":{}}],"line":15},"1":{"loc":{"start":{"line":27,"column":6},"end":{"line":27,"column":48}},"type":"if","locations":[{"start":{"line":27,"column":6},"end":{"line":27,"column":48}},{"start":{},"end":{}}],"line":27},"2":{"loc":{"start":{"line":29,"column":43},"end":{"line":29,"column":85}},"type":"binary-expr","locations":[{"start":{"line":29,"column":43},"end":{"line":29,"column":70}},{"start":{"line":29,"column":74},"end":{"line":29,"column":85}}],"line":29},"3":{"loc":{"start":{"line":40,"column":7},"end":{"line":40,"column":44}},"type":"binary-expr","locations":[{"start":{"line":40,"column":7},"end":{"line":40,"column":19}},{"start":{"line":40,"column":23},"end":{"line":40,"column":44}}],"line":40},"4":{"loc":{"start":{"line":41,"column":7},"end":{"line":43,"column":7}},"type":"binary-expr","locations":[{"start":{"line":41,"column":7},"end":{"line":41,"column":15}},{"start":{"line":42,"column":8},"end":{"line":42,"column":79}}],"line":41}},"s":{"0":1,"1":1,"2":1,"3":1,"4":0,"5":1,"6":0,"7":0,"8":0,"9":0,"10":0,"11":0,"12":0,"13":0,"14":0,"15":0,"16":0,"17":0,"18":1},"f":{"0":1,"1":0,"2":0},"b":{"0":[0,0],"1":[0,0],"2":[0,0],"3":[1,0],"4":[1,0]},"_coverageSchema":"1a1c01bbd47fc00a2c39e90264f33305004495a9","hash":"90d0fc8cfd946e57bc89866a1bb2b3176b4bca4f"}
,"C:\\Users\\atdan\\OneDrive\\Desktop\\Merkato\\frontend\\src\\components\\Breadcrumb.js": {"path":"C:\\Users\\atdan\\OneDrive\\Desktop\\Merkato\\frontend\\src\\components\\Breadcrumb.js","statementMap":{"0":{"start":{"line":6,"column":10},"end":{"line":6,"column":29}},"1":{"start":{"line":9,"column":4},"end":{"line":9,"column":30}},"2":{"start":{"line":13,"column":4},"end":{"line":15,"column":5}},"3":{"start":{"line":14,"column":6},"end":{"line":14,"column":105}},"4":{"start":{"line":16,"column":4},"end":{"line":16,"column":31}},"5":{"start":{"line":20,"column":19},"end":{"line":126,"column":1}},"6":{"start":{"line":21,"column":19},"end":{"line":21,"column":32}},"7":{"start":{"line":22,"column":36},"end":{"line":22,"column":50}},"8":{"start":{"line":23,"column":20},"end":{"line":23,"column":65}},"9":{"start":{"line":23,"column":63},"end":{"line":23,"column":64}},"10":{"start":{"line":26,"column":21},"end":{"line":37,"column":3}},"11":{"start":{"line":39,"column":2},"end":{"line":42,"column":26}},"12":{"start":{"line":40,"column":4},"end":{"line":40,"column":24}},"13":{"start":{"line":41,"column":4},"end":{"line":41,"column":36}},"14":{"start":{"line":41,"column":17},"end":{"line":41,"column":35}},"15":{"start":{"line":44,"column":2},"end":{"line":50,"column":3}},"16":{"start":{"line":45,"column":4},"end":{"line":49,"column":6}},"17":{"start":{"line":52,"column":2},"end":{"line":125,"column":4}},"18":{"start":{"line":78,"column":35},"end":{"line":78,"column":77}},"19":{"start":{"line":79,"column":35},"end":{"line":79,"column":81}},"20":{"start":{"line":85,"column":29},"end":{"line":85,"column":70}},"21":{"start":{"line":86,"column":27},"end":{"line":86,"column":53}},"22":{"start":{"line":88,"column":12},"end":{"line":120,"column":14}},"23":{"start":{"line":113,"column":41},"end":{"line":113,"column":83}},"24":{"start":{"line":114,"column":41},"end":{"line":114,"column":87}},"25":{"start":{"line":128,"column":18},"end":{"line":134,"column":1}},"26":{"start":{"line":136,"column":22},"end":{"line":141,"column":1}},"27":{"start":{"line":137,"column":2},"end":{"line":140,"column":12}},"28":{"start":{"line":139,"column":29},"end":{"line":139,"column":44}},"29":{"start":{"line":143,"column":0},"end":{"line":145,"column":2}}},"fnMap":{"0":{"name":"(anonymous_0)","decl":{"start":{"line":8,"column":2},"end":{"line":8,"column":3}},"loc":{"start":{"line":8,"column":41},"end":{"line":10,"column":3}},"line":8},"1":{"name":"(anonymous_1)","decl":{"start":{"line":12,"column":2},"end":{"line":12,"column":3}},"loc":{"start":{"line":12,"column":11},"end":{"line":17,"column":3}},"line":12},"2":{"name":"(anonymous_2)","decl":{"start":{"line":20,"column":19},"end":{"line":20,"column":20}},"loc":{"start":{"line":20,"column":46},"end":{"line":126,"column":1}},"line":20},"3":{"name":"(anonymous_3)","decl":{"start":{"line":23,"column":56},"end":{"line":23,"column":57}},"loc":{"start":{"line":23,"column":63},"end":{"line":23,"column":64}},"line":23},"4":{"name":"(anonymous_4)","decl":{"start":{"line":39,"column":12},"end":{"line":39,"column":13}},"loc":{"start":{"line":39,"column":18},"end":{"line":42,"column":3}},"line":39},"5":{"name":"(anonymous_5)","decl":{"start":{"line":41,"column":11},"end":{"line":41,"column":12}},"loc":{"start":{"line":41,"column":17},"end":{"line":41,"column":35}},"line":41},"6":{"name":"(anonymous_6)","decl":{"start":{"line":78,"column":28},"end":{"line":78,"column":29}},"loc":{"start":{"line":78,"column":35},"end":{"line":78,"column":77}},"line":78},"7":{"name":"(anonymous_7)","decl":{"start":{"line":79,"column":28},"end":{"line":79,"column":29}},"loc":{"start":{"line":79,"column":35},"end":{"line":79,"column":81}},"line":79},"8":{"name":"(anonymous_8)","decl":{"start":{"line":84,"column":25},"end":{"line":84,"column":26}},"loc":{"start":{"line":84,"column":41},"end":{"line":121,"column":11}},"line":84},"9":{"name":"(anonymous_9)","decl":{"start":{"line":113,"column":34},"end":{"line":113,"column":35}},"loc":{"start":{"line":113,"column":41},"end":{"line":113,"column":83}},"line":113},"10":{"name":"(anonymous_10)","decl":{"start":{"line":114,"column":34},"end":{"line":114,"column":35}},"loc":{"start":{"line":114,"column":41},"end":{"line":114,"column":87}},"line":114},"11":{"name":"(anonymous_11)","decl":{"start":{"line":136,"column":22},"end":{"line":136,"column":23}},"loc":{"start":{"line":136,"column":31},"end":{"line":141,"column":1}},"line":136},"12":{"name":"(anonymous_12)","decl":{"start":{"line":139,"column":22},"end":{"line":139,"column":23}},"loc":{"start":{"line":139,"column":29},"end":{"line":139,"column":44}},"line":139}},"branchMap":{"0":{"loc":{"start":{"line":13,"column":4},"end":{"line":15,"column":5}},"type":"if","locations":[{"start":{"line":13,"column":4},"end":{"line":15,"column":5}},{"start":{},"end":{}}],"line":13},"1":{"loc":{"start":{"line":20,"column":22},"end":{"line":20,"column":39}},"type":"default-arg","locations":[{"start":{"line":20,"column":37},"end":{"line":20,"column":39}}],"line":20},"2":{"loc":{"start":{"line":44,"column":2},"end":{"line":50,"column":3}},"type":"if","locations":[{"start":{"line":44,"column":2},"end":{"line":50,"column":3}},{"start":{},"end":{}}],"line":44},"3":{"loc":{"start":{"line":96,"column":17},"end":{"line":118,"column":17}},"type":"cond-expr","locations":[{"start":{"line":97,"column":18},"end":{"line":108,"column":25}},{"start":{"line":110,"column":18},"end":{"line":117,"column":25}}],"line":96},"4":{"loc":{"start":{"line":107,"column":21},"end":{"line":107,"column":66}},"type":"binary-expr","locations":[{"start":{"line":107,"column":21},"end":{"line":107,"column":40}},{"start":{"line":107,"column":44},"end":{"line":107,"column":66}}],"line":107},"5":{"loc":{"start":{"line":116,"column":21},"end":{"line":116,"column":66}},"type":"binary-expr","locations":[{"start":{"line":116,"column":21},"end":{"line":116,"column":40}},{"start":{"line":116,"column":44},"end":{"line":116,"column":66}}],"line":116}},"s":{"0":0,"1":0,"2":0,"3":0,"4":0,"5":1,"6":0,"7":0,"8":0,"9":0,"10":0,"11":0,"12":0,"13":0,"14":0,"15":0,"16":0,"17":0,"18":0,"19":0,"20":0,"21":0,"22":0,"23":0,"24":0,"25":1,"26":1,"27":0,"28":0,"29":1},"f":{"0":0,"1":0,"2":0,"3":0,"4":0,"5":0,"6":0,"7":0,"8":0,"9":0,"10":0,"11":0,"12":0},"b":{"0":[0,0],"1":[0],"2":[0,0],"3":[0,0],"4":[0,0],"5":[0,0]},"_coverageSchema":"1a1c01bbd47fc00a2c39e90264f33305004495a9","hash":"6a5d3385f439e6ff6974b9f75eeeac1a9e028152"}
,"C:\\Users\\atdan\\OneDrive\\Desktop\\Merkato\\frontend\\src\\components\\BulkActionHistory.js": {"path":"C:\\Users\\atdan\\OneDrive\\Desktop\\Merkato\\frontend\\src\\components\\BulkActionHistory.js","statementMap":{"0":{"start":{"line":3,"column":26},"end":{"line":21,"column":1}},"1":{"start":{"line":4,"column":2},"end":{"line":4,"column":35}},"2":{"start":{"line":4,"column":23},"end":{"line":4,"column":35}},"3":{"start":{"line":5,"column":2},"end":{"line":20,"column":4}},"4":{"start":{"line":10,"column":10},"end":{"line":16,"column":15}}},"fnMap":{"0":{"name":"(anonymous_0)","decl":{"start":{"line":3,"column":26},"end":{"line":3,"column":27}},"loc":{"start":{"line":3,"column":48},"end":{"line":21,"column":1}},"line":3},"1":{"name":"(anonymous_1)","decl":{"start":{"line":9,"column":34},"end":{"line":9,"column":35}},"loc":{"start":{"line":10,"column":10},"end":{"line":16,"column":15}},"line":10}},"branchMap":{"0":{"loc":{"start":{"line":3,"column":29},"end":{"line":3,"column":41}},"type":"default-arg","locations":[{"start":{"line":3,"column":39},"end":{"line":3,"column":41}}],"line":3},"1":{"loc":{"start":{"line":4,"column":2},"end":{"line":4,"column":35}},"type":"if","locations":[{"start":{"line":4,"column":2},"end":{"line":4,"column":35}},{"start":{},"end":{}}],"line":4}},"s":{"0":2,"1":28,"2":28,"3":0,"4":0},"f":{"0":28,"1":0},"b":{"0":[0],"1":[28,0]},"_coverageSchema":"1a1c01bbd47fc00a2c39e90264f33305004495a9","hash":"311767e3f0eca43f32857db72d48699c4f2984f8"}
,"C:\\Users\\atdan\\OneDrive\\Desktop\\Merkato\\frontend\\src\\components\\BulkActionPermissionInfo.js": {"path":"C:\\Users\\atdan\\OneDrive\\Desktop\\Merkato\\frontend\\src\\components\\BulkActionPermissionInfo.js","statementMap":{"0":{"start":{"line":3,"column":33},"end":{"line":10,"column":1}},"1":{"start":{"line":4,"column":2},"end":{"line":4,"column":25}},"2":{"start":{"line":4,"column":13},"end":{"line":4,"column":25}},"3":{"start":{"line":5,"column":2},"end":{"line":9,"column":4}}},"fnMap":{"0":{"name":"(anonymous_0)","decl":{"start":{"line":3,"column":33},"end":{"line":3,"column":34}},"loc":{"start":{"line":3,"column":47},"end":{"line":10,"column":1}},"line":3}},"branchMap":{"0":{"loc":{"start":{"line":4,"column":2},"end":{"line":4,"column":25}},"type":"if","locations":[{"start":{"line":4,"column":2},"end":{"line":4,"column":25}},{"start":{},"end":{}}],"line":4}},"s":{"0":2,"1":28,"2":28,"3":0},"f":{"0":28},"b":{"0":[28,0]},"_coverageSchema":"1a1c01bbd47fc00a2c39e90264f33305004495a9","hash":"759c9cd339b499eeb9120ae8aea5d168a6b16ac1"}
,"C:\\Users\\atdan\\OneDrive\\Desktop\\Merkato\\frontend\\src\\components\\BulkActionStatus.js": {"path":"C:\\Users\\atdan\\OneDrive\\Desktop\\Merkato\\frontend\\src\\components\\BulkActionStatus.js","statementMap":{"0":{"start":{"line":3,"column":25},"end":{"line":15,"column":1}},"1":{"start":{"line":4,"column":2},"end":{"line":4,"column":65}},"2":{"start":{"line":4,"column":53},"end":{"line":4,"column":65}},"3":{"start":{"line":5,"column":2},"end":{"line":14,"column":4}}},"fnMap":{"0":{"name":"(anonymous_0)","decl":{"start":{"line":3,"column":25},"end":{"line":3,"column":26}},"loc":{"start":{"line":3,"column":51},"end":{"line":15,"column":1}},"line":3}},"branchMap":{"0":{"loc":{"start":{"line":4,"column":2},"end":{"line":4,"column":65}},"type":"if","locations":[{"start":{"line":4,"column":2},"end":{"line":4,"column":65}},{"start":{},"end":{}}],"line":4},"1":{"loc":{"start":{"line":4,"column":6},"end":{"line":4,"column":51}},"type":"binary-expr","locations":[{"start":{"line":4,"column":6},"end":{"line":4,"column":15}},{"start":{"line":4,"column":20},"end":{"line":4,"column":27}},{"start":{"line":4,"column":31},"end":{"line":4,"column":50}}],"line":4},"2":{"loc":{"start":{"line":7,"column":7},"end":{"line":9,"column":7}},"type":"binary-expr","locations":[{"start":{"line":7,"column":7},"end":{"line":7,"column":15}},{"start":{"line":8,"column":8},"end":{"line":8,"column":76}}],"line":7},"3":{"loc":{"start":{"line":10,"column":7},"end":{"line":12,"column":7}},"type":"binary-expr","locations":[{"start":{"line":10,"column":7},"end":{"line":10,"column":13}},{"start":{"line":10,"column":17},"end":{"line":10,"column":34}},{"start":{"line":11,"column":8},"end":{"line":11,"column":99}}],"line":10}},"s":{"0":2,"1":28,"2":28,"3":0},"f":{"0":28},"b":{"0":[28,0],"1":[28,28,28],"2":[0,0],"3":[0,0,0]},"_coverageSchema":"1a1c01bbd47fc00a2c39e90264f33305004495a9","hash":"dab234a96d8781c59302319fb5b75bc87bc7f008"}
,"C:\\Users\\atdan\\OneDrive\\Desktop\\Merkato\\frontend\\src\\components\\BulkActionsToolbar.js": {"path":"C:\\Users\\atdan\\OneDrive\\Desktop\\Merkato\\frontend\\src\\components\\BulkActionsToolbar.js","statementMap":{"0":{"start":{"line":3,"column":27},"end":{"line":42,"column":1}},"1":{"start":{"line":16,"column":2},"end":{"line":16,"column":65}},"2":{"start":{"line":16,"column":53},"end":{"line":16,"column":65}},"3":{"start":{"line":17,"column":2},"end":{"line":41,"column":4}},"4":{"start":{"line":28,"column":29},"end":{"line":28,"column":57}},"5":{"start":{"line":29,"column":29},"end":{"line":29,"column":59}},"6":{"start":{"line":30,"column":29},"end":{"line":30,"column":56}},"7":{"start":{"line":31,"column":29},"end":{"line":31,"column":56}},"8":{"start":{"line":33,"column":29},"end":{"line":33,"column":64}},"9":{"start":{"line":34,"column":29},"end":{"line":34,"column":66}},"10":{"start":{"line":35,"column":29},"end":{"line":35,"column":63}},"11":{"start":{"line":36,"column":29},"end":{"line":36,"column":63}}},"fnMap":{"0":{"name":"(anonymous_0)","decl":{"start":{"line":3,"column":27},"end":{"line":3,"column":28}},"loc":{"start":{"line":15,"column":6},"end":{"line":42,"column":1}},"line":15},"1":{"name":"(anonymous_1)","decl":{"start":{"line":28,"column":23},"end":{"line":28,"column":24}},"loc":{"start":{"line":28,"column":29},"end":{"line":28,"column":57}},"line":28},"2":{"name":"(anonymous_2)","decl":{"start":{"line":29,"column":23},"end":{"line":29,"column":24}},"loc":{"start":{"line":29,"column":29},"end":{"line":29,"column":59}},"line":29},"3":{"name":"(anonymous_3)","decl":{"start":{"line":30,"column":23},"end":{"line":30,"column":24}},"loc":{"start":{"line":30,"column":29},"end":{"line":30,"column":56}},"line":30},"4":{"name":"(anonymous_4)","decl":{"start":{"line":31,"column":23},"end":{"line":31,"column":24}},"loc":{"start":{"line":31,"column":29},"end":{"line":31,"column":56}},"line":31},"5":{"name":"(anonymous_5)","decl":{"start":{"line":33,"column":23},"end":{"line":33,"column":24}},"loc":{"start":{"line":33,"column":29},"end":{"line":33,"column":64}},"line":33},"6":{"name":"(anonymous_6)","decl":{"start":{"line":34,"column":23},"end":{"line":34,"column":24}},"loc":{"start":{"line":34,"column":29},"end":{"line":34,"column":66}},"line":34},"7":{"name":"(anonymous_7)","decl":{"start":{"line":35,"column":23},"end":{"line":35,"column":24}},"loc":{"start":{"line":35,"column":29},"end":{"line":35,"column":63}},"line":35},"8":{"name":"(anonymous_8)","decl":{"start":{"line":36,"column":23},"end":{"line":36,"column":24}},"loc":{"start":{"line":36,"column":29},"end":{"line":36,"column":63}},"line":36}},"branchMap":{"0":{"loc":{"start":{"line":4,"column":2},"end":{"line":4,"column":21}},"type":"default-arg","locations":[{"start":{"line":4,"column":19},"end":{"line":4,"column":21}}],"line":4},"1":{"loc":{"start":{"line":16,"column":2},"end":{"line":16,"column":65}},"type":"if","locations":[{"start":{"line":16,"column":2},"end":{"line":16,"column":65}},{"start":{},"end":{}}],"line":16},"2":{"loc":{"start":{"line":16,"column":6},"end":{"line":16,"column":51}},"type":"binary-expr","locations":[{"start":{"line":16,"column":6},"end":{"line":16,"column":33}},{"start":{"line":16,"column":37},"end":{"line":16,"column":51}}],"line":16},"3":{"loc":{"start":{"line":20,"column":7},"end":{"line":24,"column":7}},"type":"binary-expr","locations":[{"start":{"line":20,"column":7},"end":{"line":20,"column":26}},{"start":{"line":21,"column":8},"end":{"line":23,"column":15}}],"line":20},"4":{"loc":{"start":{"line":37,"column":7},"end":{"line":39,"column":7}},"type":"binary-expr","locations":[{"start":{"line":37,"column":7},"end":{"line":37,"column":15}},{"start":{"line":38,"column":8},"end":{"line":38,"column":135}}],"line":37}},"s":{"0":2,"1":28,"2":8,"3":20,"4":2,"5":0,"6":1,"7":1,"8":0,"9":0,"10":1,"11":0},"f":{"0":28,"1":2,"2":0,"3":1,"4":1,"5":0,"6":0,"7":1,"8":0},"b":{"0":[0],"1":[8,20],"2":[28,20],"3":[20,0],"4":[20,19]},"_coverageSchema":"1a1c01bbd47fc00a2c39e90264f33305004495a9","hash":"7c2e68c53832fc5b367437f98ce496e8bba5f94e"}
,"C:\\Users\\atdan\\OneDrive\\Desktop\\Merkato\\frontend\\src\\components\\BulkEmailPreviewDialog.js": {"path":"C:\\Users\\atdan\\OneDrive\\Desktop\\Merkato\\frontend\\src\\components\\BulkEmailPreviewDialog.js","statementMap":{"0":{"start":{"line":3,"column":31},"end":{"line":29,"column":1}},"1":{"start":{"line":11,"column":2},"end":{"line":11,"column":25}},"2":{"start":{"line":11,"column":13},"end":{"line":11,"column":25}},"3":{"start":{"line":12,"column":2},"end":{"line":28,"column":4}}},"fnMap":{"0":{"name":"(anonymous_0)","decl":{"start":{"line":3,"column":31},"end":{"line":3,"column":32}},"loc":{"start":{"line":10,"column":6},"end":{"line":29,"column":1}},"line":10},"1":{"name":"(anonymous_1)","decl":{"start":{"line":22,"column":89},"end":{"line":22,"column":90}},"loc":{"start":{"line":22,"column":95},"end":{"line":22,"column":97}},"line":22}},"branchMap":{"0":{"loc":{"start":{"line":5,"column":2},"end":{"line":5,"column":15}},"type":"default-arg","locations":[{"start":{"line":5,"column":13},"end":{"line":5,"column":15}}],"line":5},"1":{"loc":{"start":{"line":6,"column":2},"end":{"line":6,"column":19}},"type":"default-arg","locations":[{"start":{"line":6,"column":17},"end":{"line":6,"column":19}}],"line":6},"2":{"loc":{"start":{"line":11,"column":2},"end":{"line":11,"column":25}},"type":"if","locations":[{"start":{"line":11,"column":2},"end":{"line":11,"column":25}},{"start":{},"end":{}}],"line":11},"3":{"loc":{"start":{"line":19,"column":78},"end":{"line":19,"column":144}},"type":"binary-expr","locations":[{"start":{"line":19,"column":78},"end":{"line":19,"column":90}},{"start":{"line":19,"column":94},"end":{"line":19,"column":144}}],"line":19},"4":{"loc":{"start":{"line":22,"column":68},"end":{"line":22,"column":98}},"type":"binary-expr","locations":[{"start":{"line":22,"column":68},"end":{"line":22,"column":84}},{"start":{"line":22,"column":89},"end":{"line":22,"column":97}}],"line":22}},"s":{"0":2,"1":28,"2":26,"3":2},"f":{"0":28,"1":0},"b":{"0":[0],"1":[0],"2":[26,2],"3":[2,2],"4":[2,0]},"_coverageSchema":"1a1c01bbd47fc00a2c39e90264f33305004495a9","hash":"10d5fd373370d323da4bbe98362ac29a20365778"}
,"C:\\Users\\atdan\\OneDrive\\Desktop\\Merkato\\frontend\\src\\components\\BulkExportDialog.js": {"path":"C:\\Users\\atdan\\OneDrive\\Desktop\\Merkato\\frontend\\src\\components\\BulkExportDialog.js","statementMap":{"0":{"start":{"line":3,"column":25},"end":{"line":32,"column":1}},"1":{"start":{"line":10,"column":2},"end":{"line":10,"column":25}},"2":{"start":{"line":10,"column":13},"end":{"line":10,"column":25}},"3":{"start":{"line":11,"column":2},"end":{"line":31,"column":4}},"4":{"start":{"line":20,"column":12},"end":{"line":20,"column":34}}},"fnMap":{"0":{"name":"(anonymous_0)","decl":{"start":{"line":3,"column":25},"end":{"line":3,"column":26}},"loc":{"start":{"line":9,"column":6},"end":{"line":32,"column":1}},"line":9},"1":{"name":"(anonymous_1)","decl":{"start":{"line":19,"column":24},"end":{"line":19,"column":25}},"loc":{"start":{"line":20,"column":12},"end":{"line":20,"column":34}},"line":20},"2":{"name":"(anonymous_2)","decl":{"start":{"line":25,"column":48},"end":{"line":25,"column":49}},"loc":{"start":{"line":25,"column":54},"end":{"line":25,"column":56}},"line":25}},"branchMap":{"0":{"loc":{"start":{"line":5,"column":2},"end":{"line":5,"column":15}},"type":"default-arg","locations":[{"start":{"line":5,"column":13},"end":{"line":5,"column":15}}],"line":5},"1":{"loc":{"start":{"line":10,"column":2},"end":{"line":10,"column":25}},"type":"if","locations":[{"start":{"line":10,"column":2},"end":{"line":10,"column":25}},{"start":{},"end":{}}],"line":10},"2":{"loc":{"start":{"line":25,"column":27},"end":{"line":25,"column":57}},"type":"binary-expr","locations":[{"start":{"line":25,"column":27},"end":{"line":25,"column":43}},{"start":{"line":25,"column":48},"end":{"line":25,"column":56}}],"line":25}},"s":{"0":2,"1":28,"2":26,"3":2,"4":2},"f":{"0":28,"1":2,"2":0},"b":{"0":[0],"1":[26,2],"2":[2,0]},"_coverageSchema":"1a1c01bbd47fc00a2c39e90264f33305004495a9","hash":"bdfba690cb7d459de0cc2cd38d469a995ca234a8"}
,"C:\\Users\\atdan\\OneDrive\\Desktop\\Merkato\\frontend\\src\\components\\BulkSummaryDialog.js": {"path":"C:\\Users\\atdan\\OneDrive\\Desktop\\Merkato\\frontend\\src\\components\\BulkSummaryDialog.js","statementMap":{"0":{"start":{"line":13,"column":2},"end":{"line":13,"column":28}},"1":{"start":{"line":13,"column":16},"end":{"line":13,"column":28}},"2":{"start":{"line":14,"column":2},"end":{"line":64,"column":4}},"3":{"start":{"line":30,"column":14},"end":{"line":30,"column":45}},"4":{"start":{"line":40,"column":14},"end":{"line":40,"column":45}},"5":{"start":{"line":47,"column":33},"end":{"line":47,"column":55}},"6":{"start":{"line":52,"column":33},"end":{"line":52,"column":54}}},"fnMap":{"0":{"name":"BulkSummaryDialog","decl":{"start":{"line":12,"column":9},"end":{"line":12,"column":26}},"loc":{"start":{"line":12,"column":78},"end":{"line":65,"column":1}},"line":12},"1":{"name":"(anonymous_1)","decl":{"start":{"line":29,"column":33},"end":{"line":29,"column":34}},"loc":{"start":{"line":30,"column":14},"end":{"line":30,"column":45}},"line":30},"2":{"name":"(anonymous_2)","decl":{"start":{"line":39,"column":32},"end":{"line":39,"column":33}},"loc":{"start":{"line":40,"column":14},"end":{"line":40,"column":45}},"line":40},"3":{"name":"(anonymous_3)","decl":{"start":{"line":47,"column":27},"end":{"line":47,"column":28}},"loc":{"start":{"line":47,"column":33},"end":{"line":47,"column":55}},"line":47},"4":{"name":"(anonymous_4)","decl":{"start":{"line":52,"column":27},"end":{"line":52,"column":28}},"loc":{"start":{"line":52,"column":33},"end":{"line":52,"column":54}},"line":52}},"branchMap":{"0":{"loc":{"start":{"line":13,"column":2},"end":{"line":13,"column":28}},"type":"if","locations":[{"start":{"line":13,"column":2},"end":{"line":13,"column":28}},{"start":{},"end":{}}],"line":13},"1":{"loc":{"start":{"line":23,"column":34},"end":{"line":23,"column":62}},"type":"binary-expr","locations":[{"start":{"line":23,"column":34},"end":{"line":23,"column":52}},{"start":{"line":23,"column":56},"end":{"line":23,"column":62}}],"line":23},"2":{"loc":{"start":{"line":26,"column":35},"end":{"line":26,"column":63}},"type":"binary-expr","locations":[{"start":{"line":26,"column":35},"end":{"line":26,"column":58}},{"start":{"line":26,"column":62},"end":{"line":26,"column":63}}],"line":26},"3":{"loc":{"start":{"line":27,"column":9},"end":{"line":33,"column":9}},"type":"binary-expr","locations":[{"start":{"line":27,"column":9},"end":{"line":27,"column":36}},{"start":{"line":28,"column":10},"end":{"line":32,"column":15}}],"line":27},"4":{"loc":{"start":{"line":36,"column":111},"end":{"line":36,"column":138}},"type":"binary-expr","locations":[{"start":{"line":36,"column":111},"end":{"line":36,"column":133}},{"start":{"line":36,"column":137},"end":{"line":36,"column":138}}],"line":36},"5":{"loc":{"start":{"line":37,"column":9},"end":{"line":43,"column":9}},"type":"binary-expr","locations":[{"start":{"line":37,"column":9},"end":{"line":37,"column":35}},{"start":{"line":38,"column":10},"end":{"line":42,"column":15}}],"line":37},"6":{"loc":{"start":{"line":46,"column":9},"end":{"line":50,"column":9}},"type":"binary-expr","locations":[{"start":{"line":46,"column":9},"end":{"line":46,"column":22}},{"start":{"line":46,"column":26},"end":{"line":46,"column":52}},{"start":{"line":47,"column":10},"end":{"line":49,"column":19}}],"line":46},"7":{"loc":{"start":{"line":51,"column":9},"end":{"line":55,"column":9}},"type":"binary-expr","locations":[{"start":{"line":51,"column":9},"end":{"line":51,"column":21}},{"start":{"line":51,"column":25},"end":{"line":51,"column":51}},{"start":{"line":52,"column":10},"end":{"line":54,"column":19}}],"line":51}},"s":{"0":6,"1":0,"2":6,"3":7,"4":0,"5":0,"6":0},"f":{"0":6,"1":7,"2":0,"3":0,"4":0},"b":{"0":[0,6],"1":[6,0],"2":[6,0],"3":[6,6],"4":[6,6],"5":[6,0],"6":[6,6,0],"7":[6,6,0]},"_coverageSchema":"1a1c01bbd47fc00a2c39e90264f33305004495a9","hash":"8669640c51c9cdb6531f3b44ebca362cacc46006"}
,"C:\\Users\\atdan\\OneDrive\\Desktop\\Merkato\\frontend\\src\\components\\Card.js": {"path":"C:\\Users\\atdan\\OneDrive\\Desktop\\Merkato\\frontend\\src\\components\\Card.js","statementMap":{"0":{"start":{"line":5,"column":2},"end":{"line":18,"column":4}},"1":{"start":{"line":21,"column":0},"end":{"line":25,"column":2}}},"fnMap":{"0":{"name":"Card","decl":{"start":{"line":4,"column":9},"end":{"line":4,"column":13}},"loc":{"start":{"line":4,"column":57},"end":{"line":19,"column":1}},"line":4}},"branchMap":{"0":{"loc":{"start":{"line":4,"column":33},"end":{"line":4,"column":43}},"type":"default-arg","locations":[{"start":{"line":4,"column":41},"end":{"line":4,"column":43}}],"line":4},"1":{"loc":{"start":{"line":15,"column":7},"end":{"line":15,"column":120}},"type":"binary-expr","locations":[{"start":{"line":15,"column":7},"end":{"line":15,"column":12}},{"start":{"line":15,"column":16},"end":{"line":15,"column":120}}],"line":15}},"s":{"0":0,"1":1},"f":{"0":0},"b":{"0":[0],"1":[0,0]},"_coverageSchema":"1a1c01bbd47fc00a2c39e90264f33305004495a9","hash":"46ab5b8e7ed2eaeb719d7dddd36a22037d171048"}
,"C:\\Users\\atdan\\OneDrive\\Desktop\\Merkato\\frontend\\src\\components\\CartSidebar.js": {"path":"C:\\Users\\atdan\\OneDrive\\Desktop\\Merkato\\frontend\\src\\components\\CartSidebar.js","statementMap":{"0":{"start":{"line":5,"column":20},"end":{"line":67,"column":1}},"1":{"start":{"line":6,"column":2},"end":{"line":6,"column":27}},"2":{"start":{"line":6,"column":15},"end":{"line":6,"column":27}},"3":{"start":{"line":8,"column":16},"end":{"line":8,"column":89}},"4":{"start":{"line":8,"column":44},"end":{"line":8,"column":85}},"5":{"start":{"line":10,"column":2},"end":{"line":66,"column":4}},"6":{"start":{"line":34,"column":24},"end":{"line":34,"column":43}},"7":{"start":{"line":35,"column":12},"end":{"line":51,"column":14}},"8":{"start":{"line":48,"column":39},"end":{"line":48,"column":52}},"9":{"start":{"line":61,"column":25},"end":{"line":61,"column":60}}},"fnMap":{"0":{"name":"(anonymous_0)","decl":{"start":{"line":5,"column":20},"end":{"line":5,"column":21}},"loc":{"start":{"line":5,"column":67},"end":{"line":67,"column":1}},"line":5},"1":{"name":"(anonymous_1)","decl":{"start":{"line":8,"column":29},"end":{"line":8,"column":30}},"loc":{"start":{"line":8,"column":44},"end":{"line":8,"column":85}},"line":8},"2":{"name":"(anonymous_2)","decl":{"start":{"line":33,"column":21},"end":{"line":33,"column":22}},"loc":{"start":{"line":33,"column":29},"end":{"line":52,"column":11}},"line":33},"3":{"name":"(anonymous_3)","decl":{"start":{"line":48,"column":33},"end":{"line":48,"column":34}},"loc":{"start":{"line":48,"column":39},"end":{"line":48,"column":52}},"line":48},"4":{"name":"(anonymous_4)","decl":{"start":{"line":61,"column":17},"end":{"line":61,"column":18}},"loc":{"start":{"line":61,"column":23},"end":{"line":61,"column":62}},"line":61}},"branchMap":{"0":{"loc":{"start":{"line":5,"column":31},"end":{"line":5,"column":41}},"type":"default-arg","locations":[{"start":{"line":5,"column":39},"end":{"line":5,"column":41}}],"line":5},"1":{"loc":{"start":{"line":6,"column":2},"end":{"line":6,"column":27}},"type":"if","locations":[{"start":{"line":6,"column":2},"end":{"line":6,"column":27}},{"start":{},"end":{}}],"line":6},"2":{"loc":{"start":{"line":8,"column":65},"end":{"line":8,"column":83}},"type":"binary-expr","locations":[{"start":{"line":8,"column":65},"end":{"line":8,"column":78}},{"start":{"line":8,"column":82},"end":{"line":8,"column":83}}],"line":8},"3":{"loc":{"start":{"line":29,"column":7},"end":{"line":54,"column":7}},"type":"cond-expr","locations":[{"start":{"line":30,"column":8},"end":{"line":30,"column":62}},{"start":{"line":32,"column":8},"end":{"line":53,"column":13}}],"line":29},"4":{"loc":{"start":{"line":34,"column":24},"end":{"line":34,"column":43}},"type":"binary-expr","locations":[{"start":{"line":34,"column":24},"end":{"line":34,"column":32}},{"start":{"line":34,"column":36},"end":{"line":34,"column":43}}],"line":34},"5":{"loc":{"start":{"line":45,"column":63},"end":{"line":45,"column":81}},"type":"binary-expr","locations":[{"start":{"line":45,"column":63},"end":{"line":45,"column":76}},{"start":{"line":45,"column":80},"end":{"line":45,"column":81}}],"line":45},"6":{"loc":{"start":{"line":47,"column":15},"end":{"line":49,"column":15}},"type":"binary-expr","locations":[{"start":{"line":47,"column":15},"end":{"line":47,"column":23}},{"start":{"line":48,"column":16},"end":{"line":48,"column":104}}],"line":47}},"s":{"0":2,"1":18,"2":14,"3":4,"4":6,"5":4,"6":6,"7":6,"8":1,"9":0},"f":{"0":18,"1":6,"2":6,"3":1,"4":0},"b":{"0":[0],"1":[14,4],"2":[6,0],"3":[1,3],"4":[6,6],"5":[6,0],"6":[6,2]},"_coverageSchema":"1a1c01bbd47fc00a2c39e90264f33305004495a9","hash":"58a9e363bc64e550b0fcd35d7bf7387868fdc919"}
,"C:\\Users\\atdan\\OneDrive\\Desktop\\Merkato\\frontend\\src\\components\\CustomerSidebar.js": {"path":"C:\\Users\\atdan\\OneDrive\\Desktop\\Merkato\\frontend\\src\\components\\CustomerSidebar.js","statementMap":{"0":{"start":{"line":6,"column":19},"end":{"line":6,"column":32}},"1":{"start":{"line":8,"column":20},"end":{"line":15,"column":3}},"2":{"start":{"line":17,"column":2},"end":{"line":91,"column":4}},"3":{"start":{"line":33,"column":25},"end":{"line":33,"column":64}},"4":{"start":{"line":34,"column":8},"end":{"line":64,"column":10}},"5":{"start":{"line":51,"column":14},"end":{"line":51,"column":64}},"6":{"start":{"line":52,"column":14},"end":{"line":52,"column":54}},"7":{"start":{"line":55,"column":14},"end":{"line":58,"column":15}},"8":{"start":{"line":56,"column":16},"end":{"line":56,"column":70}},"9":{"start":{"line":57,"column":16},"end":{"line":57,"column":56}},"10":{"start":{"line":84,"column":29},"end":{"line":84,"column":78}},"11":{"start":{"line":85,"column":29},"end":{"line":85,"column":78}},"12":{"start":{"line":94,"column":0},"end":{"line":96,"column":2}}},"fnMap":{"0":{"name":"CustomerSidebar","decl":{"start":{"line":5,"column":9},"end":{"line":5,"column":24}},"loc":{"start":{"line":5,"column":35},"end":{"line":92,"column":1}},"line":5},"1":{"name":"(anonymous_1)","decl":{"start":{"line":32,"column":21},"end":{"line":32,"column":22}},"loc":{"start":{"line":32,"column":29},"end":{"line":65,"column":7}},"line":32},"2":{"name":"(anonymous_2)","decl":{"start":{"line":50,"column":26},"end":{"line":50,"column":27}},"loc":{"start":{"line":50,"column":33},"end":{"line":53,"column":13}},"line":50},"3":{"name":"(anonymous_3)","decl":{"start":{"line":54,"column":26},"end":{"line":54,"column":27}},"loc":{"start":{"line":54,"column":33},"end":{"line":59,"column":13}},"line":54},"4":{"name":"(anonymous_4)","decl":{"start":{"line":84,"column":22},"end":{"line":84,"column":23}},"loc":{"start":{"line":84,"column":29},"end":{"line":84,"column":78}},"line":84},"5":{"name":"(anonymous_5)","decl":{"start":{"line":85,"column":22},"end":{"line":85,"column":23}},"loc":{"start":{"line":85,"column":29},"end":{"line":85,"column":78}},"line":85}},"branchMap":{"0":{"loc":{"start":{"line":43,"column":21},"end":{"line":43,"column":53}},"type":"cond-expr","locations":[{"start":{"line":43,"column":32},"end":{"line":43,"column":41}},{"start":{"line":43,"column":44},"end":{"line":43,"column":53}}],"line":43},"1":{"loc":{"start":{"line":44,"column":31},"end":{"line":44,"column":67}},"type":"cond-expr","locations":[{"start":{"line":44,"column":42},"end":{"line":44,"column":51}},{"start":{"line":44,"column":54},"end":{"line":44,"column":67}}],"line":44},"2":{"loc":{"start":{"line":47,"column":26},"end":{"line":47,"column":50}},"type":"cond-expr","locations":[{"start":{"line":47,"column":37},"end":{"line":47,"column":42}},{"start":{"line":47,"column":45},"end":{"line":47,"column":50}}],"line":47},"3":{"loc":{"start":{"line":55,"column":14},"end":{"line":58,"column":15}},"type":"if","locations":[{"start":{"line":55,"column":14},"end":{"line":58,"column":15}},{"start":{},"end":{}}],"line":55}},"s":{"0":4,"1":4,"2":4,"3":24,"4":24,"5":0,"6":0,"7":0,"8":0,"9":0,"10":0,"11":0,"12":1},"f":{"0":4,"1":24,"2":0,"3":0,"4":0,"5":0},"b":{"0":[4,20],"1":[4,20],"2":[4,20],"3":[0,0]},"_coverageSchema":"1a1c01bbd47fc00a2c39e90264f33305004495a9","hash":"d1b50467477c20666340855aaa4bd2181b8462ae"}
,"C:\\Users\\atdan\\OneDrive\\Desktop\\Merkato\\frontend\\src\\components\\DailyCheckIn.jsx": {"path":"C:\\Users\\atdan\\OneDrive\\Desktop\\Merkato\\frontend\\src\\components\\DailyCheckIn.jsx","statementMap":{"0":{"start":{"line":6,"column":30},"end":{"line":6,"column":46}},"1":{"start":{"line":7,"column":2},"end":{"line":7,"column":39}},"2":{"start":{"line":7,"column":27},"end":{"line":7,"column":39}},"3":{"start":{"line":9,"column":16},"end":{"line":9,"column":84}},"4":{"start":{"line":11,"column":20},"end":{"line":17,"column":3}},"5":{"start":{"line":12,"column":4},"end":{"line":12,"column":25}},"6":{"start":{"line":13,"column":16},"end":{"line":13,"column":43}},"7":{"start":{"line":14,"column":4},"end":{"line":16,"column":27}},"8":{"start":{"line":14,"column":20},"end":{"line":14,"column":39}},"9":{"start":{"line":15,"column":9},"end":{"line":16,"column":27}},"10":{"start":{"line":15,"column":36},"end":{"line":15,"column":57}},"11":{"start":{"line":16,"column":9},"end":{"line":16,"column":27}},"12":{"start":{"line":19,"column":2},"end":{"line":28,"column":4}}},"fnMap":{"0":{"name":"DailyCheckIn","decl":{"start":{"line":5,"column":24},"end":{"line":5,"column":36}},"loc":{"start":{"line":5,"column":39},"end":{"line":29,"column":1}},"line":5},"1":{"name":"(anonymous_1)","decl":{"start":{"line":11,"column":20},"end":{"line":11,"column":21}},"loc":{"start":{"line":11,"column":32},"end":{"line":17,"column":3}},"line":11}},"branchMap":{"0":{"loc":{"start":{"line":7,"column":2},"end":{"line":7,"column":39}},"type":"if","locations":[{"start":{"line":7,"column":2},"end":{"line":7,"column":39}},{"start":{},"end":{}}],"line":7},"1":{"loc":{"start":{"line":9,"column":16},"end":{"line":9,"column":84}},"type":"cond-expr","locations":[{"start":{"line":9,"column":48},"end":{"line":9,"column":77}},{"start":{"line":9,"column":80},"end":{"line":9,"column":84}}],"line":9},"2":{"loc":{"start":{"line":14,"column":4},"end":{"line":16,"column":27}},"type":"if","locations":[{"start":{"line":14,"column":4},"end":{"line":16,"column":27}},{"start":{"line":15,"column":9},"end":{"line":16,"column":27}}],"line":14},"3":{"loc":{"start":{"line":15,"column":9},"end":{"line":16,"column":27}},"type":"if","locations":[{"start":{"line":15,"column":9},"end":{"line":16,"column":27}},{"start":{"line":16,"column":9},"end":{"line":16,"column":27}}],"line":15},"4":{"loc":{"start":{"line":22,"column":9},"end":{"line":22,"column":63}},"type":"cond-expr","locations":[{"start":{"line":22,"column":30},"end":{"line":22,"column":44}},{"start":{"line":22,"column":47},"end":{"line":22,"column":63}}],"line":22},"5":{"loc":{"start":{"line":24,"column":7},"end":{"line":24,"column":106}},"type":"binary-expr","locations":[{"start":{"line":24,"column":7},"end":{"line":24,"column":22}},{"start":{"line":24,"column":26},"end":{"line":24,"column":106}}],"line":24},"6":{"loc":{"start":{"line":25,"column":7},"end":{"line":25,"column":119}},"type":"binary-expr","locations":[{"start":{"line":25,"column":7},"end":{"line":25,"column":25}},{"start":{"line":25,"column":29},"end":{"line":25,"column":119}}],"line":25},"7":{"loc":{"start":{"line":26,"column":7},"end":{"line":26,"column":111}},"type":"binary-expr","locations":[{"start":{"line":26,"column":7},"end":{"line":26,"column":23}},{"start":{"line":26,"column":27},"end":{"line":26,"column":111}}],"line":26}},"s":{"0":0,"1":0,"2":0,"3":0,"4":0,"5":0,"6":0,"7":0,"8":0,"9":0,"10":0,"11":0,"12":0},"f":{"0":0,"1":0},"b":{"0":[0,0],"1":[0,0],"2":[0,0],"3":[0,0],"4":[0,0],"5":[0,0],"6":[0,0],"7":[0,0]},"_coverageSchema":"1a1c01bbd47fc00a2c39e90264f33305004495a9","hash":"b4b037a59d3d7bc0060c6fe20f78a1976622fbfb"}
,"C:\\Users\\atdan\\OneDrive\\Desktop\\Merkato\\frontend\\src\\components\\FeedbackPopup.js": {"path":"C:\\Users\\atdan\\OneDrive\\Desktop\\Merkato\\frontend\\src\\components\\FeedbackPopup.js","statementMap":{"0":{"start":{"line":5,"column":26},"end":{"line":9,"column":4}},"1":{"start":{"line":10,"column":24},"end":{"line":10,"column":36}},"2":{"start":{"line":11,"column":16},"end":{"line":11,"column":45}},"3":{"start":{"line":12,"column":18},"end":{"line":12,"column":54}},"4":{"start":{"line":14,"column":23},"end":{"line":63,"column":3}},"5":{"start":{"line":65,"column":12},"end":{"line":65,"column":49}},"6":{"start":{"line":67,"column":23},"end":{"line":69,"column":3}},"7":{"start":{"line":68,"column":4},"end":{"line":68,"column":58}},"8":{"start":{"line":71,"column":23},"end":{"line":82,"column":3}},"9":{"start":{"line":72,"column":4},"end":{"line":72,"column":23}},"10":{"start":{"line":73,"column":4},"end":{"line":73,"column":45}},"11":{"start":{"line":73,"column":16},"end":{"line":73,"column":45}},"12":{"start":{"line":75,"column":4},"end":{"line":81,"column":5}},"13":{"start":{"line":76,"column":6},"end":{"line":76,"column":59}},"14":{"start":{"line":77,"column":6},"end":{"line":77,"column":25}},"15":{"start":{"line":78,"column":6},"end":{"line":78,"column":59}},"16":{"start":{"line":80,"column":6},"end":{"line":80,"column":21}},"17":{"start":{"line":84,"column":2},"end":{"line":84,"column":28}},"18":{"start":{"line":84,"column":16},"end":{"line":84,"column":28}},"19":{"start":{"line":86,"column":2},"end":{"line":132,"column":4}}},"fnMap":{"0":{"name":"FeedbackPopup","decl":{"start":{"line":4,"column":9},"end":{"line":4,"column":22}},"loc":{"start":{"line":4,"column":51},"end":{"line":133,"column":1}},"line":4},"1":{"name":"(anonymous_1)","decl":{"start":{"line":67,"column":23},"end":{"line":67,"column":24}},"loc":{"start":{"line":67,"column":30},"end":{"line":69,"column":3}},"line":67},"2":{"name":"(anonymous_2)","decl":{"start":{"line":71,"column":23},"end":{"line":71,"column":24}},"loc":{"start":{"line":71,"column":36},"end":{"line":82,"column":3}},"line":71}},"branchMap":{"0":{"loc":{"start":{"line":65,"column":12},"end":{"line":65,"column":49}},"type":"binary-expr","locations":[{"start":{"line":65,"column":12},"end":{"line":65,"column":30}},{"start":{"line":65,"column":34},"end":{"line":65,"column":49}}],"line":65},"1":{"loc":{"start":{"line":73,"column":4},"end":{"line":73,"column":45}},"type":"if","locations":[{"start":{"line":73,"column":4},"end":{"line":73,"column":45}},{"start":{},"end":{}}],"line":73},"2":{"loc":{"start":{"line":84,"column":2},"end":{"line":84,"column":28}},"type":"if","locations":[{"start":{"line":84,"column":2},"end":{"line":84,"column":28}},{"start":{},"end":{}}],"line":84},"3":{"loc":{"start":{"line":128,"column":9},"end":{"line":128,"column":54}},"type":"binary-expr","locations":[{"start":{"line":128,"column":9},"end":{"line":128,"column":12}},{"start":{"line":128,"column":16},"end":{"line":128,"column":54}}],"line":128}},"s":{"0":19,"1":19,"2":19,"3":19,"4":19,"5":19,"6":19,"7":0,"8":19,"9":0,"10":0,"11":0,"12":0,"13":0,"14":0,"15":0,"16":0,"17":19,"18":19,"19":0},"f":{"0":19,"1":0,"2":0},"b":{"0":[19,0],"1":[0,0],"2":[19,0],"3":[0,0]},"_coverageSchema":"1a1c01bbd47fc00a2c39e90264f33305004495a9","hash":"3ca3d2cbacdac71f6289dadbb4afded286b98ffe"}
,"C:\\Users\\atdan\\OneDrive\\Desktop\\Merkato\\frontend\\src\\components\\FloatingPromoButton.js": {"path":"C:\\Users\\atdan\\OneDrive\\Desktop\\Merkato\\frontend\\src\\components\\FloatingPromoButton.js","statementMap":{"0":{"start":{"line":5,"column":19},"end":{"line":5,"column":32}},"1":{"start":{"line":7,"column":2},"end":{"line":51,"column":4}},"2":{"start":{"line":18,"column":23},"end":{"line":18,"column":44}},"3":{"start":{"line":36,"column":23},"end":{"line":36,"column":55}}},"fnMap":{"0":{"name":"FloatingPromoButton","decl":{"start":{"line":4,"column":9},"end":{"line":4,"column":28}},"loc":{"start":{"line":4,"column":50},"end":{"line":52,"column":1}},"line":4},"1":{"name":"(anonymous_1)","decl":{"start":{"line":18,"column":17},"end":{"line":18,"column":18}},"loc":{"start":{"line":18,"column":23},"end":{"line":18,"column":44}},"line":18},"2":{"name":"(anonymous_2)","decl":{"start":{"line":36,"column":17},"end":{"line":36,"column":18}},"loc":{"start":{"line":36,"column":23},"end":{"line":36,"column":55}},"line":36}},"branchMap":{},"s":{"0":21,"1":21,"2":0,"3":0},"f":{"0":21,"1":0,"2":0},"b":{},"_coverageSchema":"1a1c01bbd47fc00a2c39e90264f33305004495a9","hash":"4d959192e83840c2884e99219ff6887f1829d3be"}
,"C:\\Users\\atdan\\OneDrive\\Desktop\\Merkato\\frontend\\src\\components\\GlobalMessage.js": {"path":"C:\\Users\\atdan\\OneDrive\\Desktop\\Merkato\\frontend\\src\\components\\GlobalMessage.js","statementMap":{"0":{"start":{"line":5,"column":22},"end":{"line":11,"column":1}},"1":{"start":{"line":6,"column":28},"end":{"line":6,"column":40}},"2":{"start":{"line":7,"column":2},"end":{"line":7,"column":28}},"3":{"start":{"line":7,"column":16},"end":{"line":7,"column":28}},"4":{"start":{"line":8,"column":2},"end":{"line":10,"column":4}}},"fnMap":{"0":{"name":"(anonymous_0)","decl":{"start":{"line":5,"column":22},"end":{"line":5,"column":23}},"loc":{"start":{"line":5,"column":28},"end":{"line":11,"column":1}},"line":5}},"branchMap":{"0":{"loc":{"start":{"line":7,"column":2},"end":{"line":7,"column":28}},"type":"if","locations":[{"start":{"line":7,"column":2},"end":{"line":7,"column":28}},{"start":{},"end":{}}],"line":7}},"s":{"0":1,"1":19,"2":19,"3":19,"4":0},"f":{"0":19},"b":{"0":[19,0]},"_coverageSchema":"1a1c01bbd47fc00a2c39e90264f33305004495a9","hash":"57ec1a84a31201999b4d8f0896adb984e33ea92e"}
,"C:\\Users\\atdan\\OneDrive\\Desktop\\Merkato\\frontend\\src\\components\\Invoice.js": {"path":"C:\\Users\\atdan\\OneDrive\\Desktop\\Merkato\\frontend\\src\\components\\Invoice.js","statementMap":{"0":{"start":{"line":5,"column":2},"end":{"line":5,"column":26}},"1":{"start":{"line":5,"column":14},"end":{"line":5,"column":26}},"2":{"start":{"line":19,"column":6},"end":{"line":19,"column":11}},"3":{"start":{"line":21,"column":2},"end":{"line":111,"column":4}},"4":{"start":{"line":45,"column":8},"end":{"line":89,"column":14}},"5":{"start":{"line":59,"column":16},"end":{"line":65,"column":21}},"6":{"start":{"line":94,"column":77},"end":{"line":94,"column":93}},"7":{"start":{"line":95,"column":78},"end":{"line":95,"column":89}},"8":{"start":{"line":96,"column":83},"end":{"line":96,"column":99}}},"fnMap":{"0":{"name":"Invoice","decl":{"start":{"line":4,"column":9},"end":{"line":4,"column":16}},"loc":{"start":{"line":4,"column":28},"end":{"line":112,"column":1}},"line":4},"1":{"name":"(anonymous_1)","decl":{"start":{"line":44,"column":19},"end":{"line":44,"column":20}},"loc":{"start":{"line":45,"column":8},"end":{"line":89,"column":14}},"line":45},"2":{"name":"(anonymous_2)","decl":{"start":{"line":58,"column":35},"end":{"line":58,"column":36}},"loc":{"start":{"line":59,"column":16},"end":{"line":65,"column":21}},"line":59},"3":{"name":"(anonymous_3)","decl":{"start":{"line":94,"column":65},"end":{"line":94,"column":66}},"loc":{"start":{"line":94,"column":77},"end":{"line":94,"column":93}},"line":94},"4":{"name":"(anonymous_4)","decl":{"start":{"line":95,"column":66},"end":{"line":95,"column":67}},"loc":{"start":{"line":95,"column":78},"end":{"line":95,"column":89}},"line":95},"5":{"name":"(anonymous_5)","decl":{"start":{"line":96,"column":71},"end":{"line":96,"column":72}},"loc":{"start":{"line":96,"column":83},"end":{"line":96,"column":99}},"line":96}},"branchMap":{"0":{"loc":{"start":{"line":5,"column":2},"end":{"line":5,"column":26}},"type":"if","locations":[{"start":{"line":5,"column":2},"end":{"line":5,"column":26}},{"start":{},"end":{}}],"line":5},"1":{"loc":{"start":{"line":10,"column":4},"end":{"line":10,"column":24}},"type":"default-arg","locations":[{"start":{"line":10,"column":22},"end":{"line":10,"column":24}}],"line":10},"2":{"loc":{"start":{"line":12,"column":4},"end":{"line":12,"column":16}},"type":"default-arg","locations":[{"start":{"line":12,"column":14},"end":{"line":12,"column":16}}],"line":12},"3":{"loc":{"start":{"line":13,"column":4},"end":{"line":13,"column":13}},"type":"default-arg","locations":[{"start":{"line":13,"column":12},"end":{"line":13,"column":13}}],"line":13},"4":{"loc":{"start":{"line":14,"column":4},"end":{"line":14,"column":16}},"type":"default-arg","locations":[{"start":{"line":14,"column":15},"end":{"line":14,"column":16}}],"line":14},"5":{"loc":{"start":{"line":17,"column":4},"end":{"line":17,"column":20}},"type":"default-arg","locations":[{"start":{"line":17,"column":15},"end":{"line":17,"column":20}}],"line":17},"6":{"loc":{"start":{"line":40,"column":37},"end":{"line":40,"column":74}},"type":"binary-expr","locations":[{"start":{"line":40,"column":37},"end":{"line":40,"column":65}},{"start":{"line":40,"column":69},"end":{"line":40,"column":74}}],"line":40},"7":{"loc":{"start":{"line":60,"column":23},"end":{"line":60,"column":84}},"type":"binary-expr","locations":[{"start":{"line":60,"column":23},"end":{"line":60,"column":32}},{"start":{"line":60,"column":37},"end":{"line":60,"column":49}},{"start":{"line":60,"column":53},"end":{"line":60,"column":70}},{"start":{"line":60,"column":75},"end":{"line":60,"column":84}}],"line":60},"8":{"loc":{"start":{"line":62,"column":35},"end":{"line":62,"column":73}},"type":"binary-expr","locations":[{"start":{"line":62,"column":35},"end":{"line":62,"column":45}},{"start":{"line":62,"column":49},"end":{"line":62,"column":68}},{"start":{"line":62,"column":72},"end":{"line":62,"column":73}}],"line":62},"9":{"loc":{"start":{"line":63,"column":35},"end":{"line":63,"column":48}},"type":"binary-expr","locations":[{"start":{"line":63,"column":35},"end":{"line":63,"column":43}},{"start":{"line":63,"column":47},"end":{"line":63,"column":48}}],"line":63},"10":{"loc":{"start":{"line":64,"column":35},"end":{"line":64,"column":94}},"type":"binary-expr","locations":[{"start":{"line":64,"column":35},"end":{"line":64,"column":48}},{"start":{"line":64,"column":52},"end":{"line":64,"column":94}}],"line":64},"11":{"loc":{"start":{"line":64,"column":53},"end":{"line":64,"column":77}},"type":"binary-expr","locations":[{"start":{"line":64,"column":53},"end":{"line":64,"column":72}},{"start":{"line":64,"column":76},"end":{"line":64,"column":77}}],"line":64},"12":{"loc":{"start":{"line":97,"column":9},"end":{"line":102,"column":9}},"type":"binary-expr","locations":[{"start":{"line":97,"column":9},"end":{"line":97,"column":18}},{"start":{"line":98,"column":10},"end":{"line":101,"column":13}}],"line":97},"13":{"loc":{"start":{"line":103,"column":78},"end":{"line":103,"column":105}},"type":"binary-expr","locations":[{"start":{"line":103,"column":78},"end":{"line":103,"column":96}},{"start":{"line":103,"column":100},"end":{"line":103,"column":105}}],"line":103}},"s":{"0":0,"1":0,"2":0,"3":0,"4":0,"5":0,"6":0,"7":0,"8":0},"f":{"0":0,"1":0,"2":0,"3":0,"4":0,"5":0},"b":{"0":[0,0],"1":[0],"2":[0],"3":[0],"4":[0],"5":[0],"6":[0,0],"7":[0,0,0,0],"8":[0,0,0],"9":[0,0],"10":[0,0],"11":[0,0],"12":[0,0],"13":[0,0]},"_coverageSchema":"1a1c01bbd47fc00a2c39e90264f33305004495a9","hash":"9c74723baf2dc49fbd8953e0b6dd98a975d727c0"}
,"C:\\Users\\atdan\\OneDrive\\Desktop\\Merkato\\frontend\\src\\components\\LanguageSwitcher.js": {"path":"C:\\Users\\atdan\\OneDrive\\Desktop\\Merkato\\frontend\\src\\components\\LanguageSwitcher.js","statementMap":{"0":{"start":{"line":4,"column":18},"end":{"line":9,"column":1}},"1":{"start":{"line":11,"column":25},"end":{"line":26,"column":1}},"2":{"start":{"line":12,"column":2},"end":{"line":25,"column":8}},"3":{"start":{"line":14,"column":6},"end":{"line":23,"column":15}},"4":{"start":{"line":18,"column":10},"end":{"line":18,"column":71}},"5":{"start":{"line":18,"column":52},"end":{"line":18,"column":71}}},"fnMap":{"0":{"name":"(anonymous_0)","decl":{"start":{"line":11,"column":25},"end":{"line":11,"column":26}},"loc":{"start":{"line":12,"column":2},"end":{"line":25,"column":8}},"line":12},"1":{"name":"(anonymous_1)","decl":{"start":{"line":13,"column":19},"end":{"line":13,"column":20}},"loc":{"start":{"line":14,"column":6},"end":{"line":23,"column":15}},"line":14},"2":{"name":"(anonymous_2)","decl":{"start":{"line":17,"column":17},"end":{"line":17,"column":18}},"loc":{"start":{"line":17,"column":23},"end":{"line":19,"column":9}},"line":17}},"branchMap":{"0":{"loc":{"start":{"line":16,"column":19},"end":{"line":16,"column":60}},"type":"cond-expr","locations":[{"start":{"line":16,"column":47},"end":{"line":16,"column":55}},{"start":{"line":16,"column":58},"end":{"line":16,"column":60}}],"line":16},"1":{"loc":{"start":{"line":18,"column":10},"end":{"line":18,"column":71}},"type":"if","locations":[{"start":{"line":18,"column":10},"end":{"line":18,"column":71}},{"start":{},"end":{}}],"line":18},"2":{"loc":{"start":{"line":18,"column":14},"end":{"line":18,"column":50}},"type":"binary-expr","locations":[{"start":{"line":18,"column":14},"end":{"line":18,"column":21}},{"start":{"line":18,"column":25},"end":{"line":18,"column":50}}],"line":18}},"s":{"0":2,"1":2,"2":9,"3":36,"4":3,"5":2},"f":{"0":9,"1":36,"2":3},"b":{"0":[9,27],"1":[2,1],"2":[3,3]},"_coverageSchema":"1a1c01bbd47fc00a2c39e90264f33305004495a9","hash":"3f6673065603646b28aa24565d0918db165243a7"}
,"C:\\Users\\atdan\\OneDrive\\Desktop\\Merkato\\frontend\\src\\components\\MerkatoFooter.js": {"path":"C:\\Users\\atdan\\OneDrive\\Desktop\\Merkato\\frontend\\src\\components\\MerkatoFooter.js","statementMap":{"0":{"start":{"line":6,"column":20},"end":{"line":6,"column":44}},"1":{"start":{"line":8,"column":22},"end":{"line":49,"column":1}},"2":{"start":{"line":9,"column":2},"end":{"line":48,"column":11}},"3":{"start":{"line":51,"column":0},"end":{"line":53,"column":2}}},"fnMap":{"0":{"name":"(anonymous_0)","decl":{"start":{"line":8,"column":22},"end":{"line":8,"column":23}},"loc":{"start":{"line":9,"column":2},"end":{"line":48,"column":11}},"line":9}},"branchMap":{"0":{"loc":{"start":{"line":8,"column":25},"end":{"line":8,"column":43}},"type":"default-arg","locations":[{"start":{"line":8,"column":39},"end":{"line":8,"column":43}}],"line":8},"1":{"loc":{"start":{"line":27,"column":7},"end":{"line":46,"column":7}},"type":"binary-expr","locations":[{"start":{"line":27,"column":7},"end":{"line":27,"column":18}},{"start":{"line":28,"column":8},"end":{"line":45,"column":14}}],"line":27}},"s":{"0":3,"1":3,"2":17,"3":3},"f":{"0":17},"b":{"0":[14],"1":[17,16]},"_coverageSchema":"1a1c01bbd47fc00a2c39e90264f33305004495a9","hash":"1a7bf4f429f106f931f8d2ae51a3afe6f2cfdccd"}
,"C:\\Users\\atdan\\OneDrive\\Desktop\\Merkato\\frontend\\src\\components\\Navbar.js": {"path":"C:\\Users\\atdan\\OneDrive\\Desktop\\Merkato\\frontend\\src\\components\\Navbar.js","statementMap":{"0":{"start":{"line":5,"column":15},"end":{"line":121,"column":1}},"1":{"start":{"line":6,"column":42},"end":{"line":6,"column":57}},"2":{"start":{"line":7,"column":34},"end":{"line":7,"column":49}},"3":{"start":{"line":8,"column":44},"end":{"line":8,"column":58}},"4":{"start":{"line":9,"column":36},"end":{"line":9,"column":50}},"5":{"start":{"line":12,"column":13},"end":{"line":12,"column":17}},"6":{"start":{"line":13,"column":2},"end":{"line":15,"column":16}},"7":{"start":{"line":14,"column":4},"end":{"line":14,"column":52}},"8":{"start":{"line":16,"column":21},"end":{"line":16,"column":27}},"9":{"start":{"line":17,"column":21},"end":{"line":17,"column":46}},"10":{"start":{"line":18,"column":19},"end":{"line":18,"column":42}},"11":{"start":{"line":21,"column":4},"end":{"line":21,"column":25}},"12":{"start":{"line":22,"column":4},"end":{"line":22,"column":31}},"13":{"start":{"line":25,"column":2},"end":{"line":120,"column":4}},"14":{"start":{"line":51,"column":14},"end":{"line":51,"column":42}},"15":{"start":{"line":52,"column":14},"end":{"line":52,"column":36}},"16":{"start":{"line":55,"column":28},"end":{"line":55,"column":73}},"17":{"start":{"line":55,"column":45},"end":{"line":55,"column":67}},"18":{"start":{"line":56,"column":14},"end":{"line":56,"column":38}},"19":{"start":{"line":73,"column":14},"end":{"line":73,"column":38}},"20":{"start":{"line":74,"column":14},"end":{"line":74,"column":32}},"21":{"start":{"line":77,"column":28},"end":{"line":77,"column":69}},"22":{"start":{"line":77,"column":45},"end":{"line":77,"column":63}},"23":{"start":{"line":78,"column":14},"end":{"line":78,"column":34}}},"fnMap":{"0":{"name":"(anonymous_0)","decl":{"start":{"line":5,"column":15},"end":{"line":5,"column":16}},"loc":{"start":{"line":5,"column":21},"end":{"line":121,"column":1}},"line":5},"1":{"name":"handleLogout","decl":{"start":{"line":20,"column":11},"end":{"line":20,"column":23}},"loc":{"start":{"line":20,"column":26},"end":{"line":23,"column":3}},"line":20},"2":{"name":"(anonymous_2)","decl":{"start":{"line":50,"column":26},"end":{"line":50,"column":27}},"loc":{"start":{"line":50,"column":32},"end":{"line":53,"column":13}},"line":50},"3":{"name":"(anonymous_3)","decl":{"start":{"line":54,"column":26},"end":{"line":54,"column":27}},"loc":{"start":{"line":54,"column":32},"end":{"line":57,"column":13}},"line":54},"4":{"name":"(anonymous_4)","decl":{"start":{"line":55,"column":39},"end":{"line":55,"column":40}},"loc":{"start":{"line":55,"column":45},"end":{"line":55,"column":67}},"line":55},"5":{"name":"(anonymous_5)","decl":{"start":{"line":72,"column":26},"end":{"line":72,"column":27}},"loc":{"start":{"line":72,"column":32},"end":{"line":75,"column":13}},"line":72},"6":{"name":"(anonymous_6)","decl":{"start":{"line":76,"column":26},"end":{"line":76,"column":27}},"loc":{"start":{"line":76,"column":32},"end":{"line":79,"column":13}},"line":76},"7":{"name":"(anonymous_7)","decl":{"start":{"line":77,"column":39},"end":{"line":77,"column":40}},"loc":{"start":{"line":77,"column":45},"end":{"line":77,"column":63}},"line":77}},"branchMap":{"0":{"loc":{"start":{"line":60,"column":13},"end":{"line":65,"column":13}},"type":"binary-expr","locations":[{"start":{"line":60,"column":13},"end":{"line":60,"column":25}},{"start":{"line":61,"column":14},"end":{"line":64,"column":20}}],"line":60},"1":{"loc":{"start":{"line":82,"column":13},"end":{"line":87,"column":13}},"type":"binary-expr","locations":[{"start":{"line":82,"column":13},"end":{"line":82,"column":21}},{"start":{"line":83,"column":14},"end":{"line":86,"column":20}}],"line":82},"2":{"loc":{"start":{"line":98,"column":11},"end":{"line":98,"column":84}},"type":"binary-expr","locations":[{"start":{"line":98,"column":11},"end":{"line":98,"column":21}},{"start":{"line":98,"column":25},"end":{"line":98,"column":84}}],"line":98},"3":{"loc":{"start":{"line":99,"column":11},"end":{"line":99,"column":89}},"type":"binary-expr","locations":[{"start":{"line":99,"column":11},"end":{"line":99,"column":19}},{"start":{"line":99,"column":23},"end":{"line":99,"column":89}}],"line":99},"4":{"loc":{"start":{"line":100,"column":11},"end":{"line":104,"column":11}},"type":"cond-expr","locations":[{"start":{"line":101,"column":12},"end":{"line":101,"column":79}},{"start":{"line":103,"column":12},"end":{"line":103,"column":63}}],"line":100}},"s":{"0":1,"1":3,"2":3,"3":3,"4":3,"5":3,"6":3,"7":3,"8":3,"9":3,"10":3,"11":0,"12":0,"13":3,"14":0,"15":0,"16":0,"17":0,"18":0,"19":0,"20":0,"21":0,"22":0,"23":0},"f":{"0":3,"1":0,"2":0,"3":0,"4":0,"5":0,"6":0,"7":0},"b":{"0":[3,0],"1":[3,0],"2":[3,1],"3":[3,1],"4":[2,1]},"_coverageSchema":"1a1c01bbd47fc00a2c39e90264f33305004495a9","hash":"2e44dd434e39da381585b2f25132725bd1994db6"}
,"C:\\Users\\atdan\\OneDrive\\Desktop\\Merkato\\frontend\\src\\components\\NavbarConfig.js": {"path":"C:\\Users\\atdan\\OneDrive\\Desktop\\Merkato\\frontend\\src\\components\\NavbarConfig.js","statementMap":{"0":{"start":{"line":4,"column":30},"end":{"line":11,"column":1}},"1":{"start":{"line":13,"column":25},"end":{"line":60,"column":1}},"2":{"start":{"line":62,"column":25},"end":{"line":65,"column":1}}},"fnMap":{},"branchMap":{},"s":{"0":1,"1":1,"2":1},"f":{},"b":{},"_coverageSchema":"1a1c01bbd47fc00a2c39e90264f33305004495a9","hash":"549263f1eeb7414d9f650ad1291e7bbe6fb289cd"}
,"C:\\Users\\atdan\\OneDrive\\Desktop\\Merkato\\frontend\\src\\components\\NavbarUniversal.jsx": {"path":"C:\\Users\\atdan\\OneDrive\\Desktop\\Merkato\\frontend\\src\\components\\NavbarUniversal.jsx","statementMap":{"0":{"start":{"line":10,"column":27},"end":{"line":10,"column":36}},"1":{"start":{"line":11,"column":20},"end":{"line":11,"column":67}},"2":{"start":{"line":12,"column":19},"end":{"line":12,"column":32}},"3":{"start":{"line":13,"column":38},"end":{"line":13,"column":53}},"4":{"start":{"line":14,"column":42},"end":{"line":14,"column":57}},"5":{"start":{"line":15,"column":40},"end":{"line":15,"column":55}},"6":{"start":{"line":16,"column":42},"end":{"line":16,"column":57}},"7":{"start":{"line":17,"column":34},"end":{"line":17,"column":49}},"8":{"start":{"line":18,"column":36},"end":{"line":18,"column":48}},"9":{"start":{"line":20,"column":23},"end":{"line":20,"column":31}},"10":{"start":{"line":21,"column":24},"end":{"line":21,"column":32}},"11":{"start":{"line":22,"column":24},"end":{"line":22,"column":32}},"12":{"start":{"line":23,"column":20},"end":{"line":23,"column":28}},"13":{"start":{"line":26,"column":13},"end":{"line":26,"column":63}},"14":{"start":{"line":28,"column":2},"end":{"line":28,"column":53}},"15":{"start":{"line":28,"column":35},"end":{"line":28,"column":53}},"16":{"start":{"line":29,"column":18},"end":{"line":29,"column":64}},"17":{"start":{"line":32,"column":19},"end":{"line":32,"column":100}},"18":{"start":{"line":32,"column":27},"end":{"line":32,"column":100}},"19":{"start":{"line":35,"column":17},"end":{"line":35,"column":48}},"20":{"start":{"line":36,"column":15},"end":{"line":36,"column":24}},"21":{"start":{"line":37,"column":19},"end":{"line":43,"column":4}},"22":{"start":{"line":38,"column":16},"end":{"line":38,"column":31}},"23":{"start":{"line":39,"column":4},"end":{"line":39,"column":26}},"24":{"start":{"line":39,"column":14},"end":{"line":39,"column":26}},"25":{"start":{"line":40,"column":4},"end":{"line":40,"column":36}},"26":{"start":{"line":40,"column":23},"end":{"line":40,"column":36}},"27":{"start":{"line":41,"column":4},"end":{"line":41,"column":18}},"28":{"start":{"line":42,"column":4},"end":{"line":42,"column":16}},"29":{"start":{"line":46,"column":19},"end":{"line":46,"column":24}},"30":{"start":{"line":49,"column":2},"end":{"line":69,"column":9}},"31":{"start":{"line":50,"column":17},"end":{"line":62,"column":5}},"32":{"start":{"line":51,"column":6},"end":{"line":61,"column":7}},"33":{"start":{"line":52,"column":22},"end":{"line":52,"column":58}},"34":{"start":{"line":53,"column":8},"end":{"line":58,"column":9}},"35":{"start":{"line":54,"column":25},"end":{"line":54,"column":42}},"36":{"start":{"line":55,"column":10},"end":{"line":55,"column":43}},"37":{"start":{"line":57,"column":10},"end":{"line":57,"column":27}},"38":{"start":{"line":60,"column":8},"end":{"line":60,"column":25}},"39":{"start":{"line":63,"column":4},"end":{"line":63,"column":11}},"40":{"start":{"line":64,"column":22},"end":{"line":66,"column":5}},"41":{"start":{"line":65,"column":6},"end":{"line":65,"column":43}},"42":{"start":{"line":65,"column":36},"end":{"line":65,"column":43}},"43":{"start":{"line":67,"column":4},"end":{"line":67,"column":50}},"44":{"start":{"line":68,"column":4},"end":{"line":68,"column":66}},"45":{"start":{"line":68,"column":17},"end":{"line":68,"column":65}},"46":{"start":{"line":72,"column":23},"end":{"line":75,"column":3}},"47":{"start":{"line":73,"column":4},"end":{"line":73,"column":57}},"48":{"start":{"line":73,"column":26},"end":{"line":73,"column":57}},"49":{"start":{"line":74,"column":4},"end":{"line":74,"column":17}},"50":{"start":{"line":76,"column":24},"end":{"line":78,"column":3}},"51":{"start":{"line":77,"column":4},"end":{"line":77,"column":60}},"52":{"start":{"line":77,"column":40},"end":{"line":77,"column":53}},"53":{"start":{"line":79,"column":2},"end":{"line":265,"column":4}},"54":{"start":{"line":83,"column":67},"end":{"line":83,"column":93}},"55":{"start":{"line":88,"column":61},"end":{"line":88,"column":80}},"56":{"start":{"line":88,"column":81},"end":{"line":88,"column":164}},"57":{"start":{"line":95,"column":27},"end":{"line":95,"column":58}},"58":{"start":{"line":96,"column":14},"end":{"line":96,"column":32}},"59":{"start":{"line":96,"column":25},"end":{"line":96,"column":32}},"60":{"start":{"line":98,"column":28},"end":{"line":98,"column":70}},"61":{"start":{"line":99,"column":24},"end":{"line":99,"column":48}},"62":{"start":{"line":100,"column":14},"end":{"line":100,"column":77}},"63":{"start":{"line":119,"column":10},"end":{"line":197,"column":11}},"64":{"start":{"line":121,"column":10},"end":{"line":154,"column":12}},"65":{"start":{"line":125,"column":34},"end":{"line":125,"column":76}},"66":{"start":{"line":126,"column":34},"end":{"line":126,"column":77}},"67":{"start":{"line":128,"column":61},"end":{"line":128,"column":86}},"68":{"start":{"line":128,"column":83},"end":{"line":128,"column":85}},"69":{"start":{"line":133,"column":38},"end":{"line":133,"column":80}},"70":{"start":{"line":134,"column":38},"end":{"line":134,"column":81}},"71":{"start":{"line":137,"column":20},"end":{"line":149,"column":21}},"72":{"start":{"line":155,"column":17},"end":{"line":197,"column":11}},"73":{"start":{"line":157,"column":12},"end":{"line":177,"column":14}},"74":{"start":{"line":161,"column":36},"end":{"line":161,"column":80}},"75":{"start":{"line":162,"column":36},"end":{"line":162,"column":81}},"76":{"start":{"line":167,"column":40},"end":{"line":167,"column":84}},"77":{"start":{"line":168,"column":40},"end":{"line":168,"column":85}},"78":{"start":{"line":178,"column":17},"end":{"line":197,"column":11}},"79":{"start":{"line":179,"column":12},"end":{"line":183,"column":14}},"80":{"start":{"line":185,"column":31},"end":{"line":185,"column":88}},"81":{"start":{"line":186,"column":6},"end":{"line":196,"column":14}},"82":{"start":{"line":204,"column":25},"end":{"line":204,"column":42}},"83":{"start":{"line":221,"column":32},"end":{"line":221,"column":76}},"84":{"start":{"line":222,"column":32},"end":{"line":222,"column":77}},"85":{"start":{"line":224,"column":59},"end":{"line":224,"column":85}},"86":{"start":{"line":224,"column":82},"end":{"line":224,"column":84}},"87":{"start":{"line":229,"column":36},"end":{"line":229,"column":80}},"88":{"start":{"line":230,"column":36},"end":{"line":230,"column":81}},"89":{"start":{"line":248,"column":23},"end":{"line":248,"column":41}},"90":{"start":{"line":250,"column":20},"end":{"line":250,"column":86}},"91":{"start":{"line":251,"column":19},"end":{"line":251,"column":79}},"92":{"start":{"line":251,"column":54},"end":{"line":251,"column":78}},"93":{"start":{"line":252,"column":18},"end":{"line":252,"column":28}},"94":{"start":{"line":253,"column":22},"end":{"line":253,"column":97}},"95":{"start":{"line":253,"column":47},"end":{"line":253,"column":77}},"96":{"start":{"line":254,"column":6},"end":{"line":254,"column":68}},"97":{"start":{"line":255,"column":6},"end":{"line":255,"column":57}},"98":{"start":{"line":256,"column":20},"end":{"line":256,"column":90}},"99":{"start":{"line":257,"column":23},"end":{"line":257,"column":37}},"100":{"start":{"line":258,"column":6},"end":{"line":258,"column":143}},"101":{"start":{"line":259,"column":6},"end":{"line":259,"column":25}},"102":{"start":{"line":260,"column":6},"end":{"line":260,"column":116}}},"fnMap":{"0":{"name":"NavbarUniversal","decl":{"start":{"line":9,"column":9},"end":{"line":9,"column":24}},"loc":{"start":{"line":9,"column":27},"end":{"line":266,"column":1}},"line":9},"1":{"name":"(anonymous_1)","decl":{"start":{"line":32,"column":19},"end":{"line":32,"column":20}},"loc":{"start":{"line":32,"column":27},"end":{"line":32,"column":100}},"line":32},"2":{"name":"(anonymous_2)","decl":{"start":{"line":37,"column":33},"end":{"line":37,"column":34}},"loc":{"start":{"line":37,"column":40},"end":{"line":43,"column":3}},"line":37},"3":{"name":"(anonymous_3)","decl":{"start":{"line":49,"column":12},"end":{"line":49,"column":13}},"loc":{"start":{"line":49,"column":18},"end":{"line":69,"column":3}},"line":49},"4":{"name":"(anonymous_4)","decl":{"start":{"line":50,"column":17},"end":{"line":50,"column":18}},"loc":{"start":{"line":50,"column":23},"end":{"line":62,"column":5}},"line":50},"5":{"name":"(anonymous_5)","decl":{"start":{"line":64,"column":22},"end":{"line":64,"column":23}},"loc":{"start":{"line":64,"column":29},"end":{"line":66,"column":5}},"line":64},"6":{"name":"(anonymous_6)","decl":{"start":{"line":68,"column":11},"end":{"line":68,"column":12}},"loc":{"start":{"line":68,"column":17},"end":{"line":68,"column":65}},"line":68},"7":{"name":"(anonymous_7)","decl":{"start":{"line":72,"column":23},"end":{"line":72,"column":24}},"loc":{"start":{"line":72,"column":45},"end":{"line":75,"column":3}},"line":72},"8":{"name":"(anonymous_8)","decl":{"start":{"line":76,"column":24},"end":{"line":76,"column":25}},"loc":{"start":{"line":76,"column":46},"end":{"line":78,"column":3}},"line":76},"9":{"name":"(anonymous_9)","decl":{"start":{"line":77,"column":34},"end":{"line":77,"column":35}},"loc":{"start":{"line":77,"column":40},"end":{"line":77,"column":53}},"line":77},"10":{"name":"(anonymous_10)","decl":{"start":{"line":83,"column":61},"end":{"line":83,"column":62}},"loc":{"start":{"line":83,"column":67},"end":{"line":83,"column":93}},"line":83},"11":{"name":"(anonymous_11)","decl":{"start":{"line":88,"column":54},"end":{"line":88,"column":55}},"loc":{"start":{"line":88,"column":59},"end":{"line":88,"column":166}},"line":88},"12":{"name":"(anonymous_12)","decl":{"start":{"line":94,"column":21},"end":{"line":94,"column":22}},"loc":{"start":{"line":94,"column":28},"end":{"line":101,"column":13}},"line":94},"13":{"name":"(anonymous_13)","decl":{"start":{"line":118,"column":16},"end":{"line":118,"column":17}},"loc":{"start":{"line":118,"column":26},"end":{"line":198,"column":9}},"line":118},"14":{"name":"(anonymous_14)","decl":{"start":{"line":125,"column":28},"end":{"line":125,"column":29}},"loc":{"start":{"line":125,"column":34},"end":{"line":125,"column":76}},"line":125},"15":{"name":"(anonymous_15)","decl":{"start":{"line":126,"column":28},"end":{"line":126,"column":29}},"loc":{"start":{"line":126,"column":34},"end":{"line":126,"column":77}},"line":126},"16":{"name":"(anonymous_16)","decl":{"start":{"line":128,"column":55},"end":{"line":128,"column":56}},"loc":{"start":{"line":128,"column":61},"end":{"line":128,"column":86}},"line":128},"17":{"name":"(anonymous_17)","decl":{"start":{"line":128,"column":76},"end":{"line":128,"column":77}},"loc":{"start":{"line":128,"column":83},"end":{"line":128,"column":85}},"line":128},"18":{"name":"(anonymous_18)","decl":{"start":{"line":133,"column":32},"end":{"line":133,"column":33}},"loc":{"start":{"line":133,"column":38},"end":{"line":133,"column":80}},"line":133},"19":{"name":"(anonymous_19)","decl":{"start":{"line":134,"column":32},"end":{"line":134,"column":33}},"loc":{"start":{"line":134,"column":38},"end":{"line":134,"column":81}},"line":134},"20":{"name":"(anonymous_20)","decl":{"start":{"line":136,"column":34},"end":{"line":136,"column":35}},"loc":{"start":{"line":137,"column":20},"end":{"line":149,"column":21}},"line":137},"21":{"name":"(anonymous_21)","decl":{"start":{"line":161,"column":30},"end":{"line":161,"column":31}},"loc":{"start":{"line":161,"column":36},"end":{"line":161,"column":80}},"line":161},"22":{"name":"(anonymous_22)","decl":{"start":{"line":162,"column":30},"end":{"line":162,"column":31}},"loc":{"start":{"line":162,"column":36},"end":{"line":162,"column":81}},"line":162},"23":{"name":"(anonymous_23)","decl":{"start":{"line":167,"column":34},"end":{"line":167,"column":35}},"loc":{"start":{"line":167,"column":40},"end":{"line":167,"column":84}},"line":167},"24":{"name":"(anonymous_24)","decl":{"start":{"line":168,"column":34},"end":{"line":168,"column":35}},"loc":{"start":{"line":168,"column":40},"end":{"line":168,"column":85}},"line":168},"25":{"name":"(anonymous_25)","decl":{"start":{"li
[...]
,"C:\\Users\\atdan\\OneDrive\\Desktop\\Merkato\\frontend\\src\\pages\\VendorsPage.js": {"path":"C:\\Users\\atdan\\OneDrive\\Desktop\\Merkato\\frontend\\src\\pages\\VendorsPage.js","statementMap":{"0":{"start":{"line":5,"column":2},"end":{"line":15,"column":4}}},"fnMap":{"0":{"name":"VendorsPage","decl":{"start":{"line":4,"column":24},"end":{"line":4,"column":35}},"loc":{"start":{"line":4,"column":38},"end":{"line":16,"column":1}},"line":4}},"branchMap":{},"s":{"0":0},"f":{"0":0},"b":{},"_coverageSchema":"1a1c01bbd47fc00a2c39e90264f33305004495a9","hash":"9b300a9efe1987767c50525a06e505db16f1b099"}
,"C:\\Users\\atdan\\OneDrive\\Desktop\\Merkato\\frontend\\src\\utils\\cartStorage.js": {"path":"C:\\Users\\atdan\\OneDrive\\Desktop\\Merkato\\frontend\\src\\utils\\cartStorage.js","statementMap":{"0":{"start":{"line":3,"column":25},"end":{"line":3,"column":44}},"1":{"start":{"line":4,"column":24},"end":{"line":4,"column":48}},"2":{"start":{"line":7,"column":2},"end":{"line":16,"column":3}},"3":{"start":{"line":8,"column":16},"end":{"line":8,"column":52}},"4":{"start":{"line":9,"column":4},"end":{"line":9,"column":49}},"5":{"start":{"line":9,"column":14},"end":{"line":9,"column":49}},"6":{"start":{"line":10,"column":19},"end":{"line":10,"column":34}},"7":{"start":{"line":11,"column":4},"end":{"line":11,"column":70}},"8":{"start":{"line":11,"column":31},"end":{"line":11,"column":70}},"9":{"start":{"line":12,"column":4},"end":{"line":12,"column":102}},"10":{"start":{"line":12,"column":37},"end":{"line":12,"column":102}},"11":{"start":{"line":13,"column":4},"end":{"line":13,"column":39}},"12":{"start":{"line":15,"column":4},"end":{"line":15,"column":39}},"13":{"start":{"line":20,"column":13},"end":{"line":20,"column":23}},"14":{"start":{"line":21,"column":2},"end":{"line":21,"column":81}},"15":{"start":{"line":23,"column":2},"end":{"line":23,"column":54}},"16":{"start":{"line":24,"column":2},"end":{"line":24,"column":122}},"17":{"start":{"line":28,"column":2},"end":{"line":28,"column":93}},"18":{"start":{"line":32,"column":2},"end":{"line":52,"column":3}},"19":{"start":{"line":33,"column":19},"end":{"line":33,"column":64}},"20":{"start":{"line":35,"column":19},"end":{"line":35,"column":59}},"21":{"start":{"line":36,"column":4},"end":{"line":40,"column":5}},"22":{"start":{"line":37,"column":18},"end":{"line":37,"column":36}},"23":{"start":{"line":38,"column":17},"end":{"line":38,"column":28}},"24":{"start":{"line":39,"column":6},"end":{"line":39,"column":53}},"25":{"start":{"line":42,"column":20},"end":{"line":42,"column":56}},"26":{"start":{"line":43,"column":4},"end":{"line":47,"column":5}},"27":{"start":{"line":44,"column":21},"end":{"line":44,"column":40}},"28":{"start":{"line":45,"column":17},"end":{"line":45,"column":38}},"29":{"start":{"line":46,"column":6},"end":{"line":46,"column":53}},"30":{"start":{"line":49,"column":4},"end":{"line":49,"column":17}},"31":{"start":{"line":51,"column":4},"end":{"line":51,"column":17}}},"fnMap":{"0":{"name":"loadCart","decl":{"start":{"line":6,"column":16},"end":{"line":6,"column":24}},"loc":{"start":{"line":6,"column":27},"end":{"line":17,"column":1}},"line":6},"1":{"name":"saveCart","decl":{"start":{"line":19,"column":16},"end":{"line":19,"column":24}},"loc":{"start":{"line":19,"column":42},"end":{"line":25,"column":1}},"line":19},"2":{"name":"clearCart","decl":{"start":{"line":27,"column":16},"end":{"line":27,"column":25}},"loc":{"start":{"line":27,"column":28},"end":{"line":29,"column":1}},"line":27},"3":{"name":"isCartExpired","decl":{"start":{"line":31,"column":16},"end":{"line":31,"column":29}},"loc":{"start":{"line":31,"column":40},"end":{"line":53,"column":1}},"line":31}},"branchMap":{"0":{"loc":{"start":{"line":9,"column":4},"end":{"line":9,"column":49}},"type":"if","locations":[{"start":{"line":9,"column":4},"end":{"line":9,"column":49}},{"start":{},"end":{}}],"line":9},"1":{"loc":{"start":{"line":11,"column":4},"end":{"line":11,"column":70}},"type":"if","locations":[{"start":{"line":11,"column":4},"end":{"line":11,"column":70}},{"start":{},"end":{}}],"line":11},"2":{"loc":{"start":{"line":12,"column":4},"end":{"line":12,"column":102}},"type":"if","locations":[{"start":{"line":12,"column":4},"end":{"line":12,"column":102}},{"start":{},"end":{}}],"line":12},"3":{"loc":{"start":{"line":12,"column":78},"end":{"line":12,"column":99}},"type":"binary-expr","locations":[{"start":{"line":12,"column":78},"end":{"line":12,"column":94}},{"start":{"line":12,"column":98},"end":{"line":12,"column":99}}],"line":12},"4":{"loc":{"start":{"line":24,"column":72},"end":{"line":24,"column":117}},"type":"cond-expr","locations":[{"start":{"line":24,"column":83},"end":{"line":24,"column":98}},{"start":{"line":24,"column":101},"end":{"line":24,"column":117}}],"line":24},"5":{"loc":{"start":{"line":33,"column":19},"end":{"line":33,"column":64}},"type":"cond-expr","locations":[{"start":{"line":33,"column":30},"end":{"line":33,"column":45}},{"start":{"line":33,"column":48},"end":{"line":33,"column":64}}],"line":33},"6":{"loc":{"start":{"line":36,"column":4},"end":{"line":40,"column":5}},"type":"if","locations":[{"start":{"line":36,"column":4},"end":{"line":40,"column":5}},{"start":{},"end":{}}],"line":36},"7":{"loc":{"start":{"line":38,"column":17},"end":{"line":38,"column":28}},"type":"binary-expr","locations":[{"start":{"line":38,"column":17},"end":{"line":38,"column":23}},{"start":{"line":38,"column":27},"end":{"line":38,"column":28}}],"line":38},"8":{"loc":{"start":{"line":39,"column":13},"end":{"line":39,"column":52}},"type":"cond-expr","locations":[{"start":{"line":39,"column":19},"end":{"line":39,"column":43}},{"start":{"line":39,"column":47},"end":{"line":39,"column":52}}],"line":39},"9":{"loc":{"start":{"line":43,"column":4},"end":{"line":47,"column":5}},"type":"if","locations":[{"start":{"line":43,"column":4},"end":{"line":47,"column":5}},{"start":{},"end":{}}],"line":43},"10":{"loc":{"start":{"line":45,"column":17},"end":{"line":45,"column":38}},"type":"binary-expr","locations":[{"start":{"line":45,"column":17},"end":{"line":45,"column":33}},{"start":{"line":45,"column":37},"end":{"line":45,"column":38}}],"line":45},"11":{"loc":{"start":{"line":46,"column":13},"end":{"line":46,"column":52}},"type":"cond-expr","locations":[{"start":{"line":46,"column":19},"end":{"line":46,"column":43}},{"start":{"line":46,"column":47},"end":{"line":46,"column":52}}],"line":46}},"s":{"0":1,"1":1,"2":0,"3":0,"4":0,"5":0,"6":0,"7":0,"8":0,"9":0,"10":0,"11":0,"12":0,"13":0,"14":0,"15":0,"16":0,"17":0,"18":0,"19":0,"20":0,"21":0,"22":0,"23":0,"24":0,"25":0,"26":0,"27":0,"28":0,"29":0,"30":0,"31":0},"f":{"0":0,"1":0,"2":0,"3":0},"b":{"0":[0,0],"1":[0,0],"2":[0,0],"3":[0,0],"4":[0,0],"5":[0,0],"6":[0,0],"7":[0,0],"8":[0,0],"9":[0,0],"10":[0,0],"11":[0,0]},"_coverageSchema":"1a1c01bbd47fc00a2c39e90264f33305004495a9","hash":"d0edc6b1465b0edf256340f7cbc36b2e4e0f33d5"}
,"C:\\Users\\atdan\\OneDrive\\Desktop\\Merkato\\frontend\\src\\utils\\eventsClient.js": {"path":"C:\\Users\\atdan\\OneDrive\\Desktop\\Merkato\\frontend\\src\\utils\\eventsClient.js","statementMap":{"0":{"start":{"line":4,"column":20},"end":{"line":4,"column":43}},"1":{"start":{"line":5,"column":17},"end":{"line":5,"column":39}},"2":{"start":{"line":7,"column":18},"end":{"line":18,"column":1}},"3":{"start":{"line":8,"column":2},"end":{"line":17,"column":3}},"4":{"start":{"line":9,"column":13},"end":{"line":9,"column":43}},"5":{"start":{"line":10,"column":4},"end":{"line":13,"column":5}},"6":{"start":{"line":11,"column":6},"end":{"line":11,"column":73}},"7":{"start":{"line":12,"column":6},"end":{"line":12,"column":41}},"8":{"start":{"line":14,"column":4},"end":{"line":14,"column":14}},"9":{"start":{"line":16,"column":4},"end":{"line":16,"column":21}},"10":{"start":{"line":20,"column":19},"end":{"line":26,"column":1}},"11":{"start":{"line":21,"column":2},"end":{"line":25,"column":12}},"12":{"start":{"line":22,"column":16},"end":{"line":22,"column":69}},"13":{"start":{"line":23,"column":4},"end":{"line":23,"column":18}},"14":{"start":{"line":24,"column":4},"end":{"line":24,"column":71}},"15":{"start":{"line":28,"column":20},"end":{"line":39,"column":1}},"16":{"start":{"line":29,"column":2},"end":{"line":38,"column":12}},"17":{"start":{"line":30,"column":16},"end":{"line":30,"column":49}},"18":{"start":{"line":31,"column":4},"end":{"line":31,"column":21}},"19":{"start":{"line":31,"column":14},"end":{"line":31,"column":21}},"20":{"start":{"line":32,"column":16},"end":{"line":32,"column":31}},"21":{"start":{"line":33,"column":4},"end":{"line":33,"column":56}},"22":{"start":{"line":33,"column":49},"end":{"line":33,"column":56}},"23":{"start":{"line":34,"column":4},"end":{"line":36,"column":6}},"24":{"start":{"line":35,"column":21},"end":{"line":35,"column":76}},"25":{"start":{"line":35,"column":71},"end":{"line":35,"column":75}},"26":{"start":{"line":37,"column":4},"end":{"line":37,"column":41}},"27":{"start":{"line":41,"column":22},"end":{"line":79,"column":1}},"28":{"start":{"line":43,"column":4},"end":{"line":43,"column":64}},"29":{"start":{"line":43,"column":57},"end":{"line":43,"column":64}},"30":{"start":{"line":44,"column":20},"end":{"line":49,"column":5}},"31":{"start":{"line":51,"column":4},"end":{"line":51,"column":24}},"32":{"start":{"line":52,"column":4},"end":{"line":52,"column":36}},"33":{"start":{"line":52,"column":22},"end":{"line":52,"column":36}},"34":{"start":{"line":55,"column":4},"end":{"line":64,"column":14}},"35":{"start":{"line":56,"column":26},"end":{"line":56,"column":37}},"36":{"start":{"line":57,"column":6},"end":{"line":57,"column":31}},"37":{"start":{"line":57,"column":24},"end":{"line":57,"column":31}},"38":{"start":{"line":58,"column":6},"end":{"line":62,"column":8}},"39":{"start":{"line":63,"column":6},"end":{"line":63,"column":26}},"40":{"start":{"line":67,"column":4},"end":{"line":67,"column":55}},"41":{"start":{"line":67,"column":29},"end":{"line":67,"column":55}},"42":{"start":{"line":68,"column":4},"end":{"line":77,"column":5}},"43":{"start":{"line":69,"column":18},"end":{"line":73,"column":7}},"44":{"start":{"line":74,"column":6},"end":{"line":74,"column":22}},"45":{"start":{"line":76,"column":6},"end":{"line":76,"column":78}}},"fnMap":{"0":{"name":"(anonymous_0)","decl":{"start":{"line":7,"column":18},"end":{"line":7,"column":19}},"loc":{"start":{"line":7,"column":24},"end":{"line":18,"column":1}},"line":7},"1":{"name":"(anonymous_1)","decl":{"start":{"line":20,"column":19},"end":{"line":20,"column":20}},"loc":{"start":{"line":20,"column":28},"end":{"line":26,"column":1}},"line":20},"2":{"name":"(anonymous_2)","decl":{"start":{"line":28,"column":20},"end":{"line":28,"column":21}},"loc":{"start":{"line":28,"column":32},"end":{"line":39,"column":1}},"line":28},"3":{"name":"(anonymous_3)","decl":{"start":{"line":35,"column":14},"end":{"line":35,"column":15}},"loc":{"start":{"line":35,"column":21},"end":{"line":35,"column":76}},"line":35},"4":{"name":"(anonymous_4)","decl":{"start":{"line":35,"column":65},"end":{"line":35,"column":66}},"loc":{"start":{"line":35,"column":71},"end":{"line":35,"column":75}},"line":35},"5":{"name":"(anonymous_5)","decl":{"start":{"line":42,"column":2},"end":{"line":42,"column":3}},"loc":{"start":{"line":42,"column":31},"end":{"line":53,"column":3}},"line":42},"6":{"name":"(anonymous_6)","decl":{"start":{"line":54,"column":2},"end":{"line":54,"column":3}},"loc":{"start":{"line":54,"column":28},"end":{"line":65,"column":3}},"line":54},"7":{"name":"(anonymous_7)","decl":{"start":{"line":66,"column":2},"end":{"line":66,"column":3}},"loc":{"start":{"line":66,"column":23},"end":{"line":78,"column":3}},"line":66}},"branchMap":{"0":{"loc":{"start":{"line":10,"column":4},"end":{"line":13,"column":5}},"type":"if","locations":[{"start":{"line":10,"column":4},"end":{"line":13,"column":5}},{"start":{},"end":{}}],"line":10},"1":{"loc":{"start":{"line":22,"column":27},"end":{"line":22,"column":68}},"type":"binary-expr","locations":[{"start":{"line":22,"column":27},"end":{"line":22,"column":60}},{"start":{"line":22,"column":64},"end":{"line":22,"column":68}}],"line":22},"2":{"loc":{"start":{"line":31,"column":4},"end":{"line":31,"column":21}},"type":"if","locations":[{"start":{"line":31,"column":4},"end":{"line":31,"column":21}},{"start":{},"end":{}}],"line":31},"3":{"loc":{"start":{"line":33,"column":4},"end":{"line":33,"column":56}},"type":"if","locations":[{"start":{"line":33,"column":4},"end":{"line":33,"column":56}},{"start":{},"end":{}}],"line":33},"4":{"loc":{"start":{"line":33,"column":8},"end":{"line":33,"column":47}},"type":"binary-expr","locations":[{"start":{"line":33,"column":8},"end":{"line":33,"column":27}},{"start":{"line":33,"column":31},"end":{"line":33,"column":47}}],"line":33},"5":{"loc":{"start":{"line":42,"column":19},"end":{"line":42,"column":29}},"type":"default-arg","locations":[{"start":{"line":42,"column":27},"end":{"line":42,"column":29}}],"line":42},"6":{"loc":{"start":{"line":43,"column":4},"end":{"line":43,"column":64}},"type":"if","locations":[{"start":{"line":43,"column":4},"end":{"line":43,"column":64}},{"start":{},"end":{}}],"line":43},"7":{"loc":{"start":{"line":43,"column":8},"end":{"line":43,"column":55}},"type":"binary-expr","locations":[{"start":{"line":43,"column":8},"end":{"line":43,"column":27}},{"start":{"line":43,"column":31},"end":{"line":43,"column":55}}],"line":43},"8":{"loc":{"start":{"line":52,"column":4},"end":{"line":52,"column":36}},"type":"if","locations":[{"start":{"line":52,"column":4},"end":{"line":52,"column":36}},{"start":{},"end":{}}],"line":52},"9":{"loc":{"start":{"line":57,"column":6},"end":{"line":57,"column":31}},"type":"if","locations":[{"start":{"line":57,"column":6},"end":{"line":57,"column":31}},{"start":{},"end":{}}],"line":57},"10":{"loc":{"start":{"line":61,"column":8},"end":{"line":61,"column":77}},"type":"cond-expr","locations":[{"start":{"line":61,"column":16},"end":{"line":61,"column":65}},{"start":{"line":61,"column":68},"end":{"line":61,"column":77}}],"line":61},"11":{"loc":{"start":{"line":67,"column":4},"end":{"line":67,"column":55}},"type":"if","locations":[{"start":{"line":67,"column":4},"end":{"line":67,"column":55}},{"start":{},"end":{}}],"line":67},"12":{"loc":{"start":{"line":72,"column":8},"end":{"line":72,"column":77}},"type":"cond-expr","locations":[{"start":{"line":72,"column":16},"end":{"line":72,"column":65}},{"start":{"line":72,"column":68},"end":{"line":72,"column":77}}],"line":72},"13":{"loc":{"start":{"line":76,"column":37},"end":{"line":76,"column":75}},"type":"binary-expr","locations":[{"start":{"line":76,"column":37},"end":{"line":76,"column":63}},{"start":{"line":76,"column":67},"end":{"line":76,"column":75}}],"line":76}},"s":{"0":1,"1":1,"2":1,"3":0,"4":0,"5":0,"6":0,"7":0,"8":0,"9":0,"10":1,"11":0,"12":0,"13":0,"14":0,"15":1,"16":0,"17":0,"18":0,"19":0,"20":0,"21":0,"22":0,"23":0,"24":0,"25":0,"26":0,"27":1,"28":0,"29":0,"30":0,"31":0,"32":0,"33":0,"34":0,"35":0,"36":0,"37":0,"38":0,"39":0,"40":0,"41":0,"42":0,"43":0,"44":0,"45":0},"f":{"0":0,"1":0,"2":0,"3":0,"4":0,"5":0,"6":0,"7":0},"b":{"0":[0,0],"1":[0,0],"2":[0,0],"3":[0,0],"4":[0,0],"5":[0],"6":[0,0],"7":[0,0],"8":[0,0],"9":[0,0],"10":[0,0],"11":[0,0],"12":[0,0],"13":[0,0]},"_coverageSchema":"1a1c01bbd47fc00a2c39e90264f33305004495a9","hash":"35d3c9b309d8d3b0f233912e665315c9c46acc31"}
,"C:\\Users\\atdan\\OneDrive\\Desktop\\Merkato\\frontend\\src\\utils\\featureFlags.js": {"path":"C:\\Users\\atdan\\OneDrive\\Desktop\\Merkato\\frontend\\src\\utils\\featureFlags.js","statementMap":{"0":{"start":{"line":1,"column":21},"end":{"line":4,"column":1}},"1":{"start":{"line":6,"column":25},"end":{"line":6,"column":115}},"2":{"start":{"line":6,"column":31},"end":{"line":6,"column":115}}},"fnMap":{"0":{"name":"(anonymous_0)","decl":{"start":{"line":6,"column":25},"end":{"line":6,"column":26}},"loc":{"start":{"line":6,"column":31},"end":{"line":6,"column":115}},"line":6}},"branchMap":{"0":{"loc":{"start":{"line":6,"column":31},"end":{"line":6,"column":115}},"type":"binary-expr","locations":[{"start":{"line":6,"column":31},"end":{"line":6,"column":60}},{"start":{"line":6,"column":65},"end":{"line":6,"column":79}},{"start":{"line":6,"column":83},"end":{"line":6,"column":114}}],"line":6}},"s":{"0":1,"1":1,"2":0},"f":{"0":0},"b":{"0":[0,0,0]},"_coverageSchema":"1a1c01bbd47fc00a2c39e90264f33305004495a9","hash":"49b86fb2f5c9746713d5efe048db399d300baf88"}
,"C:\\Users\\atdan\\OneDrive\\Desktop\\Merkato\\frontend\\src\\utils\\uploadImage.js": {"path":"C:\\Users\\atdan\\OneDrive\\Desktop\\Merkato\\frontend\\src\\utils\\uploadImage.js","statementMap":{"0":{"start":{"line":3,"column":34},"end":{"line":22,"column":1}},"1":{"start":{"line":4,"column":19},"end":{"line":4,"column":33}},"2":{"start":{"line":6,"column":2},"end":{"line":10,"column":3}},"3":{"start":{"line":7,"column":4},"end":{"line":7,"column":59}},"4":{"start":{"line":7,"column":26},"end":{"line":7,"column":57}},"5":{"start":{"line":9,"column":4},"end":{"line":9,"column":37}},"6":{"start":{"line":12,"column":17},"end":{"line":17,"column":3}},"7":{"start":{"line":19,"column":19},"end":{"line":19,"column":68}},"8":{"start":{"line":21,"column":2},"end":{"line":21,"column":66}}},"fnMap":{"0":{"name":"(anonymous_0)","decl":{"start":{"line":3,"column":34},"end":{"line":3,"column":35}},"loc":{"start":{"line":3,"column":58},"end":{"line":22,"column":1}},"line":3},"1":{"name":"(anonymous_1)","decl":{"start":{"line":7,"column":18},"end":{"line":7,"column":19}},"loc":{"start":{"line":7,"column":26},"end":{"line":7,"column":57}},"line":7}},"branchMap":{"0":{"loc":{"start":{"line":6,"column":2},"end":{"line":10,"column":3}},"type":"if","locations":[{"start":{"line":6,"column":2},"end":{"line":10,"column":3}},{"start":{"line":8,"column":9},"end":{"line":10,"column":3}}],"line":6},"1":{"loc":{"start":{"line":21,"column":9},"end":{"line":21,"column":65}},"type":"binary-expr","locations":[{"start":{"line":21,"column":9},"end":{"line":21,"column":23}},{"start":{"line":21,"column":28},"end":{"line":21,"column":64}}],"line":21},"2":{"loc":{"start":{"line":21,"column":28},"end":{"line":21,"column":64}},"type":"cond-expr","locations":[{"start":{"line":21,"column":44},"end":{"line":21,"column":59}},{"start":{"line":21,"column":62},"end":{"line":21,"column":64}}],"line":21}},"s":{"0":1,"1":0,"2":0,"3":0,"4":0,"5":0,"6":0,"7":0,"8":0},"f":{"0":0,"1":0},"b":{"0":[0,0],"1":[0,0],"2":[0,0]},"_coverageSchema":"1a1c01bbd47fc00a2c39e90264f33305004495a9","hash":"47f8e1260d607a4bc6897db51e58e7530b3a281e"}
}
