TN:
SF:src\App.js
FN:69,(anonymous_0)
FN:74,App
FN:76,(anonymous_2)
FN:80,(anonymous_3)
FN:85,(anonymous_4)
FN:177,(anonymous_5)
FNF:6
FNH:2
FNDA:0,(anonymous_0)
FNDA:20,App
FNDA:10,(anonymous_2)
FNDA:0,(anonymous_3)
FNDA:0,(anonymous_4)
FNDA:0,(anonymous_5)
DA:69,1
DA:70,0
DA:71,0
DA:75,20
DA:76,19
DA:77,19
DA:78,19
DA:80,19
DA:81,0
DA:82,0
DA:85,19
DA:86,0
DA:87,0
DA:90,19
DA:92,19
DA:177,0
LF:16
LH:9
BRDA:76,0,0,10
BRDA:76,0,1,10
BRF:2
BRH:2
end_of_record
TN:
SF:src\components\AdminLayout.js
FN:5,(anonymous_0)
FN:11,(anonymous_1)
FNF:2
FNH:1
FNDA:2,(anonymous_0)
FNDA:0,(anonymous_1)
DA:5,1
DA:6,2
DA:9,2
DA:11,2
DA:12,0
DA:13,0
DA:14,0
DA:18,2
DA:19,2
DA:20,0
DA:25,2
DA:26,0
DA:33,2
LF:13
LH:8
BRDA:19,0,0,0
BRDA:19,0,1,2
BRDA:25,1,0,0
BRDA:25,1,1,2
BRDA:36,2,0,2
BRDA:36,2,1,0
BRF:6
BRH:3
end_of_record
TN:
SF:src\components\AdminSidebar.js
FN:4,(anonymous_0)
FNF:1
FNH:1
FNDA:2,(anonymous_0)
DA:4,1
DA:5,2
DA:14,2
DA:20,2
LF:4
LH:4
BRF:0
BRH:0
end_of_record
TN:
SF:src\components\Breadcrumb.js
FN:8,(anonymous_0)
FN:12,(anonymous_1)
FN:20,(anonymous_2)
FN:23,(anonymous_3)
FN:39,(anonymous_4)
FN:41,(anonymous_5)
FN:78,(anonymous_6)
FN:79,(anonymous_7)
FN:84,(anonymous_8)
FN:113,(anonymous_9)
FN:114,(anonymous_10)
FN:136,(anonymous_11)
FN:139,(anonymous_12)
FNF:13
FNH:8
FNDA:0,(anonymous_0)
FNDA:2,(anonymous_1)
FNDA:4,(anonymous_2)
FNDA:12,(anonymous_3)
FNDA:2,(anonymous_4)
FNDA:2,(anonymous_5)
FNDA:0,(anonymous_6)
FNDA:0,(anonymous_7)
FNDA:4,(anonymous_8)
FNDA:0,(anonymous_9)
FNDA:0,(anonymous_10)
FNDA:2,(anonymous_11)
FNDA:2,(anonymous_12)
DA:6,2
DA:9,0
DA:13,2
DA:14,0
DA:16,2
DA:20,1
DA:21,4
DA:22,4
DA:23,12
DA:26,4
DA:39,4
DA:40,2
DA:41,2
DA:44,4
DA:45,2
DA:52,2
DA:78,0
DA:79,0
DA:85,4
DA:86,4
DA:88,4
DA:113,0
DA:114,0
DA:128,1
DA:136,1
DA:137,2
DA:139,2
DA:143,1
LF:28
LH:22
BRDA:13,0,0,0
BRDA:13,0,1,2
BRDA:20,1,0,4
BRDA:44,2,0,2
BRDA:44,2,1,2
BRDA:96,3,0,2
BRDA:96,3,1,2
BRDA:107,4,0,2
BRDA:107,4,1,2
BRDA:116,5,0,2
BRDA:116,5,1,0
BRF:11
BRH:9
end_of_record
TN:
SF:src\components\CustomerSidebar.js
FN:5,CustomerSidebar
FN:32,(anonymous_1)
FN:50,(anonymous_2)
FN:54,(anonymous_3)
FN:84,(anonymous_4)
FN:85,(anonymous_5)
FNF:6
FNH:2
FNDA:4,CustomerSidebar
FNDA:24,(anonymous_1)
FNDA:0,(anonymous_2)
FNDA:0,(anonymous_3)
FNDA:0,(anonymous_4)
FNDA:0,(anonymous_5)
DA:6,4
DA:8,4
DA:17,4
DA:33,24
DA:34,24
DA:51,0
DA:52,0
DA:55,0
DA:56,0
DA:57,0
DA:84,0
DA:85,0
DA:94,1
LF:13
LH:6
BRDA:43,0,0,4
BRDA:43,0,1,20
BRDA:44,1,0,4
BRDA:44,1,1,20
BRDA:47,2,0,4
BRDA:47,2,1,20
BRDA:55,3,0,0
BRDA:55,3,1,0
BRF:8
BRH:6
end_of_record
TN:
SF:src\components\FeedbackPopup.js
FN:4,FeedbackPopup
FN:67,(anonymous_1)
FN:71,(anonymous_2)
FNF:3
FNH:1
FNDA:19,FeedbackPopup
FNDA:0,(anonymous_1)
FNDA:0,(anonymous_2)
DA:5,19
DA:10,19
DA:11,19
DA:12,19
DA:14,19
DA:65,19
DA:67,19
DA:68,0
DA:71,19
DA:72,0
DA:73,0
DA:75,0
DA:76,0
DA:77,0
DA:78,0
DA:80,0
DA:84,19
DA:86,0
LF:18
LH:9
BRDA:65,0,0,19
BRDA:65,0,1,0
BRDA:73,1,0,0
BRDA:73,1,1,0
BRDA:84,2,0,19
BRDA:84,2,1,0
BRDA:128,3,0,0
BRDA:128,3,1,0
BRF:8
BRH:2
end_of_record
TN:
SF:src\components\FloatingPromoButton.js
FN:4,FloatingPromoButton
FN:18,(anonymous_1)
FN:36,(anonymous_2)
FNF:3
FNH:1
FNDA:21,FloatingPromoButton
FNDA:0,(anonymous_1)
FNDA:0,(anonymous_2)
DA:5,21
DA:7,21
DA:18,0
DA:36,0
LF:4
LH:2
BRF:0
BRH:0
end_of_record
TN:
SF:src\components\Invoice.js
FN:4,Invoice
FN:44,(anonymous_1)
FN:58,(anonymous_2)
FN:94,(anonymous_3)
FN:95,(anonymous_4)
FN:96,(anonymous_5)
FNF:6
FNH:0
FNDA:0,Invoice
FNDA:0,(anonymous_1)
FNDA:0,(anonymous_2)
FNDA:0,(anonymous_3)
FNDA:0,(anonymous_4)
FNDA:0,(anonymous_5)
DA:5,0
DA:19,0
DA:21,0
DA:45,0
DA:59,0
DA:94,0
DA:95,0
DA:96,0
LF:8
LH:0
BRDA:5,0,0,0
BRDA:5,0,1,0
BRDA:10,1,0,0
BRDA:12,2,0,0
BRDA:13,3,0,0
BRDA:14,4,0,0
BRDA:17,5,0,0
BRDA:40,6,0,0
BRDA:40,6,1,0
BRDA:97,7,0,0
BRDA:97,7,1,0
BRDA:103,8,0,0
BRDA:103,8,1,0
BRF:13
BRH:0
end_of_record
TN:
SF:src\components\MerkatoFooter.js
FN:8,(anonymous_0)
FNF:1
FNH:1
FNDA:3,(anonymous_0)
DA:6,1
DA:8,1
DA:9,3
DA:59,1
LF:4
LH:4
BRDA:8,0,0,3
BRDA:11,1,0,3
BRDA:11,1,1,3
BRF:3
BRH:3
end_of_record
TN:
SF:src\components\Navbar.js
FN:5,(anonymous_0)
FN:36,(anonymous_1)
FN:40,(anonymous_2)
FN:41,(anonymous_3)
FN:57,(anonymous_4)
FN:61,(anonymous_5)
FN:62,(anonymous_6)
FNF:7
FNH:1
FNDA:11,(anonymous_0)
FNDA:0,(anonymous_1)
FNDA:0,(anonymous_2)
FNDA:0,(anonymous_3)
FNDA:0,(anonymous_4)
FNDA:0,(anonymous_5)
FNDA:0,(anonymous_6)
DA:5,1
DA:6,11
DA:7,11
DA:8,11
DA:9,11
DA:11,11
DA:37,0
DA:38,0
DA:41,0
DA:42,0
DA:58,0
DA:59,0
DA:62,0
DA:63,0
LF:14
LH:6
BRDA:46,0,0,11
BRDA:46,0,1,0
BRDA:67,1,0,11
BRDA:67,1,1,0
BRF:4
BRH:2
end_of_record
TN:
SF:src\components\ProductCard.js
FN:6,ProductCard
FN:33,(anonymous_1)
FN:59,(anonymous_2)
FNF:3
FNH:0
FNDA:0,ProductCard
FNDA:0,(anonymous_1)
FNDA:0,(anonymous_2)
DA:13,0
DA:14,0
DA:15,0
DA:16,0
DA:17,0
DA:18,0
DA:20,0
DA:34,0
DA:59,0
DA:74,1
LF:10
LH:1
BRDA:8,0,0,0
BRDA:9,1,0,0
BRDA:10,2,0,0
BRDA:13,3,0,0
BRDA:13,3,1,0
BRDA:13,3,2,0
BRDA:14,4,0,0
BRDA:14,4,1,0
BRDA:16,5,0,0
BRDA:16,5,1,0
BRDA:17,6,0,0
BRDA:17,6,1,0
BRDA:21,7,0,0
BRDA:21,7,1,0
BRDA:21,8,0,0
BRDA:21,8,1,0
BRDA:28,9,0,0
BRDA:28,9,1,0
BRDA:31,10,0,0
BRDA:31,10,1,0
BRDA:39,11,0,0
BRDA:39,11,1,0
BRDA:43,12,0,0
BRDA:43,12,1,0
BRDA:49,13,0,0
BRDA:49,13,1,0
BRDA:53,14,0,0
BRDA:53,14,1,0
BRDA:59,15,0,0
BRDA:59,15,1,0
BRDA:59,16,0,0
BRDA:59,16,1,0
BRDA:67,17,0,0
BRDA:67,17,1,0
BRF:34
BRH:0
end_of_record
TN:
SF:src\components\ProtectedRoute.js
FN:6,(anonymous_0)
FNF:1
FNH:1
FNDA:11,(anonymous_0)
DA:6,1
DA:7,11
DA:9,11
DA:11,5
DA:13,5
DA:14,1
DA:17,4
LF:7
LH:7
BRDA:9,0,0,6
BRDA:9,0,1,5
BRDA:11,1,0,5
BRDA:11,1,1,1
BRDA:13,2,0,1
BRDA:13,2,1,4
BRDA:13,3,0,5
BRDA:13,3,1,4
BRDA:13,3,2,4
BRF:9
BRH:9
end_of_record
TN:
SF:src\components\VendorCard.js
FN:6,VendorCard
FNF:1
FNH:0
FNDA:0,VendorCard
DA:7,0
DA:8,0
DA:9,0
DA:11,0
DA:39,1
LF:5
LH:1
BRDA:6,0,0,0
BRDA:6,1,0,0
BRDA:7,2,0,0
BRDA:7,2,1,0
BRDA:15,3,0,0
BRDA:15,3,1,0
BRDA:21,4,0,0
BRDA:21,4,1,0
BRDA:22,5,0,0
BRDA:22,5,1,0
BRDA:30,6,0,0
BRDA:30,6,1,0
BRF:12
BRH:0
end_of_record
TN:
SF:src\components\VendorSidebar.js
FN:5,(anonymous_0)
FNF:1
FNH:1
FNDA:2,(anonymous_0)
DA:5,1
DA:6,2
DA:16,2
DA:23,2
LF:4
LH:4
BRF:0
BRH:0
end_of_record
TN:
SF:src\components\QuickStatCard\QuickStatCard.js
FN:5,QuickStatCard
FN:6,(anonymous_1)
FNF:2
FNH:1
FNDA:8,QuickStatCard
FNDA:0,(anonymous_1)
DA:6,8
DA:7,0
DA:8,0
DA:9,0
DA:13,8
DA:29,1
LF:6
LH:3
BRDA:7,0,0,0
BRDA:7,0,1,0
BRDA:7,1,0,0
BRDA:7,1,1,0
BRF:4
BRH:0
end_of_record
TN:
SF:src\components\admin\AdminPromoAnalytics.js
FN:4,AdminPromoAnalytics
FN:9,(anonymous_1)
FN:10,(anonymous_2)
FN:40,(anonymous_3)
FNF:4
FNH:0
FNDA:0,AdminPromoAnalytics
FNDA:0,(anonymous_1)
FNDA:0,(anonymous_2)
FNDA:0,(anonymous_3)
DA:5,0
DA:6,0
DA:7,0
DA:9,0
DA:10,0
DA:11,0
DA:12,0
DA:15,0
DA:17,0
DA:20,0
DA:23,0
DA:41,0
DA:57,1
DA:58,1
LF:14
LH:2
BRDA:26,0,0,0
BRDA:26,0,1,0
BRDA:46,1,0,0
BRDA:46,1,1,0
BRDA:47,2,0,0
BRDA:47,2,1,0
BRDA:48,3,0,0
BRDA:48,3,1,0
BRF:8
BRH:0
end_of_record
TN:
SF:src\components\admin\AdminPromoCampaigns.js
FN:4,AdminPromoCampaigns
FN:18,(anonymous_1)
FN:22,(anonymous_2)
FN:33,(anonymous_3)
FN:67,(anonymous_4)
FN:68,(anonymous_5)
FN:69,(anonymous_6)
FN:70,(anonymous_7)
FN:71,(anonymous_8)
FN:72,(anonymous_9)
FN:74,(anonymous_10)
FN:95,(anonymous_11)
FNF:12
FNH:0
FNDA:0,AdminPromoCampaigns
FNDA:0,(anonymous_1)
FNDA:0,(anonymous_2)
FNDA:0,(anonymous_3)
FNDA:0,(anonymous_4)
FNDA:0,(anonymous_5)
FNDA:0,(anonymous_6)
FNDA:0,(anonymous_7)
FNDA:0,(anonymous_8)
FNDA:0,(anonymous_9)
FNDA:0,(anonymous_10)
FNDA:0,(anonymous_11)
DA:5,0
DA:6,0
DA:15,0
DA:16,0
DA:18,0
DA:19,0
DA:22,0
DA:23,0
DA:24,0
DA:27,0
DA:29,0
DA:33,0
DA:34,0
DA:35,0
DA:36,0
DA:37,0
DA:40,0
DA:41,0
DA:44,0
DA:53,0
DA:54,0
DA:56,0
DA:60,0
DA:67,0
DA:68,0
DA:69,0
DA:70,0
DA:71,0
DA:72,0
DA:74,0
DA:96,0
DA:112,1
DA:121,1
DA:122,1
LF:34
LH:3
BRDA:35,0,0,0
BRDA:35,0,1,0
BRDA:35,1,0,0
BRDA:35,1,1,0
BRDA:35,1,2,0
BRDA:63,2,0,0
BRDA:63,2,1,0
BRDA:63,3,0,0
BRDA:63,3,1,0
BRDA:100,4,0,0
BRDA:100,4,1,0
BRDA:101,5,0,0
BRDA:101,5,1,0
BRDA:102,6,0,0
BRDA:102,6,1,0
BRDA:103,7,0,0
BRDA:103,7,1,0
BRF:17
BRH:0
end_of_record
TN:
SF:src\components\admin\AdminPromoCodes.js
FN:4,AdminPromoCodes
FN:23,(anonymous_1)
FN:28,(anonymous_2)
FN:37,(anonymous_3)
FN:46,(anonymous_4)
FN:49,(anonymous_5)
FN:52,(anonymous_6)
FN:72,(anonymous_7)
FN:82,(anonymous_8)
FN:86,(anonymous_9)
FN:87,(anonymous_10)
FN:96,(anonymous_11)
FN:103,(anonymous_12)
FN:137,(anonymous_13)
FN:139,(anonymous_14)
FN:147,(anonymous_15)
FN:148,(anonymous_16)
FN:152,(anonymous_17)
FN:153,(anonymous_18)
FN:154,(anonymous_19)
FN:155,(anonymous_20)
FN:157,(anonymous_21)
FN:159,(anonymous_22)
FN:161,(anonymous_23)
FN:171,(anonymous_24)
FN:173,(anonymous_25)
FN:181,(anonymous_26)
FN:182,(anonymous_27)
FN:190,(anonymous_28)
FN:191,(anonymous_29)
FN:193,(anonymous_30)
FN:198,(anonymous_31)
FN:199,(anonymous_32)
FN:200,(anonymous_33)
FN:201,(anonymous_34)
FN:206,(anonymous_35)
FN:207,(anonymous_36)
FNF:37
FNH:0
FNDA:0,AdminPromoCodes
FNDA:0,(anonymous_1)
FNDA:0,(anonymous_2)
FNDA:0,(anonymous_3)
FNDA:0,(anonymous_4)
FNDA:0,(anonymous_5)
FNDA:0,(anonymous_6)
FNDA:0,(anonymous_7)
FNDA:0,(anonymous_8)
FNDA:0,(anonymous_9)
FNDA:0,(anonymous_10)
FNDA:0,(anonymous_11)
FNDA:0,(anonymous_12)
FNDA:0,(anonymous_13)
FNDA:0,(anonymous_14)
FNDA:0,(anonymous_15)
FNDA:0,(anonymous_16)
FNDA:0,(anonymous_17)
FNDA:0,(anonymous_18)
FNDA:0,(anonymous_19)
FNDA:0,(anonymous_20)
FNDA:0,(anonymous_21)
FNDA:0,(anonymous_22)
FNDA:0,(anonymous_23)
FNDA:0,(anonymous_24)
FNDA:0,(anonymous_25)
FNDA:0,(anonymous_26)
FNDA:0,(anonymous_27)
FNDA:0,(anonymous_28)
FNDA:0,(anonymous_29)
FNDA:0,(anonymous_30)
FNDA:0,(anonymous_31)
FNDA:0,(anonymous_32)
FNDA:0,(anonymous_33)
FNDA:0,(anonymous_34)
FNDA:0,(anonymous_35)
FNDA:0,(anonymous_36)
DA:5,0
DA:6,0
DA:7,0
DA:8,0
DA:9,0
DA:19,0
DA:20,0
DA:21,0
DA:23,0
DA:24,0
DA:25,0
DA:28,0
DA:29,0
DA:30,0
DA:31,0
DA:33,0
DA:37,0
DA:38,0
DA:39,0
DA:40,0
DA:42,0
DA:46,0
DA:47,0
DA:48,0
DA:49,0
DA:52,0
DA:53,0
DA:54,0
DA:55,0
DA:58,0
DA:59,0
DA:63,0
DA:66,0
DA:67,0
DA:69,0
DA:72,0
DA:73,0
DA:74,0
DA:75,0
DA:76,0
DA:78,0
DA:82,0
DA:83,0
DA:86,0
DA:87,0
DA:88,0
DA:89,0
DA:91,0
DA:93,0
DA:96,0
DA:97,0
DA:103,0
DA:104,0
DA:105,0
DA:106,0
DA:108,0
DA:120,0
DA:137,0
DA:140,0
DA:147,0
DA:148,0
DA:152,0
DA:153,0
DA:154,0
DA:155,0
DA:157,0
DA:159,0
DA:162,0
DA:171,0
DA:174,0
DA:181,0
DA:183,0
DA:190,0
DA:191,0
DA:193,0
DA:198,0
DA:199,0
DA:200,0
DA:201,0
DA:206,0
DA:207,0
LF:81
LH:0
BRDA:46,0,0,0
BRDA:53,1,0,0
BRDA:53,1,1,0
BRDA:53,2,0,0
BRDA:53,2,1,0
BRDA:53,2,2,0
BRDA:61,3,0,0
BRDA:61,3,1,0
BRDA:88,4,0,0
BRDA:88,4,1,0
BRDA:89,5,0,0
BRDA:89,5,1,0
BRDA:99,6,0,0
BRDA:99,6,1,0
BRDA:104,7,0,0
BRDA:104,7,1,0
BRDA:104,8,0,0
BRDA:104,8,1,0
BRDA:104,8,2,0
BRDA:112,9,0,0
BRDA:112,9,1,0
BRDA:113,10,0,0
BRDA:113,10,1,0
BRDA:114,11,0,0
BRDA:114,11,1,0
BRDA:115,12,0,0
BRDA:115,12,1,0
BRDA:116,13,0,0
BRDA:116,13,1,0
BRDA:124,14,0,0
BRDA:124,14,1,0
BRDA:128,15,0,0
BRDA:128,15,1,0
BRDA:128,16,0,0
BRDA:128,16,1,0
BRDA:129,17,0,0
BRDA:129,17,1,0
BRDA:129,18,0,0
BRDA:129,18,1,0
BRDA:131,19,0,0
BRDA:131,19,1,0
BRDA:131,20,0,0
BRDA:131,20,1,0
BRDA:181,21,0,0
BRDA:181,21,1,0
BRDA:198,22,0,0
BRDA:198,22,1,0
BRDA:199,23,0,0
BRDA:199,23,1,0
BRDA:200,24,0,0
BRDA:200,24,1,0
BRDA:201,25,0,0
BRDA:201,25,1,0
BRDA:202,26,0,0
BRDA:202,26,1,0
BRDA:203,27,0,0
BRDA:203,27,1,0
BRDA:207,28,0,0
BRDA:207,28,1,0
BRF:59
BRH:0
end_of_record
TN:
SF:src\components\admin\PromoManager.js
FN:6,PromoManager
FN:9,(anonymous_1)
FN:32,(anonymous_2)
FN:38,(anonymous_3)
FN:44,(anonymous_4)
FN:56,(anonymous_5)
FNF:6
FNH:0
FNDA:0,PromoManager
FNDA:0,(anonymous_1)
FNDA:0,(anonymous_2)
FNDA:0,(anonymous_3)
FNDA:0,(anonymous_4)
FNDA:0,(anonymous_5)
DA:7,0
DA:9,0
DA:10,0
DA:12,0
DA:14,0
DA:16,0
DA:18,0
DA:22,0
DA:32,0
DA:38,0
DA:44,0
DA:56,1
LF:12
LH:1
BRDA:10,0,0,0
BRDA:10,0,1,0
BRDA:10,0,2,0
BRDA:10,0,3,0
BRDA:58,1,0,0
BRDA:58,1,1,0
BRDA:59,2,0,0
BRDA:59,2,1,0
BRF:8
BRH:0
end_of_record
TN:
SF:src\components\admin\ReviewModeration.js
FN:7,ReviewModeration
FN:12,(anonymous_1)
FN:13,(anonymous_2)
FN:28,(anonymous_3)
FN:40,(anonymous_4)
FN:67,(anonymous_5)
FN:75,(anonymous_6)
FN:76,(anonymous_7)
FN:77,(anonymous_8)
FNF:9
FNH:0
FNDA:0,ReviewModeration
FNDA:0,(anonymous_1)
FNDA:0,(anonymous_2)
FNDA:0,(anonymous_3)
FNDA:0,(anonymous_4)
FNDA:0,(anonymous_5)
FNDA:0,(anonymous_6)
FNDA:0,(anonymous_7)
FNDA:0,(anonymous_8)
DA:8,0
DA:9,0
DA:10,0
DA:12,0
DA:13,0
DA:14,0
DA:15,0
DA:18,0
DA:20,0
DA:22,0
DA:25,0
DA:28,0
DA:29,0
DA:30,0
DA:31,0
DA:35,0
DA:39,0
DA:40,0
DA:42,0
DA:46,0
DA:48,0
DA:68,0
DA:75,0
DA:76,0
DA:77,0
LF:25
LH:0
BRDA:30,0,0,0
BRDA:30,0,1,0
BRDA:46,1,0,0
BRDA:46,1,1,0
BRDA:52,2,0,0
BRDA:52,2,1,0
BRDA:69,3,0,0
BRDA:69,3,1,0
BRDA:73,4,0,0
BRDA:73,4,1,0
BRF:10
BRH:0
end_of_record
TN:
SF:src\hooks\useUser.js
FN:7,useUser
FN:11,(anonymous_1)
FN:23,(anonymous_2)
FN:35,(anonymous_3)
FN:41,(anonymous_4)
FN:45,(anonymous_5)
FNF:6
FNH:5
FNDA:31,useUser
FNDA:16,(anonymous_1)
FNDA:8,(anonymous_2)
FNDA:2,(anonymous_3)
FNDA:10,(anonymous_4)
FNDA:0,(anonymous_5)
DA:5,1
DA:8,31
DA:9,30
DA:11,30
DA:12,16
DA:14,16
DA:15,6
DA:16,6
DA:17,6
DA:20,10
DA:24,8
DA:25,8
DA:26,0
DA:27,0
DA:28,0
DA:29,0
DA:31,8
DA:32,8
DA:36,2
DA:37,2
DA:38,2
DA:39,2
DA:41,10
DA:45,30
DA:46,0
DA:47,0
DA:48,0
DA:52,30
LF:28
LH:21
BRDA:5,0,0,1
BRDA:5,0,1,1
BRDA:14,1,0,6
BRDA:14,1,1,10
BRDA:24,2,0,8
BRDA:24,2,1,0
BRDA:25,3,0,0
BRDA:25,3,1,8
BRDA:25,4,0,8
BRDA:25,4,1,8
BRDA:25,4,2,8
BRF:11
BRH:9
end_of_record
TN:
SF:src\layouts\AuthLayout.js
FN:6,AuthLayout
FN:17,(anonymous_1)
FNF:2
FNH:2
FNDA:3,AuthLayout
FNDA:21,(anonymous_1)
DA:7,3
DA:8,3
DA:9,3
DA:10,3
DA:12,3
DA:18,21
DA:64,1
LF:7
LH:7
BRDA:32,0,0,3
BRDA:32,0,1,3
BRDA:34,1,0,3
BRDA:34,1,1,0
BRDA:52,2,0,3
BRDA:52,2,1,3
BRF:6
BRH:5
end_of_record
TN:
SF:src\layouts\CustomerLayout.js
FN:12,(anonymous_0)
FN:18,(anonymous_1)
FN:22,(anonymous_2)
FN:29,CustomerLayout
FN:36,(anonymous_4)
FN:37,(anonymous_5)
FN:38,(anonymous_6)
FN:39,(anonymous_7)
FN:40,(anonymous_8)
FN:44,(anonymous_9)
FN:48,(anonymous_10)
FN:56,(anonymous_11)
FN:78,(anonymous_12)
FN:111,(anonymous_13)
FN:163,(anonymous_14)
FN:167,(anonymous_15)
FN:172,(anonymous_16)
FN:182,(anonymous_17)
FNF:18
FNH:9
FNDA:0,(anonymous_0)
FNDA:2,(anonymous_1)
FNDA:8,(anonymous_2)
FNDA:4,CustomerLayout
FNDA:2,(anonymous_4)
FNDA:0,(anonymous_5)
FNDA:0,(anonymous_6)
FNDA:0,(anonymous_7)
FNDA:0,(anonymous_8)
FNDA:0,(anonymous_9)
FNDA:2,(anonymous_10)
FNDA:2,(anonymous_11)
FNDA:0,(anonymous_12)
FNDA:8,(anonymous_13)
FNDA:0,(anonymous_14)
FNDA:2,(anonymous_15)
FNDA:0,(anonymous_16)
FNDA:2,(anonymous_17)
DA:12,1
DA:13,0
DA:18,1
DA:19,2
DA:23,8
DA:30,4
DA:31,4
DA:32,4
DA:33,4
DA:36,4
DA:37,0
DA:38,0
DA:39,0
DA:40,0
DA:44,4
DA:45,0
DA:48,4
DA:49,2
DA:50,2
DA:52,0
DA:56,4
DA:57,2
DA:60,4
DA:61,2
DA:74,2
DA:75,0
DA:78,0
DA:85,2
DA:112,8
DA:144,1
DA:161,2
DA:164,0
DA:168,2
DA:169,0
DA:172,0
DA:178,2
DA:183,2
LF:37
LH:25
BRDA:37,0,0,2
BRDA:37,0,1,2
BRDA:38,1,0,2
BRDA:38,1,1,2
BRDA:39,2,0,2
BRDA:39,2,1,2
BRDA:40,3,0,2
BRDA:40,3,1,2
BRDA:57,4,0,2
BRDA:57,4,1,0
BRDA:60,5,0,2
BRDA:60,5,1,2
BRDA:74,6,0,0
BRDA:74,6,1,2
BRDA:102,7,0,2
BRDA:102,7,1,0
BRDA:110,8,0,2
BRDA:110,8,1,0
BRDA:118,9,0,2
BRDA:118,9,1,0
BRDA:168,10,0,0
BRDA:168,10,1,2
BRF:22
BRH:16
end_of_record
TN:
SF:src\layouts\PublicLayout.js
FN:8,PublicLayout
FN:37,(anonymous_1)
FNF:2
FNH:1
FNDA:6,PublicLayout
FNDA:0,(anonymous_1)
DA:9,6
DA:27,1
DA:34,1
LF:3
LH:3
BRF:0
BRH:0
end_of_record
TN:
SF:src\layouts\VendorLayout.js
FN:7,VendorLayout
FNF:1
FNH:1
FNDA:1,VendorLayout
DA:8,1
LF:1
LH:1
BRF:0
BRH:0
end_of_record
TN:
SF:src\pages\AdminAnalytics.js
FN:17,AdminAnalytics
FN:23,(anonymous_1)
FN:24,(anonymous_2)
FN:41,(anonymous_3)
FN:42,(anonymous_4)
FN:45,(anonymous_5)
FN:46,(anonymous_6)
FN:59,(anonymous_7)
FN:65,(anonymous_8)
FN:67,(anonymous_9)
FN:73,(anonymous_10)
FN:96,(anonymous_11)
FN:122,Card
FNF:13
FNH:0
FNDA:0,AdminAnalytics
FNDA:0,(anonymous_1)
FNDA:0,(anonymous_2)
FNDA:0,(anonymous_3)
FNDA:0,(anonymous_4)
FNDA:0,(anonymous_5)
FNDA:0,(anonymous_6)
FNDA:0,(anonymous_7)
FNDA:0,(anonymous_8)
FNDA:0,(anonymous_9)
FNDA:0,(anonymous_10)
FNDA:0,(anonymous_11)
FNDA:0,Card
DA:15,1
DA:18,0
DA:19,0
DA:20,0
DA:21,0
DA:23,0
DA:24,0
DA:25,0
DA:26,0
DA:27,0
DA:29,0
DA:36,0
DA:37,0
DA:38,0
DA:39,0
DA:41,0
DA:42,0
DA:43,0
DA:45,0
DA:46,0
DA:48,0
DA:57,0
DA:58,0
DA:59,0
DA:60,0
DA:61,0
DA:62,0
DA:65,0
DA:67,0
DA:68,0
DA:69,0
DA:72,0
DA:73,0
DA:75,0
DA:78,0
DA:81,0
DA:96,0
DA:123,0
LF:38
LH:1
BRDA:43,0,0,0
BRDA:43,0,1,0
BRDA:69,1,0,0
BRDA:69,1,1,0
BRF:4
BRH:0
end_of_record
TN:
SF:src\pages\AdminDashboard.js
FN:7,AdminDashboard
FN:20,(anonymous_1)
FN:21,(anonymous_2)
FN:55,(anonymous_3)
FN:59,(anonymous_4)
FN:123,(anonymous_5)
FN:133,(anonymous_6)
FN:144,(anonymous_7)
FN:154,(anonymous_8)
FNF:9
FNH:4
FNDA:2,AdminDashboard
FNDA:1,(anonymous_1)
FNDA:1,(anonymous_2)
FNDA:0,(anonymous_3)
FNDA:5,(anonymous_4)
FNDA:0,(anonymous_5)
FNDA:0,(anonymous_6)
FNDA:0,(anonymous_7)
FNDA:0,(anonymous_8)
DA:8,2
DA:9,2
DA:10,2
DA:11,2
DA:12,2
DA:13,2
DA:14,2
DA:15,2
DA:16,2
DA:18,2
DA:20,2
DA:21,1
DA:22,1
DA:23,1
DA:24,1
DA:26,0
DA:27,0
DA:28,0
DA:30,0
DA:39,0
DA:40,0
DA:41,0
DA:42,0
DA:43,0
DA:44,0
DA:47,1
DA:48,1
DA:52,1
DA:55,2
DA:56,2
DA:57,2
DA:59,2
DA:60,5
DA:72,2
DA:79,2
DA:80,1
DA:89,1
DA:124,0
DA:134,0
DA:145,0
DA:155,0
LF:41
LH:27
BRDA:26,0,0,0
BRDA:26,0,1,0
BRDA:56,1,0,2
BRDA:56,1,1,2
BRDA:73,2,0,2
BRDA:73,2,1,2
BRDA:73,2,2,2
BRDA:79,3,0,1
BRDA:79,3,1,1
BRDA:95,4,0,1
BRDA:95,4,1,0
BRDA:109,5,0,0
BRDA:109,5,1,1
BRDA:121,6,0,1
BRDA:121,6,1,0
BRDA:131,7,0,1
BRDA:131,7,1,0
BRDA:135,8,0,0
BRDA:135,8,1,0
BRDA:135,9,0,0
BRDA:135,9,1,0
BRDA:146,10,0,0
BRDA:146,10,1,0
BRDA:156,11,0,0
BRDA:156,11,1,0
BRF:25
BRH:11
end_of_record
TN:
SF:src\pages\AdminDeliveryOptions.js
FN:4,(anonymous_0)
FN:11,(anonymous_1)
FN:16,(anonymous_2)
FN:20,(anonymous_3)
FN:36,(anonymous_4)
FN:41,(anonymous_5)
FN:57,(anonymous_6)
FN:64,(anonymous_7)
FN:70,(anonymous_8)
FN:77,(anonymous_9)
FN:83,(anonymous_10)
FN:100,(anonymous_11)
FN:107,(anonymous_12)
FN:108,(anonymous_13)
FNF:14
FNH:0
FNDA:0,(anonymous_0)
FNDA:0,(anonymous_1)
FNDA:0,(anonymous_2)
FNDA:0,(anonymous_3)
FNDA:0,(anonymous_4)
FNDA:0,(anonymous_5)
FNDA:0,(anonymous_6)
FNDA:0,(anonymous_7)
FNDA:0,(anonymous_8)
FNDA:0,(anonymous_9)
FNDA:0,(anonymous_10)
FNDA:0,(anonymous_11)
FNDA:0,(anonymous_12)
FNDA:0,(anonymous_13)
DA:4,1
DA:5,0
DA:6,0
DA:7,0
DA:8,0
DA:9,0
DA:11,0
DA:12,0
DA:13,0
DA:16,0
DA:17,0
DA:20,0
DA:21,0
DA:22,0
DA:23,0
DA:24,0
DA:26,0
DA:28,0
DA:29,0
DA:30,0
DA:32,0
DA:36,0
DA:37,0
DA:38,0
DA:41,0
DA:42,0
DA:43,0
DA:44,0
DA:48,0
DA:57,0
DA:64,0
DA:70,0
DA:77,0
DA:83,0
DA:101,0
DA:107,0
DA:108,0
LF:37
LH:1
BRDA:23,0,0,0
BRDA:23,0,1,0
BRDA:42,1,0,0
BRDA:42,1,1,0
BRDA:86,2,0,0
BRDA:86,2,1,0
BRDA:105,3,0,0
BRDA:105,3,1,0
BRF:8
BRH:0
end_of_record
TN:
SF:src\pages\AdminDiscountManager.js
FN:7,AdminDashboard
FN:18,(anonymous_1)
FN:19,(anonymous_2)
FN:50,(anonymous_3)
FN:54,(anonymous_4)
FN:109,(anonymous_5)
FN:152,(anonymous_6)
FN:161,(anonymous_7)
FN:171,(anonymous_8)
FNF:9
FNH:0
FNDA:0,AdminDashboard
FNDA:0,(anonymous_1)
FNDA:0,(anonymous_2)
FNDA:0,(anonymous_3)
FNDA:0,(anonymous_4)
FNDA:0,(anonymous_5)
FNDA:0,(anonymous_6)
FNDA:0,(anonymous_7)
FNDA:0,(anonymous_8)
DA:8,0
DA:9,0
DA:10,0
DA:11,0
DA:12,0
DA:13,0
DA:14,0
DA:16,0
DA:18,0
DA:19,0
DA:20,0
DA:21,0
DA:22,0
DA:24,0
DA:25,0
DA:26,0
DA:28,0
DA:36,0
DA:37,0
DA:38,0
DA:39,0
DA:40,0
DA:43,0
DA:47,0
DA:50,0
DA:51,0
DA:52,0
DA:54,0
DA:55,0
DA:67,0
DA:73,0
DA:109,0
DA:153,0
DA:162,0
DA:172,0
LF:35
LH:0
BRDA:24,0,0,0
BRDA:24,0,1,0
BRDA:51,1,0,0
BRDA:51,1,1,0
BRDA:68,2,0,0
BRDA:68,2,1,0
BRDA:68,2,2,0
BRDA:134,3,0,0
BRDA:134,3,1,0
BRDA:136,4,0,0
BRDA:136,4,1,0
BRDA:150,5,0,0
BRDA:150,5,1,0
BRDA:163,6,0,0
BRDA:163,6,1,0
BRDA:173,7,0,0
BRDA:173,7,1,0
BRF:17
BRH:0
end_of_record
TN:
SF:src\pages\AdminExpenseManager.js
FN:5,AdminExpenseManager
FN:21,(anonymous_1)
FN:25,(anonymous_2)
FN:34,(anonymous_3)
FN:38,(anonymous_4)
FN:90,(anonymous_5)
FNF:6
FNH:0
FNDA:0,AdminExpenseManager
FNDA:0,(anonymous_1)
FNDA:0,(anonymous_2)
FNDA:0,(anonymous_3)
FNDA:0,(anonymous_4)
FNDA:0,(anonymous_5)
DA:6,0
DA:7,0
DA:13,0
DA:15,0
DA:17,0
DA:21,0
DA:22,0
DA:25,0
DA:26,0
DA:27,0
DA:28,0
DA:30,0
DA:34,0
DA:35,0
DA:38,0
DA:39,0
DA:40,0
DA:41,0
DA:42,0
DA:43,0
DA:44,0
DA:46,0
DA:50,0
DA:91,0
LF:24
LH:0
BRDA:86,0,0,0
BRDA:86,0,1,0
BRF:2
BRH:0
end_of_record
TN:
SF:src\pages\AdminFeedbackInbox.js
FN:4,AdminFeedbackInbox
FN:14,(anonymous_1)
FN:15,(anonymous_2)
FN:28,(anonymous_3)
FN:32,(anonymous_4)
FN:36,(anonymous_5)
FN:42,(anonymous_6)
FN:62,(anonymous_7)
FN:69,(anonymous_8)
FN:77,(anonymous_9)
FN:87,(anonymous_10)
FNF:11
FNH:0
FNDA:0,AdminFeedbackInbox
FNDA:0,(anonymous_1)
FNDA:0,(anonymous_2)
FNDA:0,(anonymous_3)
FNDA:0,(anonymous_4)
FNDA:0,(anonymous_5)
FNDA:0,(anonymous_6)
FNDA:0,(anonymous_7)
FNDA:0,(anonymous_8)
FNDA:0,(anonymous_9)
FNDA:0,(anonymous_10)
DA:5,0
DA:6,0
DA:7,0
DA:8,0
DA:9,0
DA:11,0
DA:12,0
DA:14,0
DA:15,0
DA:16,0
DA:17,0
DA:18,0
DA:19,0
DA:21,0
DA:25,0
DA:28,0
DA:29,0
DA:31,0
DA:32,0
DA:35,0
DA:36,0
DA:39,0
DA:42,0
DA:43,0
DA:55,0
DA:62,0
DA:69,0
DA:78,0
DA:79,0
DA:88,0
LF:30
LH:0
BRDA:31,0,0,0
BRDA:31,0,1,0
BRDA:35,1,0,0
BRDA:35,1,1,0
BRDA:58,2,0,0
BRDA:58,2,1,0
BRDA:84,3,0,0
BRDA:84,3,1,0
BRDA:88,4,0,0
BRDA:88,4,1,0
BRDA:88,5,0,0
BRDA:88,5,1,0
BRDA:91,6,0,0
BRDA:91,6,1,0
BRF:14
BRH:0
end_of_record
TN:
SF:src\pages\AdminFlagManager.js
FN:6,(anonymous_0)
FN:11,(anonymous_1)
FN:23,(anonymous_2)
FN:35,(anonymous_3)
FN:39,(anonymous_4)
FN:40,(anonymous_5)
FN:43,(anonymous_6)
FN:47,(anonymous_7)
FN:85,(anonymous_8)
FN:92,(anonymous_9)
FN:93,(anonymous_10)
FNF:11
FNH:0
FNDA:0,(anonymous_0)
FNDA:0,(anonymous_1)
FNDA:0,(anonymous_2)
FNDA:0,(anonymous_3)
FNDA:0,(anonymous_4)
FNDA:0,(anonymous_5)
FNDA:0,(anonymous_6)
FNDA:0,(anonymous_7)
FNDA:0,(anonymous_8)
FNDA:0,(anonymous_9)
FNDA:0,(anonymous_10)
DA:6,1
DA:7,0
DA:8,0
DA:9,0
DA:11,0
DA:12,0
DA:13,0
DA:14,0
DA:15,0
DA:17,0
DA:19,0
DA:23,0
DA:24,0
DA:25,0
DA:26,0
DA:27,0
DA:28,0
DA:29,0
DA:31,0
DA:35,0
DA:36,0
DA:39,0
DA:40,0
DA:42,0
DA:43,0
DA:46,0
DA:48,0
DA:49,0
DA:51,0
DA:55,0
DA:86,0
DA:92,0
DA:93,0
LF:33
LH:1
BRDA:40,0,0,0
BRDA:40,0,1,0
BRDA:42,1,0,0
BRDA:42,1,1,0
BRDA:46,2,0,0
BRDA:46,2,1,0
BRDA:48,3,0,0
BRDA:48,3,1,0
BRDA:64,4,0,0
BRDA:64,4,1,0
BRDA:65,5,0,0
BRDA:65,5,1,0
BRDA:69,6,0,0
BRDA:69,6,1,0
BRDA:71,7,0,0
BRDA:71,7,1,0
BRDA:87,8,0,0
BRDA:87,8,1,0
BRDA:90,9,0,0
BRDA:90,9,1,0
BRF:20
BRH:0
end_of_record
TN:
SF:src\pages\AdminOrders.js
FN:6,AdminOrders
FN:22,(anonymous_1)
FN:23,(anonymous_2)
FN:34,(anonymous_3)
FN:45,(anonymous_4)
FN:52,(anonymous_5)
FN:61,(anonymous_6)
FN:63,(anonymous_7)
FN:66,(anonymous_8)
FN:68,(anonymous_9)
FN:76,(anonymous_10)
FN:77,(anonymous_11)
FN:86,(anonymous_12)
FN:88,(anonymous_13)
FN:98,(anonymous_14)
FN:110,(anonymous_15)
FN:140,(anonymous_16)
FN:150,(anonymous_17)
FN:172,(anonymous_18)
FNF:19
FNH:0
FNDA:0,AdminOrders
FNDA:0,(anonymous_1)
FNDA:0,(anonymous_2)
FNDA:0,(anonymous_3)
FNDA:0,(anonymous_4)
FNDA:0,(anonymous_5)
FNDA:0,(anonymous_6)
FNDA:0,(anonymous_7)
FNDA:0,(anonymous_8)
FNDA:0,(anonymous_9)
FNDA:0,(anonymous_10)
FNDA:0,(anonymous_11)
FNDA:0,(anonymous_12)
FNDA:0,(anonymous_13)
FNDA:0,(anonymous_14)
FNDA:0,(anonymous_15)
FNDA:0,(anonymous_16)
FNDA:0,(anonymous_17)
FNDA:0,(anonymous_18)
DA:7,0
DA:8,0
DA:9,0
DA:10,0
DA:11,0
DA:12,0
DA:13,0
DA:15,0
DA:22,0
DA:23,0
DA:24,0
DA:25,0
DA:26,0
DA:28,0
DA:31,0
DA:34,0
DA:35,0
DA:36,0
DA:37,0
DA:38,0
DA:39,0
DA:41,0
DA:45,0
DA:46,0
DA:47,0
DA:48,0
DA:49,0
DA:52,0
DA:53,0
DA:54,0
DA:55,0
DA:57,0
DA:61,0
DA:62,0
DA:63,0
DA:66,0
DA:68,0
DA:71,0
DA:76,0
DA:77,0
DA:86,0
DA:89,0
DA:99,0
DA:111,0
DA:141,0
DA:150,0
DA:172,0
LF:47
LH:0
BRDA:47,0,0,0
BRDA:47,0,1,0
BRDA:48,1,0,0
BRDA:48,1,1,0
BRDA:62,2,0,0
BRDA:62,2,1,0
BRDA:89,3,0,0
BRDA:89,3,1,0
BRDA:94,4,0,0
BRDA:94,4,1,0
BRDA:99,5,0,0
BRDA:99,5,1,0
BRDA:105,6,0,0
BRDA:105,6,1,0
BRDA:107,7,0,0
BRDA:107,7,1,0
BRDA:123,8,0,0
BRDA:123,8,1,0
BRDA:132,9,0,0
BRDA:132,9,1,0
BRDA:133,10,0,0
BRDA:133,10,1,0
BRDA:134,11,0,0
BRDA:134,11,1,0
BRDA:136,12,0,0
BRDA:136,12,1,0
BRDA:162,13,0,0
BRDA:162,13,1,0
BRDA:163,14,0,0
BRDA:163,14,1,0
BRDA:164,15,0,0
BRDA:164,15,1,0
BRDA:166,16,0,0
BRDA:166,16,1,0
BRDA:168,17,0,0
BRDA:168,17,1,0
BRDA:169,18,0,0
BRDA:169,18,1,0
BRF:38
BRH:0
end_of_record
TN:
SF:src\pages\AdminSupportInbox.js
FN:4,AdminSupportInbox
FN:13,(anonymous_1)
FN:22,(anonymous_2)
FN:26,(anonymous_3)
FN:41,(anonymous_4)
FN:56,(anonymous_5)
FN:66,(anonymous_6)
FN:75,(anonymous_7)
FN:79,(anonymous_8)
FN:80,(anonymous_9)
FNF:10
FNH:0
FNDA:0,AdminSupportInbox
FNDA:0,(anonymous_1)
FNDA:0,(anonymous_2)
FNDA:0,(anonymous_3)
FNDA:0,(anonymous_4)
FNDA:0,(anonymous_5)
FNDA:0,(anonymous_6)
FNDA:0,(anonymous_7)
FNDA:0,(anonymous_8)
FNDA:0,(anonymous_9)
DA:5,0
DA:6,0
DA:7,0
DA:8,0
DA:10,0
DA:11,0
DA:13,0
DA:14,0
DA:15,0
DA:16,0
DA:18,0
DA:22,0
DA:23,0
DA:26,0
DA:27,0
DA:28,0
DA:33,0
DA:34,0
DA:35,0
DA:37,0
DA:41,0
DA:42,0
DA:48,0
DA:57,0
DA:66,0
DA:75,0
DA:79,0
DA:80,0
LF:28
LH:0
BRDA:51,0,0,0
BRDA:51,0,1,0
BRDA:53,1,0,0
BRDA:53,1,1,0
BRDA:57,2,0,0
BRDA:57,2,1,0
BRDA:60,3,0,0
BRDA:60,3,1,0
BRDA:65,4,0,0
BRDA:65,4,1,0
BRDA:65,4,2,0
BRDA:69,5,0,0
BRDA:69,5,1,0
BRDA:84,6,0,0
BRDA:84,6,1,0
BRF:15
BRH:0
end_of_record
TN:
SF:src\pages\CartPage.js
FN:5,CartPage
FN:11,(anonymous_1)
FN:32,(anonymous_2)
FN:40,(anonymous_3)
FN:47,(anonymous_4)
FN:48,(anonymous_5)
FN:52,(anonymous_6)
FN:54,(anonymous_7)
FN:95,(anonymous_8)
FN:108,(anonymous_9)
FN:109,(anonymous_10)
FN:110,(anonymous_11)
FNF:12
FNH:0
FNDA:0,CartPage
FNDA:0,(anonymous_1)
FNDA:0,(anonymous_2)
FNDA:0,(anonymous_3)
FNDA:0,(anonymous_4)
FNDA:0,(anonymous_5)
FNDA:0,(anonymous_6)
FNDA:0,(anonymous_7)
FNDA:0,(anonymous_8)
FNDA:0,(anonymous_9)
FNDA:0,(anonymous_10)
FNDA:0,(anonymous_11)
DA:6,0
DA:7,0
DA:8,0
DA:9,0
DA:11,0
DA:12,0
DA:13,0
DA:14,0
DA:17,0
DA:18,0
DA:19,0
DA:20,0
DA:21,0
DA:23,0
DA:24,0
DA:25,0
DA:27,0
DA:32,0
DA:33,0
DA:34,0
DA:40,0
DA:41,0
DA:42,0
DA:43,0
DA:44,0
DA:47,0
DA:48,0
DA:49,0
DA:52,0
DA:54,0
DA:55,0
DA:56,0
DA:57,0
DA:59,0
DA:62,0
DA:63,0
DA:80,0
DA:96,0
DA:108,0
DA:109,0
DA:110,0
DA:140,1
LF:42
LH:1
BRDA:12,0,0,0
BRDA:12,0,1,0
BRDA:18,1,0,0
BRDA:18,1,1,0
BRDA:21,2,0,0
BRDA:21,2,1,0
BRDA:23,3,0,0
BRDA:23,3,1,0
BRDA:27,4,0,0
BRDA:27,4,1,0
BRDA:43,5,0,0
BRDA:43,5,1,0
BRDA:55,6,0,0
BRDA:55,6,1,0
BRDA:62,7,0,0
BRDA:62,7,1,0
BRDA:117,8,0,0
BRDA:117,8,1,0
BRDA:117,9,0,0
BRDA:117,9,1,0
BRF:20
BRH:0
end_of_record
TN:
SF:src\pages\CheckoutSuccess.js
FN:5,CheckoutSuccess
FNF:1
FNH:0
FNDA:0,CheckoutSuccess
DA:6,0
LF:1
LH:0
BRF:0
BRH:0
end_of_record
TN:
SF:src\pages\CustomerDashboard.js
FN:10,CustomerDashboard
FN:23,(anonymous_1)
FN:32,(anonymous_2)
FN:49,(anonymous_3)
FN:65,(anonymous_4)
FN:70,(anonymous_5)
FN:71,(anonymous_6)
FN:76,(anonymous_7)
FN:79,(anonymous_8)
FN:87,(anonymous_9)
FN:119,(anonymous_10)
FN:125,(anonymous_11)
FN:131,(anonymous_12)
FN:137,(anonymous_13)
FN:148,(anonymous_14)
FN:179,(anonymous_15)
FN:226,(anonymous_16)
FN:255,(anonymous_17)
FNF:18
FNH:0
FNDA:0,CustomerDashboard
FNDA:0,(anonymous_1)
FNDA:0,(anonymous_2)
FNDA:0,(anonymous_3)
FNDA:0,(anonymous_4)
FNDA:0,(anonymous_5)
FNDA:0,(anonymous_6)
FNDA:0,(anonymous_7)
FNDA:0,(anonymous_8)
FNDA:0,(anonymous_9)
FNDA:0,(anonymous_10)
FNDA:0,(anonymous_11)
FNDA:0,(anonymous_12)
FNDA:0,(anonymous_13)
FNDA:0,(anonymous_14)
FNDA:0,(anonymous_15)
FNDA:0,(anonymous_16)
FNDA:0,(anonymous_17)
DA:8,1
DA:11,0
DA:12,0
DA:13,0
DA:14,0
DA:15,0
DA:16,0
DA:17,0
DA:18,0
DA:20,0
DA:21,0
DA:23,0
DA:24,0
DA:25,0
DA:26,0
DA:27,0
DA:28,0
DA:32,0
DA:33,0
DA:34,0
DA:35,0
DA:38,0
DA:39,0
DA:40,0
DA:42,0
DA:48,0
DA:49,0
DA:52,0
DA:53,0
DA:54,0
DA:55,0
DA:56,0
DA:57,0
DA:59,0
DA:61,0
DA:65,0
DA:66,0
DA:70,0
DA:71,0
DA:72,0
DA:75,0
DA:76,0
DA:79,0
DA:80,0
DA:81,0
DA:82,0
DA:83,0
DA:87,0
DA:88,0
DA:90,0
DA:91,0
DA:92,0
DA:93,0
DA:95,0
DA:100,0
DA:101,0
DA:106,0
DA:107,0
DA:109,0
DA:110,0
DA:114,0
DA:119,0
DA:125,0
DA:131,0
DA:137,0
DA:141,0
DA:149,0
DA:180,0
DA:227,0
DA:256,0
DA:276,1
LF:71
LH:2
BRDA:8,0,0,1
BRDA:8,0,1,1
BRDA:25,1,0,0
BRDA:25,1,1,0
BRDA:26,2,0,0
BRDA:26,2,1,0
BRDA:33,3,0,0
BRDA:33,3,1,0
BRDA:52,4,0,0
BRDA:52,4,1,0
BRDA:54,5,0,0
BRDA:54,5,1,0
BRDA:55,6,0,0
BRDA:55,6,1,0
BRDA:56,7,0,0
BRDA:56,7,1,0
BRDA:57,8,0,0
BRDA:57,8,1,0
BRDA:81,9,0,0
BRDA:81,9,1,0
BRDA:88,10,0,0
BRDA:88,10,1,0
BRDA:118,11,0,0
BRDA:118,11,1,0
BRDA:124,12,0,0
BRDA:124,12,1,0
BRDA:130,13,0,0
BRDA:130,13,1,0
BRDA:136,14,0,0
BRDA:136,14,1,0
BRDA:144,15,0,0
BRDA:144,15,1,0
BRDA:157,16,0,0
BRDA:157,16,1,0
BRDA:168,17,0,0
BRDA:168,17,1,0
BRDA:171,18,0,0
BRDA:171,18,1,0
BRDA:193,19,0,0
BRDA:193,19,1,0
BRDA:222,20,0,0
BRDA:222,20,1,0
BRDA:242,21,0,0
BRDA:242,21,1,0
BRDA:251,22,0,0
BRDA:251,22,1,0
BRF:46
BRH:2
end_of_record
TN:
SF:src\pages\CustomerGuide.js
FN:3,CustomerGuide
FNF:1
FNH:0
FNDA:0,CustomerGuide
DA:4,0
LF:1
LH:0
BRF:0
BRH:0
end_of_record
TN:
SF:src\pages\CustomerInbox.js
FN:6,(anonymous_0)
FN:12,(anonymous_1)
FN:13,(anonymous_2)
FN:33,(anonymous_3)
FNF:4
FNH:0
FNDA:0,(anonymous_0)
FNDA:0,(anonymous_1)
FNDA:0,(anonymous_2)
FNDA:0,(anonymous_3)
DA:6,1
DA:7,0
DA:8,0
DA:9,0
DA:10,0
DA:12,0
DA:13,0
DA:14,0
DA:15,0
DA:16,0
DA:18,0
DA:21,0
DA:24,0
DA:34,0
LF:14
LH:1
BRDA:16,0,0,0
BRDA:16,0,1,0
BRDA:27,1,0,0
BRDA:27,1,1,0
BRDA:29,2,0,0
BRDA:29,2,1,0
BRDA:36,3,0,0
BRDA:36,3,1,0
BRF:8
BRH:0
end_of_record
TN:
SF:src\pages\CustomerOrders.js
FN:6,CustomerOrders
FN:15,(anonymous_1)
FN:19,(anonymous_2)
FN:23,(anonymous_3)
FN:36,(anonymous_4)
FN:57,(anonymous_5)
FN:60,(anonymous_6)
FN:73,(anonymous_7)
FN:97,(anonymous_8)
FN:110,(anonymous_9)
FN:111,(anonymous_10)
FN:122,(anonymous_11)
FN:127,(anonymous_12)
FN:164,(anonymous_13)
FN:169,(anonymous_14)
FN:175,(anonymous_15)
FN:182,(anonymous_16)
FNF:17
FNH:0
FNDA:0,CustomerOrders
FNDA:0,(anonymous_1)
FNDA:0,(anonymous_2)
FNDA:0,(anonymous_3)
FNDA:0,(anonymous_4)
FNDA:0,(anonymous_5)
FNDA:0,(anonymous_6)
FNDA:0,(anonymous_7)
FNDA:0,(anonymous_8)
FNDA:0,(anonymous_9)
FNDA:0,(anonymous_10)
FNDA:0,(anonymous_11)
FNDA:0,(anonymous_12)
FNDA:0,(anonymous_13)
FNDA:0,(anonymous_14)
FNDA:0,(anonymous_15)
FNDA:0,(anonymous_16)
DA:7,0
DA:8,0
DA:9,0
DA:10,0
DA:11,0
DA:12,0
DA:13,0
DA:15,0
DA:16,0
DA:17,0
DA:18,0
DA:19,0
DA:20,0
DA:23,0
DA:24,0
DA:25,0
DA:28,0
DA:30,0
DA:33,0
DA:36,0
DA:37,0
DA:38,0
DA:39,0
DA:40,0
DA:41,0
DA:42,0
DA:43,0
DA:44,0
DA:45,0
DA:46,0
DA:47,0
DA:48,0
DA:49,0
DA:50,0
DA:51,0
DA:52,0
DA:53,0
DA:57,0
DA:58,0
DA:59,0
DA:60,0
DA:61,0
DA:73,0
DA:74,0
DA:75,0
DA:76,0
DA:77,0
DA:80,0
DA:82,0
DA:84,0
DA:85,0
DA:89,0
DA:97,0
DA:110,0
DA:112,0
DA:122,0
DA:127,0
DA:164,0
DA:169,0
DA:175,0
DA:182,0
LF:61
LH:0
BRDA:17,0,0,0
BRDA:17,0,1,0
BRDA:38,1,0,0
BRDA:38,1,1,0
BRDA:59,2,0,0
BRDA:59,2,1,0
BRDA:92,3,0,0
BRDA:92,3,1,0
BRDA:94,4,0,0
BRDA:94,4,1,0
BRDA:106,5,0,0
BRDA:106,5,1,0
BRDA:106,6,0,0
BRDA:106,6,1,0
BRDA:110,7,0,0
BRDA:110,7,1,0
BRDA:110,8,0,0
BRDA:110,8,1,0
BRDA:144,9,0,0
BRDA:144,9,1,0
BRDA:178,10,0,0
BRDA:178,10,1,0
BRF:22
BRH:0
end_of_record
TN:
SF:src\pages\DirectChat.js
FN:6,(anonymous_0)
FN:22,(anonymous_1)
FN:25,(anonymous_2)
FN:26,(anonymous_3)
FN:30,(anonymous_4)
FN:36,(anonymous_5)
FN:47,(anonymous_6)
FN:61,(anonymous_7)
FN:71,(anonymous_8)
FN:90,(anonymous_9)
FN:116,(anonymous_10)
FNF:11
FNH:0
FNDA:0,(anonymous_0)
FNDA:0,(anonymous_1)
FNDA:0,(anonymous_2)
FNDA:0,(anonymous_3)
FNDA:0,(anonymous_4)
FNDA:0,(anonymous_5)
FNDA:0,(anonymous_6)
FNDA:0,(anonymous_7)
FNDA:0,(anonymous_8)
FNDA:0,(anonymous_9)
FNDA:0,(anonymous_10)
DA:6,1
DA:7,0
DA:8,0
DA:9,0
DA:10,0
DA:11,0
DA:13,0
DA:14,0
DA:15,0
DA:17,0
DA:18,0
DA:19,0
DA:22,0
DA:23,0
DA:24,0
DA:25,0
DA:26,0
DA:30,0
DA:31,0
DA:32,0
DA:36,0
DA:37,0
DA:38,0
DA:39,0
DA:40,0
DA:42,0
DA:44,0
DA:47,0
DA:48,0
DA:49,0
DA:50,0
DA:54,0
DA:55,0
DA:57,0
DA:61,0
DA:62,0
DA:63,0
DA:67,0
DA:71,0
DA:91,0
DA:116,0
LF:41
LH:1
BRDA:9,0,0,0
BRDA:9,0,1,0
BRDA:23,1,0,0
BRDA:23,1,1,0
BRDA:23,2,0,0
BRDA:23,2,1,0
BRDA:31,3,0,0
BRDA:31,3,1,0
BRDA:31,4,0,0
BRDA:31,4,1,0
BRDA:39,5,0,0
BRDA:39,5,1,0
BRDA:48,6,0,0
BRDA:48,6,1,0
BRDA:51,7,0,0
BRDA:51,7,1,0
BRDA:62,8,0,0
BRDA:62,8,1,0
BRDA:70,9,0,0
BRDA:70,9,1,0
BRDA:80,10,0,0
BRDA:80,10,1,0
BRDA:93,11,0,0
BRDA:93,11,1,0
BRDA:97,12,0,0
BRDA:97,12,1,0
BRDA:98,13,0,0
BRDA:98,13,1,0
BRDA:105,14,0,0
BRDA:105,14,1,0
BRF:30
BRH:0
end_of_record
TN:
SF:src\pages\EditProfile.js
FN:5,EditProfile
FN:17,(anonymous_1)
FN:24,(anonymous_2)
FN:36,(anonymous_3)
FN:41,(anonymous_4)
FN:45,(anonymous_5)
FNF:6
FNH:0
FNDA:0,EditProfile
FNDA:0,(anonymous_1)
FNDA:0,(anonymous_2)
FNDA:0,(anonymous_3)
FNDA:0,(anonymous_4)
FNDA:0,(anonymous_5)
DA:6,0
DA:7,0
DA:15,0
DA:17,0
DA:18,0
DA:19,0
DA:21,0
DA:25,0
DA:26,0
DA:27,0
DA:37,0
DA:41,0
DA:42,0
DA:45,0
DA:46,0
DA:47,0
DA:48,0
DA:50,0
DA:51,0
DA:52,0
DA:54,0
DA:56,0
DA:58,0
DA:62,0
DA:64,0
LF:25
LH:0
BRDA:19,0,0,0
BRDA:19,0,1,0
BRDA:25,1,0,0
BRDA:25,1,1,0
BRDA:28,2,0,0
BRDA:28,2,1,0
BRDA:29,3,0,0
BRDA:29,3,1,0
BRDA:30,4,0,0
BRDA:30,4,1,0
BRDA:31,5,0,0
BRDA:31,5,1,0
BRDA:32,6,0,0
BRDA:32,6,1,0
BRDA:33,7,0,0
BRDA:33,7,1,0
BRDA:51,8,0,0
BRDA:51,8,1,0
BRDA:62,9,0,0
BRDA:62,9,1,0
BRDA:67,10,0,0
BRDA:67,10,1,0
BRDA:67,11,0,0
BRDA:67,11,1,0
BRDA:81,12,0,0
BRDA:81,12,1,0
BRF:26
BRH:0
end_of_record
TN:
SF:src\pages\FavoritesPage.js
FN:6,FavoritesPage
FN:11,(anonymous_1)
FN:12,(anonymous_2)
FN:16,(anonymous_3)
FN:32,(anonymous_4)
FN:35,(anonymous_5)
FN:41,(anonymous_6)
FN:42,(anonymous_7)
FN:72,(anonymous_8)
FN:84,(anonymous_9)
FN:92,(anonymous_10)
FNF:11
FNH:0
FNDA:0,FavoritesPage
FNDA:0,(anonymous_1)
FNDA:0,(anonymous_2)
FNDA:0,(anonymous_3)
FNDA:0,(anonymous_4)
FNDA:0,(anonymous_5)
FNDA:0,(anonymous_6)
FNDA:0,(anonymous_7)
FNDA:0,(anonymous_8)
FNDA:0,(anonymous_9)
FNDA:0,(anonymous_10)
DA:7,0
DA:8,0
DA:9,0
DA:11,0
DA:12,0
DA:13,0
DA:14,0
DA:15,0
DA:16,0
DA:17,0
DA:19,0
DA:20,0
DA:22,0
DA:23,0
DA:25,0
DA:29,0
DA:32,0
DA:33,0
DA:34,0
DA:35,0
DA:37,0
DA:39,0
DA:40,0
DA:41,0
DA:42,0
DA:46,0
DA:47,0
DA:56,0
DA:57,0
DA:68,0
DA:73,0
DA:85,0
DA:93,0
DA:94,0
DA:95,0
LF:35
LH:0
BRDA:15,0,0,0
BRDA:15,0,1,0
BRDA:34,1,0,0
BRDA:34,1,1,0
BRDA:46,2,0,0
BRDA:46,2,1,0
BRDA:56,3,0,0
BRDA:56,3,1,0
BRDA:75,4,0,0
BRDA:75,4,1,0
BRDA:86,5,0,0
BRDA:86,5,1,0
BRDA:86,6,0,0
BRDA:86,6,1,0
BRDA:98,7,0,0
BRDA:98,7,1,0
BRF:16
BRH:0
end_of_record
TN:
SF:src\pages\ForgotPasswordPage.js
FN:6,ForgotPasswordPage
FN:13,(anonymous_1)
FN:72,(anonymous_2)
FNF:3
FNH:0
FNDA:0,ForgotPasswordPage
FNDA:0,(anonymous_1)
FNDA:0,(anonymous_2)
DA:7,0
DA:8,0
DA:9,0
DA:10,0
DA:11,0
DA:13,0
DA:14,0
DA:16,0
DA:17,0
DA:18,0
DA:19,0
DA:22,0
DA:23,0
DA:24,0
DA:26,0
DA:27,0
DA:28,0
DA:30,0
DA:32,0
DA:34,0
DA:36,0
DA:40,0
DA:41,0
DA:55,0
DA:72,0
LF:25
LH:0
BRDA:16,0,0,0
BRDA:16,0,1,0
BRDA:16,1,0,0
BRDA:16,1,1,0
BRDA:40,2,0,0
BRDA:40,2,1,0
BRDA:73,3,0,0
BRDA:73,3,1,0
BRDA:81,4,0,0
BRDA:81,4,1,0
BRDA:83,5,0,0
BRDA:83,5,1,0
BRDA:95,6,0,0
BRDA:95,6,1,0
BRF:14
BRH:0
end_of_record
TN:
SF:src\pages\HomePage.js
FN:13,HomePage
FN:19,(anonymous_1)
FN:20,(anonymous_2)
FN:28,(anonymous_3)
FN:32,(anonymous_4)
FN:35,(anonymous_5)
FN:47,(anonymous_6)
FN:51,(anonymous_7)
FN:55,(anonymous_8)
FN:61,(anonymous_9)
FN:78,(anonymous_10)
FN:97,(anonymous_11)
FNF:12
FNH:4
FNDA:4,HomePage
FNDA:2,(anonymous_1)
FNDA:2,(anonymous_2)
FNDA:0,(anonymous_3)
FNDA:0,(anonymous_4)
FNDA:0,(anonymous_5)
FNDA:0,(anonymous_6)
FNDA:56,(anonymous_7)
FNDA:0,(anonymous_8)
FNDA:0,(anonymous_9)
FNDA:0,(anonymous_10)
FNDA:0,(anonymous_11)
DA:7,1
DA:14,4
DA:15,4
DA:16,4
DA:17,4
DA:19,4
DA:20,2
DA:21,2
DA:22,0
DA:24,2
DA:27,4
DA:28,0
DA:31,4
DA:32,0
DA:35,4
DA:36,0
DA:37,0
DA:38,0
DA:42,4
DA:48,0
DA:52,56
DA:55,0
DA:62,0
DA:79,0
DA:98,0
LF:25
LH:14
BRDA:28,0,0,0
BRDA:28,0,1,0
BRDA:32,1,0,0
BRDA:32,1,1,0
BRDA:37,2,0,0
BRDA:37,2,1,0
BRDA:54,3,0,4
BRDA:54,3,1,52
BRDA:70,4,0,4
BRDA:70,4,1,0
BRDA:77,5,0,0
BRDA:77,5,1,0
BRDA:84,6,0,0
BRDA:84,6,1,0
BRDA:95,7,0,4
BRDA:95,7,1,4
BRDA:103,8,0,0
BRDA:103,8,1,0
BRF:18
BRH:5
end_of_record
TN:
SF:src\pages\InvoiceReport.js
FN:4,InvoiceReport
FN:8,(anonymous_1)
FN:9,(anonymous_2)
FN:28,(anonymous_3)
FN:32,(anonymous_4)
FN:41,(anonymous_5)
FN:77,(anonymous_6)
FNF:7
FNH:0
FNDA:0,InvoiceReport
FNDA:0,(anonymous_1)
FNDA:0,(anonymous_2)
FNDA:0,(anonymous_3)
FNDA:0,(anonymous_4)
FNDA:0,(anonymous_5)
FNDA:0,(anonymous_6)
DA:5,0
DA:6,0
DA:8,0
DA:9,0
DA:10,0
DA:11,0
DA:12,0
DA:17,0
DA:19,0
DA:21,0
DA:25,0
DA:28,0
DA:29,0
DA:31,0
DA:32,0
DA:41,0
DA:42,0
DA:43,0
DA:44,0
DA:45,0
DA:46,0
DA:49,0
DA:50,0
DA:52,0
DA:78,0
LF:25
LH:0
BRDA:29,0,0,0
BRDA:29,0,1,0
BRDA:35,1,0,0
BRDA:35,1,1,0
BRDA:49,2,0,0
BRDA:49,2,1,0
BRDA:50,3,0,0
BRDA:50,3,1,0
BRDA:81,4,0,0
BRDA:81,4,1,0
BRF:10
BRH:0
end_of_record
TN:
SF:src\pages\LoginPage.js
FN:6,LoginPage
FN:19,(anonymous_1)
FN:78,(anonymous_2)
FN:89,(anonymous_3)
FN:93,(anonymous_4)
FN:125,(anonymous_5)
FN:184,(anonymous_6)
FN:199,(anonymous_7)
FNF:8
FNH:2
FNDA:3,LoginPage
FNDA:2,(anonymous_1)
FNDA:0,(anonymous_2)
FNDA:0,(anonymous_3)
FNDA:0,(anonymous_4)
FNDA:0,(anonymous_5)
FNDA:0,(anonymous_6)
FNDA:0,(anonymous_7)
DA:8,3
DA:9,3
DA:10,3
DA:11,3
DA:12,3
DA:13,3
DA:14,3
DA:15,3
DA:16,3
DA:19,3
DA:20,2
DA:21,2
DA:22,2
DA:23,2
DA:24,2
DA:25,2
DA:28,0
DA:29,0
DA:30,0
DA:32,0
DA:33,0
DA:34,0
DA:35,0
DA:36,0
DA:39,0
DA:41,0
DA:42,0
DA:47,0
DA:48,0
DA:49,0
DA:51,0
DA:55,0
DA:56,0
DA:57,0
DA:62,3
DA:76,3
DA:78,3
DA:79,0
DA:80,0
DA:81,0
DA:83,0
DA:84,0
DA:86,0
DA:89,3
DA:90,0
DA:93,3
DA:94,0
DA:95,0
DA:96,0
DA:97,0
DA:98,0
DA:100,0
DA:101,0
DA:102,0
DA:103,0
DA:104,0
DA:107,0
DA:108,0
DA:109,0
DA:111,0
DA:113,0
DA:115,0
DA:116,0
DA:117,0
DA:118,0
DA:119,0
DA:121,0
DA:124,0
DA:125,0
DA:126,0
DA:131,0
DA:132,0
DA:133,0
DA:135,0
DA:139,0
DA:140,0
DA:141,0
DA:143,0
DA:147,3
DA:184,0
DA:199,0
LF:81
LH:22
BRDA:16,0,0,3
BRDA:16,0,1,3
BRDA:23,1,0,2
BRDA:23,1,1,0
BRDA:23,2,0,2
BRDA:23,2,1,0
BRDA:32,3,0,0
BRDA:32,3,1,0
BRDA:39,4,0,0
BRDA:39,4,1,0
BRDA:41,5,0,0
BRDA:41,5,1,0
BRDA:42,6,0,0
BRDA:42,6,1,0
BRDA:43,7,0,0
BRDA:43,7,1,0
BRDA:43,7,2,0
BRDA:48,8,0,0
BRDA:48,8,1,0
BRDA:48,9,0,0
BRDA:48,9,1,0
BRDA:76,10,0,3
BRDA:76,10,1,0
BRDA:80,11,0,0
BRDA:80,11,1,0
BRDA:80,12,0,0
BRDA:80,12,1,0
BRDA:83,13,0,0
BRDA:83,13,1,0
BRDA:83,14,0,0
BRDA:83,14,1,0
BRDA:101,15,0,0
BRDA:101,15,1,0
BRDA:111,16,0,0
BRDA:111,16,1,0
BRDA:113,17,0,0
BRDA:113,17,1,0
BRDA:113,18,0,0
BRDA:113,18,1,0
BRDA:118,19,0,0
BRDA:118,19,1,0
BRDA:126,20,0,0
BRDA:126,20,1,0
BRDA:127,21,0,0
BRDA:127,21,1,0
BRDA:127,21,2,0
BRDA:132,22,0,0
BRDA:132,22,1,0
BRDA:132,23,0,0
BRDA:132,23,1,0
BRDA:148,24,0,0
BRDA:148,24,1,3
BRDA:161,25,0,0
BRDA:161,25,1,3
BRDA:165,26,0,3
BRDA:165,26,1,0
BRDA:175,27,0,0
BRDA:175,27,1,3
BRDA:178,28,0,0
BRDA:178,28,1,3
BRDA:188,29,0,0
BRDA:188,29,1,3
BRDA:191,30,0,3
BRDA:191,30,1,0
BRDA:213,31,0,0
BRDA:213,31,1,3
BRDA:217,32,0,3
BRDA:217,32,1,0
BRDA:218,33,0,0
BRDA:218,33,1,0
BRF:70
BRH:14
end_of_record
TN:
SF:src\pages\MyAddresses.js
FN:7,MyAddresses
FN:18,(anonymous_1)
FN:22,(anonymous_2)
FN:27,(anonymous_3)
FN:35,(anonymous_4)
FN:41,(anonymous_5)
FN:52,(anonymous_6)
FN:59,(anonymous_7)
FN:67,(anonymous_8)
FN:73,(anonymous_9)
FN:83,(anonymous_10)
FN:84,(anonymous_11)
FN:85,(anonymous_12)
FN:95,(anonymous_13)
FN:101,(anonymous_14)
FN:110,(anonymous_15)
FNF:16
FNH:0
FNDA:0,MyAddresses
FNDA:0,(anonymous_1)
FNDA:0,(anonymous_2)
FNDA:0,(anonymous_3)
FNDA:0,(anonymous_4)
FNDA:0,(anonymous_5)
FNDA:0,(anonymous_6)
FNDA:0,(anonymous_7)
FNDA:0,(anonymous_8)
FNDA:0,(anonymous_9)
FNDA:0,(anonymous_10)
FNDA:0,(anonymous_11)
FNDA:0,(anonymous_12)
FNDA:0,(anonymous_13)
FNDA:0,(anonymous_14)
FNDA:0,(anonymous_15)
DA:5,1
DA:8,0
DA:9,0
DA:10,0
DA:13,0
DA:15,0
DA:16,0
DA:18,0
DA:19,0
DA:22,0
DA:23,0
DA:24,0
DA:27,0
DA:28,0
DA:29,0
DA:32,0
DA:35,0
DA:36,0
DA:37,0
DA:38,0
DA:41,0
DA:42,0
DA:43,0
DA:44,0
DA:46,0
DA:48,0
DA:49,0
DA:52,0
DA:53,0
DA:54,0
DA:55,0
DA:59,0
DA:60,0
DA:61,0
DA:64,0
DA:67,0
DA:74,0
DA:83,0
DA:84,0
DA:85,0
DA:96,0
DA:101,0
DA:110,0
LF:43
LH:1
BRDA:27,0,0,0
BRDA:28,1,0,0
BRDA:28,1,1,0
BRDA:29,2,0,0
BRDA:29,2,1,0
BRDA:43,3,0,0
BRDA:43,3,1,0
BRDA:53,4,0,0
BRDA:53,4,1,0
BRDA:69,5,0,0
BRDA:69,5,1,0
BRDA:76,6,0,0
BRDA:76,6,1,0
BRDA:81,7,0,0
BRDA:81,7,1,0
BRDA:83,8,0,0
BRDA:83,8,1,0
BRDA:93,9,0,0
BRDA:93,9,1,0
BRF:19
BRH:0
end_of_record
TN:
SF:src\pages\ProductDetail.js
FN:5,ProductDetail
FN:17,(anonymous_1)
FN:18,(anonymous_2)
FN:21,(anonymous_3)
FN:27,(anonymous_4)
FN:29,(anonymous_5)
FN:38,(anonymous_6)
FN:46,(anonymous_7)
FN:51,(anonymous_8)
FN:66,(anonymous_9)
FN:80,(anonymous_10)
FN:152,(anonymous_11)
FN:161,(anonymous_12)
FN:169,(anonymous_13)
FN:193,(anonymous_14)
FN:212,(anonymous_15)
FN:230,(anonymous_16)
FN:238,(anonymous_17)
FNF:18
FNH:0
FNDA:0,ProductDetail
FNDA:0,(anonymous_1)
FNDA:0,(anonymous_2)
FNDA:0,(anonymous_3)
FNDA:0,(anonymous_4)
FNDA:0,(anonymous_5)
FNDA:0,(anonymous_6)
FNDA:0,(anonymous_7)
FNDA:0,(anonymous_8)
FNDA:0,(anonymous_9)
FNDA:0,(anonymous_10)
FNDA:0,(anonymous_11)
FNDA:0,(anonymous_12)
FNDA:0,(anonymous_13)
FNDA:0,(anonymous_14)
FNDA:0,(anonymous_15)
FNDA:0,(anonymous_16)
FNDA:0,(anonymous_17)
DA:6,0
DA:7,0
DA:8,0
DA:9,0
DA:10,0
DA:11,0
DA:12,0
DA:13,0
DA:14,0
DA:15,0
DA:17,0
DA:18,0
DA:19,0
DA:20,0
DA:21,0
DA:22,0
DA:23,0
DA:24,0
DA:26,0
DA:27,0
DA:28,0
DA:29,0
DA:30,0
DA:32,0
DA:35,0
DA:38,0
DA:39,0
DA:40,0
DA:41,0
DA:42,0
DA:43,0
DA:46,0
DA:47,0
DA:48,0
DA:49,0
DA:51,0
DA:52,0
DA:53,0
DA:55,0
DA:58,0
DA:63,0
DA:66,0
DA:67,0
DA:68,0
DA:69,0
DA:70,0
DA:71,0
DA:72,0
DA:73,0
DA:74,0
DA:76,0
DA:80,0
DA:81,0
DA:82,0
DA:83,0
DA:84,0
DA:85,0
DA:86,0
DA:87,0
DA:91,0
DA:93,0
DA:94,0
DA:95,0
DA:99,0
DA:101,0
DA:102,0
DA:103,0
DA:105,0
DA:106,0
DA:113,0
DA:114,0
DA:115,0
DA:116,0
DA:118,0
DA:122,0
DA:152,0
DA:161,0
DA:169,0
DA:194,0
DA:213,0
DA:230,0
DA:238,0
LF:82
LH:0
BRDA:5,0,0,0
BRDA:5,1,0,0
BRDA:26,2,0,0
BRDA:26,2,1,0
BRDA:29,3,0,0
BRDA:29,3,1,0
BRDA:39,4,0,0
BRDA:39,4,1,0
BRDA:40,5,0,0
BRDA:40,5,1,0
BRDA:41,6,0,0
BRDA:41,6,1,0
BRDA:42,7,0,0
BRDA:42,7,1,0
BRDA:48,8,0,0
BRDA:48,8,1,0
BRDA:49,9,0,0
BRDA:49,9,1,0
BRDA:52,10,0,0
BRDA:52,10,1,0
BRDA:68,11,0,0
BRDA:68,11,1,0
BRDA:82,12,0,0
BRDA:82,12,1,0
BRDA:85,13,0,0
BRDA:85,13,1,0
BRDA:93,14,0,0
BRDA:93,14,1,0
BRDA:101,15,0,0
BRDA:101,15,1,0
BRDA:109,16,0,0
BRDA:109,16,1,0
BRDA:124,17,0,0
BRDA:124,17,1,0
BRDA:127,18,0,0
BRDA:127,18,1,0
BRDA:182,19,0,0
BRDA:182,19,1,0
BRDA:189,20,0,0
BRDA:189,20,1,0
BRDA:196,21,0,0
BRDA:196,21,1,0
BRDA:209,22,0,0
BRDA:209,22,1,0
BRDA:214,23,0,0
BRDA:214,23,1,0
BRF:46
BRH:0
end_of_record
TN:
SF:src\pages\ProductUpload.js
FN:6,ProductUpload
FN:31,(anonymous_1)
FN:48,(anonymous_2)
FN:62,(anonymous_3)
FN:90,(anonymous_4)
FNF:5
FNH:0
FNDA:0,ProductUpload
FNDA:0,(anonymous_1)
FNDA:0,(anonymous_2)
FNDA:0,(anonymous_3)
FNDA:0,(anonymous_4)
DA:7,0
DA:23,0
DA:24,0
DA:25,0
DA:26,0
DA:27,0
DA:29,0
DA:31,0
DA:32,0
DA:34,0
DA:35,0
DA:43,0
DA:48,0
DA:49,0
DA:50,0
DA:52,0
DA:53,0
DA:54,0
DA:55,0
DA:57,0
DA:58,0
DA:62,0
DA:63,0
DA:64,0
DA:66,0
DA:67,0
DA:68,0
DA:71,0
DA:72,0
DA:80,0
DA:81,0
DA:86,0
DA:87,0
DA:88,0
DA:90,0
DA:92,0
DA:93,0
DA:94,0
DA:98,0
LF:39
LH:0
BRDA:34,0,0,0
BRDA:34,0,1,0
BRDA:34,1,0,0
BRDA:34,1,1,0
BRDA:39,2,0,0
BRDA:39,2,1,0
BRDA:50,3,0,0
BRDA:50,3,1,0
BRDA:54,4,0,0
BRDA:54,4,1,0
BRDA:57,5,0,0
BRDA:57,5,1,0
BRDA:66,6,0,0
BRDA:66,6,1,0
BRDA:92,7,0,0
BRDA:92,7,1,0
BRDA:143,8,0,0
BRDA:143,8,1,0
BRDA:161,9,0,0
BRDA:161,9,1,0
BRDA:183,10,0,0
BRDA:183,10,1,0
BRDA:186,11,0,0
BRDA:186,11,1,0
BRDA:188,12,0,0
BRDA:188,12,1,0
BRF:26
BRH:0
end_of_record
TN:
SF:src\pages\RegisterPage.js
FN:6,RegisterPage
FN:42,(anonymous_1)
FN:48,(anonymous_2)
FN:49,(anonymous_3)
FN:53,(anonymous_4)
FN:62,(anonymous_5)
FN:70,(anonymous_6)
FN:73,(anonymous_7)
FN:171,(anonymous_8)
FNF:9
FNH:0
FNDA:0,RegisterPage
FNDA:0,(anonymous_1)
FNDA:0,(anonymous_2)
FNDA:0,(anonymous_3)
FNDA:0,(anonymous_4)
FNDA:0,(anonymous_5)
FNDA:0,(anonymous_6)
FNDA:0,(anonymous_7)
FNDA:0,(anonymous_8)
DA:8,0
DA:9,0
DA:10,0
DA:11,0
DA:12,0
DA:13,0
DA:19,0
DA:20,0
DA:21,0
DA:22,0
DA:23,0
DA:24,0
DA:26,0
DA:40,0
DA:42,0
DA:43,0
DA:44,0
DA:45,0
DA:48,0
DA:49,0
DA:53,0
DA:54,0
DA:55,0
DA:56,0
DA:57,0
DA:58,0
DA:59,0
DA:62,0
DA:63,0
DA:64,0
DA:65,0
DA:67,0
DA:70,0
DA:73,0
DA:74,0
DA:75,0
DA:76,0
DA:77,0
DA:78,0
DA:79,0
DA:80,0
DA:81,0
DA:82,0
DA:83,0
DA:86,0
DA:87,0
DA:88,0
DA:89,0
DA:90,0
DA:92,0
DA:93,0
DA:95,0
DA:97,0
DA:99,0
DA:103,0
DA:104,0
DA:117,0
DA:171,0
LF:58
LH:0
BRDA:17,0,0,0
BRDA:17,0,1,0
BRDA:40,1,0,0
BRDA:40,1,1,0
BRDA:44,2,0,0
BRDA:44,2,1,0
BRDA:48,3,0,0
BRDA:48,3,1,0
BRDA:55,4,0,0
BRDA:55,4,1,0
BRDA:56,5,0,0
BRDA:56,5,1,0
BRDA:56,6,0,0
BRDA:56,6,1,0
BRDA:57,7,0,0
BRDA:57,7,1,0
BRDA:57,8,0,0
BRDA:57,8,1,0
BRDA:58,9,0,0
BRDA:58,9,1,0
BRDA:64,10,0,0
BRDA:64,10,1,0
BRDA:79,11,0,0
BRDA:79,11,1,0
BRDA:89,12,0,0
BRDA:89,12,1,0
BRDA:92,13,0,0
BRDA:92,13,1,0
BRDA:103,14,0,0
BRDA:103,14,1,0
BRDA:120,15,0,0
BRDA:120,15,1,0
BRDA:120,16,0,0
BRDA:120,16,1,0
BRDA:135,17,0,0
BRDA:135,17,1,0
BRDA:138,18,0,0
BRDA:138,18,1,0
BRDA:149,19,0,0
BRDA:149,19,1,0
BRDA:153,20,0,0
BRDA:153,20,1,0
BRDA:162,21,0,0
BRDA:162,21,1,0
BRDA:166,22,0,0
BRDA:166,22,1,0
BRDA:175,23,0,0
BRDA:175,23,1,0
BRDA:178,24,0,0
BRDA:178,24,1,0
BRDA:186,25,0,0
BRDA:186,25,1,0
BRDA:188,26,0,0
BRDA:188,26,1,0
BRDA:195,27,0,0
BRDA:195,27,1,0
BRDA:203,28,0,0
BRDA:203,28,1,0
BRF:58
BRH:0
end_of_record
TN:
SF:src\pages\ResetPasswordPage.js
FN:6,ResetPasswordPage
FN:17,(anonymous_1)
FN:18,(anonymous_2)
FN:24,(anonymous_3)
FN:34,(anonymous_4)
FN:46,(anonymous_5)
FN:68,(anonymous_6)
FN:111,(anonymous_7)
FN:120,(anonymous_8)
FN:154,(anonymous_9)
FNF:10
FNH:0
FNDA:0,ResetPasswordPage
FNDA:0,(anonymous_1)
FNDA:0,(anonymous_2)
FNDA:0,(anonymous_3)
FNDA:0,(anonymous_4)
FNDA:0,(anonymous_5)
FNDA:0,(anonymous_6)
FNDA:0,(anonymous_7)
FNDA:0,(anonymous_8)
FNDA:0,(anonymous_9)
DA:7,0
DA:8,0
DA:9,0
DA:10,0
DA:11,0
DA:12,0
DA:13,0
DA:14,0
DA:15,0
DA:17,0
DA:18,0
DA:19,0
DA:20,0
DA:24,0
DA:25,0
DA:26,0
DA:28,0
DA:29,0
DA:31,0
DA:34,0
DA:35,0
DA:43,0
DA:44,0
DA:46,0
DA:47,0
DA:49,0
DA:50,0
DA:51,0
DA:52,0
DA:55,0
DA:56,0
DA:57,0
DA:58,0
DA:61,0
DA:62,0
DA:64,0
DA:65,0
DA:66,0
DA:67,0
DA:68,0
DA:70,0
DA:71,0
DA:73,0
DA:77,0
DA:78,0
DA:91,0
DA:111,0
DA:120,0
DA:154,0
LF:49
LH:0
BRDA:25,0,0,0
BRDA:25,0,1,0
BRDA:28,1,0,0
BRDA:28,1,1,0
BRDA:36,2,0,0
BRDA:36,2,1,0
BRDA:36,2,2,0
BRDA:36,2,3,0
BRDA:49,3,0,0
BRDA:49,3,1,0
BRDA:55,4,0,0
BRDA:55,4,1,0
BRDA:77,5,0,0
BRDA:77,5,1,0
BRDA:95,6,0,0
BRDA:95,6,1,0
BRDA:96,7,0,0
BRDA:96,7,1,0
BRDA:109,8,0,0
BRDA:109,8,1,0
BRDA:112,9,0,0
BRDA:112,9,1,0
BRDA:112,10,0,0
BRDA:112,10,1,0
BRDA:121,11,0,0
BRDA:121,11,1,0
BRDA:123,12,0,0
BRDA:123,12,1,0
BRDA:130,13,0,0
BRDA:130,13,1,0
BRDA:133,14,0,0
BRDA:133,14,1,0
BRDA:136,15,0,0
BRDA:136,15,1,0
BRDA:139,16,0,0
BRDA:139,16,1,0
BRDA:155,17,0,0
BRDA:155,17,1,0
BRDA:155,18,0,0
BRDA:155,18,1,0
BRDA:164,19,0,0
BRDA:164,19,1,0
BRDA:164,19,2,0
BRDA:166,20,0,0
BRDA:166,20,1,0
BRF:45
BRH:0
end_of_record
TN:
SF:src\pages\ShopPage.js
FN:7,ShopPage
FN:37,(anonymous_1)
FN:45,(anonymous_2)
FN:49,(anonymous_3)
FN:65,(anonymous_4)
FN:66,(anonymous_5)
FN:79,(anonymous_6)
FN:84,(anonymous_7)
FN:93,(anonymous_8)
FN:108,(anonymous_9)
FN:111,(anonymous_10)
FN:112,(anonymous_11)
FN:113,(anonymous_12)
FN:114,(anonymous_13)
FN:115,(anonymous_14)
FN:116,(anonymous_15)
FN:117,(anonymous_16)
FN:120,(anonymous_17)
FN:122,(anonymous_18)
FN:124,(anonymous_19)
FN:125,(anonymous_20)
FN:126,(anonymous_21)
FN:131,(anonymous_22)
FN:133,(anonymous_23)
FN:138,(anonymous_24)
FN:155,(anonymous_25)
FN:156,(anonymous_26)
FN:161,(anonymous_27)
FN:162,(anonymous_28)
FN:168,(anonymous_29)
FN:170,(anonymous_30)
FN:173,(anonymous_31)
FN:182,(anonymous_32)
FN:198,(anonymous_33)
FN:213,(anonymous_34)
FN:214,(anonymous_35)
FN:222,(anonymous_36)
FN:227,(anonymous_37)
FN:245,(anonymous_38)
FN:246,(anonymous_39)
FN:266,(anonymous_40)
FN:286,(anonymous_41)
FNF:42
FNH:0
FNDA:0,ShopPage
FNDA:0,(anonymous_1)
FNDA:0,(anonymous_2)
FNDA:0,(anonymous_3)
FNDA:0,(anonymous_4)
FNDA:0,(anonymous_5)
FNDA:0,(anonymous_6)
FNDA:0,(anonymous_7)
FNDA:0,(anonymous_8)
FNDA:0,(anonymous_9)
FNDA:0,(anonymous_10)
FNDA:0,(anonymous_11)
FNDA:0,(anonymous_12)
FNDA:0,(anonymous_13)
FNDA:0,(anonymous_14)
FNDA:0,(anonymous_15)
FNDA:0,(anonymous_16)
FNDA:0,(anonymous_17)
FNDA:0,(anonymous_18)
FNDA:0,(anonymous_19)
FNDA:0,(anonymous_20)
FNDA:0,(anonymous_21)
FNDA:0,(anonymous_22)
FNDA:0,(anonymous_23)
FNDA:0,(anonymous_24)
FNDA:0,(anonymous_25)
FNDA:0,(anonymous_26)
FNDA:0,(anonymous_27)
FNDA:0,(anonymous_28)
FNDA:0,(anonymous_29)
FNDA:0,(anonymous_30)
FNDA:0,(anonymous_31)
FNDA:0,(anonymous_32)
FNDA:0,(anonymous_33)
FNDA:0,(anonymous_34)
FNDA:0,(anonymous_35)
FNDA:0,(anonymous_36)
FNDA:0,(anonymous_37)
FNDA:0,(anonymous_38)
FNDA:0,(anonymous_39)
FNDA:0,(anonymous_40)
FNDA:0,(anonymous_41)
DA:8,0
DA:9,0
DA:10,0
DA:11,0
DA:12,0
DA:13,0
DA:14,0
DA:15,0
DA:16,0
DA:17,0
DA:29,0
DA:30,0
DA:31,0
DA:32,0
DA:34,0
DA:35,0
DA:37,0
DA:38,0
DA:39,0
DA:40,0
DA:41,0
DA:42,0
DA:45,0
DA:46,0
DA:47,0
DA:48,0
DA:49,0
DA:51,0
DA:52,0
DA:54,0
DA:57,0
DA:62,0
DA:65,0
DA:66,0
DA:67,0
DA:68,0
DA:69,0
DA:70,0
DA:71,0
DA:73,0
DA:75,0
DA:79,0
DA:80,0
DA:81,0
DA:84,0
DA:85,0
DA:86,0
DA:87,0
DA:89,0
DA:93,0
DA:94,0
DA:95,0
DA:96,0
DA:98,0
DA:102,0
DA:103,0
DA:104,0
DA:105,0
DA:108,0
DA:109,0
DA:111,0
DA:112,0
DA:113,0
DA:114,0
DA:115,0
DA:116,0
DA:117,0
DA:118,0
DA:119,0
DA:120,0
DA:122,0
DA:124,0
DA:125,0
DA:126,0
DA:128,0
DA:131,0
DA:132,0
DA:133,0
DA:134,0
DA:135,0
DA:138,0
DA:139,0
DA:151,0
DA:152,0
DA:155,0
DA:156,0
DA:157,0
DA:158,0
DA:161,0
DA:162,0
DA:163,0
DA:164,0
DA:165,0
DA:168,0
DA:170,0
DA:171,0
DA:172,0
DA:173,0
DA:175,0
DA:177,0
DA:178,0
DA:181,0
DA:182,0
DA:185,0
DA:187,0
DA:199,0
DA:214,0
DA:215,0
DA:223,0
DA:228,0
DA:229,0
DA:246,0
DA:247,0
DA:267,0
DA:287,0
LF:115
LH:0
BRDA:10,0,0,0
BRDA:10,0,1,0
BRDA:38,1,0,0
BRDA:38,1,1,0
BRDA:39,2,0,0
BRDA:39,2,1,0
BRDA:40,3,0,0
BRDA:40,3,1,0
BRDA:41,4,0,0
BRDA:41,4,1,0
BRDA:46,5,0,0
BRDA:46,5,1,0
BRDA:47,6,0,0
BRDA:47,6,1,0
BRDA:48,7,0,0
BRDA:48,7,1,0
BRDA:51,8,0,0
BRDA:51,8,1,0
BRDA:80,9,0,0
BRDA:80,9,1,0
BRDA:111,10,0,0
BRDA:111,10,1,0
BRDA:112,11,0,0
BRDA:112,11,1,0
BRDA:113,12,0,0
BRDA:113,12,1,0
BRDA:114,13,0,0
BRDA:114,13,1,0
BRDA:115,14,0,0
BRDA:115,14,1,0
BRDA:116,15,0,0
BRDA:116,15,1,0
BRDA:117,16,0,0
BRDA:117,16,1,0
BRDA:118,17,0,0
BRDA:118,17,1,0
BRDA:122,18,0,0
BRDA:122,18,1,0
BRDA:124,19,0,0
BRDA:124,19,1,0
BRDA:125,20,0,0
BRDA:125,20,1,0
BRDA:126,21,0,0
BRDA:126,21,1,0
BRDA:172,22,0,0
BRDA:172,22,1,0
BRDA:225,23,0,0
BRDA:225,23,1,0
BRDA:243,24,0,0
BRDA:243,24,1,0
BRDA:255,25,0,0
BRDA:255,25,1,0
BRDA:258,26,0,0
BRDA:258,26,1,0
BRDA:258,26,2,0
BRDA:266,27,0,0
BRDA:266,27,1,0
BRDA:283,28,0,0
BRDA:283,28,1,0
BRF:59
BRH:0
end_of_record
TN:
SF:src\pages\SupportForm.js
FN:4,SupportForm
FN:13,(anonymous_1)
FN:17,(anonymous_2)
FNF:3
FNH:0
FNDA:0,SupportForm
FNDA:0,(anonymous_1)
FNDA:0,(anonymous_2)
DA:5,0
DA:9,0
DA:10,0
DA:11,0
DA:13,0
DA:14,0
DA:17,0
DA:18,0
DA:19,0
DA:21,0
DA:22,0
DA:23,0
DA:24,0
DA:26,0
DA:30,0
LF:15
LH:0
BRDA:19,0,0,0
BRDA:19,0,1,0
BRDA:55,1,0,0
BRDA:55,1,1,0
BRF:4
BRH:0
end_of_record
TN:
SF:src\pages\VendorAnalytics.js
FN:17,VendorAnalytics
FN:29,(anonymous_1)
FN:30,(anonymous_2)
FN:42,(anonymous_3)
FN:43,(anonymous_4)
FN:55,(anonymous_5)
FN:56,(anonymous_6)
FN:71,(anonymous_7)
FN:74,(anonymous_8)
FN:126,(anonymous_9)
FN:136,(anonymous_10)
FN:184,(anonymous_11)
FN:194,(anonymous_12)
FN:208,Card
FNF:14
FNH:0
FNDA:0,VendorAnalytics
FNDA:0,(anonymous_1)
FNDA:0,(anonymous_2)
FNDA:0,(anonymous_3)
FNDA:0,(anonymous_4)
FNDA:0,(anonymous_5)
FNDA:0,(anonymous_6)
FNDA:0,(anonymous_7)
FNDA:0,(anonymous_8)
FNDA:0,(anonymous_9)
FNDA:0,(anonymous_10)
FNDA:0,(anonymous_11)
FNDA:0,(anonymous_12)
FNDA:0,Card
DA:18,0
DA:19,0
DA:20,0
DA:21,0
DA:22,0
DA:23,0
DA:24,0
DA:26,0
DA:27,0
DA:29,0
DA:30,0
DA:31,0
DA:32,0
DA:33,0
DA:35,0
DA:36,0
DA:39,0
DA:42,0
DA:43,0
DA:44,0
DA:45,0
DA:46,0
DA:48,0
DA:49,0
DA:52,0
DA:55,0
DA:56,0
DA:57,0
DA:58,0
DA:62,0
DA:63,0
DA:65,0
DA:68,0
DA:71,0
DA:72,0
DA:73,0
DA:74,0
DA:76,0
DA:77,0
DA:78,0
DA:79,0
DA:80,0
DA:81,0
DA:82,0
DA:83,0
DA:86,0
DA:126,0
DA:136,0
DA:185,0
DA:195,0
DA:209,0
LF:51
LH:0
BRDA:72,0,0,0
BRDA:72,0,1,0
BRDA:99,1,0,0
BRDA:99,1,1,0
BRDA:101,2,0,0
BRDA:101,2,1,0
BRDA:158,3,0,0
BRDA:158,3,1,0
BRF:8
BRH:0
end_of_record
TN:
SF:src\pages\VendorDashboard.js
FN:11,VendorDashboard
FN:28,(anonymous_1)
FN:29,(anonymous_2)
FN:32,(anonymous_3)
FN:47,(anonymous_4)
FN:52,(anonymous_5)
FN:56,(anonymous_6)
FN:68,(anonymous_7)
FN:79,(anonymous_8)
FN:97,(anonymous_9)
FNF:10
FNH:4
FNDA:1,VendorDashboard
FNDA:1,(anonymous_1)
FNDA:1,(anonymous_2)
FNDA:1,(anonymous_3)
FNDA:0,(anonymous_4)
FNDA:0,(anonymous_5)
FNDA:0,(anonymous_6)
FNDA:0,(anonymous_7)
FNDA:0,(anonymous_8)
FNDA:0,(anonymous_9)
DA:12,1
DA:13,1
DA:14,1
DA:15,1
DA:16,1
DA:17,1
DA:18,1
DA:20,1
DA:21,1
DA:23,1
DA:24,0
DA:25,0
DA:28,1
DA:29,1
DA:32,1
DA:33,1
DA:34,1
DA:39,0
DA:40,0
DA:41,0
DA:43,1
DA:47,1
DA:48,0
DA:49,0
DA:52,1
DA:53,0
DA:56,1
DA:57,0
DA:58,0
DA:59,0
DA:60,0
DA:61,0
DA:62,0
DA:64,0
DA:68,1
DA:69,0
DA:70,0
DA:71,0
DA:72,0
DA:74,0
DA:79,1
DA:80,0
DA:92,1
DA:97,0
LF:44
LH:22
BRDA:23,0,0,0
BRDA:23,0,1,1
BRDA:69,1,0,0
BRDA:69,1,1,0
BRDA:108,2,0,1
BRDA:108,2,1,0
BRDA:114,3,0,1
BRDA:114,3,1,0
BRDA:127,4,0,1
BRDA:127,4,1,0
BRDA:131,5,0,0
BRDA:131,5,1,0
BRDA:131,5,2,0
BRDA:138,6,0,0
BRDA:138,6,1,0
BRDA:141,7,0,0
BRDA:141,7,1,0
BRDA:142,8,0,0
BRDA:142,8,1,0
BRF:19
BRH:4
end_of_record
TN:
SF:src\pages\VendorGuide.js
FN:6,VendorGuide
FNF:1
FNH:0
FNDA:0,VendorGuide
DA:7,0
LF:1
LH:0
BRF:0
BRH:0
end_of_record
TN:
SF:src\pages\VendorInbox.js
FN:6,VendorInbox
FN:15,(anonymous_1)
FN:16,(anonymous_2)
FN:27,(anonymous_3)
FN:33,(anonymous_4)
FN:53,(anonymous_5)
FN:59,(anonymous_6)
FN:69,(anonymous_7)
FN:72,(anonymous_8)
FN:101,(anonymous_9)
FN:122,(anonymous_10)
FNF:11
FNH:0
FNDA:0,VendorInbox
FNDA:0,(anonymous_1)
FNDA:0,(anonymous_2)
FNDA:0,(anonymous_3)
FNDA:0,(anonymous_4)
FNDA:0,(anonymous_5)
FNDA:0,(anonymous_6)
FNDA:0,(anonymous_7)
FNDA:0,(anonymous_8)
FNDA:0,(anonymous_9)
FNDA:0,(anonymous_10)
DA:7,0
DA:8,0
DA:9,0
DA:10,0
DA:11,0
DA:12,0
DA:13,0
DA:15,0
DA:16,0
DA:17,0
DA:18,0
DA:19,0
DA:21,0
DA:24,0
DA:27,0
DA:28,0
DA:29,0
DA:30,0
DA:33,0
DA:34,0
DA:35,0
DA:36,0
DA:37,0
DA:38,0
DA:40,0
DA:44,0
DA:53,0
DA:59,0
DA:70,0
DA:72,0
DA:102,0
DA:122,0
LF:32
LH:0
BRDA:29,0,0,0
BRDA:29,0,1,0
BRDA:30,1,0,0
BRDA:30,1,1,0
BRDA:34,2,0,0
BRDA:34,2,1,0
BRDA:34,3,0,0
BRDA:34,3,1,0
BRDA:77,4,0,0
BRDA:77,4,1,0
BRDA:79,5,0,0
BRDA:79,5,1,0
BRDA:89,6,0,0
BRDA:89,6,1,0
BRDA:104,7,0,0
BRDA:104,7,1,0
BRDA:108,8,0,0
BRDA:108,8,1,0
BRDA:110,9,0,0
BRDA:110,9,1,0
BRF:20
BRH:0
end_of_record
TN:
SF:src\pages\VendorInvoices.js
FN:7,(anonymous_0)
FN:18,(anonymous_1)
FN:19,(anonymous_2)
FN:33,(anonymous_3)
FN:35,(anonymous_4)
FN:46,(anonymous_5)
FN:56,(anonymous_6)
FN:60,(anonymous_7)
FN:75,(anonymous_8)
FN:92,(anonymous_9)
FN:97,(anonymous_10)
FN:133,(anonymous_11)
FN:144,(anonymous_12)
FNF:13
FNH:0
FNDA:0,(anonymous_0)
FNDA:0,(anonymous_1)
FNDA:0,(anonymous_2)
FNDA:0,(anonymous_3)
FNDA:0,(anonymous_4)
FNDA:0,(anonymous_5)
FNDA:0,(anonymous_6)
FNDA:0,(anonymous_7)
FNDA:0,(anonymous_8)
FNDA:0,(anonymous_9)
FNDA:0,(anonymous_10)
FNDA:0,(anonymous_11)
FNDA:0,(anonymous_12)
DA:7,1
DA:8,0
DA:9,0
DA:10,0
DA:11,0
DA:12,0
DA:13,0
DA:15,0
DA:16,0
DA:18,0
DA:19,0
DA:20,0
DA:21,0
DA:22,0
DA:23,0
DA:24,0
DA:26,0
DA:27,0
DA:30,0
DA:33,0
DA:34,0
DA:35,0
DA:36,0
DA:46,0
DA:47,0
DA:48,0
DA:49,0
DA:50,0
DA:51,0
DA:52,0
DA:53,0
DA:56,0
DA:57,0
DA:60,0
DA:61,0
DA:72,0
DA:75,0
DA:76,0
DA:77,0
DA:78,0
DA:81,0
DA:92,0
DA:97,0
DA:134,0
DA:144,0
DA:157,1
LF:46
LH:2
BRDA:22,0,0,0
BRDA:22,0,1,0
BRDA:23,1,0,0
BRDA:23,1,1,0
BRDA:38,2,0,0
BRDA:38,2,1,0
BRDA:42,3,0,0
BRDA:42,3,1,0
BRDA:68,4,0,0
BRDA:68,4,1,0
BRDA:69,5,0,0
BRDA:69,5,1,0
BRDA:72,6,0,0
BRDA:72,6,1,0
BRDA:76,7,0,0
BRDA:76,7,1,0
BRDA:77,8,0,0
BRDA:77,8,1,0
BRDA:78,9,0,0
BRDA:78,9,1,0
BRDA:85,10,0,0
BRDA:85,10,1,0
BRDA:114,11,0,0
BRDA:114,11,1,0
BRDA:136,12,0,0
BRDA:136,12,1,0
BRDA:137,13,0,0
BRDA:137,13,1,0
BRF:28
BRH:0
end_of_record
TN:
SF:src\pages\VendorManagement.js
FN:6,(anonymous_0)
FN:14,(anonymous_1)
FN:18,(anonymous_2)
FN:25,(anonymous_3)
FN:43,(anonymous_4)
FN:45,(anonymous_5)
FN:54,(anonymous_6)
FN:64,(anonymous_7)
FN:79,(anonymous_8)
FN:84,(anonymous_9)
FN:94,(anonymous_10)
FN:129,(anonymous_11)
FN:134,(anonymous_12)
FN:139,(anonymous_13)
FN:146,(anonymous_14)
FN:159,(anonymous_15)
FNF:16
FNH:0
FNDA:0,(anonymous_0)
FNDA:0,(anonymous_1)
FNDA:0,(anonymous_2)
FNDA:0,(anonymous_3)
FNDA:0,(anonymous_4)
FNDA:0,(anonymous_5)
FNDA:0,(anonymous_6)
FNDA:0,(anonymous_7)
FNDA:0,(anonymous_8)
FNDA:0,(anonymous_9)
FNDA:0,(anonymous_10)
FNDA:0,(anonymous_11)
FNDA:0,(anonymous_12)
FNDA:0,(anonymous_13)
FNDA:0,(anonymous_14)
FNDA:0,(anonymous_15)
DA:6,1
DA:7,0
DA:8,0
DA:9,0
DA:10,0
DA:11,0
DA:12,0
DA:14,0
DA:15,0
DA:16,0
DA:17,0
DA:18,0
DA:19,0
DA:21,0
DA:25,0
DA:26,0
DA:27,0
DA:28,0
DA:29,0
DA:32,0
DA:33,0
DA:35,0
DA:36,0
DA:38,0
DA:39,0
DA:43,0
DA:44,0
DA:45,0
DA:54,0
DA:56,0
DA:57,0
DA:58,0
DA:59,0
DA:60,0
DA:61,0
DA:64,0
DA:65,0
DA:68,0
DA:79,0
DA:84,0
DA:94,0
DA:130,0
DA:135,0
DA:140,0
DA:141,0
DA:142,0
DA:143,0
DA:144,0
DA:147,0
DA:159,0
LF:50
LH:1
BRDA:28,0,0,0
BRDA:28,0,1,0
BRDA:35,1,0,0
BRDA:35,1,1,0
BRDA:49,2,0,0
BRDA:49,2,1,0
BRDA:50,3,0,0
BRDA:50,3,1,0
BRDA:51,4,0,0
BRDA:51,4,1,0
BRDA:71,5,0,0
BRDA:71,5,1,0
BRDA:130,6,0,0
BRDA:130,6,1,0
BRDA:130,6,2,0
BRDA:130,6,3,0
BRDA:130,6,4,0
BRDA:135,7,0,0
BRDA:135,7,1,0
BRDA:135,7,2,0
BRDA:140,8,0,0
BRDA:140,8,1,0
BRDA:141,9,0,0
BRDA:141,9,1,0
BRDA:142,10,0,0
BRDA:142,10,1,0
BRDA:143,11,0,0
BRDA:143,11,1,0
BRDA:152,12,0,0
BRDA:152,12,1,0
BRDA:153,13,0,0
BRDA:153,13,1,0
BRDA:154,14,0,0
BRDA:154,14,1,0
BRDA:155,15,0,0
BRDA:155,15,1,0
BRDA:155,16,0,0
BRDA:155,16,1,0
BRDA:161,17,0,0
BRDA:161,17,1,0
BRF:40
BRH:0
end_of_record
TN:
SF:src\pages\VendorMarketing.js
FN:6,VendorMarketing
FN:19,(anonymous_1)
FN:23,(anonymous_2)
FN:32,(anonymous_3)
FN:36,(anonymous_4)
FN:69,(anonymous_5)
FNF:6
FNH:0
FNDA:0,VendorMarketing
FNDA:0,(anonymous_1)
FNDA:0,(anonymous_2)
FNDA:0,(anonymous_3)
FNDA:0,(anonymous_4)
FNDA:0,(anonymous_5)
DA:7,0
DA:8,0
DA:15,0
DA:16,0
DA:17,0
DA:19,0
DA:20,0
DA:23,0
DA:24,0
DA:25,0
DA:26,0
DA:28,0
DA:32,0
DA:33,0
DA:36,0
DA:37,0
DA:38,0
DA:39,0
DA:40,0
DA:41,0
DA:43,0
DA:47,0
DA:70,0
LF:23
LH:0
BRDA:50,0,0,0
BRDA:50,0,1,0
BRDA:65,1,0,0
BRDA:65,1,1,0
BRF:4
BRH:0
end_of_record
TN:
SF:src\pages\VendorOnboarding.js
FN:7,VendorOnboarding
FN:16,(anonymous_1)
FN:20,(anonymous_2)
FN:21,(anonymous_3)
FN:29,(anonymous_4)
FN:30,(anonymous_5)
FN:31,(anonymous_6)
FN:34,(anonymous_7)
FN:34,(anonymous_8)
FN:54,(anonymous_9)
FN:69,(anonymous_10)
FN:77,(anonymous_11)
FN:85,(anonymous_12)
FN:93,(anonymous_13)
FN:103,(anonymous_14)
FNF:15
FNH:0
FNDA:0,VendorOnboarding
FNDA:0,(anonymous_1)
FNDA:0,(anonymous_2)
FNDA:0,(anonymous_3)
FNDA:0,(anonymous_4)
FNDA:0,(anonymous_5)
FNDA:0,(anonymous_6)
FNDA:0,(anonymous_7)
FNDA:0,(anonymous_8)
FNDA:0,(anonymous_9)
FNDA:0,(anonymous_10)
FNDA:0,(anonymous_11)
FNDA:0,(anonymous_12)
FNDA:0,(anonymous_13)
FNDA:0,(anonymous_14)
DA:8,0
DA:9,0
DA:16,0
DA:17,0
DA:18,0
DA:19,0
DA:20,0
DA:21,0
DA:29,0
DA:30,0
DA:31,0
DA:32,0
DA:34,0
DA:35,0
DA:36,0
DA:40,0
DA:55,0
DA:69,0
DA:77,0
DA:85,0
DA:93,0
DA:103,0
LF:22
LH:0
BRDA:18,0,0,0
BRDA:18,0,1,0
BRDA:32,1,0,0
BRDA:32,1,1,0
BRDA:67,2,0,0
BRDA:67,2,1,0
BRDA:75,3,0,0
BRDA:75,3,1,0
BRDA:83,4,0,0
BRDA:83,4,1,0
BRDA:91,5,0,0
BRDA:91,5,1,0
BRF:12
BRH:0
end_of_record
TN:
SF:src\pages\VendorOrders.js
FN:13,VendorOrders
FN:26,(anonymous_1)
FN:27,(anonymous_2)
FN:39,(anonymous_3)
FN:50,(anonymous_4)
FN:52,(anonymous_5)
FN:63,(anonymous_6)
FN:73,(anonymous_7)
FN:74,(anonymous_8)
FN:75,(anonymous_9)
FN:78,(anonymous_10)
FN:84,(anonymous_11)
FN:86,(anonymous_12)
FN:94,(anonymous_13)
FN:98,(anonymous_14)
FN:108,(anonymous_15)
FN:110,(anonymous_16)
FN:112,(anonymous_17)
FN:129,(anonymous_18)
FN:133,(anonymous_19)
FN:137,(anonymous_20)
FN:139,(anonymous_21)
FN:144,(anonymous_22)
FN:146,(anonymous_23)
FN:190,(anonymous_24)
FN:218,(anonymous_25)
FN:222,(anonymous_26)
FN:231,(anonymous_27)
FNF:28
FNH:0
FNDA:0,VendorOrders
FNDA:0,(anonymous_1)
FNDA:0,(anonymous_2)
FNDA:0,(anonymous_3)
FNDA:0,(anonymous_4)
FNDA:0,(anonymous_5)
FNDA:0,(anonymous_6)
FNDA:0,(anonymous_7)
FNDA:0,(anonymous_8)
FNDA:0,(anonymous_9)
FNDA:0,(anonymous_10)
FNDA:0,(anonymous_11)
FNDA:0,(anonymous_12)
FNDA:0,(anonymous_13)
FNDA:0,(anonymous_14)
FNDA:0,(anonymous_15)
FNDA:0,(anonymous_16)
FNDA:0,(anonymous_17)
FNDA:0,(anonymous_18)
FNDA:0,(anonymous_19)
FNDA:0,(anonymous_20)
FNDA:0,(anonymous_21)
FNDA:0,(anonymous_22)
FNDA:0,(anonymous_23)
FNDA:0,(anonymous_24)
FNDA:0,(anonymous_25)
FNDA:0,(anonymous_26)
FNDA:0,(anonymous_27)
DA:14,0
DA:15,0
DA:16,0
DA:17,0
DA:18,0
DA:19,0
DA:20,0
DA:22,0
DA:23,0
DA:24,0
DA:26,0
DA:27,0
DA:28,0
DA:29,0
DA:30,0
DA:31,0
DA:33,0
DA:36,0
DA:39,0
DA:40,0
DA:41,0
DA:42,0
DA:43,0
DA:45,0
DA:50,0
DA:51,0
DA:52,0
DA:53,0
DA:63,0
DA:64,0
DA:65,0
DA:66,0
DA:67,0
DA:68,0
DA:69,0
DA:70,0
DA:73,0
DA:74,0
DA:75,0
DA:78,0
DA:79,0
DA:80,0
DA:81,0
DA:84,0
DA:85,0
DA:86,0
DA:87,0
DA:88,0
DA:91,0
DA:92,0
DA:94,0
DA:95,0
DA:96,0
DA:98,0
DA:99,0
DA:100,0
DA:101,0
DA:102,0
DA:107,0
DA:108,0
DA:109,0
DA:110,0
DA:112,0
DA:113,0
DA:114,0
DA:117,0
DA:129,0
DA:133,0
DA:137,0
DA:139,0
DA:144,0
DA:146,0
DA:191,0
DA:219,0
DA:220,0
DA:223,0
DA:231,0
LF:77
LH:0
BRDA:30,0,0,0
BRDA:30,0,1,0
BRDA:31,1,0,0
BRDA:31,1,1,0
BRDA:40,2,0,0
BRDA:40,2,1,0
BRDA:55,3,0,0
BRDA:55,3,1,0
BRDA:59,4,0,0
BRDA:59,4,1,0
BRDA:79,5,0,0
BRDA:79,5,1,0
BRDA:79,6,0,0
BRDA:79,6,1,0
BRDA:81,7,0,0
BRDA:81,7,1,0
BRDA:81,7,2,0
BRDA:81,7,3,0
BRDA:85,8,0,0
BRDA:85,8,1,0
BRDA:86,9,0,0
BRDA:86,9,1,0
BRDA:88,10,0,0
BRDA:88,10,1,0
BRDA:88,10,2,0
BRDA:96,11,0,0
BRDA:96,11,1,0
BRDA:100,12,0,0
BRDA:100,12,1,0
BRDA:101,13,0,0
BRDA:101,13,1,0
BRDA:101,14,0,0
BRDA:101,14,1,0
BRDA:102,15,0,0
BRDA:102,15,1,0
BRDA:113,16,0,0
BRDA:113,16,1,0
BRDA:122,17,0,0
BRDA:122,17,1,0
BRDA:123,18,0,0
BRDA:123,18,1,0
BRDA:155,19,0,0
BRDA:155,19,1,0
BRDA:170,20,0,0
BRDA:170,20,1,0
BRDA:186,21,0,0
BRDA:186,21,1,0
BRDA:202,22,0,0
BRDA:202,22,1,0
BRDA:219,23,0,0
BRDA:219,23,1,0
BRDA:229,24,0,0
BRDA:229,24,1,0
BRF:53
BRH:0
end_of_record
TN:
SF:src\pages\VendorQuestions.js
FN:5,(anonymous_0)
FN:10,(anonymous_1)
FN:11,(anonymous_2)
FN:49,(anonymous_3)
FN:72,(anonymous_4)
FNF:5
FNH:0
FNDA:0,(anonymous_0)
FNDA:0,(anonymous_1)
FNDA:0,(anonymous_2)
FNDA:0,(anonymous_3)
FNDA:0,(anonymous_4)
DA:5,1
DA:6,0
DA:7,0
DA:8,0
DA:10,0
DA:11,0
DA:12,0
DA:13,0
DA:14,0
DA:17,0
DA:19,0
DA:20,0
DA:22,0
DA:26,0
DA:29,0
DA:30,0
DA:33,0
DA:34,0
DA:37,0
DA:50,0
LF:20
LH:1
BRDA:29,0,0,0
BRDA:29,0,1,0
BRDA:33,1,0,0
BRDA:33,1,1,0
BRDA:45,2,0,0
BRDA:45,2,1,0
BRDA:62,3,0,0
BRDA:62,3,1,0
BRDA:64,4,0,0
BRDA:64,4,1,0
BRDA:68,5,0,0
BRDA:68,5,1,0
BRF:12
BRH:0
end_of_record
TN:
SF:src\pages\VendorStore.js
FN:7,VendorStore
FN:15,(anonymous_1)
FN:16,(anonymous_2)
FN:32,(anonymous_3)
FN:33,(anonymous_4)
FN:113,(anonymous_5)
FN:121,(anonymous_6)
FN:135,(anonymous_7)
FNF:8
FNH:0
FNDA:0,VendorStore
FNDA:0,(anonymous_1)
FNDA:0,(anonymous_2)
FNDA:0,(anonymous_3)
FNDA:0,(anonymous_4)
FNDA:0,(anonymous_5)
FNDA:0,(anonymous_6)
FNDA:0,(anonymous_7)
DA:8,0
DA:9,0
DA:10,0
DA:11,0
DA:12,0
DA:13,0
DA:15,0
DA:16,0
DA:17,0
DA:18,0
DA:19,0
DA:20,0
DA:21,0
DA:22,0
DA:23,0
DA:25,0
DA:28,0
DA:32,0
DA:33,0
DA:36,0
DA:43,0
DA:113,0
DA:122,0
DA:136,0
LF:24
LH:0
BRDA:33,0,0,0
BRDA:33,0,1,0
BRDA:36,1,0,0
BRDA:36,1,1,0
BRDA:37,2,0,0
BRDA:37,2,1,0
BRDA:38,3,0,0
BRDA:38,3,1,0
BRDA:39,4,0,0
BRDA:39,4,1,0
BRDA:40,5,0,0
BRDA:40,5,1,0
BRDA:62,6,0,0
BRDA:62,6,1,0
BRDA:70,7,0,0
BRDA:70,7,1,0
BRDA:73,8,0,0
BRDA:73,8,1,0
BRDA:87,9,0,0
BRDA:87,9,1,0
BRDA:88,10,0,0
BRDA:88,10,1,0
BRDA:89,11,0,0
BRDA:89,11,1,0
BRDA:90,12,0,0
BRDA:90,12,1,0
BRDA:94,13,0,0
BRDA:94,13,1,0
BRDA:97,14,0,0
BRDA:97,14,1,0
BRDA:109,15,0,0
BRDA:109,15,1,0
BRDA:129,16,0,0
BRDA:129,16,1,0
BRDA:136,17,0,0
BRDA:136,17,1,0
BRF:36
BRH:0
end_of_record
TN:
SF:src\utils\uploadImage.js
FN:3,(anonymous_0)
FNF:1
FNH:0
FNDA:0,(anonymous_0)
DA:3,1
DA:4,0
DA:5,0
DA:7,0
DA:14,0
DA:15,0
LF:6
LH:1
BRF:0
BRH:0
end_of_record
