TN:
SF:src\context\MessageContext.js
FN:5,(anonymous_0)
FN:9,(anonymous_1)
FN:12,(anonymous_2)
FN:22,(anonymous_3)
FNF:4
FNH:0
FNDA:0,(anonymous_0)
FNDA:0,(anonymous_1)
FNDA:0,(anonymous_2)
FNDA:0,(anonymous_3)
DA:3,1
DA:5,1
DA:6,0
DA:7,0
DA:9,0
DA:10,0
DA:11,0
DA:12,0
DA:15,0
DA:22,1
LF:10
LH:3
BRDA:9,0,0,0
BRF:1
BRH:0
end_of_record
TN:
SF:src\pages\AdminOrders.js
FN:2,(anonymous_0)
FN:9,AdminOrders
FN:14,(anonymous_2)
FN:34,(anonymous_3)
FN:35,(anonymous_4)
FN:38,(anonymous_5)
FN:39,(anonymous_6)
FN:42,(anonymous_7)
FN:50,(anonymous_8)
FN:55,(anonymous_9)
FN:63,(anonymous_10)
FN:81,(anonymous_11)
FN:91,(anonymous_12)
FN:98,(anonymous_13)
FN:107,(anonymous_14)
FN:109,(anonymous_15)
FN:112,(anonymous_16)
FN:144,(anonymous_17)
FN:149,(anonymous_18)
FN:151,(anonymous_19)
FN:166,(anonymous_20)
FN:180,(anonymous_21)
FN:198,(anonymous_22)
FN:202,(anonymous_23)
FN:210,(anonymous_24)
FN:213,(anonymous_25)
FN:213,(anonymous_26)
FN:216,(anonymous_27)
FN:222,(anonymous_28)
FN:238,(anonymous_29)
FN:245,(anonymous_30)
FN:258,(anonymous_31)
FN:266,(anonymous_32)
FN:268,(anonymous_33)
FN:269,(anonymous_34)
FN:279,(anonymous_35)
FN:283,(anonymous_36)
FN:291,(anonymous_37)
FN:313,(anonymous_38)
FN:336,(anonymous_39)
FN:342,(anonymous_40)
FN:352,(anonymous_41)
FN:359,(anonymous_42)
FN:364,(anonymous_43)
FN:366,(anonymous_44)
FN:381,(anonymous_45)
FN:386,(anonymous_46)
FN:398,(anonymous_47)
FN:406,(anonymous_48)
FN:416,(anonymous_49)
FN:423,(anonymous_50)
FN:432,(anonymous_51)
FN:450,(anonymous_52)
FN:457,(anonymous_53)
FN:466,(anonymous_54)
FN:467,(anonymous_55)
FN:471,(anonymous_56)
FN:481,(anonymous_57)
FN:490,(anonymous_58)
FN:491,(anonymous_59)
FN:495,(anonymous_60)
FN:504,(anonymous_61)
FN:525,(anonymous_62)
FN:529,(anonymous_63)
FN:535,(anonymous_64)
FN:545,(anonymous_65)
FN:547,(anonymous_66)
FN:548,(anonymous_67)
FN:552,(anonymous_68)
FN:573,(anonymous_69)
FN:581,(anonymous_70)
FN:598,(anonymous_71)
FN:619,(anonymous_72)
FN:620,(anonymous_73)
FN:621,(anonymous_74)
FN:622,(anonymous_75)
FN:634,(anonymous_76)
FN:636,(anonymous_77)
FN:652,(anonymous_78)
FN:653,(anonymous_79)
FN:654,(anonymous_80)
FN:655,(anonymous_81)
FN:657,(anonymous_82)
FN:658,(anonymous_83)
FN:659,(anonymous_84)
FN:660,(anonymous_85)
FN:678,(anonymous_86)
FN:713,(anonymous_87)
FN:720,(anonymous_88)
FN:739,(anonymous_89)
FN:739,(anonymous_90)
FN:760,(anonymous_91)
FN:762,(anonymous_92)
FN:772,(anonymous_93)
FN:781,(anonymous_94)
FN:801,(anonymous_95)
FN:802,(anonymous_96)
FN:803,(anonymous_97)
FN:804,(anonymous_98)
FN:835,(anonymous_99)
FN:847,(anonymous_100)
FN:848,(anonymous_101)
FN:860,(anonymous_102)
FN:861,(anonymous_103)
FN:862,(anonymous_104)
FN:870,(anonymous_105)
FN:872,(anonymous_106)
FN:873,(anonymous_107)
FN:874,(anonymous_108)
FN:908,(anonymous_109)
FN:924,(anonymous_110)
FNF:111
FNH:49
FNDA:0,(anonymous_0)
FNDA:45,AdminOrders
FNDA:2,(anonymous_2)
FNDA:0,(anonymous_3)
FNDA:0,(anonymous_4)
FNDA:0,(anonymous_5)
FNDA:0,(anonymous_6)
FNDA:0,(anonymous_7)
FNDA:4,(anonymous_8)
FNDA:4,(anonymous_9)
FNDA:1,(anonymous_10)
FNDA:11,(anonymous_11)
FNDA:0,(anonymous_12)
FNDA:38,(anonymous_13)
FNDA:31,(anonymous_14)
FNDA:38,(anonymous_15)
FNDA:38,(anonymous_16)
FNDA:1,(anonymous_17)
FNDA:1,(anonymous_18)
FNDA:1,(anonymous_19)
FNDA:0,(anonymous_20)
FNDA:7,(anonymous_21)
FNDA:7,(anonymous_22)
FNDA:0,(anonymous_23)
FNDA:2,(anonymous_24)
FNDA:3,(anonymous_25)
FNDA:3,(anonymous_26)
FNDA:3,(anonymous_27)
FNDA:2,(anonymous_28)
FNDA:3,(anonymous_29)
FNDA:0,(anonymous_30)
FNDA:0,(anonymous_31)
FNDA:1,(anonymous_32)
FNDA:1,(anonymous_33)
FNDA:1,(anonymous_34)
FNDA:0,(anonymous_35)
FNDA:0,(anonymous_36)
FNDA:0,(anonymous_37)
FNDA:0,(anonymous_38)
FNDA:0,(anonymous_39)
FNDA:0,(anonymous_40)
FNDA:0,(anonymous_41)
FNDA:10,(anonymous_42)
FNDA:0,(anonymous_43)
FNDA:0,(anonymous_44)
FNDA:0,(anonymous_45)
FNDA:0,(anonymous_46)
FNDA:0,(anonymous_47)
FNDA:0,(anonymous_48)
FNDA:0,(anonymous_49)
FNDA:0,(anonymous_50)
FNDA:0,(anonymous_51)
FNDA:0,(anonymous_52)
FNDA:0,(anonymous_53)
FNDA:0,(anonymous_54)
FNDA:0,(anonymous_55)
FNDA:0,(anonymous_56)
FNDA:0,(anonymous_57)
FNDA:0,(anonymous_58)
FNDA:0,(anonymous_59)
FNDA:0,(anonymous_60)
FNDA:0,(anonymous_61)
FNDA:2,(anonymous_62)
FNDA:0,(anonymous_63)
FNDA:0,(anonymous_64)
FNDA:10,(anonymous_65)
FNDA:0,(anonymous_66)
FNDA:3,(anonymous_67)
FNDA:70,(anonymous_68)
FNDA:176,(anonymous_69)
FNDA:1,(anonymous_70)
FNDA:5,(anonymous_71)
FNDA:0,(anonymous_72)
FNDA:0,(anonymous_73)
FNDA:0,(anonymous_74)
FNDA:0,(anonymous_75)
FNDA:0,(anonymous_76)
FNDA:31,(anonymous_77)
FNDA:2,(anonymous_78)
FNDA:0,(anonymous_79)
FNDA:1,(anonymous_80)
FNDA:1,(anonymous_81)
FNDA:0,(anonymous_82)
FNDA:0,(anonymous_83)
FNDA:1,(anonymous_84)
FNDA:0,(anonymous_85)
FNDA:1,(anonymous_86)
FNDA:0,(anonymous_87)
FNDA:0,(anonymous_88)
FNDA:5,(anonymous_89)
FNDA:5,(anonymous_90)
FNDA:0,(anonymous_91)
FNDA:31,(anonymous_92)
FNDA:31,(anonymous_93)
FNDA:70,(anonymous_94)
FNDA:0,(anonymous_95)
FNDA:0,(anonymous_96)
FNDA:0,(anonymous_97)
FNDA:0,(anonymous_98)
FNDA:38,(anonymous_99)
FNDA:6,(anonymous_100)
FNDA:0,(anonymous_101)
FNDA:2,(anonymous_102)
FNDA:0,(anonymous_103)
FNDA:0,(anonymous_104)
FNDA:0,(anonymous_105)
FNDA:0,(anonymous_106)
FNDA:0,(anonymous_107)
FNDA:93,(anonymous_108)
FNDA:2,(anonymous_109)
FNDA:2,(anonymous_110)
DA:2,1
DA:11,45
DA:14,45
DA:15,2
DA:16,2
DA:17,1
DA:19,1
DA:24,45
DA:25,45
DA:26,45
DA:27,45
DA:29,45
DA:30,45
DA:31,45
DA:32,45
DA:34,45
DA:35,0
DA:36,0
DA:38,45
DA:39,0
DA:40,0
DA:42,45
DA:43,0
DA:46,45
DA:48,45
DA:49,45
DA:50,45
DA:51,4
DA:52,4
DA:55,45
DA:56,4
DA:57,1
DA:58,1
DA:59,1
DA:60,3
DA:61,1
DA:62,1
DA:63,1
DA:64,1
DA:65,1
DA:72,1
DA:73,1
DA:75,2
DA:76,2
DA:81,45
DA:82,11
DA:83,2
DA:84,2
DA:85,2
DA:86,0
DA:87,0
DA:88,0
DA:91,45
DA:92,0
DA:93,0
DA:95,45
DA:98,45
DA:99,45
DA:100,45
DA:101,45
DA:102,45
DA:103,45
DA:104,45
DA:105,45
DA:107,45
DA:109,38
DA:112,45
DA:113,38
DA:114,38
DA:115,38
DA:116,38
DA:117,38
DA:118,38
DA:120,45
DA:121,45
DA:122,45
DA:123,45
DA:124,45
DA:125,45
DA:126,45
DA:127,45
DA:128,45
DA:129,45
DA:130,45
DA:131,45
DA:132,45
DA:133,45
DA:134,45
DA:136,45
DA:137,45
DA:139,45
DA:140,45
DA:141,45
DA:142,45
DA:144,45
DA:145,1
DA:146,1
DA:147,1
DA:149,45
DA:150,1
DA:151,1
DA:161,1
DA:162,1
DA:163,1
DA:164,1
DA:166,45
DA:167,0
DA:168,0
DA:169,0
DA:171,45
DA:172,45
DA:173,45
DA:175,45
DA:177,45
DA:180,45
DA:181,7
DA:182,7
DA:184,7
DA:199,7
DA:200,7
DA:203,0
DA:204,0
DA:206,0
DA:210,45
DA:211,2
DA:213,3
DA:214,2
DA:216,3
DA:217,2
DA:218,2
DA:219,2
DA:220,2
DA:222,2
DA:232,2
DA:233,2
DA:237,2
DA:238,3
DA:239,2
DA:240,2
DA:241,2
DA:245,0
DA:247,2
DA:248,2
DA:249,0
DA:252,0
DA:253,0
DA:254,0
DA:258,0
DA:260,0
DA:261,0
DA:266,45
DA:267,1
DA:268,1
DA:269,1
DA:270,1
DA:272,1
DA:273,1
DA:274,1
DA:275,1
DA:279,45
DA:280,0
DA:281,0
DA:283,45
DA:285,0
DA:286,0
DA:287,0
DA:291,45
DA:292,0
DA:293,0
DA:294,0
DA:295,0
DA:296,0
DA:301,0
DA:302,0
DA:303,0
DA:304,0
DA:305,0
DA:306,0
DA:307,0
DA:308,0
DA:309,0
DA:310,0
DA:311,0
DA:312,0
DA:313,0
DA:322,0
DA:328,0
DA:330,0
DA:331,0
DA:332,0
DA:336,0
DA:338,0
DA:339,0
DA:342,45
DA:343,0
DA:346,45
DA:352,0
DA:360,10
DA:365,0
DA:366,0
DA:381,45
DA:382,0
DA:384,0
DA:386,0
DA:387,0
DA:388,0
DA:395,0
DA:398,45
DA:400,0
DA:401,0
DA:402,0
DA:406,45
DA:407,0
DA:408,0
DA:409,0
DA:410,0
DA:411,0
DA:415,0
DA:416,0
DA:417,0
DA:418,0
DA:419,0
DA:423,0
DA:425,0
DA:426,0
DA:427,0
DA:429,0
DA:430,0
DA:432,0
DA:441,0
DA:442,0
DA:444,0
DA:445,0
DA:446,0
DA:450,0
DA:452,0
DA:453,0
DA:457,45
DA:458,0
DA:459,0
DA:460,0
DA:461,0
DA:465,0
DA:466,0
DA:467,0
DA:471,0
DA:473,0
DA:474,0
DA:475,0
DA:477,0
DA:481,45
DA:482,0
DA:483,0
DA:484,0
DA:485,0
DA:489,0
DA:490,0
DA:491,0
DA:495,0
DA:497,0
DA:498,0
DA:499,0
DA:501,0
DA:504,45
DA:505,0
DA:506,0
DA:507,0
DA:510,45
DA:525,45
DA:526,2
DA:527,2
DA:529,45
DA:530,0
DA:531,0
DA:535,45
DA:536,0
DA:537,0
DA:539,0
DA:540,0
DA:545,45
DA:546,10
DA:547,3
DA:548,3
DA:552,45
DA:553,70
DA:561,45
DA:567,45
DA:573,176
DA:574,45
DA:582,1
DA:599,5
DA:619,0
DA:620,0
DA:621,0
DA:622,0
DA:634,0
DA:637,31
DA:652,2
DA:653,0
DA:654,1
DA:655,1
DA:657,0
DA:658,0
DA:659,1
DA:660,0
DA:678,1
DA:714,0
DA:720,0
DA:739,5
DA:740,5
DA:760,0
DA:763,31
DA:773,31
DA:781,70
DA:801,0
DA:802,0
DA:803,0
DA:804,0
DA:836,38
DA:848,6
DA:860,2
DA:861,0
DA:862,0
DA:870,0
DA:872,0
DA:873,0
DA:874,93
DA:909,2
DA:924,2
LF:329
LH:182
BRDA:17,0,0,1
BRDA:17,0,1,0
BRDA:19,1,0,1
BRDA:19,1,1,0
BRDA:56,2,0,1
BRDA:56,2,1,3
BRDA:60,3,0,1
BRDA:60,3,1,2
BRDA:64,4,0,1
BRDA:64,4,1,0
BRDA:67,5,0,1
BRDA:67,5,1,0
BRDA:69,6,0,1
BRDA:69,6,1,0
BRDA:82,7,0,9
BRDA:82,7,1,2
BRDA:83,8,0,2
BRDA:83,8,1,0
BRDA:86,9,0,0
BRDA:86,9,1,0
BRDA:113,10,0,38
BRDA:113,10,1,0
BRDA:114,11,0,38
BRDA:114,11,1,0
BRDA:115,12,0,38
BRDA:115,12,1,0
BRDA:115,12,2,0
BRDA:116,13,0,38
BRDA:116,13,1,0
BRDA:117,14,0,38
BRDA:117,14,1,0
BRDA:118,15,0,38
BRDA:118,15,1,38
BRDA:118,15,2,38
BRDA:118,15,3,38
BRDA:118,15,4,38
BRDA:150,16,0,0
BRDA:150,16,1,1
BRDA:150,17,0,1
BRDA:150,17,1,1
BRDA:155,18,0,1
BRDA:155,18,1,1
BRDA:175,19,0,45
BRDA:175,19,1,0
BRDA:199,20,0,7
BRDA:199,20,1,0
BRDA:211,21,0,0
BRDA:211,21,1,2
BRDA:216,22,0,3
BRDA:216,22,1,0
BRDA:225,23,0,2
BRDA:225,23,1,2
BRDA:237,24,0,2
BRDA:237,24,1,1
BRDA:248,25,0,0
BRDA:248,25,1,2
BRDA:267,26,0,0
BRDA:267,26,1,1
BRDA:270,27,0,1
BRDA:270,27,1,0
BRDA:280,28,0,0
BRDA:280,28,1,0
BRDA:301,29,0,0
BRDA:301,29,1,0
BRDA:301,30,0,0
BRDA:301,30,1,0
BRDA:302,31,0,0
BRDA:302,31,1,0
BRDA:302,32,0,0
BRDA:302,32,1,0
BRDA:316,33,0,0
BRDA:316,33,1,0
BRDA:346,34,0,45
BRDA:346,34,1,1
BRDA:365,35,0,0
BRDA:365,35,1,0
BRDA:382,36,0,0
BRDA:382,36,1,0
BRDA:387,37,0,0
BRDA:387,37,1,0
BRDA:390,38,0,0
BRDA:390,38,1,0
BRDA:392,39,0,0
BRDA:392,39,1,0
BRDA:415,40,0,0
BRDA:415,40,1,0
BRDA:426,41,0,0
BRDA:426,41,1,0
BRDA:435,42,0,0
BRDA:435,42,1,0
BRDA:458,43,0,0
BRDA:458,43,1,0
BRDA:465,44,0,0
BRDA:465,44,1,0
BRDA:475,45,0,0
BRDA:475,45,1,0
BRDA:482,46,0,0
BRDA:482,46,1,0
BRDA:489,47,0,0
BRDA:489,47,1,0
BRDA:499,48,0,0
BRDA:499,48,1,0
BRDA:510,49,0,45
BRDA:510,49,1,1
BRDA:515,50,0,1
BRDA:515,50,1,0
BRDA:536,51,0,0
BRDA:536,51,1,0
BRDA:537,52,0,0
BRDA:537,52,1,0
BRDA:546,53,0,3
BRDA:546,53,1,7
BRDA:573,54,0,2
BRDA:573,54,1,174
BRDA:573,55,0,176
BRDA:573,55,1,176
BRDA:573,55,2,174
BRDA:577,56,0,45
BRDA:577,56,1,1
BRDA:594,57,0,45
BRDA:594,57,1,5
BRDA:611,58,0,45
BRDA:611,58,1,6
BRDA:637,59,0,31
BRDA:637,59,1,0
BRDA:643,60,0,45
BRDA:643,60,1,22
BRDA:643,60,2,22
BRDA:646,61,0,22
BRDA:646,61,1,0
BRDA:661,62,0,22
BRDA:661,62,1,4
BRDA:667,63,0,45
BRDA:667,63,1,2
BRDA:677,64,0,2
BRDA:677,64,1,1
BRDA:689,65,0,45
BRDA:689,65,1,22
BRDA:689,65,2,0
BRDA:695,66,0,45
BRDA:695,66,1,2
BRDA:698,67,0,45
BRDA:698,67,1,0
BRDA:702,68,0,45
BRDA:702,68,1,3
BRDA:709,69,0,3
BRDA:709,69,1,0
BRDA:721,70,0,3
BRDA:721,70,1,0
BRDA:721,70,2,0
BRDA:724,71,0,3
BRDA:724,71,1,0
BRDA:724,71,2,0
BRDA:732,72,0,45
BRDA:732,72,1,4
BRDA:736,73,0,2
BRDA:736,73,1,2
BRDA:736,74,0,0
BRDA:736,74,1,2
BRDA:736,75,0,1
BRDA:736,75,1,1
BRDA:751,76,0,45
BRDA:751,76,1,2
BRDA:754,77,0,45
BRDA:754,77,1,0
BRDA:763,78,0,31
BRDA:763,78,1,0
BRDA:768,79,0,45
BRDA:768,79,1,31
BRDA:773,80,0,31
BRDA:773,80,1,0
BRDA:779,81,0,45
BRDA:779,81,1,7
BRDA:785,82,0,45
BRDA:785,82,1,0
BRDA:791,83,0,45
BRDA:791,83,1,0
BRDA:793,84,0,7
BRDA:793,84,1,38
BRDA:793,85,0,45
BRDA:793,85,1,38
BRDA:793,85,2,38
BRDA:797,86,0,45
BRDA:797,86,1,38
BRDA:797,86,2,38
BRDA:797,86,3,31
BRDA:807,87,0,0
BRDA:807,87,1,31
BRDA:848,88,0,6
BRDA:848,88,1,0
BRDA:850,89,0,38
BRDA:850,89,1,0
BRDA:858,90,0,38
BRDA:858,90,1,0
BRDA:858,91,0,38
BRDA:858,91,1,38
BRDA:880,92,0,45
BRDA:880,92,1,2
BRDA:880,92,2,2
BRDA:887,93,0,2
BRDA:887,93,1,0
BRDA:887,94,0,2
BRDA:887,94,1,2
BRDA:892,95,0,2
BRDA:892,95,1,0
BRDA:893,96,0,0
BRDA:893,96,1,2
BRDA:894,97,0,0
BRDA:894,97,1,2
BRDA:895,98,0,0
BRDA:895,98,1,2
BRDA:896,99,0,0
BRDA:896,99,1,2
BRDA:900,100,0,2
BRDA:900,100,1,0
BRDA:900,101,0,2
BRDA:900,101,1,0
BRDA:901,102,0,2
BRDA:901,102,1,2
BRDA:902,103,0,2
BRDA:902,103,1,0
BRDA:904,104,0,2
BRDA:904,104,1,0
BRDA:908,105,0,0
BRDA:908,105,1,2
BRDA:914,106,0,2
BRDA:914,106,1,0
BRDA:915,107,0,2
BRDA:915,107,1,2
BRDA:916,108,0,2
BRDA:916,108,1,0
BRDA:918,109,0,2
BRDA:918,109,1,2
BRDA:920,110,0,2
BRDA:920,110,1,2
BRDA:921,111,0,2
BRDA:921,111,1,2
BRF:237
BRH:138
end_of_record
