{"numFailedTestSuites":0,"numFailedTests":0,"numPassedTestSuites":56,"numPassedTests":232,"numPendingTestSuites":0,"numPendingTests":0,"numRuntimeErrorTestSuites":0,"numTodoTests":0,"numTotalTestSuites":56,"numTotalTests":232,"openHandles":[],"snapshot":{"added":0,"didUpdate":false,"failure":false,"filesAdded":0,"filesRemoved":0,"filesRemovedList":[],"filesUnmatched":0,"filesUpdated":0,"matched":4,"total":4,"unchecked":0,"uncheckedKeysByFile":[],"unmatched":0,"updated":0},"startTime":1775219998363,"success":true,"testResults":[{"assertionResults":[{"ancestorTitles":["🧾 OrderConfirmation Page"],"failureMessages":[],"fullName":"🧾 OrderConfirmation Page renders with no items","location":null,"status":"passed","title":"renders with no items"},{"ancestorTitles":["🧾 OrderConfirmation Page"],"failureMessages":[],"fullName":"🧾 OrderConfirmation Page renders with large quantities and prices","location":null,"status":"passed","title":"renders with large quantities and prices"},{"ancestorTitles":["🧾 OrderConfirmation Page"],"failureMessages":[],"fullName":"🧾 OrderConfirmation Page renders with special characters and emojis","location":null,"status":"passed","title":"renders with special characters and emojis"},{"ancestorTitles":["🧾 OrderConfirmation Page"],"failureMessages":[],"fullName":"🧾 OrderConfirmation Page renders with long text fields","location":null,"status":"passed","title":"renders with long text fields"},{"ancestorTitles":["🧾 OrderConfirmation Page"],"failureMessages":[],"fullName":"🧾 OrderConfirmation Page renders with null/undefined fields","location":null,"status":"passed","title":"renders with null/undefined fields"},{"ancestorTitles":["🧾 OrderConfirmation Page"],"failureMessages":[],"fullName":"🧾 OrderConfirmation Page renders with discount","location":null,"status":"passed","title":"renders with discount"},{"ancestorTitles":["🧾 OrderConfirmation Page"],"failureMessages":[],"fullName":"🧾 OrderConfirmation Page renders with missing company section","location":null,"status":"passed","title":"renders with missing company section"},{"ancestorTitles":["🧾 OrderConfirmation Page"],"failureMessages":[],"fullName":"🧾 OrderConfirmation Page renders with buyer notes/instructions","location":null,"status":"passed","title":"renders with buyer notes/instructions"},{"ancestorTitles":["🧾 OrderConfirmation Page"],"failureMessages":[],"fullName":"🧾 OrderConfirmation Page renders with future and past dates","location":null,"status":"passed","title":"renders with future and past dates"},{"ancestorTitles":["🧾 OrderConfirmation Page"],"failureMessages":[],"fullName":"🧾 OrderConfirmation Page renders with custom invoice number format","location":null,"status":"passed","title":"renders with custom invoice number format"},{"ancestorTitles":["🧾 OrderConfirmation Page"],"failureMessages":[],"fullName":"🧾 OrderConfirmation Page renders with tax exemption","location":null,"status":"passed","title":"renders with tax exemption"},{"ancestorTitles":["🧾 OrderConfirmation Page"],"failureMessages":[],"fullName":"🧾 OrderConfirmation Page renders with payment method","location":null,"status":"passed","title":"renders with payment method"},{"ancestorTitles":["🧾 OrderConfirmation Page"],"failureMessages":[],"fullName":"🧾 OrderConfirmation Page renders with download link for invoice","location":null,"status":"passed","title":"renders with download link for invoice"},{"ancestorTitles":["🧾 OrderConfirmation Page"],"failureMessages":[],"fullName":"🧾 OrderConfirmation Page renders multiple items in order","location":null,"status":"passed","title":"renders multiple items in order"},{"ancestorTitles":["🧾 OrderConfirmation Page"],"failureMessages":[],"fullName":"🧾 OrderConfirmation Page renders customer (non-guest) buyer","location":null,"status":"passed","title":"renders customer (non-guest) buyer"},{"ancestorTitles":["🧾 OrderConfirmation Page"],"failureMessages":[],"fullName":"🧾 OrderConfirmation Page handles missing optional fields gracefully","location":null,"status":"passed","title":"handles missing optional fields gracefully"},{"ancestorTitles":["🧾 OrderConfirmation Page"],"failureMessages":[],"fullName":"🧾 OrderConfirmation Page renders with different currency","location":null,"status":"passed","title":"renders with different currency"},{"ancestorTitles":["🧾 OrderConfirmation Page"],"failureMessages":[],"fullName":"🧾 OrderConfirmation Page handles zero tax and discount","location":null,"status":"passed","title":"handles zero tax and discount"},{"ancestorTitles":["🧾 OrderConfirmation Page"],"failureMessages":[],"fullName":"🧾 OrderConfirmation Page calls window.print when print invoice button is clicked","location":null,"status":"passed","title":"calls window.print when print invoice button is clicked"},{"ancestorTitles":["🧾 OrderConfirmation Page"],"failureMessages":[],"fullName":"🧾 OrderConfirmation Page navigates to home/shop when return link is clicked","location":null,"status":"passed","title":"navigates to home/shop when return link is clicked"},{"ancestorTitles":["🧾 OrderConfirmation Page"],"failureMessages":[],"fullName":"🧾 OrderConfirmation Page displays order date in expected format","location":null,"status":"passed","title":"displays order date in expected format"},{"ancestorTitles":["🧾 OrderConfirmation Page"],"failureMessages":[],"fullName":"🧾 OrderConfirmation Page has accessible roles and labels","location":null,"status":"passed","title":"has accessible roles and labels"},{"ancestorTitles":["🧾 OrderConfirmation Page"],"failureMessages":[],"fullName":"🧾 OrderConfirmation Page matches snapshot with different data","location":null,"status":"passed","title":"matches snapshot with different data"},{"ancestorTitles":["🧾 OrderConfirmation Page"],"failureMessages":[],"fullName":"🧾 OrderConfirmation Page displays confirmation message for guest or customer","location":null,"status":"passed","title":"displays confirmation message for guest or customer"},{"ancestorTitles":["🧾 OrderConfirmation Page"],"failureMessages":[],"fullName":"🧾 OrderConfirmation Page offers link or button to return to homepage or shop","location":null,"status":"passed","title":"offers link or button to return to homepage or shop"},{"ancestorTitles":["🧾 OrderConfirmation Page"],"failureMessages":[],"fullName":"🧾 OrderConfirmation Page has a confirmation heading","location":null,"status":"passed","title":"has a confirmation heading"},{"ancestorTitles":["🧾 OrderConfirmation Page"],"failureMessages":[],"fullName":"🧾 OrderConfirmation Page navigates to shop/home when link or button is clicked","location":null,"status":"passed","title":"navigates to shop/home when link or button is clicked"},{"ancestorTitles":["🧾 OrderConfirmation Page"],"failureMessages":[],"fullName":"🧾 OrderConfirmation Page displays order item details","location":null,"status":"passed","title":"displays order item details"},{"ancestorTitles":["🧾 OrderConfirmation Page"],"failureMessages":[],"fullName":"🧾 OrderConfirmation Page displays buyer information","location":null,"status":"passed","title":"displays buyer information"},{"ancestorTitles":["🧾 OrderConfirmation Page"],"failureMessages":[],"fullName":"🧾 OrderConfirmation Page displays company information","location":null,"status":"passed","title":"displays company information"},{"ancestorTitles":["🧾 OrderConfirmation Page"],"failureMessages":[],"fullName":"🧾 OrderConfirmation Page displays correct currency formatting","location":null,"status":"passed","title":"displays correct currency formatting"},{"ancestorTitles":["🧾 OrderConfirmation Page"],"failureMessages":[],"fullName":"🧾 OrderConfirmation Page matches snapshot","location":null,"status":"passed","title":"matches snapshot"}],"endTime":1775220001196,"message":"","name":"/workspaces/Merkato/frontend/src/__tests__/integration/OrderConfirmation.test.js","startTime":1775219999327,"status":"passed","summary":""},{"assertionResults":[{"ancestorTitles":["RegisterPage (customer)"],"failureMessages":[],"fullName":"RegisterPage (customer) shows error message for missing fields","location":null,"status":"passed","title":"shows error message for missing fields"},{"ancestorTitles":["RegisterPage (customer)"],"failureMessages":[],"fullName":"RegisterPage (customer) shows global error message if registration fails","location":null,"status":"passed","title":"shows global error message if registration fails"},{"ancestorTitles":["RegisterPage (customer)"],"failureMessages":[],"fullName":"RegisterPage (customer) shows global duplicate message if email exists","location":null,"status":"passed","title":"shows global duplicate message if email exists"},{"ancestorTitles":["RegisterPage (customer)"],"failureMessages":[],"fullName":"RegisterPage (customer) navigates on successful registration","location":null,"status":"passed","title":"navigates on successful registration"},{"ancestorTitles":["RegisterPage (customer)"],"failureMessages":[],"fullName":"RegisterPage (customer) shows loading state during registration","location":null,"status":"passed","title":"shows loading state during registration"},{"ancestorTitles":["RegisterPage (customer)"],"failureMessages":[],"fullName":"RegisterPage (customer) shows field-specific error from backend","location":null,"status":"passed","title":"shows field-specific error from backend"},{"ancestorTitles":["RegisterPage (customer)"],"failureMessages":[],"fullName":"RegisterPage (customer) global message has role alert for accessibility","location":null,"status":"passed","title":"global message has role alert for accessibility"},{"ancestorTitles":["RegisterPage (customer)"],"failureMessages":[],"fullName":"RegisterPage (customer) shows errors for whitespace-only values","location":null,"status":"passed","title":"shows errors for whitespace-only values"},{"ancestorTitles":["RegisterPage (customer)"],"failureMessages":[],"fullName":"RegisterPage (customer) prevents double submit (only one request sent)","location":null,"status":"passed","title":"prevents double submit (only one request sent)"},{"ancestorTitles":["RegisterPage (customer)"],"failureMessages":[],"fullName":"RegisterPage (customer) shows multiple field-specific errors from backend","location":null,"status":"passed","title":"shows multiple field-specific errors from backend"},{"ancestorTitles":["RegisterPage (customer)"],"failureMessages":[],"fullName":"RegisterPage (customer) prevents duplicate backend requests on rapid submit","location":null,"status":"passed","title":"prevents duplicate backend requests on rapid submit"},{"ancestorTitles":["RegisterPage (customer)"],"failureMessages":[],"fullName":"RegisterPage (customer) disables all inputs and button during loading","location":null,"status":"passed","title":"disables all inputs and button during loading"},{"ancestorTitles":["RegisterPage (customer)"],"failureMessages":[],"fullName":"RegisterPage (customer) toggles password visibility","location":null,"status":"passed","title":"toggles password visibility"},{"ancestorTitles":["RegisterPage (customer)"],"failureMessages":[],"fullName":"RegisterPage (customer) redirects to vendor registration when vendor is selected","location":null,"status":"passed","title":"redirects to vendor registration when vendor is selected"}],"endTime":1775220002037,"message":"","name":"/workspaces/Merkato/frontend/src/pages/__tests__/RegisterPage.test.js","startTime":1775220001231,"status":"passed","summary":""},{"assertionResults":[{"ancestorTitles":["AdminOrders"],"failureMessages":[],"fullName":"AdminOrders shows success message when invoice is resent","location":null,"status":"passed","title":"shows success message when invoice is resent"},{"ancestorTitles":["AdminOrders"],"failureMessages":[],"fullName":"AdminOrders shows error message when invoice resend fails","location":null,"status":"passed","title":"shows error message when invoice resend fails"},{"ancestorTitles":["AdminOrders"],"failureMessages":[],"fullName":"AdminOrders performs bulk status change with confirmation dialog","location":null,"status":"passed","title":"performs bulk status change with confirmation dialog"},{"ancestorTitles":["AdminOrders"],"failureMessages":[],"fullName":"AdminOrders performs bulk export with confirmation dialog","location":null,"status":"passed","title":"performs bulk export with confirmation dialog"},{"ancestorTitles":["AdminOrders"],"failureMessages":[],"fullName":"AdminOrders shows bulk email preview and performs resend","location":null,"status":"passed","title":"shows bulk email preview and performs resend"},{"ancestorTitles":["AdminOrders"],"failureMessages":[],"fullName":"AdminOrders schedules a bulk action","location":null,"status":"passed","title":"schedules a bulk action"},{"ancestorTitles":["AdminOrders"],"failureMessages":[],"fullName":"AdminOrders undoes a bulk status change","location":null,"status":"passed","title":"undoes a bulk status change"}],"endTime":1775220003511,"message":"","name":"/workspaces/Merkato/frontend/src/pages/__tests__/AdminOrders.test.js","startTime":1775220002049,"status":"passed","summary":""},{"assertionResults":[{"ancestorTitles":["🧪 App Routing & Layout"],"failureMessages":[],"fullName":"🧪 App Routing & Layout renders home page at \"/\"","location":null,"status":"passed","title":"renders home page at \"/\""},{"ancestorTitles":["🧪 App Routing & Layout"],"failureMessages":[],"fullName":"🧪 App Routing & Layout renders login page on \"/login\"","location":null,"status":"passed","title":"renders login page on \"/login\""},{"ancestorTitles":["🧪 App Routing & Layout"],"failureMessages":[],"fullName":"🧪 App Routing & Layout renders 404 page on unknown route","location":null,"status":"passed","title":"renders 404 page on unknown route"},{"ancestorTitles":["🧪 App Routing & Layout"],"failureMessages":[],"fullName":"🧪 App Routing & Layout renders navigation bar or \"Home\" link","location":null,"status":"passed","title":"renders navigation bar or \"Home\" link"},{"ancestorTitles":["🧪 App Routing & Layout"],"failureMessages":[],"fullName":"🧪 App Routing & Layout shows loading indicator while fetching user","location":null,"status":"passed","title":"shows loading indicator while fetching user"},{"ancestorTitles":["🧪 App Routing & Layout"],"failureMessages":[],"fullName":"🧪 App Routing & Layout renders dashboard for authenticated customer","location":null,"status":"passed","title":"renders dashboard for authenticated customer"},{"ancestorTitles":["🧪 App Routing & Layout"],"failureMessages":[],"fullName":"🧪 App Routing & Layout renders vendor dashboard for authenticated vendor","location":null,"status":"passed","title":"renders vendor dashboard for authenticated vendor"},{"ancestorTitles":["🧪 App Routing & Layout"],"failureMessages":[],"fullName":"🧪 App Routing & Layout renders admin dashboard for authenticated admin","location":null,"status":"passed","title":"renders admin dashboard for authenticated admin"},{"ancestorTitles":["🧪 App Routing & Layout"],"failureMessages":[],"fullName":"🧪 App Routing & Layout redirects or fails to load dashboard for unauthenticated user","location":null,"status":"passed","title":"redirects or fails to load dashboard for unauthenticated user"},{"ancestorTitles":["🧪 App Routing & Layout"],"failureMessages":[],"fullName":"🧪 App Routing & Layout logout removes token and redirects to login","location":null,"status":"passed","title":"logout removes token and redirects to login"}],"endTime":1775220009849,"message":"","name":"/workspaces/Merkato/frontend/src/__tests__/integration/App.test.js","startTime":1775220003557,"status":"passed","summary":""},{"assertionResults":[{"ancestorTitles":["MegaMenuPromoPanel"],"failureMessages":[],"fullName":"MegaMenuPromoPanel falls back to defaults when no promos configured","location":null,"status":"passed","title":"falls back to defaults when no promos configured"},{"ancestorTitles":["MegaMenuPromoPanel"],"failureMessages":[],"fullName":"MegaMenuPromoPanel subcategory match takes priority over category/global","location":null,"status":"passed","title":"subcategory match takes priority over category/global"},{"ancestorTitles":["MegaMenuPromoPanel"],"failureMessages":[],"fullName":"MegaMenuPromoPanel auto-rotates between multiple matching promos every 5s","location":null,"status":"passed","title":"auto-rotates between multiple matching promos every 5s"},{"ancestorTitles":["MegaMenuPromoPanel"],"failureMessages":[],"fullName":"MegaMenuPromoPanel respects scheduling (startAt/endAt)","location":null,"status":"passed","title":"respects scheduling (startAt/endAt)"},{"ancestorTitles":["MegaMenuPromoPanel"],"failureMessages":[],"fullName":"MegaMenuPromoPanel emits SPA navigate intent for internal href on click","location":null,"status":"passed","title":"emits SPA navigate intent for internal href on click"},{"ancestorTitles":["MegaMenuPromoPanel"],"failureMessages":[],"fullName":"MegaMenuPromoPanel clicking promo navigates to hovered main category when no explicit href","location":null,"status":"passed","title":"clicking promo navigates to hovered main category when no explicit href"},{"ancestorTitles":["MegaMenuPromoPanel"],"failureMessages":[],"fullName":"MegaMenuPromoPanel no tip text is rendered under the promo card","location":null,"status":"passed","title":"no tip text is rendered under the promo card"},{"ancestorTitles":["MegaMenuPromoPanel"],"failureMessages":[],"fullName":"MegaMenuPromoPanel minimal mode tones down visuals (no image render)","location":null,"status":"passed","title":"minimal mode tones down visuals (no image render)"},{"ancestorTitles":["MegaMenuPromoPanel"],"failureMessages":[],"fullName":"MegaMenuPromoPanel off mode hides the panel entirely","location":null,"status":"passed","title":"off mode hides the panel entirely"}],"endTime":1775220009977,"message":"","name":"/workspaces/Merkato/frontend/src/__tests__/unit/components/MegaMenuPromoPanel.test.js","startTime":1775220009859,"status":"passed","summary":""},{"assertionResults":[{"ancestorTitles":["AdminDeliveryOptions"],"failureMessages":[],"fullName":"AdminDeliveryOptions renders delivery options table","location":null,"status":"passed","title":"renders delivery options table"},{"ancestorTitles":["AdminDeliveryOptions"],"failureMessages":[],"fullName":"AdminDeliveryOptions shows error if fetch fails","location":null,"status":"passed","title":"shows error if fetch fails"},{"ancestorTitles":["AdminDeliveryOptions"],"failureMessages":[],"fullName":"AdminDeliveryOptions can add a delivery option","location":null,"status":"passed","title":"can add a delivery option"},{"ancestorTitles":["AdminDeliveryOptions"],"failureMessages":[],"fullName":"AdminDeliveryOptions shows error if add fails","location":null,"status":"passed","title":"shows error if add fails"},{"ancestorTitles":["AdminDeliveryOptions"],"failureMessages":[],"fullName":"AdminDeliveryOptions can edit a delivery option","location":null,"status":"passed","title":"can edit a delivery option"},{"ancestorTitles":["AdminDeliveryOptions"],"failureMessages":[],"fullName":"AdminDeliveryOptions shows error if edit fails","location":null,"status":"passed","title":"shows error if edit fails"},{"ancestorTitles":["AdminDeliveryOptions"],"failureMessages":[],"fullName":"AdminDeliveryOptions can delete a delivery option","location":null,"status":"passed","title":"can delete a delivery option"},{"ancestorTitles":["AdminDeliveryOptions"],"failureMessages":[],"fullName":"AdminDeliveryOptions shows error if delete fails","location":null,"status":"passed","title":"shows error if delete fails"}],"endTime":1775220010380,"message":"","name":"/workspaces/Merkato/frontend/src/pages/__tests__/AdminDeliveryOptions.test.js","startTime":1775220009986,"status":"passed","summary":""},{"assertionResults":[{"ancestorTitles":["VendorManagement"],"failureMessages":[],"fullName":"VendorManagement renders vendor table","location":null,"status":"passed","title":"renders vendor table"},{"ancestorTitles":["VendorManagement"],"failureMessages":[],"fullName":"VendorManagement shows error if vendor load fails","location":null,"status":"passed","title":"shows error if vendor load fails"},{"ancestorTitles":["VendorManagement"],"failureMessages":[],"fullName":"VendorManagement can suspend a vendor","location":null,"status":"passed","title":"can suspend a vendor"},{"ancestorTitles":["VendorManagement"],"failureMessages":[],"fullName":"VendorManagement shows error if suspend fails","location":null,"status":"passed","title":"shows error if suspend fails"},{"ancestorTitles":["VendorManagement"],"failureMessages":[],"fullName":"VendorManagement can reactivate a vendor","location":null,"status":"passed","title":"can reactivate a vendor"},{"ancestorTitles":["VendorManagement"],"failureMessages":[],"fullName":"VendorManagement shows error if reactivate fails","location":null,"status":"passed","title":"shows error if reactivate fails"},{"ancestorTitles":["VendorManagement"],"failureMessages":[],"fullName":"VendorManagement can export CSV","location":null,"status":"passed","title":"can export CSV"}],"endTime":1775220010756,"message":"","name":"/workspaces/Merkato/frontend/src/pages/__tests__/VendorManagement.test.js","startTime":1775220010416,"status":"passed","summary":""},{"assertionResults":[{"ancestorTitles":["useApi"],"failureMessages":[],"fullName":"useApi get: success sets loading then returns data","location":null,"status":"passed","title":"get: success sets loading then returns data"},{"ancestorTitles":["useApi"],"failureMessages":[],"fullName":"useApi post: failure surfaces error and throws","location":null,"status":"passed","title":"post: failure surfaces error and throws"},{"ancestorTitles":["useApi"],"failureMessages":[],"fullName":"useApi does not set state after unmount (no warnings)","location":null,"status":"passed","title":"does not set state after unmount (no warnings)"},{"ancestorTitles":["useApi"],"failureMessages":[],"fullName":"useApi clears previous error on next successful call and toggles loading","location":null,"status":"passed","title":"clears previous error on next successful call and toggles loading"},{"ancestorTitles":["useApi"],"failureMessages":[],"fullName":"useApi sets default error message when error.message missing","location":null,"status":"passed","title":"sets default error message when error.message missing"},{"ancestorTitles":["useApi"],"failureMessages":[],"fullName":"useApi 401 surfaces auth error message (from apiClient)","location":null,"status":"passed","title":"401 surfaces auth error message (from apiClient)"}],"endTime":1775220010885,"message":"","name":"/workspaces/Merkato/frontend/src/__tests__/unit/hooks/useApi.test.js","startTime":1775220010764,"status":"passed","summary":""},{"assertionResults":[{"ancestorTitles":["VendorOrders integration (@persona:vendor)"],"failureMessages":[],"fullName":"VendorOrders integration (@persona:vendor) renders orders & filters by buyer","location":null,"status":"passed","title":"renders orders & filters by buyer"},{"ancestorTitles":["VendorOrders integration (@persona:vendor)"],"failureMessages":[],"fullName":"VendorOrders integration (@persona:vendor) filters by product","location":null,"status":"passed","title":"filters by product"},{"ancestorTitles":["VendorOrders integration (@persona:vendor)"],"failureMessages":[],"fullName":"VendorOrders integration (@persona:vendor) updates order status via select change","location":null,"status":"passed","title":"updates order status via select change"}],"endTime":1775220011125,"message":"","name":"/workspaces/Merkato/frontend/src/__tests__/integration/VendorOrders.integration.test.js","startTime":1775220010897,"status":"passed","summary":""},{"assertionResults":[{"ancestorTitles":["VendorInvoices"],"failureMessages":[],"fullName":"VendorInvoices shows invoices on load","location":null,"status":"passed","title":"shows invoices on load"},{"ancestorTitles":["VendorInvoices"],"failureMessages":[],"fullName":"VendorInvoices shows error if invoice load fails","location":null,"status":"passed","title":"shows error if invoice load fails"},{"ancestorTitles":["VendorInvoices"],"failureMessages":[],"fullName":"VendorInvoices shows success on CSV export","location":null,"status":"passed","title":"shows success on CSV export"},{"ancestorTitles":["VendorInvoices"],"failureMessages":[],"fullName":"VendorInvoices shows error on CSV export failure","location":null,"status":"passed","title":"shows error on CSV export failure"}],"endTime":1775220011308,"message":"","name":"/workspaces/Merkato/frontend/src/pages/__tests__/VendorInvoices.test.js","startTime":1775220011140,"status":"passed","summary":""},{"assertionResults":[{"ancestorTitles":["🛒 CartSidebar"],"failureMessages":[],"fullName":"🛒 CartSidebar renders cart items and calculates total","location":null,"status":"passed","title":"renders cart items and calculates total"},{"ancestorTitles":["🛒 CartSidebar"],"failureMessages":[],"fullName":"🛒 CartSidebar calls onClose when close button is clicked","location":null,"status":"passed","title":"calls onClose when close button is clicked"},{"ancestorTitles":["🛒 CartSidebar"],"failureMessages":[],"fullName":"🛒 CartSidebar does not render if isOpen is false","location":null,"status":"passed","title":"does not render if isOpen is false"},{"ancestorTitles":["🛒 CartSidebar"],"failureMessages":[],"fullName":"🛒 CartSidebar renders empty message if cart is empty","location":null,"status":"passed","title":"renders empty message if cart is empty"},{"ancestorTitles":["🛒 CartSidebar"],"failureMessages":[],"fullName":"🛒 CartSidebar calls remove handler when remove button is clicked","location":null,"status":"passed","title":"calls remove handler when remove button is clicked"},{"ancestorTitles":["🛒 CartSidebar"],"failureMessages":[],"fullName":"🛒 CartSidebar checkout button disabled when cart is empty","location":null,"status":"passed","title":"checkout button disabled when cart is empty"},{"ancestorTitles":["🛒 CartSidebar"],"failureMessages":[],"fullName":"🛒 CartSidebar clicking checkout navigates to /checkout","location":null,"status":"passed","title":"clicking checkout navigates to /checkout"},{"ancestorTitles":["🛒 CartSidebar"],"failureMessages":[],"fullName":"🛒 CartSidebar remove uses _id when provided","location":null,"status":"passed","title":"remove uses _id when provided"},{"ancestorTitles":["🛒 CartSidebar"],"failureMessages":[],"fullName":"🛒 CartSidebar defaults quantity to 1 when missing and totals correctly","location":null,"status":"passed","title":"defaults quantity to 1 when missing and totals correctly"}],"endTime":1775220011460,"message":"","name":"/workspaces/Merkato/frontend/src/__tests__/unit/CartSidebar.test.js","startTime":1775220011316,"status":"passed","summary":""},{"assertionResults":[{"ancestorTitles":["VendorAnalytics"],"failureMessages":[],"fullName":"VendorAnalytics shows analytics data on load","location":null,"status":"passed","title":"shows analytics data on load"},{"ancestorTitles":["VendorAnalytics"],"failureMessages":[],"fullName":"VendorAnalytics shows error if analytics load fails","location":null,"status":"passed","title":"shows error if analytics load fails"},{"ancestorTitles":["VendorAnalytics"],"failureMessages":[],"fullName":"VendorAnalytics shows success on CSV export","location":null,"status":"passed","title":"shows success on CSV export"},{"ancestorTitles":["VendorAnalytics"],"failureMessages":[],"fullName":"VendorAnalytics shows error on CSV export failure","location":null,"status":"passed","title":"shows error on CSV export failure"}],"endTime":1775220011718,"message":"","name":"/workspaces/Merkato/frontend/src/pages/__tests__/VendorAnalytics.test.js","startTime":1775220011480,"status":"passed","summary":""},{"assertionResults":[{"ancestorTitles":["📝 Register Form Validation"],"failureMessages":[],"fullName":"📝 Register Form Validation shows required field errors","location":null,"status":"passed","title":"shows required field errors"},{"ancestorTitles":["📝 Register Form Validation"],"failureMessages":[],"fullName":"📝 Register Form Validation validates email format","location":null,"status":"passed","title":"validates email format"},{"ancestorTitles":["📝 Register Form Validation"],"failureMessages":[],"fullName":"📝 Register Form Validation validates password strength (if applied)","location":null,"status":"passed","title":"validates password strength (if applied)"},{"ancestorTitles":["📝 Register Form Validation"],"failureMessages":[],"fullName":"📝 Register Form Validation validates password confirmation mismatch","location":null,"status":"passed","title":"validates password confirmation mismatch"},{"ancestorTitles":["📝 Register Form Validation"],"failureMessages":[],"fullName":"📝 Register Form Validation shows error if email already exists","location":null,"status":"passed","title":"shows error if email already exists"}],"endTime":1775220011884,"message":"","name":"/workspaces/Merkato/frontend/src/__tests__/unit/RegisterForm.test.js","startTime":1775220011724,"status":"passed","summary":""},{"assertionResults":[{"ancestorTitles":["cartStorage"],"failureMessages":[],"fullName":"cartStorage loadCart returns empty shape on missing/invalid","location":null,"status":"passed","title":"loadCart returns empty shape on missing/invalid"},{"ancestorTitles":["cartStorage"],"failureMessages":[],"fullName":"cartStorage saveCart persists items and TTL; loadCart reads them","location":null,"status":"passed","title":"saveCart persists items and TTL; loadCart reads them"},{"ancestorTitles":["cartStorage"],"failureMessages":[],"fullName":"cartStorage clearCart empties items but keeps timestamp","location":null,"status":"passed","title":"clearCart empties items but keeps timestamp"},{"ancestorTitles":["cartStorage"],"failureMessages":[],"fullName":"cartStorage isCartExpired respects TTL for guest and authed","location":null,"status":"passed","title":"isCartExpired respects TTL for guest and authed"},{"ancestorTitles":["cartStorage"],"failureMessages":[],"fullName":"cartStorage isCartExpired falls back to cart timestamp when TTL invalid JSON","location":null,"status":"passed","title":"isCartExpired falls back to cart timestamp when TTL invalid JSON"},{"ancestorTitles":["cartStorage"],"failureMessages":[],"fullName":"cartStorage saveCart safe if JSON.stringify throws","location":null,"status":"passed","title":"saveCart safe if JSON.stringify throws"}],"endTime":1775220011943,"message":"","name":"/workspaces/Merkato/frontend/src/__tests__/unit/utils/cartStorage.test.js","startTime":1775220011891,"status":"passed","summary":""},{"assertionResults":[{"ancestorTitles":["ProtectedRoute"],"failureMessages":[],"fullName":"ProtectedRoute no token -> redirects to login","location":null,"status":"passed","title":"no token -> redirects to login"},{"ancestorTitles":["ProtectedRoute"],"failureMessages":[],"fullName":"ProtectedRoute wrong role -> redirects to account/vendor/admin fallback","location":null,"status":"passed","title":"wrong role -> redirects to account/vendor/admin fallback"},{"ancestorTitles":["ProtectedRoute"],"failureMessages":[],"fullName":"ProtectedRoute correct role -> renders children","location":null,"status":"passed","title":"correct role -> renders children"}],"endTime":1775220012053,"message":"","name":"/workspaces/Merkato/frontend/src/__tests__/unit/routing/ProtectedRoute.test.js","startTime":1775220011949,"status":"passed","summary":""},{"assertionResults":[{"ancestorTitles":["useBulkActions"],"failureMessages":[],"fullName":"useBulkActions bulk status change 200 → optimistic update then summary","location":null,"status":"passed","title":"bulk status change 200 → optimistic update then summary"},{"ancestorTitles":["useBulkActions"],"failureMessages":[],"fullName":"useBulkActions bulk status change 500 → error summary and rollback list","location":null,"status":"passed","title":"bulk status change 500 → error summary and rollback list"}],"endTime":1775220012179,"message":"","name":"/workspaces/Merkato/frontend/src/__tests__/unit/hooks/useBulkActions.test.js","startTime":1775220012063,"status":"passed","summary":""},{"assertionResults":[{"ancestorTitles":["eventsClient"],"failureMessages":[],"fullName":"eventsClient track buffers event when flags enabled (no autoflush in test env)","location":null,"status":"passed","title":"track buffers event when flags enabled (no autoflush in test env)"},{"ancestorTitles":["eventsClient"],"failureMessages":[],"fullName":"eventsClient mergeOnLogin posts merge with token and flushes buffer","location":null,"status":"passed","title":"mergeOnLogin posts merge with token and flushes buffer"},{"ancestorTitles":["eventsClient"],"failureMessages":[],"fullName":"eventsClient checkIn returns disabled when GAMIFICATION off","location":null,"status":"passed","title":"checkIn returns disabled when GAMIFICATION off"},{"ancestorTitles":["eventsClient"],"failureMessages":[],"fullName":"eventsClient checkIn posts and returns data when enabled; normalizes error","location":null,"status":"passed","title":"checkIn posts and returns data when enabled; normalizes error"}],"endTime":1775220012242,"message":"","name":"/workspaces/Merkato/frontend/src/__tests__/unit/utils/eventsClient.test.js","startTime":1775220012187,"status":"passed","summary":""},{"assertionResults":[{"ancestorTitles":["Mega Menu config"],"failureMessages":[],"fullName":"Mega Menu config exports an array of category columns","location":null,"status":"passed","title":"exports an array of category columns"},{"ancestorTitles":["Mega Menu config"],"failureMessages":[],"fullName":"Mega Menu config each column has a non-empty title and links array","location":null,"status":"passed","title":"each column has a non-empty title and links array"},{"ancestorTitles":["Mega Menu config"],"failureMessages":[],"fullName":"Mega Menu config each link has a label and a /shop target with query string","location":null,"status":"passed","title":"each link has a label and a /shop target with query string"},{"ancestorTitles":["Mega Menu config"],"failureMessages":[],"fullName":"Mega Menu config has no duplicate category titles","location":null,"status":"passed","title":"has no duplicate category titles"},{"ancestorTitles":["Mega Menu config"],"failureMessages":[],"fullName":"Mega Menu config does not repeat link targets within a single column","location":null,"status":"passed","title":"does not repeat link targets within a single column"}],"endTime":1775220012329,"message":"","name":"/workspaces/Merkato/frontend/src/__tests__/unit/config/test-megamenu.js","startTime":1775220012265,"status":"passed","summary":""},{"assertionResults":[{"ancestorTitles":["💳 StripeCheckoutButton"],"failureMessages":[],"fullName":"💳 StripeCheckoutButton renders button and calls checkout on click","location":null,"status":"passed","title":"renders button and calls checkout on click"},{"ancestorTitles":["💳 StripeCheckoutButton"],"failureMessages":[],"fullName":"💳 StripeCheckoutButton disables button if items are empty","location":null,"status":"passed","title":"disables button if items are empty"},{"ancestorTitles":["💳 StripeCheckoutButton"],"failureMessages":[],"fullName":"💳 StripeCheckoutButton shows loading indicator while processing","location":null,"status":"passed","title":"shows loading indicator while processing"}],"endTime":1775220012459,"message":"","name":"/workspaces/Merkato/frontend/src/__tests__/unit/StripeCheckoutButton.test.js","startTime":1775220012367,"status":"passed","summary":""},{"assertionResults":[{"ancestorTitles":["useCart"],"failureMessages":[],"fullName":"useCart add -> inc -> dec -> remove updates totals","location":null,"status":"passed","title":"add -> inc -> dec -> remove updates totals"},{"ancestorTitles":["useCart"],"failureMessages":[],"fullName":"useCart load from corrupt localStorage JSON falls back to empty","location":null,"status":"passed","title":"load from corrupt localStorage JSON falls back to empty"},{"ancestorTitles":["useCart"],"failureMessages":[],"fullName":"useCart localStorage.setItem throws (quota) -> hook safe, still renders","location":null,"status":"passed","title":"localStorage.setItem throws (quota) -> hook safe, still renders"},{"ancestorTitles":["useCart"],"failureMessages":[],"fullName":"useCart clear() empties and persists","location":null,"status":"passed","title":"clear() empties and persists"}],"endTime":1775220012717,"message":"","name":"/workspaces/Merkato/frontend/src/__tests__/unit/hooks/useCart.test.js","startTime":1775220012468,"status":"passed","summary":""},{"assertionResults":[{"ancestorTitles":["🔒 ProtectedRoute"],"failureMessages":[],"fullName":"🔒 ProtectedRoute redirects to login if not authenticated","location":null,"status":"passed","title":"redirects to login if not authenticated"},{"ancestorTitles":["🔒 ProtectedRoute"],"failureMessages":[],"fullName":"🔒 ProtectedRoute renders protected content if token is present","location":null,"status":"passed","title":"renders protected content if token is present"},{"ancestorTitles":["🔒 ProtectedRoute"],"failureMessages":[],"fullName":"🔒 ProtectedRoute redirects to login if token is malformed","location":null,"status":"passed","title":"redirects to login if token is malformed"}],"endTime":1775220012856,"message":"","name":"/workspaces/Merkato/frontend/src/__tests__/unit/ProtectedRoute.test.js","startTime":1775220012728,"status":"passed","summary":""},{"assertionResults":[{"ancestorTitles":["AdminExpenseManager"],"failureMessages":[],"fullName":"AdminExpenseManager shows error message when expenses fetch fails","location":null,"status":"passed","title":"shows error message when expenses fetch fails"},{"ancestorTitles":["AdminExpenseManager"],"failureMessages":[],"fullName":"AdminExpenseManager shows success message when expense is added","location":null,"status":"passed","title":"shows success message when expense is added"},{"ancestorTitles":["AdminExpenseManager"],"failureMessages":[],"fullName":"AdminExpenseManager shows error message when expense add fails","location":null,"status":"passed","title":"shows error message when expense add fails"}],"endTime":1775220013056,"message":"","name":"/workspaces/Merkato/frontend/src/pages/__tests__/AdminExpenseManager.test.js","startTime":1775220012865,"status":"passed","summary":""},{"assertionResults":[{"ancestorTitles":["CustomerOrders integration (@persona:customer)"],"failureMessages":[],"fullName":"CustomerOrders integration (@persona:customer) renders injected order items list","location":null,"status":"passed","title":"renders injected order items list"},{"ancestorTitles":["CustomerOrders integration (@persona:customer)"],"failureMessages":[],"fullName":"CustomerOrders integration (@persona:customer) request return updates UI state","location":null,"status":"passed","title":"request return updates UI state"}],"endTime":1775220013173,"message":"","name":"/workspaces/Merkato/frontend/src/__tests__/integration/CustomerOrders.integration.test.js","startTime":1775220013062,"status":"passed","summary":""},{"assertionResults":[{"ancestorTitles":["apiClient"],"failureMessages":[],"fullName":"apiClient attaches Authorization header when token present","location":null,"status":"passed","title":"attaches Authorization header when token present"},{"ancestorTitles":["apiClient"],"failureMessages":[],"fullName":"apiClient rejects with normalized message","location":null,"status":"passed","title":"rejects with normalized message"},{"ancestorTitles":["apiClient"],"failureMessages":[],"fullName":"apiClient omits Authorization header when no token present","location":null,"status":"passed","title":"omits Authorization header when no token present"},{"ancestorTitles":["apiClient"],"failureMessages":[],"fullName":"apiClient maps server error to include message (fallback when missing)","location":null,"status":"passed","title":"maps server error to include message (fallback when missing)"}],"endTime":1775220013237,"message":"","name":"/workspaces/Merkato/frontend/src/__tests__/unit/utils/apiClient.test.js","startTime":1775220013180,"status":"passed","summary":""},{"assertionResults":[{"ancestorTitles":["AdminOrders (core behaviours) @trust-ui"],"failureMessages":[],"fullName":"AdminOrders (core behaviours) @trust-ui renders orders rows","location":null,"status":"passed","title":"renders orders rows"},{"ancestorTitles":["AdminOrders (core behaviours) @trust-ui"],"failureMessages":[],"fullName":"AdminOrders (core behaviours) @trust-ui select all toggles all checkboxes","location":null,"status":"passed","title":"select all toggles all checkboxes"},{"ancestorTitles":["AdminOrders (core behaviours) @trust-ui"],"failureMessages":[],"fullName":"AdminOrders (core behaviours) @trust-ui bulk toolbar appears after selecting an order and allows status preview flow","location":null,"status":"passed","title":"bulk toolbar appears after selecting an order and allows status preview flow"}],"endTime":1775220013401,"message":"","name":"/workspaces/Merkato/frontend/src/__tests__/unit/AdminOrders.test.js","startTime":1775220013245,"status":"passed","summary":""},{"assertionResults":[{"ancestorTitles":["BulkActionsToolbar @trust-ui"],"failureMessages":[],"fullName":"BulkActionsToolbar @trust-ui renders count and action buttons when orders selected","location":null,"status":"passed","title":"renders count and action buttons when orders selected"},{"ancestorTitles":["BulkActionsToolbar @trust-ui"],"failureMessages":[],"fullName":"BulkActionsToolbar @trust-ui shows a no-selection summary when none selected","location":null,"status":"passed","title":"shows a no-selection summary when none selected"},{"ancestorTitles":["BulkActionsToolbar @trust-ui"],"failureMessages":[],"fullName":"BulkActionsToolbar @trust-ui disables buttons when limit exceeded and shows warning","location":null,"status":"passed","title":"disables buttons when limit exceeded and shows warning"},{"ancestorTitles":["BulkActionsToolbar @trust-ui"],"failureMessages":[],"fullName":"BulkActionsToolbar @trust-ui invokes preview handlers with correct action type","location":null,"status":"passed","title":"invokes preview handlers with correct action type"},{"ancestorTitles":["BulkActionsToolbar @trust-ui"],"failureMessages":[],"fullName":"BulkActionsToolbar @trust-ui undo button triggers handler when present","location":null,"status":"passed","title":"undo button triggers handler when present"}],"endTime":1775220013518,"message":"","name":"/workspaces/Merkato/frontend/src/__tests__/unit/BulkActionsToolbar.test.js","startTime":1775220013424,"status":"passed","summary":""},{"assertionResults":[{"ancestorTitles":["useBulkOrderActions"],"failureMessages":[],"fullName":"useBulkOrderActions happy path: resend emails sets summary and toast","location":null,"status":"passed","title":"happy path: resend emails sets summary and toast"},{"ancestorTitles":["useBulkOrderActions"],"failureMessages":[],"fullName":"useBulkOrderActions fail path: network error marks all failed and shows summary","location":null,"status":"passed","title":"fail path: network error marks all failed and shows summary"}],"endTime":1775220013609,"message":"","name":"/workspaces/Merkato/frontend/src/__tests__/unit/hooks/useBulkOrderActions.test.js","startTime":1775220013524,"status":"passed","summary":""},{"assertionResults":[{"ancestorTitles":["🌍 Language Switcher"],"failureMessages":[],"fullName":"🌍 Language Switcher renders all available language options","location":null,"status":"passed","title":"renders all available language options"},{"ancestorTitles":["🌍 Language Switcher"],"failureMessages":[],"fullName":"🌍 Language Switcher triggers language change on selection","location":null,"status":"passed","title":"triggers language change on selection"},{"ancestorTitles":["🌍 Language Switcher"],"failureMessages":[],"fullName":"🌍 Language Switcher does not trigger callback when clicking current language","location":null,"status":"passed","title":"does not trigger callback when clicking current language"},{"ancestorTitles":["🌍 Language Switcher"],"failureMessages":[],"fullName":"🌍 Language Switcher highlights selected language","location":null,"status":"passed","title":"highlights selected language"},{"ancestorTitles":["🌍 Language Switcher"],"failureMessages":[],"fullName":"🌍 Language Switcher all language options are accessible as buttons","location":null,"status":"passed","title":"all language options are accessible as buttons"},{"ancestorTitles":["🌍 Language Switcher"],"failureMessages":[],"fullName":"🌍 Language Switcher matches snapshot","location":null,"status":"passed","title":"matches snapshot"}],"endTime":1775220013759,"message":"","name":"/workspaces/Merkato/frontend/src/__tests__/unit/LanguageSwitcher.test.js","startTime":1775220013616,"status":"passed","summary":""},{"assertionResults":[{"ancestorTitles":["BulkSummaryDialog @trust-ui"],"failureMessages":[],"fullName":"BulkSummaryDialog @trust-ui renders summary counts and lists","location":null,"status":"passed","title":"renders summary counts and lists"},{"ancestorTitles":["BulkSummaryDialog @trust-ui"],"failureMessages":[],"fullName":"BulkSummaryDialog @trust-ui calls retry handlers","location":null,"status":"passed","title":"calls retry handlers"},{"ancestorTitles":["BulkSummaryDialog @trust-ui"],"failureMessages":[],"fullName":"BulkSummaryDialog @trust-ui calls onClose for both Confirm and Close","location":null,"status":"passed","title":"calls onClose for both Confirm and Close"},{"ancestorTitles":["BulkSummaryDialog @trust-ui"],"failureMessages":[],"fullName":"BulkSummaryDialog @trust-ui returns null when no summary","location":null,"status":"passed","title":"returns null when no summary"}],"endTime":1775220013858,"message":"","name":"/workspaces/Merkato/frontend/src/__tests__/unit/BulkSummaryDialog.test.js","startTime":1775220013770,"status":"passed","summary":""},{"assertionResults":[{"ancestorTitles":["🔐 Login Page"],"failureMessages":[],"fullName":"🔐 Login Page renders login form inputs","location":null,"status":"passed","title":"renders login form inputs"},{"ancestorTitles":["🔐 Login Page"],"failureMessages":[],"fullName":"🔐 Login Page displays validation error if fields are empty","location":null,"status":"passed","title":"displays validation error if fields are empty"},{"ancestorTitles":["🔐 Login Page"],"failureMessages":[],"fullName":"🔐 Login Page submits and logs in user with valid credentials","location":null,"status":"passed","title":"submits and logs in user with valid credentials"}],"endTime":1775220013986,"message":"","name":"/workspaces/Merkato/frontend/src/__tests__/integration/LoginPage.test.js","startTime":1775220013865,"status":"passed","summary":""},{"assertionResults":[{"ancestorTitles":["🔗 Navbar Component"],"failureMessages":[],"fullName":"🔗 Navbar Component renders navigation links for public user","location":null,"status":"passed","title":"renders navigation links for public user"},{"ancestorTitles":["🔗 Navbar Component"],"failureMessages":[],"fullName":"🔗 Navbar Component renders dashboard link for logged-in customer","location":null,"status":"passed","title":"renders dashboard link for logged-in customer"},{"ancestorTitles":["🔗 Navbar Component"],"failureMessages":[],"fullName":"🔗 Navbar Component renders vendor dashboard link for vendor user","location":null,"status":"passed","title":"renders vendor dashboard link for vendor user"}],"endTime":1775220014115,"message":"","name":"/workspaces/Merkato/frontend/src/__tests__/integration/Navbar.test.js","startTime":1775220013994,"status":"passed","summary":""},{"assertionResults":[{"ancestorTitles":["🔐 Login Page"],"failureMessages":[],"fullName":"🔐 Login Page renders login form","location":null,"status":"passed","title":"renders login form"},{"ancestorTitles":["🔐 Login Page"],"failureMessages":[],"fullName":"🔐 Login Page shows error on empty submission","location":null,"status":"passed","title":"shows error on empty submission"},{"ancestorTitles":["🔐 Login Page"],"failureMessages":[],"fullName":"🔐 Login Page logs in with valid credentials","location":null,"status":"passed","title":"logs in with valid credentials"}],"endTime":1775220014242,"message":"","name":"/workspaces/Merkato/frontend/src/__tests__/integration/Login.test.js","startTime":1775220014123,"status":"passed","summary":""},{"assertionResults":[{"ancestorTitles":["MerkatoNavbar (vendor search)"],"failureMessages":[],"fullName":"MerkatoNavbar (vendor search) shows suggestions for product query","location":null,"status":"passed","title":"shows suggestions for product query"}],"endTime":1775220014352,"message":"","name":"/workspaces/Merkato/frontend/src/__tests__/unit/components/MerkatoNavbar.vendorSearch.test.js","startTime":1775220014251,"status":"passed","summary":""},{"assertionResults":[{"ancestorTitles":["VendorProducts integration"],"failureMessages":[],"fullName":"VendorProducts integration renders product table","location":null,"status":"passed","title":"renders product table"}],"endTime":1775220014444,"message":"","name":"/workspaces/Merkato/frontend/src/__tests__/integration/VendorProducts.integration.test.js","startTime":1775220014360,"status":"passed","summary":""},{"assertionResults":[{"ancestorTitles":["axios global mock contract"],"failureMessages":[],"fullName":"axios global mock contract methods exist and return Promises","location":null,"status":"passed","title":"methods exist and return Promises"},{"ancestorTitles":["axios global mock contract"],"failureMessages":[],"fullName":"axios global mock contract provides safe defaults for common endpoints","location":null,"status":"passed","title":"provides safe defaults for common endpoints"},{"ancestorTitles":["axios global mock contract"],"failureMessages":[],"fullName":"axios global mock contract allows per-test overrides without interference","location":null,"status":"passed","title":"allows per-test overrides without interference"}],"endTime":1775220014502,"message":"","name":"/workspaces/Merkato/frontend/src/__tests__/unit/__meta__/axios.global-mock.contract.test.js","startTime":1775220014452,"status":"passed","summary":""},{"assertionResults":[{"ancestorTitles":["VendorCard"],"failureMessages":[],"fullName":"VendorCard renders vendor info and Visit Store link","location":null,"status":"passed","title":"renders vendor info and Visit Store link"},{"ancestorTitles":["VendorCard"],"failureMessages":[],"fullName":"VendorCard fallbacks when optional fields missing","location":null,"status":"passed","title":"fallbacks when optional fields missing"}],"endTime":1775220014709,"message":"","name":"/workspaces/Merkato/frontend/src/__tests__/unit/components/VendorCard.test.js","startTime":1775220014536,"status":"passed","summary":""},{"assertionResults":[{"ancestorTitles":["AdminSupportInbox"],"failureMessages":[],"fullName":"AdminSupportInbox shows error message when ticket update fails","location":null,"status":"passed","title":"shows error message when ticket update fails"}],"endTime":1775220014876,"message":"","name":"/workspaces/Merkato/frontend/src/pages/__tests__/AdminSupportInbox.test.js","startTime":1775220014723,"status":"passed","summary":""},{"assertionResults":[{"ancestorTitles":["BackButton"],"failureMessages":[],"fullName":"BackButton hidden on homepage","location":null,"status":"passed","title":"hidden on homepage"},{"ancestorTitles":["BackButton"],"failureMessages":[],"fullName":"BackButton renders on non-root and navigates back","location":null,"status":"passed","title":"renders on non-root and navigates back"}],"endTime":1775220014969,"message":"","name":"/workspaces/Merkato/frontend/src/__tests__/unit/components/BackButton.test.js","startTime":1775220014883,"status":"passed","summary":""},{"assertionResults":[{"ancestorTitles":["cartClient"],"failureMessages":[],"fullName":"cartClient syncCart transforms items and includes anonymousId; token optional","location":null,"status":"passed","title":"syncCart transforms items and includes anonymousId; token optional"},{"ancestorTitles":["cartClient"],"failureMessages":[],"fullName":"cartClient mergeCartOnLogin posts merge with token","location":null,"status":"passed","title":"mergeCartOnLogin posts merge with token"}],"endTime":1775220015045,"message":"","name":"/workspaces/Merkato/frontend/src/__tests__/unit/utils/cartClient.test.js","startTime":1775220014999,"status":"passed","summary":""},{"assertionResults":[{"ancestorTitles":["CustomerLayout @persona-ui"],"failureMessages":[],"fullName":"CustomerLayout @persona-ui does not render loading skeleton when user not yet loaded","location":null,"status":"passed","title":"does not render loading skeleton when user not yet loaded"},{"ancestorTitles":["CustomerLayout @persona-ui"],"failureMessages":[],"fullName":"CustomerLayout @persona-ui renders dashboard title when user present","location":null,"status":"passed","title":"renders dashboard title when user present"}],"endTime":1775220015237,"message":"","name":"/workspaces/Merkato/frontend/src/__tests__/unit/CustomerLayout.test.js","startTime":1775220015052,"status":"passed","summary":""},{"assertionResults":[{"ancestorTitles":["LanguageSwitcher"],"failureMessages":[],"fullName":"LanguageSwitcher renders all language options","location":null,"status":"passed","title":"renders all language options"},{"ancestorTitles":["LanguageSwitcher"],"failureMessages":[],"fullName":"LanguageSwitcher calls setLang when a different language is clicked","location":null,"status":"passed","title":"calls setLang when a different language is clicked"},{"ancestorTitles":["LanguageSwitcher"],"failureMessages":[],"fullName":"LanguageSwitcher highlights the selected language","location":null,"status":"passed","title":"highlights the selected language"}],"endTime":1775220015336,"message":"","name":"/workspaces/Merkato/frontend/src/__tests__/unit/components/LanguageSwitcher.test.js","startTime":1775220015269,"status":"passed","summary":""},{"assertionResults":[{"ancestorTitles":["uploadImage"],"failureMessages":[],"fullName":"uploadImage uploads single file and returns array","location":null,"status":"passed","title":"uploads single file and returns array"},{"ancestorTitles":["uploadImage"],"failureMessages":[],"fullName":"uploadImage uploads multiple files and reads imageUrls array","location":null,"status":"passed","title":"uploads multiple files and reads imageUrls array"}],"endTime":1775220015390,"message":"","name":"/workspaces/Merkato/frontend/src/__tests__/unit/utils/uploadImage.test.js","startTime":1775220015343,"status":"passed","summary":""},{"assertionResults":[{"ancestorTitles":["AdminFeedbackInbox"],"failureMessages":[],"fullName":"AdminFeedbackInbox shows error message when feedback fetch fails","location":null,"status":"passed","title":"shows error message when feedback fetch fails"}],"endTime":1775220015518,"message":"","name":"/workspaces/Merkato/frontend/src/pages/__tests__/AdminFeedbackInbox.test.js","startTime":1775220015403,"status":"passed","summary":""},{"assertionResults":[{"ancestorTitles":["CartButton"],"failureMessages":[],"fullName":"CartButton renders without crashing","location":null,"status":"passed","title":"renders without crashing"},{"ancestorTitles":["CartButton"],"failureMessages":[],"fullName":"CartButton renders without crashing","location":null,"status":"passed","title":"renders without crashing"}],"endTime":1775220015581,"message":"","name":"/workspaces/Merkato/frontend/src/__tests__/unit/components/CartButton.test.js","startTime":1775220015529,"status":"passed","summary":""},{"assertionResults":[{"ancestorTitles":["ProductCard"],"failureMessages":[],"fullName":"ProductCard renders without crashing","location":null,"status":"passed","title":"renders without crashing"}],"endTime":1775220015641,"message":"","name":"/workspaces/Merkato/frontend/src/__tests__/unit/components/ProductCard.test.js","startTime":1775220015588,"status":"passed","summary":""},{"assertionResults":[{"ancestorTitles":["ShopPage integration (@persona:customer)"],"failureMessages":[],"fullName":"ShopPage integration (@persona:customer) reorders Cypress Test Product to be visible first","location":null,"status":"passed","title":"reorders Cypress Test Product to be visible first"},{"ancestorTitles":["ShopPage integration (@persona:customer)"],"failureMessages":[],"fullName":"ShopPage integration (@persona:customer) filters by vendor","location":null,"status":"passed","title":"filters by vendor"},{"ancestorTitles":["ShopPage integration (@persona:customer)"],"failureMessages":[],"fullName":"ShopPage integration (@persona:customer) add to cart persists item & TTL keys","location":null,"status":"passed","title":"add to cart persists item & TTL keys"},{"ancestorTitles":["ShopPage integration (@persona:customer)"],"failureMessages":[],"fullName":"ShopPage integration (@persona:customer) search filters visible list","location":null,"status":"passed","title":"search filters visible list"}],"endTime":1775220016874,"message":"","name":"/workspaces/Merkato/frontend/src/__tests__/integration/ShopPage.integration.test.js","startTime":1775220015649,"status":"passed","summary":""},{"assertionResults":[{"ancestorTitles":["Product reviews UI"],"failureMessages":[],"fullName":"Product reviews UI renders detail with reviews section (empty)","location":null,"status":"passed","title":"renders detail with reviews section (empty)"}],"endTime":1775220016987,"message":"","name":"/workspaces/Merkato/frontend/src/__tests__/integration/ProductReviews.integration.test.js","startTime":1775220016884,"status":"passed","summary":""},{"assertionResults":[{"ancestorTitles":["🛍️ ProductCard Component"],"failureMessages":[],"fullName":"🛍️ ProductCard Component renders product name and price","location":null,"status":"passed","title":"renders product name and price"},{"ancestorTitles":["🛍️ ProductCard Component"],"failureMessages":[],"fullName":"🛍️ ProductCard Component displays product image with alt text","location":null,"status":"passed","title":"displays product image with alt text"},{"ancestorTitles":["🛍️ ProductCard Component"],"failureMessages":[],"fullName":"🛍️ ProductCard Component calls add-to-cart when button clicked","location":null,"status":"passed","title":"calls add-to-cart when button clicked"},{"ancestorTitles":["🛍️ ProductCard Component"],"failureMessages":[],"fullName":"🛍️ ProductCard Component disables add-to-cart button if out of stock","location":null,"status":"passed","title":"disables add-to-cart button if out of stock"},{"ancestorTitles":["🛍️ ProductCard Component"],"failureMessages":[],"fullName":"🛍️ ProductCard Component shows product description","location":null,"status":"passed","title":"shows product description"},{"ancestorTitles":["🛍️ ProductCard Component"],"failureMessages":[],"fullName":"🛍️ ProductCard Component matches snapshot","location":null,"status":"passed","title":"matches snapshot"}],"endTime":1775220017179,"message":"","name":"/workspaces/Merkato/frontend/src/__tests__/unit/ProductCard.test.js","startTime":1775220016998,"status":"passed","summary":""},{"assertionResults":[{"ancestorTitles":["Order History"],"failureMessages":[],"fullName":"Order History renders empty orders","location":null,"status":"passed","title":"renders empty orders"}],"endTime":1775220017355,"message":"","name":"/workspaces/Merkato/frontend/src/__tests__/integration/OrderHistory.integration.test.js","startTime":1775220017207,"status":"passed","summary":""},{"assertionResults":[{"ancestorTitles":["Notifications UI (customers page tab)"],"failureMessages":[],"fullName":"Notifications UI (customers page tab) renders Notifications section when selected","location":null,"status":"passed","title":"renders Notifications section when selected"}],"endTime":1775220017506,"message":"","name":"/workspaces/Merkato/frontend/src/__tests__/integration/Notifications.integration.test.js","startTime":1775220017367,"status":"passed","summary":""},{"assertionResults":[{"ancestorTitles":["currencyUtils"],"failureMessages":[],"fullName":"currencyUtils should be defined","location":null,"status":"passed","title":"should be defined"},{"ancestorTitles":["currencyUtils"],"failureMessages":[],"fullName":"currencyUtils should be defined","location":null,"status":"passed","title":"should be defined"}],"endTime":1775220017568,"message":"","name":"/workspaces/Merkato/frontend/src/__tests__/unit/utils/currencyUtils.test.js","startTime":1775220017529,"status":"passed","summary":""},{"assertionResults":[{"ancestorTitles":["ShopFlow"],"failureMessages":[],"fullName":"ShopFlow renders without crashing","location":null,"status":"passed","title":"renders without crashing"}],"endTime":1775220017644,"message":"","name":"/workspaces/Merkato/frontend/src/__tests__/integration/ShopFlow.test.js","startTime":1775220017575,"status":"passed","summary":""},{"assertionResults":[{"ancestorTitles":["Routing"],"failureMessages":[],"fullName":"Routing renders without crashing","location":null,"status":"passed","title":"renders without crashing"}],"endTime":1775220017749,"message":"","name":"/workspaces/Merkato/frontend/src/__tests__/integration/Routing.test.js","startTime":1775220017658,"status":"passed","summary":""},{"assertionResults":[{"ancestorTitles":["AuthFlow"],"failureMessages":[],"fullName":"AuthFlow renders without crashing","location":null,"status":"passed","title":"renders without crashing"}],"endTime":1775220017822,"message":"","name":"/workspaces/Merkato/frontend/src/__tests__/integration/AuthFlow.test.js","startTime":1775220017756,"status":"passed","summary":""},{"assertionResults":[{"ancestorTitles":["CheckoutPage placeholder"],"failureMessages":[],"fullName":"CheckoutPage placeholder placeholder","location":null,"status":"passed","title":"placeholder"}],"endTime":1775220017897,"message":"","name":"/workspaces/Merkato/frontend/src/__tests__/integration/CheckoutPage.test.js","startTime":1775220017852,"status":"passed","summary":""},{"assertionResults":[{"ancestorTitles":["CheckoutPage"],"failureMessages":[],"fullName":"CheckoutPage shows empty cart message if no items","location":null,"status":"passed","title":"shows empty cart message if no items"},{"ancestorTitles":["CheckoutPage"],"failureMessages":[],"fullName":"CheckoutPage renders cart items and total","location":null,"status":"passed","title":"renders cart items and total"},{"ancestorTitles":["CheckoutPage"],"failureMessages":[],"fullName":"CheckoutPage shows buyer details form if not logged in","location":null,"status":"passed","title":"shows buyer details form if not logged in"},{"ancestorTitles":["CheckoutPage"],"failureMessages":[],"fullName":"CheckoutPage validates promo code and applies discount in summary modal","location":null,"status":"passed","title":"validates promo code and applies discount in summary modal"}],"endTime":1775220018320,"message":"","name":"/workspaces/Merkato/frontend/src/pages/__tests__/CheckoutPage.test.js","startTime":1775220017905,"status":"passed","summary":""}],"wasInterrupted":false}