{"numFailedTestSuites":1,"numFailedTests":1,"numPassedTestSuites":17,"numPassedTests":200,"numPendingTestSuites":0,"numPendingTests":0,"numRuntimeErrorTestSuites":0,"numTodoTests":0,"numTotalTestSuites":18,"numTotalTests":201,"openHandles":[],"snapshot":{"added":0,"didUpdate":false,"failure":false,"filesAdded":0,"filesRemoved":0,"filesRemovedList":[],"filesUnmatched":0,"filesUpdated":0,"matched":0,"total":0,"unchecked":0,"uncheckedKeysByFile":[],"unmatched":0,"updated":0},"startTime":1757409965775,"success":false,"testResults":[{"assertionResults":[{"ancestorTitles":["Public API contracts"],"duration":50,"failing":false,"failureDetails":[],"failureMessages":[],"fullName":"Public API contracts GET /api returns backend health payload","invocations":1,"location":null,"numPassingAsserts":3,"retryReasons":[],"startAt":1757409968587,"status":"passed","title":"GET /api returns backend health payload"},{"ancestorTitles":["Public API contracts"],"duration":37,"failing":false,"failureDetails":[],"failureMessages":[],"fullName":"Public API contracts GET /api/products/delivery-settings returns defaults and options","invocations":1,"location":null,"numPassingAsserts":5,"retryReasons":[],"startAt":1757409968639,"status":"passed","title":"GET /api/products/delivery-settings returns defaults and options"},{"ancestorTitles":["Public API contracts"],"duration":9,"failing":false,"failureDetails":[{"matcherResult":{"actual":404,"expected":200,"message":"\u001b[2mexpect(\u001b[22m\u001b[31mreceived\u001b[39m\u001b[2m).\u001b[22mtoBe\u001b[2m(\u001b[22m\u001b[32mexpected\u001b[39m\u001b[2m) // Object.is equality\u001b[22m\n\nExpected: \u001b[32m200\u001b[39m\nReceived: \u001b[31m404\u001b[39m","name":"toBe","pass":false}}],"failureMessages":["Error: \u001b[2mexpect(\u001b[22m\u001b[31mreceived\u001b[39m\u001b[2m).\u001b[22mtoBe\u001b[2m(\u001b[22m\u001b[32mexpected\u001b[39m\u001b[2m) // Object.is equality\u001b[22m\n\nExpected: \u001b[32m200\u001b[39m\nReceived: \u001b[31m404\u001b[39m\n    at Object.toBe (C:\\Dev\\Merkato\\backend\\tests\\integration\\healthAndSettings.test.js:37:24)\n    at processTicksAndRejections (node:internal/process/task_queues:95:5)"],"fullName":"Public API contracts GET /api/feature-flags exposes conservative booleans","invocations":1,"location":null,"numPassingAsserts":0,"retryReasons":[],"startAt":1757409968678,"status":"failed","title":"GET /api/feature-flags exposes conservative booleans"}],"endTime":1757409968705,"message":"\u001b[1m\u001b[31m  \u001b[1m● \u001b[22m\u001b[1mPublic API contracts › GET /api/feature-flags exposes conservative booleans\u001b[39m\u001b[22m\n\n    \u001b[2mexpect(\u001b[22m\u001b[31mreceived\u001b[39m\u001b[2m).\u001b[22mtoBe\u001b[2m(\u001b[22m\u001b[32mexpected\u001b[39m\u001b[2m) // Object.is equality\u001b[22m\n\n    Expected: \u001b[32m200\u001b[39m\n    Received: \u001b[31m404\u001b[39m\n\u001b[2m\u001b[22m\n\u001b[2m    \u001b[0m \u001b[90m 35 |\u001b[39m   test(\u001b[32m'GET /api/feature-flags exposes conservative booleans'\u001b[39m\u001b[33m,\u001b[39m \u001b[36masync\u001b[39m () \u001b[33m=>\u001b[39m {\u001b[22m\n\u001b[2m     \u001b[90m 36 |\u001b[39m     \u001b[36mconst\u001b[39m res \u001b[33m=\u001b[39m \u001b[36mawait\u001b[39m request(app)\u001b[33m.\u001b[39m\u001b[36mget\u001b[39m(\u001b[32m'/api/feature-flags'\u001b[39m)\u001b[33m;\u001b[39m\u001b[22m\n\u001b[2m    \u001b[31m\u001b[1m>\u001b[22m\u001b[2m\u001b[39m\u001b[90m 37 |\u001b[39m     expect(res\u001b[33m.\u001b[39mstatus)\u001b[33m.\u001b[39mtoBe(\u001b[35m200\u001b[39m)\u001b[33m;\u001b[39m\u001b[22m\n\u001b[2m     \u001b[90m    |\u001b[39m                        \u001b[31m\u001b[1m^\u001b[22m\u001b[2m\u001b[39m\u001b[22m\n\u001b[2m     \u001b[90m 38 |\u001b[39m     expect(res\u001b[33m.\u001b[39mbody)\u001b[33m.\u001b[39mtoHaveProperty(\u001b[32m'flags'\u001b[39m)\u001b[33m;\u001b[39m\u001b[22m\n\u001b[2m     \u001b[90m 39 |\u001b[39m     expect(res\u001b[33m.\u001b[39mbody\u001b[33m.\u001b[39mflags)\u001b[33m.\u001b[39mtoHaveProperty(\u001b[32m'gamification'\u001b[39m)\u001b[33m;\u001b[39m\u001b[22m\n\u001b[2m     \u001b[90m 40 |\u001b[39m     expect(res\u001b[33m.\u001b[39mbody\u001b[33m.\u001b[39mflags)\u001b[33m.\u001b[39mtoHaveProperty(\u001b[32m'behavioralPromos'\u001b[39m)\u001b[33m;\u001b[39m\u001b[0m\u001b[22m\n\u001b[2m\u001b[22m\n\u001b[2m      \u001b[2mat Object.toBe (\u001b[22m\u001b[2m\u001b[0m\u001b[36mtests/integration/healthAndSettings.test.js\u001b[39m\u001b[0m\u001b[2m:37:24)\u001b[22m\u001b[2m\u001b[22m\n","name":"C:\\Dev\\Merkato\\backend\\tests\\integration\\healthAndSettings.test.js","startTime":1757409965904,"status":"failed","summary":""},{"assertionResults":[{"ancestorTitles":["Review Moderation Routes","GET /api/admin/reviews"],"duration":18,"failing":false,"failureDetails":[],"failureMessages":[],"fullName":"Review Moderation Routes GET /api/admin/reviews should allow admin to view flagged reviews","invocations":1,"location":null,"numPassingAsserts":1,"retryReasons":[],"startAt":1757409970147,"status":"passed","title":"should allow admin to view flagged reviews"},{"ancestorTitles":["Review Moderation Routes","GET /api/admin/reviews"],"duration":19,"failing":false,"failureDetails":[],"failureMessages":[],"fullName":"Review Moderation Routes GET /api/admin/reviews should support pagination/filtering if implemented","invocations":1,"location":null,"numPassingAsserts":1,"retryReasons":[],"startAt":1757409970167,"status":"passed","title":"should support pagination/filtering if implemented"},{"ancestorTitles":["Review Moderation Routes","GET /api/admin/reviews"],"duration":14,"failing":false,"failureDetails":[],"failureMessages":[],"fullName":"Review Moderation Routes GET /api/admin/reviews should block non-admin access","invocations":1,"location":null,"numPassingAsserts":1,"retryReasons":[],"startAt":1757409970187,"status":"passed","title":"should block non-admin access"},{"ancestorTitles":["Review Moderation Routes","GET /api/admin/reviews"],"duration":15,"failing":false,"failureDetails":[],"failureMessages":[],"fullName":"Review Moderation Routes GET /api/admin/reviews should fail without token","invocations":1,"location":null,"numPassingAsserts":1,"retryReasons":[],"startAt":1757409970202,"status":"passed","title":"should fail without token"},{"ancestorTitles":["Review Moderation Routes","PUT /api/admin/reviews/:reviewId/hide"],"duration":8,"failing":false,"failureDetails":[],"failureMessages":[],"fullName":"Review Moderation Routes PUT /api/admin/reviews/:reviewId/hide should allow admin to hide review","invocations":1,"location":null,"numPassingAsserts":0,"retryReasons":[],"startAt":1757409970218,"status":"passed","title":"should allow admin to hide review"},{"ancestorTitles":["Review Moderation Routes","PUT /api/admin/reviews/:reviewId/hide"],"duration":0,"failing":false,"failureDetails":[],"failureMessages":[],"fullName":"Review Moderation Routes PUT /api/admin/reviews/:reviewId/hide should be idempotent if already hidden","invocations":1,"location":null,"numPassingAsserts":0,"retryReasons":[],"startAt":1757409970227,"status":"passed","title":"should be idempotent if already hidden"},{"ancestorTitles":["Review Moderation Routes","PUT /api/admin/reviews/:reviewId/hide"],"duration":1,"failing":false,"failureDetails":[],"failureMessages":[],"fullName":"Review Moderation Routes PUT /api/admin/reviews/:reviewId/hide should block non-admin from hiding review","invocations":1,"location":null,"numPassingAsserts":0,"retryReasons":[],"startAt":1757409970228,"status":"passed","title":"should block non-admin from hiding review"},{"ancestorTitles":["Review Moderation Routes","PUT /api/admin/reviews/:reviewId/hide"],"duration":6,"failing":false,"failureDetails":[],"failureMessages":[],"fullName":"Review Moderation Routes PUT /api/admin/reviews/:reviewId/hide should return 400 for malformed ID","invocations":1,"location":null,"numPassingAsserts":1,"retryReasons":[],"startAt":1757409970230,"status":"passed","title":"should return 400 for malformed ID"},{"ancestorTitles":["Review Moderation Routes","PUT /api/admin/reviews/:reviewId/hide"],"duration":4,"failing":false,"failureDetails":[],"failureMessages":[],"fullName":"Review Moderation Routes PUT /api/admin/reviews/:reviewId/hide should return 404 for non-existent review","invocations":1,"location":null,"numPassingAsserts":1,"retryReasons":[],"startAt":1757409970237,"status":"passed","title":"should return 404 for non-existent review"},{"ancestorTitles":["Review Moderation Routes","PUT /api/admin/reviews/:reviewId/unhide"],"duration":1,"failing":false,"failureDetails":[],"failureMessages":[],"fullName":"Review Moderation Routes PUT /api/admin/reviews/:reviewId/unhide should allow admin to unhide review","invocations":1,"location":null,"numPassingAsserts":0,"retryReasons":[],"startAt":1757409970242,"status":"passed","title":"should allow admin to unhide review"},{"ancestorTitles":["Review Moderation Routes","PUT /api/admin/reviews/:reviewId/unhide"],"duration":0,"failing":false,"failureDetails":[],"failureMessages":[],"fullName":"Review Moderation Routes PUT /api/admin/reviews/:reviewId/unhide should be idempotent if already unhidden","invocations":1,"location":null,"numPassingAsserts":0,"retryReasons":[],"startAt":1757409970244,"status":"passed","title":"should be idempotent if already unhidden"},{"ancestorTitles":["Review Moderation Routes","PUT /api/admin/reviews/:reviewId/unhide"],"duration":1,"failing":false,"failureDetails":[],"failureMessages":[],"fullName":"Review Moderation Routes PUT /api/admin/reviews/:reviewId/unhide should block non-admin from unhiding review","invocations":1,"location":null,"numPassingAsserts":0,"retryReasons":[],"startAt":1757409970245,"status":"passed","title":"should block non-admin from unhiding review"},{"ancestorTitles":["Review Moderation Routes","PUT /api/admin/reviews/:reviewId/unhide"],"duration":4,"failing":false,"failureDetails":[],"failureMessages":[],"fullName":"Review Moderation Routes PUT /api/admin/reviews/:reviewId/unhide should return 400 for malformed ID","invocations":1,"location":null,"numPassingAsserts":1,"retryReasons":[],"startAt":1757409970247,"status":"passed","title":"should return 400 for malformed ID"},{"ancestorTitles":["Review Moderation Routes","PUT /api/admin/reviews/:reviewId/unhide"],"duration":5,"failing":false,"failureDetails":[],"failureMessages":[],"fullName":"Review Moderation Routes PUT /api/admin/reviews/:reviewId/unhide should return 404 for non-existent review","invocations":1,"location":null,"numPassingAsserts":1,"retryReasons":[],"startAt":1757409970252,"status":"passed","title":"should return 404 for non-existent review"},{"ancestorTitles":["Review Moderation Routes","DELETE /api/admin/reviews/:reviewId"],"duration":1,"failing":false,"failureDetails":[],"failureMessages":[],"fullName":"Review Moderation Routes DELETE /api/admin/reviews/:reviewId should allow admin to permanently delete a review","invocations":1,"location":null,"numPassingAsserts":0,"retryReasons":[],"startAt":1757409970258,"status":"passed","title":"should allow admin to permanently delete a review"},{"ancestorTitles":["Review Moderation Routes","DELETE /api/admin/reviews/:reviewId"],"duration":0,"failing":false,"failureDetails":[],"failureMessages":[],"fullName":"Review Moderation Routes DELETE /api/admin/reviews/:reviewId should block non-admin from deleting review","invocations":1,"location":null,"numPassingAsserts":0,"retryReasons":[],"startAt":1757409970260,"status":"passed","title":"should block non-admin from deleting review"},{"ancestorTitles":["Review Moderation Routes","DELETE /api/admin/reviews/:reviewId"],"duration":16,"failing":false,"failureDetails":[],"failureMessages":[],"fullName":"Review Moderation Routes DELETE /api/admin/reviews/:reviewId should return 400 for malformed ID","invocations":1,"location":null,"numPassingAsserts":1,"retryReasons":[],"startAt":1757409970261,"status":"passed","title":"should return 400 for malformed ID"},{"ancestorTitles":["Review Moderation Routes","DELETE /api/admin/reviews/:reviewId"],"duration":14,"failing":false,"failureDetails":[],"failureMessages":[],"fullName":"Review Moderation Routes DELETE /api/admin/reviews/:reviewId should return 404 for non-existent review","invocations":1,"location":null,"numPassingAsserts":1,"retryReasons":[],"startAt":1757409970277,"status":"passed","title":"should return 404 for non-existent review"}],"endTime":1757409970294,"message":"","name":"C:\\Dev\\Merkato\\backend\\tests\\integration\\reviewModerationRoutes.test.js","startTime":1757409968749,"status":"passed","summary":""},{"assertionResults":[{"ancestorTitles":["Invoice Routes","GET /api/invoices/:orderId"],"duration":16,"failing":false,"failureDetails":[],"failureMessages":[],"fullName":"Invoice Routes GET /api/invoices/:orderId should fail without token","invocations":1,"location":null,"numPassingAsserts":1,"retryReasons":[],"startAt":1757409971487,"status":"passed","title":"should fail without token"},{"ancestorTitles":["Invoice Routes","GET /api/invoices/:orderId"],"duration":32,"failing":false,"failureDetails":[],"failureMessages":[],"fullName":"Invoice Routes GET /api/invoices/:orderId should return invoice for valid order (user)","invocations":1,"location":null,"numPassingAsserts":2,"retryReasons":[],"startAt":1757409971505,"status":"passed","title":"should return invoice for valid order (user)"},{"ancestorTitles":["Invoice Routes","GET /api/invoices/:orderId"],"duration":25,"failing":false,"failureDetails":[],"failureMessages":[],"fullName":"Invoice Routes GET /api/invoices/:orderId should return 404 or 403 for non-existent or unauthorized order","invocations":1,"location":null,"numPassingAsserts":1,"retryReasons":[],"startAt":1757409971539,"status":"passed","title":"should return 404 or 403 for non-existent or unauthorized order"},{"ancestorTitles":["Invoice Routes","GET /api/invoices/:orderId"],"duration":17,"failing":false,"failureDetails":[],"failureMessages":[],"fullName":"Invoice Routes GET /api/invoices/:orderId should return 400 for malformed ObjectId","invocations":1,"location":null,"numPassingAsserts":1,"retryReasons":[],"startAt":1757409971565,"status":"passed","title":"should return 400 for malformed ObjectId"},{"ancestorTitles":["Invoice Routes","GET /api/invoices/:orderId"],"duration":27,"failing":false,"failureDetails":[],"failureMessages":[],"fullName":"Invoice Routes GET /api/invoices/:orderId should return 404 or custom status if invoice not yet generated","invocations":1,"location":null,"numPassingAsserts":1,"retryReasons":[],"startAt":1757409971583,"status":"passed","title":"should return 404 or custom status if invoice not yet generated"},{"ancestorTitles":["Invoice Routes","POST /api/invoices/email"],"duration":12,"failing":false,"failureDetails":[],"failureMessages":[],"fullName":"Invoice Routes POST /api/invoices/email should fail without token","invocations":1,"location":null,"numPassingAsserts":1,"retryReasons":[],"startAt":1757409971611,"status":"passed","title":"should fail without token"},{"ancestorTitles":["Invoice Routes","POST /api/invoices/email"],"duration":27,"failing":false,"failureDetails":[],"failureMessages":[],"fullName":"Invoice Routes POST /api/invoices/email should allow admin to send invoice email","invocations":1,"location":null,"numPassingAsserts":2,"retryReasons":[],"startAt":1757409971624,"status":"passed","title":"should allow admin to send invoice email"},{"ancestorTitles":["Invoice Routes","POST /api/invoices/email"],"duration":17,"failing":false,"failureDetails":[],"failureMessages":[],"fullName":"Invoice Routes POST /api/invoices/email should block email attempt by non-admin user","invocations":1,"location":null,"numPassingAsserts":1,"retryReasons":[],"startAt":1757409971652,"status":"passed","title":"should block email attempt by non-admin user"},{"ancestorTitles":["Invoice Routes","GET /api/invoices/download/:orderId"],"duration":23,"failing":false,"failureDetails":[],"failureMessages":[],"fullName":"Invoice Routes GET /api/invoices/download/:orderId should allow PDF invoice download if implemented","invocations":1,"location":null,"numPassingAsserts":1,"retryReasons":[],"startAt":1757409971670,"status":"passed","title":"should allow PDF invoice download if implemented"},{"ancestorTitles":["Invoice Routes","GET /api/invoices/download/:orderId"],"duration":12,"failing":false,"failureDetails":[],"failureMessages":[],"fullName":"Invoice Routes GET /api/invoices/download/:orderId should return 401/403 for missing token","invocations":1,"location":null,"numPassingAsserts":1,"retryReasons":[],"startAt":1757409971694,"status":"passed","title":"should return 401/403 for missing token"}],"endTime":1757409971710,"message":"","name":"C:\\Dev\\Merkato\\backend\\tests\\integration\\invoiceRoutes.test.js","startTime":1757409970338,"status":"passed","summary":""},{"assertionResults":[{"ancestorTitles":["Admin Routes","GET /api/admin/dashboard"],"duration":24,"failing":false,"failureDetails":[],"failureMessages":[],"fullName":"Admin Routes GET /api/admin/dashboard should allow admin to view dashboard","invocations":1,"location":null,"numPassingAsserts":1,"retryReasons":[],"startAt":1757409973896,"status":"passed","title":"should allow admin to view dashboard"},{"ancestorTitles":["Admin Routes","GET /api/admin/dashboard"],"duration":15,"failing":false,"failureDetails":[],"failureMessages":[],"fullName":"Admin Routes GET /api/admin/dashboard should block non-admin users","invocations":1,"location":null,"numPassingAsserts":1,"retryReasons":[],"startAt":1757409973925,"status":"passed","title":"should block non-admin users"},{"ancestorTitles":["Admin Routes","GET /api/admin/dashboard"],"duration":14,"failing":false,"failureDetails":[],"failureMessages":[],"fullName":"Admin Routes GET /api/admin/dashboard should fail without token","invocations":1,"location":null,"numPassingAsserts":1,"retryReasons":[],"startAt":1757409973941,"status":"passed","title":"should fail without token"},{"ancestorTitles":["Admin Routes","GET /api/admin/dashboard"],"duration":12,"failing":false,"failureDetails":[],"failureMessages":[],"fullName":"Admin Routes GET /api/admin/dashboard should reject invalid token","invocations":1,"location":null,"numPassingAsserts":1,"retryReasons":[],"startAt":1757409973957,"status":"passed","title":"should reject invalid token"},{"ancestorTitles":["Admin Routes","GET /api/admin/users"],"duration":430,"failing":false,"failureDetails":[],"failureMessages":[],"fullName":"Admin Routes GET /api/admin/users should return user list for admin","invocations":1,"location":null,"numPassingAsserts":2,"retryReasons":[],"startAt":1757409973971,"status":"passed","title":"should return user list for admin"},{"ancestorTitles":["Admin Routes","GET /api/admin/users"],"duration":538,"failing":false,"failureDetails":[],"failureMessages":[],"fullName":"Admin Routes GET /api/admin/users should support pagination (if implemented)","invocations":1,"location":null,"numPassingAsserts":1,"retryReasons":[],"startAt":1757409974406,"status":"passed","title":"should support pagination (if implemented)"},{"ancestorTitles":["Admin Routes","GET /api/admin/users"],"duration":38,"failing":false,"failureDetails":[],"failureMessages":[],"fullName":"Admin Routes GET /api/admin/users should block non-admin","invocations":1,"location":null,"numPassingAsserts":1,"retryReasons":[],"startAt":1757409974946,"status":"passed","title":"should block non-admin"},{"ancestorTitles":["Admin Routes","GET /api/admin/users"],"duration":48,"failing":false,"failureDetails":[],"failureMessages":[],"fullName":"Admin Routes GET /api/admin/users should fail without token","invocations":1,"location":null,"numPassingAsserts":1,"retryReasons":[],"startAt":1757409974992,"status":"passed","title":"should fail without token"},{"ancestorTitles":["Admin Routes","PUT /api/admin/users/:id"],"duration":32,"failing":false,"failureDetails":[],"failureMessages":[],"fullName":"Admin Routes PUT /api/admin/users/:id should update user role to vendor","invocations":1,"location":null,"numPassingAsserts":1,"retryReasons":[],"startAt":1757409975047,"status":"passed","title":"should update user role to vendor"},{"ancestorTitles":["Admin Routes","PUT /api/admin/users/:id"],"duration":20,"failing":false,"failureDetails":[],"failureMessages":[],"fullName":"Admin Routes PUT /api/admin/users/:id should return 400 for malformed user ID","invocations":1,"location":null,"numPassingAsserts":1,"retryReasons":[],"startAt":1757409975081,"status":"passed","title":"should return 400 for malformed user ID"},{"ancestorTitles":["Admin Routes","PUT /api/admin/users/:id"],"duration":22,"failing":false,"failureDetails":[],"failureMessages":[],"fullName":"Admin Routes PUT /api/admin/users/:id should return 404 for non-existent user","invocations":1,"location":null,"numPassingAsserts":1,"retryReasons":[],"startAt":1757409975110,"status":"passed","title":"should return 404 for non-existent user"},{"ancestorTitles":["Admin Routes","PUT /api/admin/users/:id"],"duration":23,"failing":false,"failureDetails":[],"failureMessages":[],"fullName":"Admin Routes PUT /api/admin/users/:id should block user from self-escalating role","invocations":1,"location":null,"numPassingAsserts":1,"retryReasons":[],"startAt":1757409975134,"status":"passed","title":"should block user from self-escalating role"},{"ancestorTitles":["Admin Routes","DELETE /api/admin/users/:id"],"duration":20,"failing":false,"failureDetails":[],"failureMessages":[],"fullName":"Admin Routes DELETE /api/admin/users/:id should delete user if authorized","invocations":1,"location":null,"numPassingAsserts":1,"retryReasons":[],"startAt":1757409975160,"status":"passed","title":"should delete user if authorized"},{"ancestorTitles":["Admin Routes","DELETE /api/admin/users/:id"],"duration":15,"failing":false,"failureDetails":[],"failureMessages":[],"fullName":"Admin Routes DELETE /api/admin/users/:id should return 400 for malformed ID","invocations":1,"location":null,"numPassingAsserts":1,"retryReasons":[],"startAt":1757409975183,"status":"passed","title":"should return 400 for malformed ID"},{"ancestorTitles":["Admin Routes","DELETE /api/admin/users/:id"],"duration":15,"failing":false,"failureDetails":[],"failureMessages":[],"fullName":"Admin Routes DELETE /api/admin/users/:id should return 404 for non-existent user","invocations":1,"location":null,"numPassingAsserts":1,"retryReasons":[],"startAt":1757409975206,"status":"passed","title":"should return 404 for non-existent user"},{"ancestorTitles":["Admin Routes","GET /api/admin/orders"],"duration":120,"failing":false,"failureDetails":[],"failureMessages":[],"fullName":"Admin Routes GET /api/admin/orders should return all orders for admin","invocations":1,"location":null,"numPassingAsserts":2,"retryReasons":[],"startAt":1757409975226,"status":"passed","title":"should return all orders for admin"},{"ancestorTitles":["Admin Routes","GET /api/admin/orders"],"duration":66,"failing":false,"failureDetails":[],"failureMessages":[],"fullName":"Admin Routes GET /api/admin/orders should block non-admin","invocations":1,"location":null,"numPassingAsserts":1,"retryReasons":[],"startAt":1757409975350,"status":"passed","title":"should block non-admin"},{"ancestorTitles":["Admin Routes","GET /api/admin/orders"],"duration":44,"failing":false,"failureDetails":[],"failureMessages":[],"fullName":"Admin Routes GET /api/admin/orders should fail without token","invocations":1,"location":null,"numPassingAsserts":1,"retryReasons":[],"startAt":1757409975420,"status":"passed","title":"should fail without token"},{"ancestorTitles":["Admin Routes","PUT /api/admin/orders/:id/status"],"duration":44,"failing":false,"failureDetails":[],"failureMessages":[],"fullName":"Admin Routes PUT /api/admin/orders/:id/status should update order status","invocations":1,"location":null,"numPassingAsserts":0,"retryReasons":[],"startAt":1757409975466,"status":"passed","title":"should update order status"},{"ancestorTitles":["Admin Routes","PUT /api/admin/orders/:id/status"],"duration":17,"failing":false,"failureDetails":[],"failureMessages":[],"fullName":"Admin Routes PUT /api/admin/orders/:id/status should return 400 for malformed ID","invocations":1,"location":null,"numPassingAsserts":1,"retryReasons":[],"startAt":1757409975511,"status":"passed","title":"should return 400 for malformed ID"},{"ancestorTitles":["Admin Routes","PUT /api/admin/orders/:id/status"],"duration":17,"failing":false,"failureDetails":[],"failureMessages":[],"fullName":"Admin Routes PUT /api/admin/orders/:id/status should return 404 for non-existent order","invocations":1,"location":null,"numPassingAsserts":1,"retryReasons":[],"startAt":1757409975530,"status":"passed","title":"should return 404 for non-existent order"}],"endTime":1757409975701,"message":"","name":"C:\\Dev\\Merkato\\backend\\tests\\integration\\adminRoutes.test.js","startTime":1757409971770,"status":"passed","summary":""},{"assertionResults":[{"ancestorTitles":["Auth Routes","POST /api/auth/register"],"duration":251,"failing":false,"failureDetails":[],"failureMessages":[],"fullName":"Auth Routes POST /api/auth/register should register a new user","invocations":1,"location":null,"numPassingAsserts":1,"retryReasons":[],"startAt":1757409980023,"status":"passed","title":"should register a new user"},{"ancestorTitles":["Auth Routes","POST /api/auth/register"],"duration":57,"failing":false,"failureDetails":[],"failureMessages":[],"fullName":"Auth Routes POST /api/auth/register should not allow duplicate registration","invocations":1,"location":null,"numPassingAsserts":1,"retryReasons":[],"startAt":1757409980278,"status":"passed","title":"should not allow duplicate registration"},{"ancestorTitles":["Auth Routes","POST /api/auth/register"],"duration":14,"failing":false,"failureDetails":[],"failureMessages":[],"fullName":"Auth Routes POST /api/auth/register should return 400 for malformed email","invocations":1,"location":null,"numPassingAsserts":1,"retryReasons":[],"startAt":1757409980340,"status":"passed","title":"should return 400 for malformed email"},{"ancestorTitles":["Auth Routes","POST /api/auth/login"],"duration":396,"failing":false,"failureDetails":[],"failureMessages":[],"fullName":"Auth Routes POST /api/auth/login should login with valid credentials","invocations":1,"location":null,"numPassingAsserts":4,"retryReasons":[],"startAt":1757409980357,"status":"passed","title":"should login with valid credentials"},{"ancestorTitles":["Auth Routes","POST /api/auth/login"],"duration":469,"failing":false,"failureDetails":[],"failureMessages":[],"fullName":"Auth Routes POST /api/auth/login should fail with invalid credentials","invocations":1,"location":null,"numPassingAsserts":1,"retryReasons":[],"startAt":1757409981103,"status":"passed","title":"should fail with invalid credentials"},{"ancestorTitles":["Auth Routes","GET /api/auth/me"],"duration":52,"failing":false,"failureDetails":[],"failureMessages":[],"fullName":"Auth Routes GET /api/auth/me should get current user profile with token","invocations":1,"location":null,"numPassingAsserts":3,"retryReasons":[],"startAt":1757409981575,"status":"passed","title":"should get current user profile with token"},{"ancestorTitles":["Auth Routes","GET /api/auth/me"],"duration":63,"failing":false,"failureDetails":[],"failureMessages":[],"fullName":"Auth Routes GET /api/auth/me should fail without token","invocations":1,"location":null,"numPassingAsserts":1,"retryReasons":[],"startAt":1757409981631,"status":"passed","title":"should fail without token"}],"endTime":1757409981709,"message":"","name":"C:\\Dev\\Merkato\\backend\\tests\\integration\\authRoutes.test.js","startTime":1757409975979,"status":"passed","summary":""},{"assertionResults":[{"ancestorTitles":["Feedback Routes"],"duration":78,"failing":false,"failureDetails":[],"failureMessages":[],"fullName":"Feedback Routes should allow second user to submit feedback","invocations":1,"location":null,"numPassingAsserts":2,"retryReasons":[],"startAt":1757409987146,"status":"passed","title":"should allow second user to submit feedback"},{"ancestorTitles":["Feedback Routes"],"duration":80,"failing":false,"failureDetails":[],"failureMessages":[],"fullName":"Feedback Routes should fail without token","invocations":1,"location":null,"numPassingAsserts":1,"retryReasons":[],"startAt":1757409987228,"status":"passed","title":"should fail without token"},{"ancestorTitles":["Feedback Routes"],"duration":70,"failing":false,"failureDetails":[],"failureMessages":[],"fullName":"Feedback Routes should return 400 for missing message","invocations":1,"location":null,"numPassingAsserts":1,"retryReasons":[],"startAt":1757409987311,"status":"passed","title":"should return 400 for missing message"},{"ancestorTitles":["GET /api/feedback"],"duration":437,"failing":false,"failureDetails":[],"failureMessages":[],"fullName":"GET /api/feedback should allow admin to view all feedback","invocations":1,"location":null,"numPassingAsserts":2,"retryReasons":[],"startAt":1757409987387,"status":"passed","title":"should allow admin to view all feedback"},{"ancestorTitles":["GET /api/feedback"],"duration":372,"failing":false,"failureDetails":[],"failureMessages":[],"fullName":"GET /api/feedback should support pagination if implemented","invocations":1,"location":null,"numPassingAsserts":1,"retryReasons":[],"startAt":1757409987828,"status":"passed","title":"should support pagination if implemented"},{"ancestorTitles":["GET /api/feedback"],"duration":84,"failing":false,"failureDetails":[],"failureMessages":[],"fullName":"GET /api/feedback should filter feedback by type if supported","invocations":1,"location":null,"numPassingAsserts":1,"retryReasons":[],"startAt":1757409988201,"status":"passed","title":"should filter feedback by type if supported"},{"ancestorTitles":["GET /api/feedback"],"duration":34,"failing":false,"failureDetails":[],"failureMessages":[],"fullName":"GET /api/feedback should block non-admin","invocations":1,"location":null,"numPassingAsserts":1,"retryReasons":[],"startAt":1757409988287,"status":"passed","title":"should block non-admin"},{"ancestorTitles":["GET /api/feedback"],"duration":46,"failing":false,"failureDetails":[],"failureMessages":[],"fullName":"GET /api/feedback should fail without token","invocations":1,"location":null,"numPassingAsserts":1,"retryReasons":[],"startAt":1757409988323,"status":"passed","title":"should fail without token"},{"ancestorTitles":["PUT /api/feedback/:id"],"duration":0,"failing":false,"failureDetails":[],"failureMessages":[],"fullName":"PUT /api/feedback/:id should allow user to update their own feedback if supported","invocations":1,"location":null,"numPassingAsserts":0,"retryReasons":[],"startAt":1757409988371,"status":"passed","title":"should allow user to update their own feedback if supported"},{"ancestorTitles":["PUT /api/feedback/:id"],"duration":16,"failing":false,"failureDetails":[],"failureMessages":[],"fullName":"PUT /api/feedback/:id should return 404 for non-existent feedback","invocations":1,"location":null,"numPassingAsserts":1,"retryReasons":[],"startAt":1757409988373,"status":"passed","title":"should return 404 for non-existent feedback"},{"ancestorTitles":["PUT /api/feedback/:id"],"duration":19,"failing":false,"failureDetails":[],"failureMessages":[],"fullName":"PUT /api/feedback/:id should return 400 for malformed ID","invocations":1,"location":null,"numPassingAsserts":1,"retryReasons":[],"startAt":1757409988392,"status":"passed","title":"should return 400 for malformed ID"},{"ancestorTitles":["PUT /api/feedback/:id"],"duration":3,"failing":false,"failureDetails":[],"failureMessages":[],"fullName":"PUT /api/feedback/:id should block other users from editing feedback","invocations":1,"location":null,"numPassingAsserts":0,"retryReasons":[],"startAt":1757409988413,"status":"passed","title":"should block other users from editing feedback"},{"ancestorTitles":["DELETE /api/feedback/:id"],"duration":18,"failing":false,"failureDetails":[],"failureMessages":[],"fullName":"DELETE /api/feedback/:id should allow admin to delete feedback","invocations":1,"location":null,"numPassingAsserts":0,"retryReasons":[],"startAt":1757409988421,"status":"passed","title":"should allow admin to delete feedback"},{"ancestorTitles":["DELETE /api/feedback/:id"],"duration":1,"failing":false,"failureDetails":[],"failureMessages":[],"fullName":"DELETE /api/feedback/:id should allow user to delete own feedback if supported","invocations":1,"location":null,"numPassingAsserts":0,"retryReasons":[],"startAt":1757409988443,"status":"passed","title":"should allow user to delete own feedback if supported"},{"ancestorTitles":["DELETE /api/feedback/:id"],"duration":18,"failing":false,"failureDetails":[],"failureMessages":[],"fullName":"DELETE /api/feedback/:id should return 404 for non-existent feedback","invocations":1,"location":null,"numPassingAsserts":1,"retryReasons":[],"startAt":1757409988455,"status":"passed","title":"should return 404 for non-existent feedback"},{"ancestorTitles":["DELETE /api/feedback/:id"],"duration":17,"failing":false,"failureDetails":[],"failureMessages":[],"fullName":"DELETE /api/feedback/:id should return 400 for malformed ID","invocations":1,"location":null,"numPassingAsserts":1,"retryReasons":[],"startAt":1757409988477,"status":"passed","title":"should return 400 for malformed ID"},{"ancestorTitles":["DELETE /api/feedback/:id"],"duration":0,"failing":false,"failureDetails":[],"failureMessages":[],"fullName":"DELETE /api/feedback/:id should block unauthorized deletion","invocations":1,"location":null,"numPassingAsserts":0,"retryReasons":[],"startAt":1757409988496,"status":"passed","title":"should block unauthorized deletion"}],"endTime":1757409988508,"message":"","name":"C:\\Dev\\Merkato\\backend\\tests\\integration\\feedbackRoutes.test.js","startTime":1757409981875,"status":"passed","summary":""},{"assertionResults":[{"ancestorTitles":["Support Routes","POST /api/support"],"duration":94,"failing":false,"failureDetails":[],"failureMessages":[],"fullName":"Support Routes POST /api/support should allow user to submit a support ticket","invocations":1,"location":null,"numPassingAsserts":3,"retryReasons":[],"startAt":1757409993515,"status":"passed","title":"should allow user to submit a support ticket"},{"ancestorTitles":["Support Routes","POST /api/support"],"duration":67,"failing":false,"failureDetails":[],"failureMessages":[],"fullName":"Support Routes POST /api/support should allow second user to submit ticket","invocations":1,"location":null,"numPassingAsserts":2,"retryReasons":[],"startAt":1757409993614,"status":"passed","title":"should allow second user to submit ticket"},{"ancestorTitles":["Support Routes","POST /api/support"],"duration":34,"failing":false,"failureDetails":[],"failureMessages":[],"fullName":"Support Routes POST /api/support should reject submission without token","invocations":1,"location":null,"numPassingAsserts":1,"retryReasons":[],"startAt":1757409993687,"status":"passed","title":"should reject submission without token"},{"ancestorTitles":["Support Routes","POST /api/support"],"duration":32,"failing":false,"failureDetails":[],"failureMessages":[],"fullName":"Support Routes POST /api/support should return 400 for missing fields","invocations":1,"location":null,"numPassingAsserts":1,"retryReasons":[],"startAt":1757409993724,"status":"passed","title":"should return 400 for missing fields"},{"ancestorTitles":["Support Routes","GET /api/support/user"],"duration":38,"failing":false,"failureDetails":[],"failureMessages":[],"fullName":"Support Routes GET /api/support/user should allow user to view their own tickets","invocations":1,"location":null,"numPassingAsserts":2,"retryReasons":[],"startAt":1757409993758,"status":"passed","title":"should allow user to view their own tickets"},{"ancestorTitles":["Support Routes","GET /api/support/user"],"duration":40,"failing":false,"failureDetails":[],"failureMessages":[],"fullName":"Support Routes GET /api/support/user should allow second user to view their own tickets","invocations":1,"location":null,"numPassingAsserts":2,"retryReasons":[],"startAt":1757409993802,"status":"passed","title":"should allow second user to view their own tickets"},{"ancestorTitles":["Support Routes","GET /api/support/user"],"duration":45,"failing":false,"failureDetails":[],"failureMessages":[],"fullName":"Support Routes GET /api/support/user should block unauthenticated access","invocations":1,"location":null,"numPassingAsserts":1,"retryReasons":[],"startAt":1757409993844,"status":"passed","title":"should block unauthenticated access"},{"ancestorTitles":["Support Routes","GET /api/support"],"duration":35,"failing":false,"failureDetails":[],"failureMessages":[],"fullName":"Support Routes GET /api/support should allow admin to view all tickets","invocations":1,"location":null,"numPassingAsserts":1,"retryReasons":[],"startAt":1757409993891,"status":"passed","title":"should allow admin to view all tickets"},{"ancestorTitles":["Support Routes","GET /api/support"],"duration":40,"failing":false,"failureDetails":[],"failureMessages":[],"fullName":"Support Routes GET /api/support should support category filtering if implemented","invocations":1,"location":null,"numPassingAsserts":1,"retryReasons":[],"startAt":1757409993927,"status":"passed","title":"should support category filtering if implemented"},{"ancestorTitles":["Support Routes","GET /api/support"],"duration":39,"failing":false,"failureDetails":[],"failureMessages":[],"fullName":"Support Routes GET /api/support should block non-admin from viewing all tickets","invocations":1,"location":null,"numPassingAsserts":1,"retryReasons":[],"startAt":1757409993968,"status":"passed","title":"should block non-admin from viewing all tickets"},{"ancestorTitles":["Support Routes","PUT /api/support/:id"],"duration":49,"failing":false,"failureDetails":[],"failureMessages":[],"fullName":"Support Routes PUT /api/support/:id should allow admin to update ticket status and response","invocations":1,"location":null,"numPassingAsserts":1,"retryReasons":[],"startAt":1757409994010,"status":"passed","title":"should allow admin to update ticket status and response"},{"ancestorTitles":["Support Routes","PUT /api/support/:id"],"duration":143,"failing":false,"failureDetails":[],"failureMessages":[],"fullName":"Support Routes PUT /api/support/:id should return 400 for malformed ID","invocations":1,"location":null,"numPassingAsserts":1,"retryReasons":[],"startAt":1757409994061,"status":"passed","title":"should return 400 for malformed ID"},{"ancestorTitles":["Support Routes","PUT /api/support/:id"],"duration":53,"failing":false,"failureDetails":[],"failureMessages":[],"fullName":"Support Routes PUT /api/support/:id should return 404 for non-existent ticket","invocations":1,"location":null,"numPassingAsserts":1,"retryReasons":[],"startAt":1757409994207,"status":"passed","title":"should return 404 for non-existent ticket"},{"ancestorTitles":["Support Routes","PUT /api/support/:id"],"duration":96,"failing":false,"failureDetails":[],"failureMessages":[],"fullName":"Support Routes PUT /api/support/:id should block non-admin from updating ticket","invocations":1,"location":null,"numPassingAsserts":1,"retryReasons":[],"startAt":1757409994271,"status":"passed","title":"should block non-admin from updating ticket"},{"ancestorTitles":["Support Routes","PUT /api/support/:id"],"duration":51,"failing":false,"failureDetails":[],"failureMessages":[],"fullName":"Support Routes PUT /api/support/:id should block another user from updating ticket","invocations":1,"location":null,"numPassingAsserts":1,"retryReasons":[],"startAt":1757409994376,"status":"passed","title":"should block another user from updating ticket"},{"ancestorTitles":["Support Routes","DELETE /api/support/:id"],"duration":32,"failing":false,"failureDetails":[],"failureMessages":[],"fullName":"Support Routes DELETE /api/support/:id should allow admin to delete a ticket","invocations":1,"location":null,"numPassingAsserts":1,"retryReasons":[],"startAt":1757409994438,"status":"passed","title":"should allow admin to delete a ticket"},{"ancestorTitles":["Support Routes","DELETE /api/support/:id"],"duration":20,"failing":false,"failureDetails":[],"failureMessages":[],"fullName":"Support Routes DELETE /api/support/:id should return 400 for malformed ID","invocations":1,"location":null,"numPassingAsserts":1,"retryReasons":[],"startAt":1757409994472,"status":"passed","title":"should return 400 for malformed ID"},{"ancestorTitles":["Support Routes","DELETE /api/support/:id"],"duration":29,"failing":false,"failureDetails":[],"failureMessages":[],"fullName":"Support Routes DELETE /api/support/:id should return 404 for non-existent ticket","invocations":1,"location":null,"numPassingAsserts":1,"retryReasons":[],"startAt":1757409994494,"status":"passed","title":"should return 404 for non-existent ticket"},{"ancestorTitles":["Support Routes","DELETE /api/support/:id"],"duration":32,"failing":false,"failureDetails":[],"failureMessages":[],"fullName":"Support Routes DELETE /api/support/:id should block non-admin from deleting ticket","invocations":1,"location":null,"numPassingAsserts":1,"retryReasons":[],"startAt":1757409994527,"status":"passed","title":"should block non-admin from deleting ticket"},{"ancestorTitles":["Support Routes","DELETE /api/support/:id"],"duration":36,"failing":false,"failureDetails":[],"failureMessages":[],"fullName":"Support Routes DELETE /api/support/:id should block another user from deleting ticket","invocations":1,"location":null,"numPassingAsserts":1,"retryReasons":[],"startAt":1757409994573,"status":"passed","title":"should block another user from deleting ticket"}],"endTime":1757409994804,"message":"","name":"C:\\Dev\\Merkato\\backend\\tests\\integration\\supportRoutes.test.js","startTime":1757409988703,"status":"passed","summary":""},{"assertionResults":[{"ancestorTitles":["Upload Routes","POST /api/upload"],"duration":153,"failing":false,"failureDetails":[],"failureMessages":[],"fullName":"Upload Routes POST /api/upload should allow vendor to upload multiple files","invocations":1,"location":null,"numPassingAsserts":5,"retryReasons":[],"startAt":1757409999781,"status":"passed","title":"should allow vendor to upload multiple files"},{"ancestorTitles":["Upload Routes","POST /api/upload"],"duration":71,"failing":false,"failureDetails":[],"failureMessages":[],"fullName":"Upload Routes POST /api/upload should allow admin to upload a file","invocations":1,"location":null,"numPassingAsserts":5,"retryReasons":[],"startAt":1757409999938,"status":"passed","title":"should allow admin to upload a file"},{"ancestorTitles":["Upload Routes","POST /api/upload"],"duration":39,"failing":false,"failureDetails":[],"failureMessages":[],"fullName":"Upload Routes POST /api/upload should return 400 for missing file","invocations":1,"location":null,"numPassingAsserts":1,"retryReasons":[],"startAt":1757410000019,"status":"passed","title":"should return 400 for missing file"},{"ancestorTitles":["Upload Routes","POST /api/upload"],"duration":66,"failing":false,"failureDetails":[],"failureMessages":[],"fullName":"Upload Routes POST /api/upload should return 400 for invalid field name","invocations":1,"location":null,"numPassingAsserts":1,"retryReasons":[],"startAt":1757410000060,"status":"passed","title":"should return 400 for invalid field name"},{"ancestorTitles":["Upload Routes","POST /api/upload"],"duration":126,"failing":false,"failureDetails":[],"failureMessages":[],"fullName":"Upload Routes POST /api/upload should handle valid JPEG upload","invocations":1,"location":null,"numPassingAsserts":1,"retryReasons":[],"startAt":1757410000137,"status":"passed","title":"should handle valid JPEG upload"},{"ancestorTitles":["Upload Routes","POST /api/upload"],"duration":85,"failing":false,"failureDetails":[],"failureMessages":[],"fullName":"Upload Routes POST /api/upload should handle text file upload","invocations":1,"location":null,"numPassingAsserts":1,"retryReasons":[],"startAt":1757410000270,"status":"passed","title":"should handle text file upload"},{"ancestorTitles":["Upload Routes","POST /api/upload"],"duration":112,"failing":false,"failureDetails":[],"failureMessages":[],"fullName":"Upload Routes POST /api/upload should handle exe file upload","invocations":1,"location":null,"numPassingAsserts":1,"retryReasons":[],"startAt":1757410000358,"status":"passed","title":"should handle exe file upload"},{"ancestorTitles":["Upload Routes","POST /api/upload"],"duration":99,"failing":false,"failureDetails":[],"failureMessages":[],"fullName":"Upload Routes POST /api/upload should reject file over size limit (2MB)","invocations":1,"location":null,"numPassingAsserts":1,"retryReasons":[],"startAt":1757410000472,"status":"passed","title":"should reject file over size limit (2MB)"},{"ancestorTitles":["Upload Routes","POST /api/upload"],"duration":453,"failing":false,"failureDetails":[],"failureMessages":[],"fullName":"Upload Routes POST /api/upload should prevent directory traversal in filename","invocations":1,"location":null,"numPassingAsserts":2,"retryReasons":[],"startAt":1757410000600,"status":"passed","title":"should prevent directory traversal in filename"},{"ancestorTitles":["Upload Routes","GET /uploads/:filename (static file check)"],"duration":105,"failing":false,"failureDetails":[],"failureMessages":[],"fullName":"Upload Routes GET /uploads/:filename (static file check) should serve uploaded file if accessible","invocations":1,"location":null,"numPassingAsserts":2,"retryReasons":[],"startAt":1757410001132,"status":"passed","title":"should serve uploaded file if accessible"},{"ancestorTitles":["Upload Routes","GET /uploads/:filename (static file check)"],"duration":23,"failing":false,"failureDetails":[],"failureMessages":[],"fullName":"Upload Routes GET /uploads/:filename (static file check) should return 404 for non-existent file","invocations":1,"location":null,"numPassingAsserts":1,"retryReasons":[],"startAt":1757410001247,"status":"passed","title":"should return 404 for non-existent file"}],"endTime":1757410001378,"message":"","name":"C:\\Dev\\Merkato\\backend\\tests\\integration\\uploadRoutes.test.js","startTime":1757409994955,"status":"passed","summary":""},{"assertionResults":[{"ancestorTitles":["Review Routes","POST /api/products/:productId/reviews"],"duration":80,"failing":false,"failureDetails":[],"failureMessages":[],"fullName":"Review Routes POST /api/products/:productId/reviews should create a review","invocations":1,"location":null,"numPassingAsserts":1,"retryReasons":[],"startAt":1757410007153,"status":"passed","title":"should create a review"},{"ancestorTitles":["Review Routes","POST /api/products/:productId/reviews"],"duration":87,"failing":false,"failureDetails":[],"failureMessages":[],"fullName":"Review Routes POST /api/products/:productId/reviews should fail without token","invocations":1,"location":null,"numPassingAsserts":1,"retryReasons":[],"startAt":1757410007281,"status":"passed","title":"should fail without token"},{"ancestorTitles":["Review Routes","POST /api/products/:productId/reviews"],"duration":68,"failing":false,"failureDetails":[],"failureMessages":[],"fullName":"Review Routes POST /api/products/:productId/reviews should return 400 for missing rating or comment","invocations":1,"location":null,"numPassingAsserts":1,"retryReasons":[],"startAt":1757410007421,"status":"passed","title":"should return 400 for missing rating or comment"},{"ancestorTitles":["Review Routes","POST /api/products/:productId/reviews"],"duration":113,"failing":false,"failureDetails":[],"failureMessages":[],"fullName":"Review Routes POST /api/products/:productId/reviews should prevent duplicate reviews by same user","invocations":1,"location":null,"numPassingAsserts":1,"retryReasons":[],"startAt":1757410007573,"status":"passed","title":"should prevent duplicate reviews by same user"},{"ancestorTitles":["Review Routes","PUT /api/reviews/:id"],"duration":31,"failing":false,"failureDetails":[],"failureMessages":[],"fullName":"Review Routes PUT /api/reviews/:id should update a review","invocations":1,"location":null,"numPassingAsserts":1,"retryReasons":[],"startAt":1757410007759,"status":"passed","title":"should update a review"},{"ancestorTitles":["Review Routes","PUT /api/reviews/:id"],"duration":18,"failing":false,"failureDetails":[],"failureMessages":[],"fullName":"Review Routes PUT /api/reviews/:id should return 400 for malformed ID","invocations":1,"location":null,"numPassingAsserts":1,"retryReasons":[],"startAt":1757410007803,"status":"passed","title":"should return 400 for malformed ID"},{"ancestorTitles":["Review Routes","PUT /api/reviews/:id"],"duration":12,"failing":false,"failureDetails":[],"failureMessages":[],"fullName":"Review Routes PUT /api/reviews/:id should not allow another user to update review","invocations":1,"location":null,"numPassingAsserts":1,"retryReasons":[],"startAt":1757410007827,"status":"passed","title":"should not allow another user to update review"},{"ancestorTitles":["Review Routes","DELETE /api/reviews/:id"],"duration":39,"failing":false,"failureDetails":[],"failureMessages":[],"fullName":"Review Routes DELETE /api/reviews/:id should delete a review","invocations":1,"location":null,"numPassingAsserts":1,"retryReasons":[],"startAt":1757410007844,"status":"passed","title":"should delete a review"},{"ancestorTitles":["Review Routes","DELETE /api/reviews/:id"],"duration":42,"failing":false,"failureDetails":[],"failureMessages":[],"fullName":"Review Routes DELETE /api/reviews/:id should return 404 for non-existent review","invocations":1,"location":null,"numPassingAsserts":1,"retryReasons":[],"startAt":1757410007886,"status":"passed","title":"should return 404 for non-existent review"},{"ancestorTitles":["Review Routes","DELETE /api/reviews/:id"],"duration":35,"failing":false,"failureDetails":[],"failureMessages":[],"fullName":"Review Routes DELETE /api/reviews/:id should return 400 for malformed ID","invocations":1,"location":null,"numPassingAsserts":1,"retryReasons":[],"startAt":1757410007930,"status":"passed","title":"should return 400 for malformed ID"},{"ancestorTitles":["Review Routes","DELETE /api/reviews/:id"],"duration":35,"failing":false,"failureDetails":[],"failureMessages":[],"fullName":"Review Routes DELETE /api/reviews/:id should not allow another user to delete review","invocations":1,"location":null,"numPassingAsserts":1,"retryReasons":[],"startAt":1757410007967,"status":"passed","title":"should not allow another user to delete review"},{"ancestorTitles":["Review Routes","DELETE /api/reviews/:id"],"duration":1,"failing":false,"failureDetails":[],"failureMessages":[],"fullName":"Review Routes DELETE /api/reviews/:id should allow admin to delete any review","invocations":1,"location":null,"numPassingAsserts":0,"retryReasons":[],"startAt":1757410008005,"status":"passed","title":"should allow admin to delete any review"},{"ancestorTitles":["Review Routes","GET /api/reviews/product/:productId"],"duration":17,"failing":false,"failureDetails":[],"failureMessages":[],"fullName":"Review Routes GET /api/reviews/product/:productId should return reviews for product","invocations":1,"location":null,"numPassingAsserts":1,"retryReasons":[],"startAt":1757410008011,"status":"passed","title":"should return reviews for product"},{"ancestorTitles":["Review Routes","GET /api/reviews/product/:productId"],"duration":12,"failing":false,"failureDetails":[],"failureMessages":[],"fullName":"Review Routes GET /api/reviews/product/:productId should return 400 for malformed ID","invocations":1,"location":null,"numPassingAsserts":1,"retryReasons":[],"startAt":1757410008033,"status":"passed","title":"should return 400 for malformed ID"}],"endTime":1757410008054,"message":"","name":"C:\\Dev\\Merkato\\backend\\tests\\integration\\reviewRoutes.test.js","startTime":1757410001535,"status":"passed","summary":""},{"assertionResults":[{"ancestorTitles":["Flag Routes","POST /api/flags/product/:productId"],"duration":50,"failing":false,"failureDetails":[],"failureMessages":[],"fullName":"Flag Routes POST /api/flags/product/:productId should fail without token","invocations":1,"location":null,"numPassingAsserts":0,"retryReasons":[],"startAt":1757410015278,"status":"passed","title":"should fail without token"},{"ancestorTitles":["Flag Routes","POST /api/flags/product/:productId"],"duration":7,"failing":false,"failureDetails":[],"failureMessages":[],"fullName":"Flag Routes POST /api/flags/product/:productId should flag a product","invocations":1,"location":null,"numPassingAsserts":0,"retryReasons":[],"startAt":1757410015334,"status":"passed","title":"should flag a product"},{"ancestorTitles":["Flag Routes","POST /api/flags/product/:productId"],"duration":1,"failing":false,"failureDetails":[],"failureMessages":[],"fullName":"Flag Routes POST /api/flags/product/:productId should not flag with missing reason","invocations":1,"location":null,"numPassingAsserts":0,"retryReasons":[],"startAt":1757410015346,"status":"passed","title":"should not flag with missing reason"},{"ancestorTitles":["Flag Routes","POST /api/flags/product/:productId"],"duration":41,"failing":false,"failureDetails":[],"failureMessages":[],"fullName":"Flag Routes POST /api/flags/product/:productId should return 404 for non-existent product","invocations":1,"location":null,"numPassingAsserts":1,"retryReasons":[],"startAt":1757410015352,"status":"passed","title":"should return 404 for non-existent product"},{"ancestorTitles":["Flag Routes","POST /api/flags/product/:productId"],"duration":27,"failing":false,"failureDetails":[],"failureMessages":[],"fullName":"Flag Routes POST /api/flags/product/:productId should return 400 for malformed product ID","invocations":1,"location":null,"numPassingAsserts":1,"retryReasons":[],"startAt":1757410015401,"status":"passed","title":"should return 400 for malformed product ID"},{"ancestorTitles":["Flag Routes","POST /api/flags/review/:reviewId"],"duration":18,"failing":false,"failureDetails":[],"failureMessages":[],"fullName":"Flag Routes POST /api/flags/review/:reviewId should flag a review","invocations":1,"location":null,"numPassingAsserts":0,"retryReasons":[],"startAt":1757410015432,"status":"passed","title":"should flag a review"},{"ancestorTitles":["Flag Routes","POST /api/flags/review/:reviewId"],"duration":4,"failing":false,"failureDetails":[],"failureMessages":[],"fullName":"Flag Routes POST /api/flags/review/:reviewId should fail with missing reason","invocations":1,"location":null,"numPassingAsserts":0,"retryReasons":[],"startAt":1757410015464,"status":"passed","title":"should fail with missing reason"},{"ancestorTitles":["Flag Routes","POST /api/flags/review/:reviewId"],"duration":27,"failing":false,"failureDetails":[],"failureMessages":[],"fullName":"Flag Routes POST /api/flags/review/:reviewId should return 404 for non-existent review","invocations":1,"location":null,"numPassingAsserts":1,"retryReasons":[],"startAt":1757410015481,"status":"passed","title":"should return 404 for non-existent review"},{"ancestorTitles":["Flag Routes","POST /api/flags/review/:reviewId"],"duration":15,"failing":false,"failureDetails":[],"failureMessages":[],"fullName":"Flag Routes POST /api/flags/review/:reviewId should return 400 for malformed review ID","invocations":1,"location":null,"numPassingAsserts":1,"retryReasons":[],"startAt":1757410015511,"status":"passed","title":"should return 400 for malformed review ID"},{"ancestorTitles":["Flag Routes","GET /api/flags"],"duration":168,"failing":false,"failureDetails":[],"failureMessages":[],"fullName":"Flag Routes GET /api/flags should allow admin to view all flags","invocations":1,"location":null,"numPassingAsserts":1,"retryReasons":[],"startAt":1757410015530,"status":"passed","title":"should allow admin to view all flags"},{"ancestorTitles":["Flag Routes","GET /api/flags"],"duration":242,"failing":false,"failureDetails":[],"failureMessages":[],"fullName":"Flag Routes GET /api/flags should block non-admin user","invocations":1,"location":null,"numPassingAsserts":1,"retryReasons":[],"startAt":1757410015724,"status":"passed","title":"should block non-admin user"},{"ancestorTitles":["Flag Routes","DELETE /api/flags/:flagId"],"duration":34,"failing":false,"failureDetails":[],"failureMessages":[],"fullName":"Flag Routes DELETE /api/flags/:flagId should allow admin to delete a flag","invocations":1,"location":null,"numPassingAsserts":0,"retryReasons":[],"startAt":1757410015980,"status":"passed","title":"should allow admin to delete a flag"},{"ancestorTitles":["Flag Routes","DELETE /api/flags/:flagId"],"duration":2,"failing":false,"failureDetails":[],"failureMessages":[],"fullName":"Flag Routes DELETE /api/flags/:flagId should block non-admin user","invocations":1,"location":null,"numPassingAsserts":0,"retryReasons":[],"startAt":1757410016018,"status":"passed","title":"should block non-admin user"},{"ancestorTitles":["Flag Routes","DELETE /api/flags/:flagId"],"duration":32,"failing":false,"failureDetails":[],"failureMessages":[],"fullName":"Flag Routes DELETE /api/flags/:flagId should return 404 for non-existent flag","invocations":1,"location":null,"numPassingAsserts":1,"retryReasons":[],"startAt":1757410016032,"status":"passed","title":"should return 404 for non-existent flag"},{"ancestorTitles":["Flag Routes","DELETE /api/flags/:flagId"],"duration":40,"failing":false,"failureDetails":[],"failureMessages":[],"fullName":"Flag Routes DELETE /api/flags/:flagId should return 400 for malformed flag ID","invocations":1,"location":null,"numPassingAsserts":1,"retryReasons":[],"startAt":1757410016070,"status":"passed","title":"should return 400 for malformed flag ID"}],"endTime":1757410016131,"message":"","name":"C:\\Dev\\Merkato\\backend\\tests\\integration\\flagRoutes.test.js","startTime":1757410008196,"status":"passed","summary":""},{"assertionResults":[{"ancestorTitles":["Stripe Routes","POST /api/stripe/create-checkout-session"],"duration":56,"failing":false,"failureDetails":[],"failureMessages":[],"fullName":"Stripe Routes POST /api/stripe/create-checkout-session should reject without token","invocations":1,"location":null,"numPassingAsserts":1,"retryReasons":[],"startAt":1757410021126,"status":"passed","title":"should reject without token"},{"ancestorTitles":["Stripe Routes","POST /api/stripe/create-checkout-session"],"duration":58,"failing":false,"failureDetails":[],"failureMessages":[],"fullName":"Stripe Routes POST /api/stripe/create-checkout-session should return session URL or ID for valid request","invocations":1,"location":null,"numPassingAsserts":1,"retryReasons":[],"startAt":1757410021194,"status":"passed","title":"should return session URL or ID for valid request"},{"ancestorTitles":["Stripe Routes","POST /api/stripe/create-checkout-session"],"duration":48,"failing":false,"failureDetails":[],"failureMessages":[],"fullName":"Stripe Routes POST /api/stripe/create-checkout-session should return 400 for missing items","invocations":1,"location":null,"numPassingAsserts":1,"retryReasons":[],"startAt":1757410021260,"status":"passed","title":"should return 400 for missing items"},{"ancestorTitles":["Stripe Routes","POST /api/stripe/create-checkout-session"],"duration":42,"failing":false,"failureDetails":[],"failureMessages":[],"fullName":"Stripe Routes POST /api/stripe/create-checkout-session should return 400 for empty items array","invocations":1,"location":null,"numPassingAsserts":1,"retryReasons":[],"startAt":1757410021311,"status":"passed","title":"should return 400 for empty items array"},{"ancestorTitles":["Stripe Routes","POST /api/stripe/create-checkout-session"],"duration":55,"failing":false,"failureDetails":[],"failureMessages":[],"fullName":"Stripe Routes POST /api/stripe/create-checkout-session should return 400 for invalid productId","invocations":1,"location":null,"numPassingAsserts":1,"retryReasons":[],"startAt":1757410021356,"status":"passed","title":"should return 400 for invalid productId"},{"ancestorTitles":["Stripe Routes","POST /api/stripe/create-checkout-session"],"duration":62,"failing":false,"failureDetails":[],"failureMessages":[],"fullName":"Stripe Routes POST /api/stripe/create-checkout-session should return 400 for missing success/cancel URLs","invocations":1,"location":null,"numPassingAsserts":1,"retryReasons":[],"startAt":1757410021414,"status":"passed","title":"should return 400 for missing success/cancel URLs"},{"ancestorTitles":["Stripe Routes","POST /api/stripe/webhook"],"duration":18,"failing":false,"failureDetails":[],"failureMessages":[],"fullName":"Stripe Routes POST /api/stripe/webhook should return 400 for missing signature","invocations":1,"location":null,"numPassingAsserts":1,"retryReasons":[],"startAt":1757410021480,"status":"passed","title":"should return 400 for missing signature"},{"ancestorTitles":["Stripe Routes","POST /api/stripe/webhook"],"duration":16,"failing":false,"failureDetails":[],"failureMessages":[],"fullName":"Stripe Routes POST /api/stripe/webhook should reject with invalid signature","invocations":1,"location":null,"numPassingAsserts":1,"retryReasons":[],"startAt":1757410021505,"status":"passed","title":"should reject with invalid signature"},{"ancestorTitles":["Stripe Routes","POST /api/stripe/webhook"],"duration":12,"failing":false,"failureDetails":[],"failureMessages":[],"fullName":"Stripe Routes POST /api/stripe/webhook should accept mocked Stripe event (payment_intent.succeeded)","invocations":1,"location":null,"numPassingAsserts":1,"retryReasons":[],"startAt":1757410021525,"status":"passed","title":"should accept mocked Stripe event (payment_intent.succeeded)"},{"ancestorTitles":["Stripe Routes","POST /api/stripe/webhook"],"duration":12,"failing":false,"failureDetails":[],"failureMessages":[],"fullName":"Stripe Routes POST /api/stripe/webhook should return 400 for unsupported event type","invocations":1,"location":null,"numPassingAsserts":1,"retryReasons":[],"startAt":1757410021542,"status":"passed","title":"should return 400 for unsupported event type"},{"ancestorTitles":["Stripe Routes","POST /api/stripe/webhook"],"duration":54,"failing":false,"failureDetails":[],"failureMessages":[],"fullName":"Stripe Routes POST /api/stripe/webhook should return 400 for malformed JSON","invocations":1,"location":null,"numPassingAsserts":1,"retryReasons":[],"startAt":1757410021558,"status":"passed","title":"should return 400 for malformed JSON"},{"ancestorTitles":["Stripe Routes","GET /api/stripe/config"],"duration":16,"failing":false,"failureDetails":[],"failureMessages":[],"fullName":"Stripe Routes GET /api/stripe/config should return publishable key from env","invocations":1,"location":null,"numPassingAsserts":1,"retryReasons":[],"startAt":1757410021615,"status":"passed","title":"should return publishable key from env"}],"endTime":1757410021642,"message":"","name":"C:\\Dev\\Merkato\\backend\\tests\\integration\\stripeRoutes.test.js","startTime":1757410016453,"status":"passed","summary":""},{"assertionResults":[{"ancestorTitles":["Product Routes","GET /api/products"],"duration":67,"failing":false,"failureDetails":[],"failureMessages":[],"fullName":"Product Routes GET /api/products should return product list","invocations":1,"location":null,"numPassingAsserts":2,"retryReasons":[],"startAt":1757410026459,"status":"passed","title":"should return product list"},{"ancestorTitles":["Product Routes"],"duration":60,"failing":false,"failureDetails":[],"failureMessages":[],"fullName":"Product Routes POST /api/products should create a new product (admin/vendor only)","invocations":1,"location":null,"numPassingAsserts":3,"retryReasons":[],"startAt":1757410026529,"status":"passed","title":"POST /api/products should create a new product (admin/vendor only)"},{"ancestorTitles":["Product Routes"],"duration":21,"failing":false,"failureDetails":[],"failureMessages":[],"fullName":"Product Routes GET /api/products/:id should fetch single product","invocations":1,"location":null,"numPassingAsserts":2,"retryReasons":[],"startAt":1757410026591,"status":"passed","title":"GET /api/products/:id should fetch single product"},{"ancestorTitles":["Product Routes"],"duration":77,"failing":false,"failureDetails":[],"failureMessages":[],"fullName":"Product Routes PUT /api/products/:id should update product","invocations":1,"location":null,"numPassingAsserts":1,"retryReasons":[],"startAt":1757410026614,"status":"passed","title":"PUT /api/products/:id should update product"},{"ancestorTitles":["Product Routes"],"duration":82,"failing":false,"failureDetails":[],"failureMessages":[],"fullName":"Product Routes DELETE /api/products/:id should delete product","invocations":1,"location":null,"numPassingAsserts":1,"retryReasons":[],"startAt":1757410026708,"status":"passed","title":"DELETE /api/products/:id should delete product"}],"endTime":1757410026795,"message":"","name":"C:\\Dev\\Merkato\\backend\\tests\\integration\\productRoutes.test.js","startTime":1757410021851,"status":"passed","summary":""},{"assertionResults":[{"ancestorTitles":["Customer Routes","Addresses API"],"duration":396,"failing":false,"failureDetails":[],"failureMessages":[],"fullName":"Customer Routes Addresses API should add a new address","invocations":1,"location":null,"numPassingAsserts":3,"retryReasons":[],"startAt":1757410030875,"status":"passed","title":"should add a new address"},{"ancestorTitles":["Customer Routes","Addresses API"],"duration":79,"failing":false,"failureDetails":[],"failureMessages":[],"fullName":"Customer Routes Addresses API should get all addresses","invocations":1,"location":null,"numPassingAsserts":2,"retryReasons":[],"startAt":1757410031293,"status":"passed","title":"should get all addresses"},{"ancestorTitles":["Customer Routes","Addresses API"],"duration":77,"failing":false,"failureDetails":[],"failureMessages":[],"fullName":"Customer Routes Addresses API should update an address","invocations":1,"location":null,"numPassingAsserts":3,"retryReasons":[],"startAt":1757410031375,"status":"passed","title":"should update an address"},{"ancestorTitles":["Customer Routes","Addresses API"],"duration":71,"failing":false,"failureDetails":[],"failureMessages":[],"fullName":"Customer Routes Addresses API should set address as default","invocations":1,"location":null,"numPassingAsserts":3,"retryReasons":[],"startAt":1757410031455,"status":"passed","title":"should set address as default"},{"ancestorTitles":["Customer Routes","Addresses API"],"duration":72,"failing":false,"failureDetails":[],"failureMessages":[],"fullName":"Customer Routes Addresses API should delete an address","invocations":1,"location":null,"numPassingAsserts":2,"retryReasons":[],"startAt":1757410031529,"status":"passed","title":"should delete an address"}],"endTime":1757410031644,"message":"","name":"C:\\Dev\\Merkato\\backend\\tests\\integration\\customerRoutes.test.js","startTime":1757410026924,"status":"passed","summary":""},{"assertionResults":[{"ancestorTitles":["Vendor Routes","GET /api/vendor/analytics"],"duration":70,"failing":false,"failureDetails":[],"failureMessages":[],"fullName":"Vendor Routes GET /api/vendor/analytics should fail without token","invocations":1,"location":null,"numPassingAsserts":1,"retryReasons":[],"startAt":1757410036675,"status":"passed","title":"should fail without token"},{"ancestorTitles":["Vendor Routes","GET /api/vendor/analytics"],"duration":53,"failing":false,"failureDetails":[],"failureMessages":[],"fullName":"Vendor Routes GET /api/vendor/analytics should fail with non-vendor token","invocations":1,"location":null,"numPassingAsserts":1,"retryReasons":[],"startAt":1757410036754,"status":"passed","title":"should fail with non-vendor token"},{"ancestorTitles":["Vendor Routes","GET /api/vendor/analytics"],"duration":1565,"failing":false,"failureDetails":[],"failureMessages":[],"fullName":"Vendor Routes GET /api/vendor/analytics should return analytics data for vendor","invocations":1,"location":null,"numPassingAsserts":5,"retryReasons":[],"startAt":1757410036810,"status":"passed","title":"should return analytics data for vendor"},{"ancestorTitles":["Vendor Routes","GET /api/vendor/revenue"],"duration":33,"failing":false,"failureDetails":[],"failureMessages":[],"fullName":"Vendor Routes GET /api/vendor/revenue should fail without token","invocations":1,"location":null,"numPassingAsserts":1,"retryReasons":[],"startAt":1757410038377,"status":"passed","title":"should fail without token"},{"ancestorTitles":["Vendor Routes","GET /api/vendor/revenue"],"duration":56,"failing":false,"failureDetails":[],"failureMessages":[],"fullName":"Vendor Routes GET /api/vendor/revenue should fail with non-vendor token","invocations":1,"location":null,"numPassingAsserts":1,"retryReasons":[],"startAt":1757410038418,"status":"passed","title":"should fail with non-vendor token"},{"ancestorTitles":["Vendor Routes","GET /api/vendor/revenue"],"duration":68,"failing":false,"failureDetails":[],"failureMessages":[],"fullName":"Vendor Routes GET /api/vendor/revenue should return revenue data for vendor","invocations":1,"location":null,"numPassingAsserts":3,"retryReasons":[],"startAt":1757410038476,"status":"passed","title":"should return revenue data for vendor"},{"ancestorTitles":["Vendor Routes","GET /api/vendor/top-products"],"duration":49,"failing":false,"failureDetails":[],"failureMessages":[],"fullName":"Vendor Routes GET /api/vendor/top-products should fail without token","invocations":1,"location":null,"numPassingAsserts":1,"retryReasons":[],"startAt":1757410038553,"status":"passed","title":"should fail without token"},{"ancestorTitles":["Vendor Routes","GET /api/vendor/top-products"],"duration":188,"failing":false,"failureDetails":[],"failureMessages":[],"fullName":"Vendor Routes GET /api/vendor/top-products should fail with non-vendor token","invocations":1,"location":null,"numPassingAsserts":1,"retryReasons":[],"startAt":1757410038604,"status":"passed","title":"should fail with non-vendor token"},{"ancestorTitles":["Vendor Routes","GET /api/vendor/top-products"],"duration":1356,"failing":false,"failureDetails":[],"failureMessages":[],"fullName":"Vendor Routes GET /api/vendor/top-products should return top products for vendor","invocations":1,"location":null,"numPassingAsserts":2,"retryReasons":[],"startAt":1757410038809,"status":"passed","title":"should return top products for vendor"},{"ancestorTitles":["Vendor Routes","GET /api/vendor/top-customers"],"duration":42,"failing":false,"failureDetails":[],"failureMessages":[],"fullName":"Vendor Routes GET /api/vendor/top-customers should fail without token","invocations":1,"location":null,"numPassingAsserts":1,"retryReasons":[],"startAt":1757410040169,"status":"passed","title":"should fail without token"},{"ancestorTitles":["Vendor Routes","GET /api/vendor/top-customers"],"duration":56,"failing":false,"failureDetails":[],"failureMessages":[],"fullName":"Vendor Routes GET /api/vendor/top-customers should fail with non-vendor token","invocations":1,"location":null,"numPassingAsserts":1,"retryReasons":[],"startAt":1757410040220,"status":"passed","title":"should fail with non-vendor token"},{"ancestorTitles":["Vendor Routes","GET /api/vendor/top-customers"],"duration":1302,"failing":false,"failureDetails":[],"failureMessages":[],"fullName":"Vendor Routes GET /api/vendor/top-customers should return top customers for vendor","invocations":1,"location":null,"numPassingAsserts":2,"retryReasons":[],"startAt":1757410040284,"status":"passed","title":"should return top customers for vendor"},{"ancestorTitles":["Vendor Routes","POST /api/vendor/products"],"duration":63,"failing":false,"failureDetails":[],"failureMessages":[],"fullName":"Vendor Routes POST /api/vendor/products should allow vendor to upload product","invocations":1,"location":null,"numPassingAsserts":3,"retryReasons":[],"startAt":1757410041589,"status":"passed","title":"should allow vendor to upload product"},{"ancestorTitles":["Vendor Routes","POST /api/vendor/products"],"duration":79,"failing":false,"failureDetails":[],"failureMessages":[],"fullName":"Vendor Routes POST /api/vendor/products should fail for non-vendor user","invocations":1,"location":null,"numPassingAsserts":1,"retryReasons":[],"startAt":1757410041655,"status":"passed","title":"should fail for non-vendor user"},{"ancestorTitles":["Vendor Routes","PUT /api/vendor/profile"],"duration":50,"failing":false,"failureDetails":[],"failureMessages":[],"fullName":"Vendor Routes PUT /api/vendor/profile should allow vendor to update profile","invocations":1,"location":null,"numPassingAsserts":2,"retryReasons":[],"startAt":1757410041739,"status":"passed","title":"should allow vendor to update profile"},{"ancestorTitles":["Vendor Routes","PUT /api/vendor/profile"],"duration":83,"failing":false,"failureDetails":[],"failureMessages":[],"fullName":"Vendor Routes PUT /api/vendor/profile should block profile update for non-vendor","invocations":1,"location":null,"numPassingAsserts":1,"retryReasons":[],"startAt":1757410041791,"status":"passed","title":"should block profile update for non-vendor"},{"ancestorTitles":["Vendor Routes","DELETE /api/vendor/products/:id"],"duration":101,"failing":false,"failureDetails":[],"failureMessages":[],"fullName":"Vendor Routes DELETE /api/vendor/products/:id should delete vendor product if authorized","invocations":1,"location":null,"numPassingAsserts":1,"retryReasons":[],"startAt":1757410041888,"status":"passed","title":"should delete vendor product if authorized"},{"ancestorTitles":["Vendor Routes","DELETE /api/vendor/products/:id"],"duration":215,"failing":false,"failureDetails":[],"failureMessages":[],"fullName":"Vendor Routes DELETE /api/vendor/products/:id should fail without token","invocations":1,"location":null,"numPassingAsserts":1,"retryReasons":[],"startAt":1757410041992,"status":"passed","title":"should fail without token"},{"ancestorTitles":["Vendor Routes","DELETE /api/vendor/products/:id"],"duration":98,"failing":false,"failureDetails":[],"failureMessages":[],"fullName":"Vendor Routes DELETE /api/vendor/products/:id should return 404 or 400 for non-existent product ID","invocations":1,"location":null,"numPassingAsserts":1,"retryReasons":[],"startAt":1757410042221,"status":"passed","title":"should return 404 or 400 for non-existent product ID"}],"endTime":1757410042337,"message":"","name":"C:\\Dev\\Merkato\\backend\\tests\\integration\\vendorRoutes.test.js","startTime":1757410031851,"status":"passed","summary":""},{"assertionResults":[{"ancestorTitles":["Order Routes","POST /api/orders"],"duration":17,"failing":false,"failureDetails":[],"failureMessages":[],"fullName":"Order Routes POST /api/orders rejects unauthenticated order when buyerInfo is missing","invocations":1,"location":null,"numPassingAsserts":1,"retryReasons":[],"startAt":1757410048373,"status":"passed","title":"rejects unauthenticated order when buyerInfo is missing"},{"ancestorTitles":["Order Routes","POST /api/orders"],"duration":125,"failing":false,"failureDetails":[],"failureMessages":[],"fullName":"Order Routes POST /api/orders creates order without token when buyerInfo is provided","invocations":1,"location":null,"numPassingAsserts":1,"retryReasons":[],"startAt":1757410048399,"status":"passed","title":"creates order without token when buyerInfo is provided"},{"ancestorTitles":["Order Routes","POST /api/orders"],"duration":25,"failing":false,"failureDetails":[],"failureMessages":[],"fullName":"Order Routes POST /api/orders should fail with invalid data","invocations":1,"location":null,"numPassingAsserts":1,"retryReasons":[],"startAt":1757410048527,"status":"passed","title":"should fail with invalid data"},{"ancestorTitles":["Order Routes","POST /api/orders"],"duration":81,"failing":false,"failureDetails":[],"failureMessages":[],"fullName":"Order Routes POST /api/orders creates a new order when authenticated","invocations":1,"location":null,"numPassingAsserts":2,"retryReasons":[],"startAt":1757410048554,"status":"passed","title":"creates a new order when authenticated"},{"ancestorTitles":["Order Routes","GET /api/orders/my-orders"],"duration":255,"failing":false,"failureDetails":[],"failureMessages":[],"fullName":"Order Routes GET /api/orders/my-orders should return current user’s orders","invocations":1,"location":null,"numPassingAsserts":2,"retryReasons":[],"startAt":1757410048636,"status":"passed","title":"should return current user’s orders"},{"ancestorTitles":["Order Routes","GET /api/orders/my-orders"],"duration":167,"failing":false,"failureDetails":[],"failureMessages":[],"fullName":"Order Routes GET /api/orders/my-orders should fail without token","invocations":1,"location":null,"numPassingAsserts":1,"retryReasons":[],"startAt":1757410048904,"status":"passed","title":"should fail without token"},{"ancestorTitles":["Order Routes","GET /api/orders/:id"],"duration":176,"failing":false,"failureDetails":[],"failureMessages":[],"fullName":"Order Routes GET /api/orders/:id should fetch order by ID","invocations":1,"location":null,"numPassingAsserts":2,"retryReasons":[],"startAt":1757410049075,"status":"passed","title":"should fetch order by ID"},{"ancestorTitles":["Order Routes","GET /api/orders/:id"],"duration":92,"failing":false,"failureDetails":[],"failureMessages":[],"fullName":"Order Routes GET /api/orders/:id should return 404 or 400 for non-existent ID","invocations":1,"location":null,"numPassingAsserts":1,"retryReasons":[],"startAt":1757410049253,"status":"passed","title":"should return 404 or 400 for non-existent ID"},{"ancestorTitles":["Order Routes","GET /api/orders/:id"],"duration":65,"failing":false,"failureDetails":[],"failureMessages":[],"fullName":"Order Routes GET /api/orders/:id should return 400 for malformed ID","invocations":1,"location":null,"numPassingAsserts":1,"retryReasons":[],"startAt":1757410049350,"status":"passed","title":"should return 400 for malformed ID"},{"ancestorTitles":["Order Routes","GET /api/orders/:id"],"duration":68,"failing":false,"failureDetails":[],"failureMessages":[],"fullName":"Order Routes GET /api/orders/:id should fail without token","invocations":1,"location":null,"numPassingAsserts":1,"retryReasons":[],"startAt":1757410049421,"status":"passed","title":"should fail without token"},{"ancestorTitles":["Order Routes","PUT /api/orders/:id/pay"],"duration":105,"failing":false,"failureDetails":[],"failureMessages":[],"fullName":"Order Routes PUT /api/orders/:id/pay should mark order as paid","invocations":1,"location":null,"numPassingAsserts":2,"retryReasons":[],"startAt":1757410049500,"status":"passed","title":"should mark order as paid"},{"ancestorTitles":["Order Routes","PUT /api/orders/:id/pay"],"duration":53,"failing":false,"failureDetails":[],"failureMessages":[],"fullName":"Order Routes PUT /api/orders/:id/pay should fail without token","invocations":1,"location":null,"numPassingAsserts":1,"retryReasons":[],"startAt":1757410049607,"status":"passed","title":"should fail without token"},{"ancestorTitles":["Order Routes","DELETE /api/orders/:id"],"duration":36,"failing":false,"failureDetails":[],"failureMessages":[],"fullName":"Order Routes DELETE /api/orders/:id should delete order if admin","invocations":1,"location":null,"numPassingAsserts":1,"retryReasons":[],"startAt":1757410049687,"status":"passed","title":"should delete order if admin"},{"ancestorTitles":["Order Routes","DELETE /api/orders/:id"],"duration":18,"failing":false,"failureDetails":[],"failureMessages":[],"fullName":"Order Routes DELETE /api/orders/:id should fail without token","invocations":1,"location":null,"numPassingAsserts":1,"retryReasons":[],"startAt":1757410049735,"status":"passed","title":"should fail without token"},{"ancestorTitles":["Order Routes","DELETE /api/orders/:id"],"duration":21,"failing":false,"failureDetails":[],"failureMessages":[],"fullName":"Order Routes DELETE /api/orders/:id should return 404 or 400 for non-existent order ID","invocations":1,"location":null,"numPassingAsserts":1,"retryReasons":[],"startAt":1757410049766,"status":"passed","title":"should return 404 or 400 for non-existent order ID"},{"ancestorTitles":["Order Routes","DELETE /api/orders/:id"],"duration":21,"failing":false,"failureDetails":[],"failureMessages":[],"fullName":"Order Routes DELETE /api/orders/:id should return 400 for malformed order ID","invocations":1,"location":null,"numPassingAsserts":1,"retryReasons":[],"startAt":1757410049791,"status":"passed","title":"should return 400 for malformed order ID"}],"endTime":1757410049829,"message":"","name":"C:\\Dev\\Merkato\\backend\\tests\\integration\\orderRoutes.test.js","startTime":1757410042788,"status":"passed","summary":""},{"assertionResults":[{"ancestorTitles":["Email Utils"],"duration":18,"failing":false,"failureDetails":[],"failureMessages":[],"fullName":"Email Utils sendOrderConfirmation sends a formatted email","invocations":1,"location":null,"numPassingAsserts":3,"retryReasons":[],"startAt":1757410051529,"status":"passed","title":"sendOrderConfirmation sends a formatted email"},{"ancestorTitles":["Email Utils"],"duration":4,"failing":false,"failureDetails":[],"failureMessages":[],"fullName":"Email Utils sendOrderConfirmation handles sendMail error and throws descriptive error","invocations":1,"location":null,"numPassingAsserts":1,"retryReasons":[],"startAt":1757410051552,"status":"passed","title":"sendOrderConfirmation handles sendMail error and throws descriptive error"},{"ancestorTitles":["Email Utils"],"duration":13,"failing":false,"failureDetails":[],"failureMessages":[],"fullName":"Email Utils sendPasswordResetEmail sends a reset email with token link","invocations":1,"location":null,"numPassingAsserts":3,"retryReasons":[],"startAt":1757410051568,"status":"passed","title":"sendPasswordResetEmail sends a reset email with token link"},{"ancestorTitles":["Email Utils"],"duration":2,"failing":false,"failureDetails":[],"failureMessages":[],"fullName":"Email Utils sendPasswordResetEmail handles sendMail error and throws descriptive error","invocations":1,"location":null,"numPassingAsserts":1,"retryReasons":[],"startAt":1757410051583,"status":"passed","title":"sendPasswordResetEmail handles sendMail error and throws descriptive error"},{"ancestorTitles":["Email Utils"],"duration":3,"failing":false,"failureDetails":[],"failureMessages":[],"fullName":"Email Utils testEmailConfig logs success in dev environment","invocations":1,"location":null,"numPassingAsserts":2,"retryReasons":[],"startAt":1757410051587,"status":"passed","title":"testEmailConfig logs success in dev environment"},{"ancestorTitles":["Email Utils"],"duration":2,"failing":false,"failureDetails":[],"failureMessages":[],"fullName":"Email Utils resetRateLimiter is a middleware function","invocations":1,"location":null,"numPassingAsserts":1,"retryReasons":[],"startAt":1757410051596,"status":"passed","title":"resetRateLimiter is a middleware function"}],"endTime":1757410051603,"message":"","name":"C:\\Dev\\Merkato\\backend\\tests\\unit\\utils.test.js","startTime":1757410049972,"status":"passed","summary":""},{"assertionResults":[{"ancestorTitles":["Guest Order Routes (placeholder)"],"duration":6,"failing":false,"failureDetails":[],"failureMessages":[],"fullName":"Guest Order Routes (placeholder) placeholder — replace with real tests","invocations":1,"location":null,"numPassingAsserts":1,"retryReasons":[],"startAt":1757410053700,"status":"passed","title":"placeholder — replace with real tests"}],"endTime":1757410053716,"message":"","name":"C:\\Dev\\Merkato\\backend\\tests\\integration\\guestOrderRoutes.test.js","startTime":1757410051896,"status":"passed","summary":""},{"assertionResults":[{"ancestorTitles":["Email Utils (Isolated)"],"duration":6,"failing":false,"failureDetails":[],"failureMessages":[],"fullName":"Email Utils (Isolated) placeholder to ensure suite has at least one test","invocations":1,"location":null,"numPassingAsserts":1,"retryReasons":[],"startAt":1757410055041,"status":"passed","title":"placeholder to ensure suite has at least one test"}],"endTime":1757410055052,"message":"","name":"C:\\Dev\\Merkato\\backend\\tests\\unit\\emailUtils.isolated.test.js","startTime":1757410053845,"status":"passed","summary":""}],"wasInterrupted":false}
