{"numFailedTestSuites":0,"numFailedTests":0,"numPassedTestSuites":17,"numPassedTests":197,"numPendingTestSuites":0,"numPendingTests":0,"numRuntimeErrorTestSuites":0,"numTodoTests":0,"numTotalTestSuites":17,"numTotalTests":197,"openHandles":[],"snapshot":{"added":0,"didUpdate":false,"failure":false,"filesAdded":0,"filesRemoved":0,"filesRemovedList":[],"filesUnmatched":0,"filesUpdated":0,"matched":0,"total":0,"unchecked":0,"uncheckedKeysByFile":[],"unmatched":0,"updated":0},"startTime":1756974505499,"success":true,"testResults":[{"assertionResults":[{"ancestorTitles":["Invoice Routes","GET /api/invoices/:orderId"],"duration":47,"failing":false,"failureDetails":[],"failureMessages":[],"fullName":"Invoice Routes GET /api/invoices/:orderId should fail without token","invocations":1,"location":null,"numPassingAsserts":1,"retryReasons":[],"startAt":1756974511545,"status":"passed","title":"should fail without token"},{"ancestorTitles":["Invoice Routes","GET /api/invoices/:orderId"],"duration":234,"failing":false,"failureDetails":[],"failureMessages":[],"fullName":"Invoice Routes GET /api/invoices/:orderId should return invoice for valid order (user)","invocations":1,"location":null,"numPassingAsserts":1,"retryReasons":[],"startAt":1756974511594,"status":"passed","title":"should return invoice for valid order (user)"},{"ancestorTitles":["Invoice Routes","GET /api/invoices/:orderId"],"duration":142,"failing":false,"failureDetails":[],"failureMessages":[],"fullName":"Invoice Routes GET /api/invoices/:orderId should return 404 or 403 for non-existent or unauthorized order","invocations":1,"location":null,"numPassingAsserts":1,"retryReasons":[],"startAt":1756974511829,"status":"passed","title":"should return 404 or 403 for non-existent or unauthorized order"},{"ancestorTitles":["Invoice Routes","GET /api/invoices/:orderId"],"duration":84,"failing":false,"failureDetails":[],"failureMessages":[],"fullName":"Invoice Routes GET /api/invoices/:orderId should return 400 for malformed ObjectId","invocations":1,"location":null,"numPassingAsserts":1,"retryReasons":[],"startAt":1756974511972,"status":"passed","title":"should return 400 for malformed ObjectId"},{"ancestorTitles":["Invoice Routes","GET /api/invoices/:orderId"],"duration":214,"failing":false,"failureDetails":[],"failureMessages":[],"fullName":"Invoice Routes GET /api/invoices/:orderId should return 404 or custom status if invoice not yet generated","invocations":1,"location":null,"numPassingAsserts":1,"retryReasons":[],"startAt":1756974512057,"status":"passed","title":"should return 404 or custom status if invoice not yet generated"},{"ancestorTitles":["Invoice Routes","POST /api/invoices/email"],"duration":6,"failing":false,"failureDetails":[],"failureMessages":[],"fullName":"Invoice Routes POST /api/invoices/email should fail without token","invocations":1,"location":null,"numPassingAsserts":1,"retryReasons":[],"startAt":1756974512273,"status":"passed","title":"should fail without token"},{"ancestorTitles":["Invoice Routes","POST /api/invoices/email"],"duration":8,"failing":false,"failureDetails":[],"failureMessages":[],"fullName":"Invoice Routes POST /api/invoices/email should allow admin to send invoice email","invocations":1,"location":null,"numPassingAsserts":1,"retryReasons":[],"startAt":1756974512280,"status":"passed","title":"should allow admin to send invoice email"},{"ancestorTitles":["Invoice Routes","POST /api/invoices/email"],"duration":6,"failing":false,"failureDetails":[],"failureMessages":[],"fullName":"Invoice Routes POST /api/invoices/email should block email attempt by non-admin user","invocations":1,"location":null,"numPassingAsserts":1,"retryReasons":[],"startAt":1756974512289,"status":"passed","title":"should block email attempt by non-admin user"},{"ancestorTitles":["Invoice Routes","GET /api/invoices/download/:orderId"],"duration":507,"failing":false,"failureDetails":[],"failureMessages":[],"fullName":"Invoice Routes GET /api/invoices/download/:orderId should allow PDF invoice download if implemented","invocations":1,"location":null,"numPassingAsserts":1,"retryReasons":[],"startAt":1756974512297,"status":"passed","title":"should allow PDF invoice download if implemented"},{"ancestorTitles":["Invoice Routes","GET /api/invoices/download/:orderId"],"duration":8,"failing":false,"failureDetails":[],"failureMessages":[],"fullName":"Invoice Routes GET /api/invoices/download/:orderId should return 401/403 for missing token","invocations":1,"location":null,"numPassingAsserts":1,"retryReasons":[],"startAt":1756974512805,"status":"passed","title":"should return 401/403 for missing token"}],"endTime":1756974512856,"message":"","name":"C:\\Users\\atdan\\OneDrive\\Desktop\\Merkato\\backend\\tests\\integration\\invoiceRoutes.test.js","startTime":1756974505647,"status":"passed","summary":""},{"assertionResults":[{"ancestorTitles":["Vendor Routes","GET /api/vendor/analytics"],"duration":7,"failing":false,"failureDetails":[],"failureMessages":[],"fullName":"Vendor Routes GET /api/vendor/analytics should fail without token","invocations":1,"location":null,"numPassingAsserts":1,"retryReasons":[],"startAt":1756974516412,"status":"passed","title":"should fail without token"},{"ancestorTitles":["Vendor Routes","GET /api/vendor/analytics"],"duration":84,"failing":false,"failureDetails":[],"failureMessages":[],"fullName":"Vendor Routes GET /api/vendor/analytics should fail with non-vendor token","invocations":1,"location":null,"numPassingAsserts":1,"retryReasons":[],"startAt":1756974516420,"status":"passed","title":"should fail with non-vendor token"},{"ancestorTitles":["Vendor Routes","GET /api/vendor/analytics"],"duration":378,"failing":false,"failureDetails":[],"failureMessages":[],"fullName":"Vendor Routes GET /api/vendor/analytics should return analytics data for vendor","invocations":1,"location":null,"numPassingAsserts":5,"retryReasons":[],"startAt":1756974516505,"status":"passed","title":"should return analytics data for vendor"},{"ancestorTitles":["Vendor Routes","GET /api/vendor/revenue"],"duration":4,"failing":false,"failureDetails":[],"failureMessages":[],"fullName":"Vendor Routes GET /api/vendor/revenue should fail without token","invocations":1,"location":null,"numPassingAsserts":1,"retryReasons":[],"startAt":1756974516884,"status":"passed","title":"should fail without token"},{"ancestorTitles":["Vendor Routes","GET /api/vendor/revenue"],"duration":81,"failing":false,"failureDetails":[],"failureMessages":[],"fullName":"Vendor Routes GET /api/vendor/revenue should fail with non-vendor token","invocations":1,"location":null,"numPassingAsserts":1,"retryReasons":[],"startAt":1756974516888,"status":"passed","title":"should fail with non-vendor token"},{"ancestorTitles":["Vendor Routes","GET /api/vendor/revenue"],"duration":180,"failing":false,"failureDetails":[],"failureMessages":[],"fullName":"Vendor Routes GET /api/vendor/revenue should return revenue data for vendor","invocations":1,"location":null,"numPassingAsserts":3,"retryReasons":[],"startAt":1756974516970,"status":"passed","title":"should return revenue data for vendor"},{"ancestorTitles":["Vendor Routes","GET /api/vendor/top-products"],"duration":4,"failing":false,"failureDetails":[],"failureMessages":[],"fullName":"Vendor Routes GET /api/vendor/top-products should fail without token","invocations":1,"location":null,"numPassingAsserts":1,"retryReasons":[],"startAt":1756974517151,"status":"passed","title":"should fail without token"},{"ancestorTitles":["Vendor Routes","GET /api/vendor/top-products"],"duration":78,"failing":false,"failureDetails":[],"failureMessages":[],"fullName":"Vendor Routes GET /api/vendor/top-products should fail with non-vendor token","invocations":1,"location":null,"numPassingAsserts":1,"retryReasons":[],"startAt":1756974517156,"status":"passed","title":"should fail with non-vendor token"},{"ancestorTitles":["Vendor Routes","GET /api/vendor/top-products"],"duration":241,"failing":false,"failureDetails":[],"failureMessages":[],"fullName":"Vendor Routes GET /api/vendor/top-products should return top products for vendor","invocations":1,"location":null,"numPassingAsserts":2,"retryReasons":[],"startAt":1756974517235,"status":"passed","title":"should return top products for vendor"},{"ancestorTitles":["Vendor Routes","GET /api/vendor/top-customers"],"duration":5,"failing":false,"failureDetails":[],"failureMessages":[],"fullName":"Vendor Routes GET /api/vendor/top-customers should fail without token","invocations":1,"location":null,"numPassingAsserts":1,"retryReasons":[],"startAt":1756974517477,"status":"passed","title":"should fail without token"},{"ancestorTitles":["Vendor Routes","GET /api/vendor/top-customers"],"duration":73,"failing":false,"failureDetails":[],"failureMessages":[],"fullName":"Vendor Routes GET /api/vendor/top-customers should fail with non-vendor token","invocations":1,"location":null,"numPassingAsserts":1,"retryReasons":[],"startAt":1756974517482,"status":"passed","title":"should fail with non-vendor token"},{"ancestorTitles":["Vendor Routes","GET /api/vendor/top-customers"],"duration":236,"failing":false,"failureDetails":[],"failureMessages":[],"fullName":"Vendor Routes GET /api/vendor/top-customers should return top customers for vendor","invocations":1,"location":null,"numPassingAsserts":2,"retryReasons":[],"startAt":1756974517555,"status":"passed","title":"should return top customers for vendor"},{"ancestorTitles":["Vendor Routes","POST /api/vendor/products"],"duration":136,"failing":false,"failureDetails":[],"failureMessages":[],"fullName":"Vendor Routes POST /api/vendor/products should allow vendor to upload product","invocations":1,"location":null,"numPassingAsserts":3,"retryReasons":[],"startAt":1756974517792,"status":"passed","title":"should allow vendor to upload product"},{"ancestorTitles":["Vendor Routes","POST /api/vendor/products"],"duration":73,"failing":false,"failureDetails":[],"failureMessages":[],"fullName":"Vendor Routes POST /api/vendor/products should fail for non-vendor user","invocations":1,"location":null,"numPassingAsserts":1,"retryReasons":[],"startAt":1756974517929,"status":"passed","title":"should fail for non-vendor user"},{"ancestorTitles":["Vendor Routes","PUT /api/vendor/profile"],"duration":211,"failing":false,"failureDetails":[],"failureMessages":[],"fullName":"Vendor Routes PUT /api/vendor/profile should allow vendor to update profile","invocations":1,"location":null,"numPassingAsserts":2,"retryReasons":[],"startAt":1756974518003,"status":"passed","title":"should allow vendor to update profile"},{"ancestorTitles":["Vendor Routes","PUT /api/vendor/profile"],"duration":75,"failing":false,"failureDetails":[],"failureMessages":[],"fullName":"Vendor Routes PUT /api/vendor/profile should block profile update for non-vendor","invocations":1,"location":null,"numPassingAsserts":1,"retryReasons":[],"startAt":1756974518215,"status":"passed","title":"should block profile update for non-vendor"},{"ancestorTitles":["Vendor Routes","DELETE /api/vendor/products/:id"],"duration":164,"failing":false,"failureDetails":[],"failureMessages":[],"fullName":"Vendor Routes DELETE /api/vendor/products/:id should delete vendor product if authorized","invocations":1,"location":null,"numPassingAsserts":1,"retryReasons":[],"startAt":1756974518290,"status":"passed","title":"should delete vendor product if authorized"},{"ancestorTitles":["Vendor Routes","DELETE /api/vendor/products/:id"],"duration":4,"failing":false,"failureDetails":[],"failureMessages":[],"fullName":"Vendor Routes DELETE /api/vendor/products/:id should fail without token","invocations":1,"location":null,"numPassingAsserts":1,"retryReasons":[],"startAt":1756974518455,"status":"passed","title":"should fail without token"},{"ancestorTitles":["Vendor Routes","DELETE /api/vendor/products/:id"],"duration":167,"failing":false,"failureDetails":[],"failureMessages":[],"fullName":"Vendor Routes DELETE /api/vendor/products/:id should return 404 or 400 for non-existent product ID","invocations":1,"location":null,"numPassingAsserts":1,"retryReasons":[],"startAt":1756974518459,"status":"passed","title":"should return 404 or 400 for non-existent product ID"}],"endTime":1756974518636,"message":"","name":"C:\\Users\\atdan\\OneDrive\\Desktop\\Merkato\\backend\\tests\\integration\\vendorRoutes.test.js","startTime":1756974512949,"status":"passed","summary":""},{"assertionResults":[{"ancestorTitles":["Stripe Routes","POST /api/stripe/create-checkout-session"],"duration":9,"failing":false,"failureDetails":[],"failureMessages":[],"fullName":"Stripe Routes POST /api/stripe/create-checkout-session should reject without token","invocations":1,"location":null,"numPassingAsserts":1,"retryReasons":[],"startAt":1756974521875,"status":"passed","title":"should reject without token"},{"ancestorTitles":["Stripe Routes","POST /api/stripe/create-checkout-session"],"duration":133,"failing":false,"failureDetails":[],"failureMessages":[],"fullName":"Stripe Routes POST /api/stripe/create-checkout-session should return session URL or ID for valid request","invocations":1,"location":null,"numPassingAsserts":1,"retryReasons":[],"startAt":1756974521886,"status":"passed","title":"should return session URL or ID for valid request"},{"ancestorTitles":["Stripe Routes","POST /api/stripe/create-checkout-session"],"duration":157,"failing":false,"failureDetails":[],"failureMessages":[],"fullName":"Stripe Routes POST /api/stripe/create-checkout-session should return 400 for missing items","invocations":1,"location":null,"numPassingAsserts":1,"retryReasons":[],"startAt":1756974522020,"status":"passed","title":"should return 400 for missing items"},{"ancestorTitles":["Stripe Routes","POST /api/stripe/create-checkout-session"],"duration":146,"failing":false,"failureDetails":[],"failureMessages":[],"fullName":"Stripe Routes POST /api/stripe/create-checkout-session should return 400 for empty items array","invocations":1,"location":null,"numPassingAsserts":1,"retryReasons":[],"startAt":1756974522178,"status":"passed","title":"should return 400 for empty items array"},{"ancestorTitles":["Stripe Routes","POST /api/stripe/create-checkout-session"],"duration":154,"failing":false,"failureDetails":[],"failureMessages":[],"fullName":"Stripe Routes POST /api/stripe/create-checkout-session should return 400 for invalid productId","invocations":1,"location":null,"numPassingAsserts":1,"retryReasons":[],"startAt":1756974522325,"status":"passed","title":"should return 400 for invalid productId"},{"ancestorTitles":["Stripe Routes","POST /api/stripe/create-checkout-session"],"duration":141,"failing":false,"failureDetails":[],"failureMessages":[],"fullName":"Stripe Routes POST /api/stripe/create-checkout-session should return 400 for missing success/cancel URLs","invocations":1,"location":null,"numPassingAsserts":1,"retryReasons":[],"startAt":1756974522480,"status":"passed","title":"should return 400 for missing success/cancel URLs"},{"ancestorTitles":["Stripe Routes","POST /api/stripe/webhook"],"duration":6,"failing":false,"failureDetails":[],"failureMessages":[],"fullName":"Stripe Routes POST /api/stripe/webhook should return 400 for missing signature","invocations":1,"location":null,"numPassingAsserts":1,"retryReasons":[],"startAt":1756974522622,"status":"passed","title":"should return 400 for missing signature"},{"ancestorTitles":["Stripe Routes","POST /api/stripe/webhook"],"duration":4,"failing":false,"failureDetails":[],"failureMessages":[],"fullName":"Stripe Routes POST /api/stripe/webhook should reject with invalid signature","invocations":1,"location":null,"numPassingAsserts":1,"retryReasons":[],"startAt":1756974522629,"status":"passed","title":"should reject with invalid signature"},{"ancestorTitles":["Stripe Routes","POST /api/stripe/webhook"],"duration":4,"failing":false,"failureDetails":[],"failureMessages":[],"fullName":"Stripe Routes POST /api/stripe/webhook should accept mocked Stripe event (payment_intent.succeeded)","invocations":1,"location":null,"numPassingAsserts":1,"retryReasons":[],"startAt":1756974522634,"status":"passed","title":"should accept mocked Stripe event (payment_intent.succeeded)"},{"ancestorTitles":["Stripe Routes","POST /api/stripe/webhook"],"duration":4,"failing":false,"failureDetails":[],"failureMessages":[],"fullName":"Stripe Routes POST /api/stripe/webhook should return 400 for unsupported event type","invocations":1,"location":null,"numPassingAsserts":1,"retryReasons":[],"startAt":1756974522639,"status":"passed","title":"should return 400 for unsupported event type"},{"ancestorTitles":["Stripe Routes","POST /api/stripe/webhook"],"duration":22,"failing":false,"failureDetails":[],"failureMessages":[],"fullName":"Stripe Routes POST /api/stripe/webhook should return 400 for malformed JSON","invocations":1,"location":null,"numPassingAsserts":1,"retryReasons":[],"startAt":1756974522644,"status":"passed","title":"should return 400 for malformed JSON"},{"ancestorTitles":["Stripe Routes","GET /api/stripe/config"],"duration":5,"failing":false,"failureDetails":[],"failureMessages":[],"fullName":"Stripe Routes GET /api/stripe/config should return publishable key from env","invocations":1,"location":null,"numPassingAsserts":1,"retryReasons":[],"startAt":1756974522666,"status":"passed","title":"should return publishable key from env"}],"endTime":1756974522674,"message":"","name":"C:\\Users\\atdan\\OneDrive\\Desktop\\Merkato\\backend\\tests\\integration\\stripeRoutes.test.js","startTime":1756974518755,"status":"passed","summary":""},{"assertionResults":[{"ancestorTitles":["Support Routes","POST /api/support"],"duration":269,"failing":false,"failureDetails":[],"failureMessages":[],"fullName":"Support Routes POST /api/support should allow user to submit a support ticket","invocations":1,"location":null,"numPassingAsserts":3,"retryReasons":[],"startAt":1756974526460,"status":"passed","title":"should allow user to submit a support ticket"},{"ancestorTitles":["Support Routes","POST /api/support"],"duration":269,"failing":false,"failureDetails":[],"failureMessages":[],"fullName":"Support Routes POST /api/support should allow second user to submit ticket","invocations":1,"location":null,"numPassingAsserts":2,"retryReasons":[],"startAt":1756974526731,"status":"passed","title":"should allow second user to submit ticket"},{"ancestorTitles":["Support Routes","POST /api/support"],"duration":7,"failing":false,"failureDetails":[],"failureMessages":[],"fullName":"Support Routes POST /api/support should reject submission without token","invocations":1,"location":null,"numPassingAsserts":1,"retryReasons":[],"startAt":1756974527001,"status":"passed","title":"should reject submission without token"},{"ancestorTitles":["Support Routes","POST /api/support"],"duration":129,"failing":false,"failureDetails":[],"failureMessages":[],"fullName":"Support Routes POST /api/support should return 400 for missing fields","invocations":1,"location":null,"numPassingAsserts":1,"retryReasons":[],"startAt":1756974527010,"status":"passed","title":"should return 400 for missing fields"},{"ancestorTitles":["Support Routes","GET /api/support/user"],"duration":207,"failing":false,"failureDetails":[],"failureMessages":[],"fullName":"Support Routes GET /api/support/user should allow user to view their own tickets","invocations":1,"location":null,"numPassingAsserts":2,"retryReasons":[],"startAt":1756974527140,"status":"passed","title":"should allow user to view their own tickets"},{"ancestorTitles":["Support Routes","GET /api/support/user"],"duration":204,"failing":false,"failureDetails":[],"failureMessages":[],"fullName":"Support Routes GET /api/support/user should allow second user to view their own tickets","invocations":1,"location":null,"numPassingAsserts":2,"retryReasons":[],"startAt":1756974527348,"status":"passed","title":"should allow second user to view their own tickets"},{"ancestorTitles":["Support Routes","GET /api/support/user"],"duration":6,"failing":false,"failureDetails":[],"failureMessages":[],"fullName":"Support Routes GET /api/support/user should block unauthenticated access","invocations":1,"location":null,"numPassingAsserts":1,"retryReasons":[],"startAt":1756974527554,"status":"passed","title":"should block unauthenticated access"},{"ancestorTitles":["Support Routes","GET /api/support"],"duration":118,"failing":false,"failureDetails":[],"failureMessages":[],"fullName":"Support Routes GET /api/support should allow admin to view all tickets","invocations":1,"location":null,"numPassingAsserts":1,"retryReasons":[],"startAt":1756974527562,"status":"passed","title":"should allow admin to view all tickets"},{"ancestorTitles":["Support Routes","GET /api/support"],"duration":83,"failing":false,"failureDetails":[],"failureMessages":[],"fullName":"Support Routes GET /api/support should support category filtering if implemented","invocations":1,"location":null,"numPassingAsserts":1,"retryReasons":[],"startAt":1756974527682,"status":"passed","title":"should support category filtering if implemented"},{"ancestorTitles":["Support Routes","GET /api/support"],"duration":85,"failing":false,"failureDetails":[],"failureMessages":[],"fullName":"Support Routes GET /api/support should block non-admin from viewing all tickets","invocations":1,"location":null,"numPassingAsserts":1,"retryReasons":[],"startAt":1756974527766,"status":"passed","title":"should block non-admin from viewing all tickets"},{"ancestorTitles":["Support Routes","PUT /api/support/:id"],"duration":75,"failing":false,"failureDetails":[],"failureMessages":[],"fullName":"Support Routes PUT /api/support/:id should allow admin to update ticket status and response","invocations":1,"location":null,"numPassingAsserts":1,"retryReasons":[],"startAt":1756974527852,"status":"passed","title":"should allow admin to update ticket status and response"},{"ancestorTitles":["Support Routes","PUT /api/support/:id"],"duration":74,"failing":false,"failureDetails":[],"failureMessages":[],"fullName":"Support Routes PUT /api/support/:id should return 400 for malformed ID","invocations":1,"location":null,"numPassingAsserts":1,"retryReasons":[],"startAt":1756974527928,"status":"passed","title":"should return 400 for malformed ID"},{"ancestorTitles":["Support Routes","PUT /api/support/:id"],"duration":80,"failing":false,"failureDetails":[],"failureMessages":[],"fullName":"Support Routes PUT /api/support/:id should return 404 for non-existent ticket","invocations":1,"location":null,"numPassingAsserts":1,"retryReasons":[],"startAt":1756974528003,"status":"passed","title":"should return 404 for non-existent ticket"},{"ancestorTitles":["Support Routes","PUT /api/support/:id"],"duration":88,"failing":false,"failureDetails":[],"failureMessages":[],"fullName":"Support Routes PUT /api/support/:id should block non-admin from updating ticket","invocations":1,"location":null,"numPassingAsserts":1,"retryReasons":[],"startAt":1756974528085,"status":"passed","title":"should block non-admin from updating ticket"},{"ancestorTitles":["Support Routes","PUT /api/support/:id"],"duration":85,"failing":false,"failureDetails":[],"failureMessages":[],"fullName":"Support Routes PUT /api/support/:id should block another user from updating ticket","invocations":1,"location":null,"numPassingAsserts":1,"retryReasons":[],"startAt":1756974528175,"status":"passed","title":"should block another user from updating ticket"},{"ancestorTitles":["Support Routes","DELETE /api/support/:id"],"duration":9,"failing":false,"failureDetails":[],"failureMessages":[],"fullName":"Support Routes DELETE /api/support/:id should allow admin to delete a ticket","invocations":1,"location":null,"numPassingAsserts":1,"retryReasons":[],"startAt":1756974528263,"status":"passed","title":"should allow admin to delete a ticket"},{"ancestorTitles":["Support Routes","DELETE /api/support/:id"],"duration":5,"failing":false,"failureDetails":[],"failureMessages":[],"fullName":"Support Routes DELETE /api/support/:id should return 400 for malformed ID","invocations":1,"location":null,"numPassingAsserts":1,"retryReasons":[],"startAt":1756974528275,"status":"passed","title":"should return 400 for malformed ID"},{"ancestorTitles":["Support Routes","DELETE /api/support/:id"],"duration":4,"failing":false,"failureDetails":[],"failureMessages":[],"fullName":"Support Routes DELETE /api/support/:id should return 404 for non-existent ticket","invocations":1,"location":null,"numPassingAsserts":1,"retryReasons":[],"startAt":1756974528281,"status":"passed","title":"should return 404 for non-existent ticket"},{"ancestorTitles":["Support Routes","DELETE /api/support/:id"],"duration":3,"failing":false,"failureDetails":[],"failureMessages":[],"fullName":"Support Routes DELETE /api/support/:id should block non-admin from deleting ticket","invocations":1,"location":null,"numPassingAsserts":1,"retryReasons":[],"startAt":1756974528285,"status":"passed","title":"should block non-admin from deleting ticket"},{"ancestorTitles":["Support Routes","DELETE /api/support/:id"],"duration":5,"failing":false,"failureDetails":[],"failureMessages":[],"fullName":"Support Routes DELETE /api/support/:id should block another user from deleting ticket","invocations":1,"location":null,"numPassingAsserts":1,"retryReasons":[],"startAt":1756974528289,"status":"passed","title":"should block another user from deleting ticket"}],"endTime":1756974528315,"message":"","name":"C:\\Users\\atdan\\OneDrive\\Desktop\\Merkato\\backend\\tests\\integration\\supportRoutes.test.js","startTime":1756974522780,"status":"passed","summary":""},{"assertionResults":[{"ancestorTitles":["Feedback Routes"],"duration":151,"failing":false,"failureDetails":[],"failureMessages":[],"fullName":"Feedback Routes should allow second user to submit feedback","invocations":1,"location":null,"numPassingAsserts":2,"retryReasons":[],"startAt":1756974532546,"status":"passed","title":"should allow second user to submit feedback"},{"ancestorTitles":["Feedback Routes"],"duration":4,"failing":false,"failureDetails":[],"failureMessages":[],"fullName":"Feedback Routes should fail without token","invocations":1,"location":null,"numPassingAsserts":1,"retryReasons":[],"startAt":1756974532698,"status":"passed","title":"should fail without token"},{"ancestorTitles":["Feedback Routes"],"duration":82,"failing":false,"failureDetails":[],"failureMessages":[],"fullName":"Feedback Routes should return 400 for missing message","invocations":1,"location":null,"numPassingAsserts":1,"retryReasons":[],"startAt":1756974532703,"status":"passed","title":"should return 400 for missing message"},{"ancestorTitles":["GET /api/feedback"],"duration":244,"failing":false,"failureDetails":[],"failureMessages":[],"fullName":"GET /api/feedback should allow admin to view all feedback","invocations":1,"location":null,"numPassingAsserts":2,"retryReasons":[],"startAt":1756974532787,"status":"passed","title":"should allow admin to view all feedback"},{"ancestorTitles":["GET /api/feedback"],"duration":221,"failing":false,"failureDetails":[],"failureMessages":[],"fullName":"GET /api/feedback should support pagination if implemented","invocations":1,"location":null,"numPassingAsserts":1,"retryReasons":[],"startAt":1756974533032,"status":"passed","title":"should support pagination if implemented"},{"ancestorTitles":["GET /api/feedback"],"duration":231,"failing":false,"failureDetails":[],"failureMessages":[],"fullName":"GET /api/feedback should filter feedback by type if supported","invocations":1,"location":null,"numPassingAsserts":1,"retryReasons":[],"startAt":1756974533255,"status":"passed","title":"should filter feedback by type if supported"},{"ancestorTitles":["GET /api/feedback"],"duration":76,"failing":false,"failureDetails":[],"failureMessages":[],"fullName":"GET /api/feedback should block non-admin","invocations":1,"location":null,"numPassingAsserts":1,"retryReasons":[],"startAt":1756974533488,"status":"passed","title":"should block non-admin"},{"ancestorTitles":["GET /api/feedback"],"duration":5,"failing":false,"failureDetails":[],"failureMessages":[],"fullName":"GET /api/feedback should fail without token","invocations":1,"location":null,"numPassingAsserts":1,"retryReasons":[],"startAt":1756974533566,"status":"passed","title":"should fail without token"},{"ancestorTitles":["PUT /api/feedback/:id"],"duration":0,"failing":false,"failureDetails":[],"failureMessages":[],"fullName":"PUT /api/feedback/:id should allow user to update their own feedback if supported","invocations":1,"location":null,"numPassingAsserts":0,"retryReasons":[],"startAt":1756974533573,"status":"passed","title":"should allow user to update their own feedback if supported"},{"ancestorTitles":["PUT /api/feedback/:id"],"duration":6,"failing":false,"failureDetails":[],"failureMessages":[],"fullName":"PUT /api/feedback/:id should return 404 for non-existent feedback","invocations":1,"location":null,"numPassingAsserts":1,"retryReasons":[],"startAt":1756974533574,"status":"passed","title":"should return 404 for non-existent feedback"},{"ancestorTitles":["PUT /api/feedback/:id"],"duration":5,"failing":false,"failureDetails":[],"failureMessages":[],"fullName":"PUT /api/feedback/:id should return 400 for malformed ID","invocations":1,"location":null,"numPassingAsserts":1,"retryReasons":[],"startAt":1756974533581,"status":"passed","title":"should return 400 for malformed ID"},{"ancestorTitles":["PUT /api/feedback/:id"],"duration":0,"failing":false,"failureDetails":[],"failureMessages":[],"fullName":"PUT /api/feedback/:id should block other users from editing feedback","invocations":1,"location":null,"numPassingAsserts":0,"retryReasons":[],"startAt":1756974533587,"status":"passed","title":"should block other users from editing feedback"},{"ancestorTitles":["DELETE /api/feedback/:id"],"duration":5,"failing":false,"failureDetails":[],"failureMessages":[],"fullName":"DELETE /api/feedback/:id should allow admin to delete feedback","invocations":1,"location":null,"numPassingAsserts":0,"retryReasons":[],"startAt":1756974533588,"status":"passed","title":"should allow admin to delete feedback"},{"ancestorTitles":["DELETE /api/feedback/:id"],"duration":1,"failing":false,"failureDetails":[],"failureMessages":[],"fullName":"DELETE /api/feedback/:id should allow user to delete own feedback if supported","invocations":1,"location":null,"numPassingAsserts":0,"retryReasons":[],"startAt":1756974533593,"status":"passed","title":"should allow user to delete own feedback if supported"},{"ancestorTitles":["DELETE /api/feedback/:id"],"duration":5,"failing":false,"failureDetails":[],"failureMessages":[],"fullName":"DELETE /api/feedback/:id should return 404 for non-existent feedback","invocations":1,"location":null,"numPassingAsserts":1,"retryReasons":[],"startAt":1756974533595,"status":"passed","title":"should return 404 for non-existent feedback"},{"ancestorTitles":["DELETE /api/feedback/:id"],"duration":4,"failing":false,"failureDetails":[],"failureMessages":[],"fullName":"DELETE /api/feedback/:id should return 400 for malformed ID","invocations":1,"location":null,"numPassingAsserts":1,"retryReasons":[],"startAt":1756974533601,"status":"passed","title":"should return 400 for malformed ID"},{"ancestorTitles":["DELETE /api/feedback/:id"],"duration":0,"failing":false,"failureDetails":[],"failureMessages":[],"fullName":"DELETE /api/feedback/:id should block unauthorized deletion","invocations":1,"location":null,"numPassingAsserts":0,"retryReasons":[],"startAt":1756974533606,"status":"passed","title":"should block unauthorized deletion"}],"endTime":1756974533616,"message":"","name":"C:\\Users\\atdan\\OneDrive\\Desktop\\Merkato\\backend\\tests\\integration\\feedbackRoutes.test.js","startTime":1756974528393,"status":"passed","summary":""},{"assertionResults":[{"ancestorTitles":["Admin Routes","GET /api/admin/dashboard"],"duration":10,"failing":false,"failureDetails":[],"failureMessages":[],"fullName":"Admin Routes GET /api/admin/dashboard should allow admin to view dashboard","invocations":1,"location":null,"numPassingAsserts":1,"retryReasons":[],"startAt":1756974537407,"status":"passed","title":"should allow admin to view dashboard"},{"ancestorTitles":["Admin Routes","GET /api/admin/dashboard"],"duration":4,"failing":false,"failureDetails":[],"failureMessages":[],"fullName":"Admin Routes GET /api/admin/dashboard should block non-admin users","invocations":1,"location":null,"numPassingAsserts":1,"retryReasons":[],"startAt":1756974537419,"status":"passed","title":"should block non-admin users"},{"ancestorTitles":["Admin Routes","GET /api/admin/dashboard"],"duration":4,"failing":false,"failureDetails":[],"failureMessages":[],"fullName":"Admin Routes GET /api/admin/dashboard should fail without token","invocations":1,"location":null,"numPassingAsserts":1,"retryReasons":[],"startAt":1756974537424,"status":"passed","title":"should fail without token"},{"ancestorTitles":["Admin Routes","GET /api/admin/dashboard"],"duration":4,"failing":false,"failureDetails":[],"failureMessages":[],"fullName":"Admin Routes GET /api/admin/dashboard should reject invalid token","invocations":1,"location":null,"numPassingAsserts":1,"retryReasons":[],"startAt":1756974537429,"status":"passed","title":"should reject invalid token"},{"ancestorTitles":["Admin Routes","GET /api/admin/users"],"duration":176,"failing":false,"failureDetails":[],"failureMessages":[],"fullName":"Admin Routes GET /api/admin/users should return user list for admin","invocations":1,"location":null,"numPassingAsserts":2,"retryReasons":[],"startAt":1756974537434,"status":"passed","title":"should return user list for admin"},{"ancestorTitles":["Admin Routes","GET /api/admin/users"],"duration":153,"failing":false,"failureDetails":[],"failureMessages":[],"fullName":"Admin Routes GET /api/admin/users should support pagination (if implemented)","invocations":1,"location":null,"numPassingAsserts":1,"retryReasons":[],"startAt":1756974537612,"status":"passed","title":"should support pagination (if implemented)"},{"ancestorTitles":["Admin Routes","GET /api/admin/users"],"duration":69,"failing":false,"failureDetails":[],"failureMessages":[],"fullName":"Admin Routes GET /api/admin/users should block non-admin","invocations":1,"location":null,"numPassingAsserts":1,"retryReasons":[],"startAt":1756974537766,"status":"passed","title":"should block non-admin"},{"ancestorTitles":["Admin Routes","GET /api/admin/users"],"duration":6,"failing":false,"failureDetails":[],"failureMessages":[],"fullName":"Admin Routes GET /api/admin/users should fail without token","invocations":1,"location":null,"numPassingAsserts":1,"retryReasons":[],"startAt":1756974537836,"status":"passed","title":"should fail without token"},{"ancestorTitles":["Admin Routes","PUT /api/admin/users/:id"],"duration":5,"failing":false,"failureDetails":[],"failureMessages":[],"fullName":"Admin Routes PUT /api/admin/users/:id should update user role to vendor","invocations":1,"location":null,"numPassingAsserts":1,"retryReasons":[],"startAt":1756974537843,"status":"passed","title":"should update user role to vendor"},{"ancestorTitles":["Admin Routes","PUT /api/admin/users/:id"],"duration":3,"failing":false,"failureDetails":[],"failureMessages":[],"fullName":"Admin Routes PUT /api/admin/users/:id should return 400 for malformed user ID","invocations":1,"location":null,"numPassingAsserts":1,"retryReasons":[],"startAt":1756974537849,"status":"passed","title":"should return 400 for malformed user ID"},{"ancestorTitles":["Admin Routes","PUT /api/admin/users/:id"],"duration":3,"failing":false,"failureDetails":[],"failureMessages":[],"fullName":"Admin Routes PUT /api/admin/users/:id should return 404 for non-existent user","invocations":1,"location":null,"numPassingAsserts":1,"retryReasons":[],"startAt":1756974537854,"status":"passed","title":"should return 404 for non-existent user"},{"ancestorTitles":["Admin Routes","PUT /api/admin/users/:id"],"duration":5,"failing":false,"failureDetails":[],"failureMessages":[],"fullName":"Admin Routes PUT /api/admin/users/:id should block user from self-escalating role","invocations":1,"location":null,"numPassingAsserts":1,"retryReasons":[],"startAt":1756974537858,"status":"passed","title":"should block user from self-escalating role"},{"ancestorTitles":["Admin Routes","DELETE /api/admin/users/:id"],"duration":3,"failing":false,"failureDetails":[],"failureMessages":[],"fullName":"Admin Routes DELETE /api/admin/users/:id should delete user if authorized","invocations":1,"location":null,"numPassingAsserts":1,"retryReasons":[],"startAt":1756974537864,"status":"passed","title":"should delete user if authorized"},{"ancestorTitles":["Admin Routes","DELETE /api/admin/users/:id"],"duration":3,"failing":false,"failureDetails":[],"failureMessages":[],"fullName":"Admin Routes DELETE /api/admin/users/:id should return 400 for malformed ID","invocations":1,"location":null,"numPassingAsserts":1,"retryReasons":[],"startAt":1756974537869,"status":"passed","title":"should return 400 for malformed ID"},{"ancestorTitles":["Admin Routes","DELETE /api/admin/users/:id"],"duration":3,"failing":false,"failureDetails":[],"failureMessages":[],"fullName":"Admin Routes DELETE /api/admin/users/:id should return 404 for non-existent user","invocations":1,"location":null,"numPassingAsserts":1,"retryReasons":[],"startAt":1756974537873,"status":"passed","title":"should return 404 for non-existent user"},{"ancestorTitles":["Admin Routes","GET /api/admin/orders"],"duration":256,"failing":false,"failureDetails":[],"failureMessages":[],"fullName":"Admin Routes GET /api/admin/orders should return all orders for admin","invocations":1,"location":null,"numPassingAsserts":2,"retryReasons":[],"startAt":1756974537876,"status":"passed","title":"should return all orders for admin"},{"ancestorTitles":["Admin Routes","GET /api/admin/orders"],"duration":71,"failing":false,"failureDetails":[],"failureMessages":[],"fullName":"Admin Routes GET /api/admin/orders should block non-admin","invocations":1,"location":null,"numPassingAsserts":1,"retryReasons":[],"startAt":1756974538133,"status":"passed","title":"should block non-admin"},{"ancestorTitles":["Admin Routes","GET /api/admin/orders"],"duration":8,"failing":false,"failureDetails":[],"failureMessages":[],"fullName":"Admin Routes GET /api/admin/orders should fail without token","invocations":1,"location":null,"numPassingAsserts":1,"retryReasons":[],"startAt":1756974538206,"status":"passed","title":"should fail without token"},{"ancestorTitles":["Admin Routes","PUT /api/admin/orders/:id/status"],"duration":8,"failing":false,"failureDetails":[],"failureMessages":[],"fullName":"Admin Routes PUT /api/admin/orders/:id/status should update order status","invocations":1,"location":null,"numPassingAsserts":0,"retryReasons":[],"startAt":1756974538215,"status":"passed","title":"should update order status"},{"ancestorTitles":["Admin Routes","PUT /api/admin/orders/:id/status"],"duration":9,"failing":false,"failureDetails":[],"failureMessages":[],"fullName":"Admin Routes PUT /api/admin/orders/:id/status should return 400 for malformed ID","invocations":1,"location":null,"numPassingAsserts":1,"retryReasons":[],"startAt":1756974538224,"status":"passed","title":"should return 400 for malformed ID"},{"ancestorTitles":["Admin Routes","PUT /api/admin/orders/:id/status"],"duration":3,"failing":false,"failureDetails":[],"failureMessages":[],"fullName":"Admin Routes PUT /api/admin/orders/:id/status should return 404 for non-existent order","invocations":1,"location":null,"numPassingAsserts":1,"retryReasons":[],"startAt":1756974538233,"status":"passed","title":"should return 404 for non-existent order"}],"endTime":1756974538267,"message":"","name":"C:\\Users\\atdan\\OneDrive\\Desktop\\Merkato\\backend\\tests\\integration\\adminRoutes.test.js","startTime":1756974533706,"status":"passed","summary":""},{"assertionResults":[{"ancestorTitles":["Order Routes","POST /api/orders"],"duration":9,"failing":false,"failureDetails":[],"failureMessages":[],"fullName":"Order Routes POST /api/orders should fail without token","invocations":1,"location":null,"numPassingAsserts":1,"retryReasons":[],"startAt":1756974542040,"status":"passed","title":"should fail without token"},{"ancestorTitles":["Order Routes","POST /api/orders"],"duration":76,"failing":false,"failureDetails":[],"failureMessages":[],"fullName":"Order Routes POST /api/orders should fail with invalid data","invocations":1,"location":null,"numPassingAsserts":1,"retryReasons":[],"startAt":1756974542051,"status":"passed","title":"should fail with invalid data"},{"ancestorTitles":["Order Routes","POST /api/orders"],"duration":83,"failing":false,"failureDetails":[],"failureMessages":[],"fullName":"Order Routes POST /api/orders should create a new order (auth required)","invocations":1,"location":null,"numPassingAsserts":1,"retryReasons":[],"startAt":1756974542129,"status":"passed","title":"should create a new order (auth required)"},{"ancestorTitles":["Order Routes","GET /api/orders/my-orders"],"duration":240,"failing":false,"failureDetails":[],"failureMessages":[],"fullName":"Order Routes GET /api/orders/my-orders should return current user’s orders","invocations":1,"location":null,"numPassingAsserts":2,"retryReasons":[],"startAt":1756974542213,"status":"passed","title":"should return current user’s orders"},{"ancestorTitles":["Order Routes","GET /api/orders/my-orders"],"duration":8,"failing":false,"failureDetails":[],"failureMessages":[],"fullName":"Order Routes GET /api/orders/my-orders should fail without token","invocations":1,"location":null,"numPassingAsserts":1,"retryReasons":[],"startAt":1756974542455,"status":"passed","title":"should fail without token"},{"ancestorTitles":["Order Routes","GET /api/orders/:id"],"duration":4,"failing":false,"failureDetails":[],"failureMessages":[],"fullName":"Order Routes GET /api/orders/:id should fetch order by ID","invocations":1,"location":null,"numPassingAsserts":0,"retryReasons":[],"startAt":1756974542464,"status":"passed","title":"should fetch order by ID"},{"ancestorTitles":["Order Routes","GET /api/orders/:id"],"duration":146,"failing":false,"failureDetails":[],"failureMessages":[],"fullName":"Order Routes GET /api/orders/:id should return 404 or 400 for non-existent ID","invocations":1,"location":null,"numPassingAsserts":1,"retryReasons":[],"startAt":1756974542469,"status":"passed","title":"should return 404 or 400 for non-existent ID"},{"ancestorTitles":["Order Routes","GET /api/orders/:id"],"duration":85,"failing":false,"failureDetails":[],"failureMessages":[],"fullName":"Order Routes GET /api/orders/:id should return 400 for malformed ID","invocations":1,"location":null,"numPassingAsserts":1,"retryReasons":[],"startAt":1756974542617,"status":"passed","title":"should return 400 for malformed ID"},{"ancestorTitles":["Order Routes","GET /api/orders/:id"],"duration":1,"failing":false,"failureDetails":[],"failureMessages":[],"fullName":"Order Routes GET /api/orders/:id should fail without token","invocations":1,"location":null,"numPassingAsserts":0,"retryReasons":[],"startAt":1756974542703,"status":"passed","title":"should fail without token"},{"ancestorTitles":["Order Routes","PUT /api/orders/:id/pay"],"duration":6,"failing":false,"failureDetails":[],"failureMessages":[],"fullName":"Order Routes PUT /api/orders/:id/pay should mark order as paid","invocations":1,"location":null,"numPassingAsserts":0,"retryReasons":[],"startAt":1756974542705,"status":"passed","title":"should mark order as paid"},{"ancestorTitles":["Order Routes","PUT /api/orders/:id/pay"],"duration":0,"failing":false,"failureDetails":[],"failureMessages":[],"fullName":"Order Routes PUT /api/orders/:id/pay should fail without token","invocations":1,"location":null,"numPassingAsserts":0,"retryReasons":[],"startAt":1756974542712,"status":"passed","title":"should fail without token"},{"ancestorTitles":["Order Routes","DELETE /api/orders/:id"],"duration":4,"failing":false,"failureDetails":[],"failureMessages":[],"fullName":"Order Routes DELETE /api/orders/:id should delete order if admin","invocations":1,"location":null,"numPassingAsserts":0,"retryReasons":[],"startAt":1756974542713,"status":"passed","title":"should delete order if admin"},{"ancestorTitles":["Order Routes","DELETE /api/orders/:id"],"duration":0,"failing":false,"failureDetails":[],"failureMessages":[],"fullName":"Order Routes DELETE /api/orders/:id should fail without token","invocations":1,"location":null,"numPassingAsserts":0,"retryReasons":[],"startAt":1756974542718,"status":"passed","title":"should fail without token"},{"ancestorTitles":["Order Routes","DELETE /api/orders/:id"],"duration":7,"failing":false,"failureDetails":[],"failureMessages":[],"fullName":"Order Routes DELETE /api/orders/:id should return 404 or 400 for non-existent order ID","invocations":1,"location":null,"numPassingAsserts":1,"retryReasons":[],"startAt":1756974542719,"status":"passed","title":"should return 404 or 400 for non-existent order ID"},{"ancestorTitles":["Order Routes","DELETE /api/orders/:id"],"duration":4,"failing":false,"failureDetails":[],"failureMessages":[],"fullName":"Order Routes DELETE /api/orders/:id should return 400 for malformed order ID","invocations":1,"location":null,"numPassingAsserts":1,"retryReasons":[],"startAt":1756974542727,"status":"passed","title":"should return 400 for malformed order ID"}],"endTime":1756974542816,"message":"","name":"C:\\Users\\atdan\\OneDrive\\Desktop\\Merkato\\backend\\tests\\integration\\orderRoutes.test.js","startTime":1756974538349,"status":"passed","summary":""},{"assertionResults":[{"ancestorTitles":["Upload Routes","POST /api/upload"],"duration":141,"failing":false,"failureDetails":[],"failureMessages":[],"fullName":"Upload Routes POST /api/upload should allow vendor to upload multiple files","invocations":1,"location":null,"numPassingAsserts":5,"retryReasons":[],"startAt":1756974548707,"status":"passed","title":"should allow vendor to upload multiple files"},{"ancestorTitles":["Upload Routes","POST /api/upload"],"duration":80,"failing":false,"failureDetails":[],"failureMessages":[],"fullName":"Upload Routes POST /api/upload should allow admin to upload a file","invocations":1,"location":null,"numPassingAsserts":5,"retryReasons":[],"startAt":1756974548849,"status":"passed","title":"should allow admin to upload a file"},{"ancestorTitles":["Upload Routes","POST /api/upload"],"duration":73,"failing":false,"failureDetails":[],"failureMessages":[],"fullName":"Upload Routes POST /api/upload should return 400 for missing file","invocations":1,"location":null,"numPassingAsserts":1,"retryReasons":[],"startAt":1756974548930,"status":"passed","title":"should return 400 for missing file"},{"ancestorTitles":["Upload Routes","POST /api/upload"],"duration":73,"failing":false,"failureDetails":[],"failureMessages":[],"fullName":"Upload Routes POST /api/upload should return 400 for invalid field name","invocations":1,"location":null,"numPassingAsserts":1,"retryReasons":[],"startAt":1756974549005,"status":"passed","title":"should return 400 for invalid field name"},{"ancestorTitles":["Upload Routes","POST /api/upload"],"duration":83,"failing":false,"failureDetails":[],"failureMessages":[],"fullName":"Upload Routes POST /api/upload should handle valid JPEG upload","invocations":1,"location":null,"numPassingAsserts":1,"retryReasons":[],"startAt":1756974549080,"status":"passed","title":"should handle valid JPEG upload"},{"ancestorTitles":["Upload Routes","POST /api/upload"],"duration":105,"failing":false,"failureDetails":[],"failureMessages":[],"fullName":"Upload Routes POST /api/upload should handle text file upload","invocations":1,"location":null,"numPassingAsserts":1,"retryReasons":[],"startAt":1756974549164,"status":"passed","title":"should handle text file upload"},{"ancestorTitles":["Upload Routes","POST /api/upload"],"duration":106,"failing":false,"failureDetails":[],"failureMessages":[],"fullName":"Upload Routes POST /api/upload should handle exe file upload","invocations":1,"location":null,"numPassingAsserts":1,"retryReasons":[],"startAt":1756974549271,"status":"passed","title":"should handle exe file upload"},{"ancestorTitles":["Upload Routes","POST /api/upload"],"duration":76,"failing":false,"failureDetails":[],"failureMessages":[],"fullName":"Upload Routes POST /api/upload should reject file over size limit (2MB)","invocations":1,"location":null,"numPassingAsserts":1,"retryReasons":[],"startAt":1756974549378,"status":"passed","title":"should reject file over size limit (2MB)"},{"ancestorTitles":["Upload Routes","POST /api/upload"],"duration":6,"failing":false,"failureDetails":[],"failureMessages":[],"fullName":"Upload Routes POST /api/upload should prevent directory traversal in filename","invocations":1,"location":null,"numPassingAsserts":2,"retryReasons":[],"startAt":1756974549455,"status":"passed","title":"should prevent directory traversal in filename"},{"ancestorTitles":["Upload Routes","GET /uploads/:filename (static file check)"],"duration":10,"failing":false,"failureDetails":[],"failureMessages":[],"fullName":"Upload Routes GET /uploads/:filename (static file check) should serve uploaded file if accessible","invocations":1,"location":null,"numPassingAsserts":2,"retryReasons":[],"startAt":1756974549462,"status":"passed","title":"should serve uploaded file if accessible"},{"ancestorTitles":["Upload Routes","GET /uploads/:filename (static file check)"],"duration":7,"failing":false,"failureDetails":[],"failureMessages":[],"fullName":"Upload Routes GET /uploads/:filename (static file check) should return 404 for non-existent file","invocations":1,"location":null,"numPassingAsserts":1,"retryReasons":[],"startAt":1756974549473,"status":"passed","title":"should return 404 for non-existent file"}],"endTime":1756974549497,"message":"","name":"C:\\Users\\atdan\\OneDrive\\Desktop\\Merkato\\backend\\tests\\integration\\uploadRoutes.test.js","startTime":1756974542899,"status":"passed","summary":""},{"assertionResults":[{"ancestorTitles":["Product Routes","GET /api/products"],"duration":228,"failing":false,"failureDetails":[],"failureMessages":[],"fullName":"Product Routes GET /api/products should return product list","invocations":1,"location":null,"numPassingAsserts":2,"retryReasons":[],"startAt":1756974552557,"status":"passed","title":"should return product list"},{"ancestorTitles":["Product Routes"],"duration":149,"failing":false,"failureDetails":[],"failureMessages":[],"fullName":"Product Routes POST /api/products should create a new product (admin/vendor only)","invocations":1,"location":null,"numPassingAsserts":3,"retryReasons":[],"startAt":1756974552787,"status":"passed","title":"POST /api/products should create a new product (admin/vendor only)"},{"ancestorTitles":["Product Routes"],"duration":75,"failing":false,"failureDetails":[],"failureMessages":[],"fullName":"Product Routes GET /api/products/:id should fetch single product","invocations":1,"location":null,"numPassingAsserts":2,"retryReasons":[],"startAt":1756974552937,"status":"passed","title":"GET /api/products/:id should fetch single product"},{"ancestorTitles":["Product Routes"],"duration":153,"failing":false,"failureDetails":[],"failureMessages":[],"fullName":"Product Routes PUT /api/products/:id should update product","invocations":1,"location":null,"numPassingAsserts":1,"retryReasons":[],"startAt":1756974553017,"status":"passed","title":"PUT /api/products/:id should update product"},{"ancestorTitles":["Product Routes"],"duration":201,"failing":false,"failureDetails":[],"failureMessages":[],"fullName":"Product Routes DELETE /api/products/:id should delete product","invocations":1,"location":null,"numPassingAsserts":1,"retryReasons":[],"startAt":1756974553171,"status":"passed","title":"DELETE /api/products/:id should delete product"}],"endTime":1756974553391,"message":"","name":"C:\\Users\\atdan\\OneDrive\\Desktop\\Merkato\\backend\\tests\\integration\\productRoutes.test.js","startTime":1756974549578,"status":"passed","summary":""},{"assertionResults":[{"ancestorTitles":["Review Moderation Routes","GET /api/admin/reviews"],"duration":73,"failing":false,"failureDetails":[],"failureMessages":[],"fullName":"Review Moderation Routes GET /api/admin/reviews should allow admin to view flagged reviews","invocations":1,"location":null,"numPassingAsserts":1,"retryReasons":[],"startAt":1756974557105,"status":"passed","title":"should allow admin to view flagged reviews"},{"ancestorTitles":["Review Moderation Routes","GET /api/admin/reviews"],"duration":77,"failing":false,"failureDetails":[],"failureMessages":[],"fullName":"Review Moderation Routes GET /api/admin/reviews should support pagination/filtering if implemented","invocations":1,"location":null,"numPassingAsserts":1,"retryReasons":[],"startAt":1756974557180,"status":"passed","title":"should support pagination/filtering if implemented"},{"ancestorTitles":["Review Moderation Routes","GET /api/admin/reviews"],"duration":70,"failing":false,"failureDetails":[],"failureMessages":[],"fullName":"Review Moderation Routes GET /api/admin/reviews should block non-admin access","invocations":1,"location":null,"numPassingAsserts":1,"retryReasons":[],"startAt":1756974557258,"status":"passed","title":"should block non-admin access"},{"ancestorTitles":["Review Moderation Routes","GET /api/admin/reviews"],"duration":6,"failing":false,"failureDetails":[],"failureMessages":[],"fullName":"Review Moderation Routes GET /api/admin/reviews should fail without token","invocations":1,"location":null,"numPassingAsserts":1,"retryReasons":[],"startAt":1756974557330,"status":"passed","title":"should fail without token"},{"ancestorTitles":["Review Moderation Routes","PUT /api/admin/reviews/:reviewId/hide"],"duration":7,"failing":false,"failureDetails":[],"failureMessages":[],"fullName":"Review Moderation Routes PUT /api/admin/reviews/:reviewId/hide should allow admin to hide review","invocations":1,"location":null,"numPassingAsserts":0,"retryReasons":[],"startAt":1756974557337,"status":"passed","title":"should allow admin to hide review"},{"ancestorTitles":["Review Moderation Routes","PUT /api/admin/reviews/:reviewId/hide"],"duration":1,"failing":false,"failureDetails":[],"failureMessages":[],"fullName":"Review Moderation Routes PUT /api/admin/reviews/:reviewId/hide should be idempotent if already hidden","invocations":1,"location":null,"numPassingAsserts":0,"retryReasons":[],"startAt":1756974557345,"status":"passed","title":"should be idempotent if already hidden"},{"ancestorTitles":["Review Moderation Routes","PUT /api/admin/reviews/:reviewId/hide"],"duration":1,"failing":false,"failureDetails":[],"failureMessages":[],"fullName":"Review Moderation Routes PUT /api/admin/reviews/:reviewId/hide should block non-admin from hiding review","invocations":1,"location":null,"numPassingAsserts":0,"retryReasons":[],"startAt":1756974557347,"status":"passed","title":"should block non-admin from hiding review"},{"ancestorTitles":["Review Moderation Routes","PUT /api/admin/reviews/:reviewId/hide"],"duration":9,"failing":false,"failureDetails":[],"failureMessages":[],"fullName":"Review Moderation Routes PUT /api/admin/reviews/:reviewId/hide should return 400 for malformed ID","invocations":1,"location":null,"numPassingAsserts":1,"retryReasons":[],"startAt":1756974557349,"status":"passed","title":"should return 400 for malformed ID"},{"ancestorTitles":["Review Moderation Routes","PUT /api/admin/reviews/:reviewId/hide"],"duration":4,"failing":false,"failureDetails":[],"failureMessages":[],"fullName":"Review Moderation Routes PUT /api/admin/reviews/:reviewId/hide should return 404 for non-existent review","invocations":1,"location":null,"numPassingAsserts":1,"retryReasons":[],"startAt":1756974557359,"status":"passed","title":"should return 404 for non-existent review"},{"ancestorTitles":["Review Moderation Routes","PUT /api/admin/reviews/:reviewId/unhide"],"duration":1,"failing":false,"failureDetails":[],"failureMessages":[],"fullName":"Review Moderation Routes PUT /api/admin/reviews/:reviewId/unhide should allow admin to unhide review","invocations":1,"location":null,"numPassingAsserts":0,"retryReasons":[],"startAt":1756974557364,"status":"passed","title":"should allow admin to unhide review"},{"ancestorTitles":["Review Moderation Routes","PUT /api/admin/reviews/:reviewId/unhide"],"duration":0,"failing":false,"failureDetails":[],"failureMessages":[],"fullName":"Review Moderation Routes PUT /api/admin/reviews/:reviewId/unhide should be idempotent if already unhidden","invocations":1,"location":null,"numPassingAsserts":0,"retryReasons":[],"startAt":1756974557366,"status":"passed","title":"should be idempotent if already unhidden"},{"ancestorTitles":["Review Moderation Routes","PUT /api/admin/reviews/:reviewId/unhide"],"duration":0,"failing":false,"failureDetails":[],"failureMessages":[],"fullName":"Review Moderation Routes PUT /api/admin/reviews/:reviewId/unhide should block non-admin from unhiding review","invocations":1,"location":null,"numPassingAsserts":0,"retryReasons":[],"startAt":1756974557367,"status":"passed","title":"should block non-admin from unhiding review"},{"ancestorTitles":["Review Moderation Routes","PUT /api/admin/reviews/:reviewId/unhide"],"duration":3,"failing":false,"failureDetails":[],"failureMessages":[],"fullName":"Review Moderation Routes PUT /api/admin/reviews/:reviewId/unhide should return 400 for malformed ID","invocations":1,"location":null,"numPassingAsserts":1,"retryReasons":[],"startAt":1756974557368,"status":"passed","title":"should return 400 for malformed ID"},{"ancestorTitles":["Review Moderation Routes","PUT /api/admin/reviews/:reviewId/unhide"],"duration":4,"failing":false,"failureDetails":[],"failureMessages":[],"fullName":"Review Moderation Routes PUT /api/admin/reviews/:reviewId/unhide should return 404 for non-existent review","invocations":1,"location":null,"numPassingAsserts":1,"retryReasons":[],"startAt":1756974557372,"status":"passed","title":"should return 404 for non-existent review"},{"ancestorTitles":["Review Moderation Routes","DELETE /api/admin/reviews/:reviewId"],"duration":0,"failing":false,"failureDetails":[],"failureMessages":[],"fullName":"Review Moderation Routes DELETE /api/admin/reviews/:reviewId should allow admin to permanently delete a review","invocations":1,"location":null,"numPassingAsserts":0,"retryReasons":[],"startAt":1756974557377,"status":"passed","title":"should allow admin to permanently delete a review"},{"ancestorTitles":["Review Moderation Routes","DELETE /api/admin/reviews/:reviewId"],"duration":0,"failing":false,"failureDetails":[],"failureMessages":[],"fullName":"Review Moderation Routes DELETE /api/admin/reviews/:reviewId should block non-admin from deleting review","invocations":1,"location":null,"numPassingAsserts":0,"retryReasons":[],"startAt":1756974557378,"status":"passed","title":"should block non-admin from deleting review"},{"ancestorTitles":["Review Moderation Routes","DELETE /api/admin/reviews/:reviewId"],"duration":67,"failing":false,"failureDetails":[],"failureMessages":[],"fullName":"Review Moderation Routes DELETE /api/admin/reviews/:reviewId should return 400 for malformed ID","invocations":1,"location":null,"numPassingAsserts":1,"retryReasons":[],"startAt":1756974557379,"status":"passed","title":"should return 400 for malformed ID"},{"ancestorTitles":["Review Moderation Routes","DELETE /api/admin/reviews/:reviewId"],"duration":140,"failing":false,"failureDetails":[],"failureMessages":[],"fullName":"Review Moderation Routes DELETE /api/admin/reviews/:reviewId should return 404 for non-existent review","invocations":1,"location":null,"numPassingAsserts":1,"retryReasons":[],"startAt":1756974557446,"status":"passed","title":"should return 404 for non-existent review"}],"endTime":1756974557598,"message":"","name":"C:\\Users\\atdan\\OneDrive\\Desktop\\Merkato\\backend\\tests\\integration\\reviewModerationRoutes.test.js","startTime":1756974553476,"status":"passed","summary":""},{"assertionResults":[{"ancestorTitles":["Customer Routes","Addresses API"],"duration":623,"failing":false,"failureDetails":[],"failureMessages":[],"fullName":"Customer Routes Addresses API should add a new address","invocations":1,"location":null,"numPassingAsserts":3,"retryReasons":[],"startAt":1756974560951,"status":"passed","title":"should add a new address"},{"ancestorTitles":["Customer Routes","Addresses API"],"duration":183,"failing":false,"failureDetails":[],"failureMessages":[],"fullName":"Customer Routes Addresses API should get all addresses","invocations":1,"location":null,"numPassingAsserts":2,"retryReasons":[],"startAt":1756974561575,"status":"passed","title":"should get all addresses"},{"ancestorTitles":["Customer Routes","Addresses API"],"duration":244,"failing":false,"failureDetails":[],"failureMessages":[],"fullName":"Customer Routes Addresses API should update an address","invocations":1,"location":null,"numPassingAsserts":3,"retryReasons":[],"startAt":1756974561760,"status":"passed","title":"should update an address"},{"ancestorTitles":["Customer Routes","Addresses API"],"duration":503,"failing":false,"failureDetails":[],"failureMessages":[],"fullName":"Customer Routes Addresses API should set address as default","invocations":1,"location":null,"numPassingAsserts":3,"retryReasons":[],"startAt":1756974562005,"status":"passed","title":"should set address as default"},{"ancestorTitles":["Customer Routes","Addresses API"],"duration":308,"failing":false,"failureDetails":[],"failureMessages":[],"fullName":"Customer Routes Addresses API should delete an address","invocations":1,"location":null,"numPassingAsserts":2,"retryReasons":[],"startAt":1756974562510,"status":"passed","title":"should delete an address"}],"endTime":1756974562843,"message":"","name":"C:\\Users\\atdan\\OneDrive\\Desktop\\Merkato\\backend\\tests\\integration\\customerRoutes.test.js","startTime":1756974557677,"status":"passed","summary":""},{"assertionResults":[{"ancestorTitles":["Review Routes","POST /api/products/:productId/reviews"],"duration":8,"failing":false,"failureDetails":[],"failureMessages":[],"fullName":"Review Routes POST /api/products/:productId/reviews should create a review","invocations":1,"location":null,"numPassingAsserts":1,"retryReasons":[],"startAt":1756974566707,"status":"passed","title":"should create a review"},{"ancestorTitles":["Review Routes","POST /api/products/:productId/reviews"],"duration":4,"failing":false,"failureDetails":[],"failureMessages":[],"fullName":"Review Routes POST /api/products/:productId/reviews should fail without token","invocations":1,"location":null,"numPassingAsserts":1,"retryReasons":[],"startAt":1756974566716,"status":"passed","title":"should fail without token"},{"ancestorTitles":["Review Routes","POST /api/products/:productId/reviews"],"duration":4,"failing":false,"failureDetails":[],"failureMessages":[],"fullName":"Review Routes POST /api/products/:productId/reviews should return 400 for missing rating or comment","invocations":1,"location":null,"numPassingAsserts":1,"retryReasons":[],"startAt":1756974566721,"status":"passed","title":"should return 400 for missing rating or comment"},{"ancestorTitles":["Review Routes","POST /api/products/:productId/reviews"],"duration":5,"failing":false,"failureDetails":[],"failureMessages":[],"fullName":"Review Routes POST /api/products/:productId/reviews should prevent duplicate reviews by same user","invocations":1,"location":null,"numPassingAsserts":1,"retryReasons":[],"startAt":1756974566726,"status":"passed","title":"should prevent duplicate reviews by same user"},{"ancestorTitles":["Review Routes","PUT /api/reviews/:id"],"duration":5,"failing":false,"failureDetails":[],"failureMessages":[],"fullName":"Review Routes PUT /api/reviews/:id should update a review","invocations":1,"location":null,"numPassingAsserts":1,"retryReasons":[],"startAt":1756974566732,"status":"passed","title":"should update a review"},{"ancestorTitles":["Review Routes","PUT /api/reviews/:id"],"duration":3,"failing":false,"failureDetails":[],"failureMessages":[],"fullName":"Review Routes PUT /api/reviews/:id should return 400 for malformed ID","invocations":1,"location":null,"numPassingAsserts":1,"retryReasons":[],"startAt":1756974566738,"status":"passed","title":"should return 400 for malformed ID"},{"ancestorTitles":["Review Routes","PUT /api/reviews/:id"],"duration":4,"failing":false,"failureDetails":[],"failureMessages":[],"fullName":"Review Routes PUT /api/reviews/:id should not allow another user to update review","invocations":1,"location":null,"numPassingAsserts":1,"retryReasons":[],"startAt":1756974566742,"status":"passed","title":"should not allow another user to update review"},{"ancestorTitles":["Review Routes","DELETE /api/reviews/:id"],"duration":326,"failing":false,"failureDetails":[],"failureMessages":[],"fullName":"Review Routes DELETE /api/reviews/:id should delete a review","invocations":1,"location":null,"numPassingAsserts":1,"retryReasons":[],"startAt":1756974566746,"status":"passed","title":"should delete a review"},{"ancestorTitles":["Review Routes","DELETE /api/reviews/:id"],"duration":144,"failing":false,"failureDetails":[],"failureMessages":[],"fullName":"Review Routes DELETE /api/reviews/:id should return 404 for non-existent review","invocations":1,"location":null,"numPassingAsserts":1,"retryReasons":[],"startAt":1756974567073,"status":"passed","title":"should return 404 for non-existent review"},{"ancestorTitles":["Review Routes","DELETE /api/reviews/:id"],"duration":81,"failing":false,"failureDetails":[],"failureMessages":[],"fullName":"Review Routes DELETE /api/reviews/:id should return 400 for malformed ID","invocations":1,"location":null,"numPassingAsserts":1,"retryReasons":[],"startAt":1756974567218,"status":"passed","title":"should return 400 for malformed ID"},{"ancestorTitles":["Review Routes","DELETE /api/reviews/:id"],"duration":90,"failing":false,"failureDetails":[],"failureMessages":[],"fullName":"Review Routes DELETE /api/reviews/:id should not allow another user to delete review","invocations":1,"location":null,"numPassingAsserts":1,"retryReasons":[],"startAt":1756974567299,"status":"passed","title":"should not allow another user to delete review"},{"ancestorTitles":["Review Routes","DELETE /api/reviews/:id"],"duration":0,"failing":false,"failureDetails":[],"failureMessages":[],"fullName":"Review Routes DELETE /api/reviews/:id should allow admin to delete any review","invocations":1,"location":null,"numPassingAsserts":0,"retryReasons":[],"startAt":1756974567390,"status":"passed","title":"should allow admin to delete any review"},{"ancestorTitles":["Review Routes","GET /api/reviews/product/:productId"],"duration":4,"failing":false,"failureDetails":[],"failureMessages":[],"fullName":"Review Routes GET /api/reviews/product/:productId should return reviews for product","invocations":1,"location":null,"numPassingAsserts":1,"retryReasons":[],"startAt":1756974567391,"status":"passed","title":"should return reviews for product"},{"ancestorTitles":["Review Routes","GET /api/reviews/product/:productId"],"duration":4,"failing":false,"failureDetails":[],"failureMessages":[],"fullName":"Review Routes GET /api/reviews/product/:productId should return 400 for malformed ID","invocations":1,"location":null,"numPassingAsserts":1,"retryReasons":[],"startAt":1756974567396,"status":"passed","title":"should return 400 for malformed ID"}],"endTime":1756974567415,"message":"","name":"C:\\Users\\atdan\\OneDrive\\Desktop\\Merkato\\backend\\tests\\integration\\reviewRoutes.test.js","startTime":1756974562927,"status":"passed","summary":""},{"assertionResults":[{"ancestorTitles":["Auth Routes","POST /api/auth/register"],"duration":1996,"failing":false,"failureDetails":[],"failureMessages":[],"fullName":"Auth Routes POST /api/auth/register should register a new user","invocations":1,"location":null,"numPassingAsserts":3,"retryReasons":[],"startAt":1756974568610,"status":"passed","title":"should register a new user"},{"ancestorTitles":["Auth Routes","POST /api/auth/register"],"duration":75,"failing":false,"failureDetails":[],"failureMessages":[],"fullName":"Auth Routes POST /api/auth/register should not allow duplicate registration","invocations":1,"location":null,"numPassingAsserts":1,"retryReasons":[],"startAt":1756974570607,"status":"passed","title":"should not allow duplicate registration"},{"ancestorTitles":["Auth Routes","POST /api/auth/register"],"duration":8,"failing":false,"failureDetails":[],"failureMessages":[],"fullName":"Auth Routes POST /api/auth/register should return 400 for malformed email","invocations":1,"location":null,"numPassingAsserts":1,"retryReasons":[],"startAt":1756974570684,"status":"passed","title":"should return 400 for malformed email"},{"ancestorTitles":["Auth Routes","POST /api/auth/login"],"duration":241,"failing":false,"failureDetails":[],"failureMessages":[],"fullName":"Auth Routes POST /api/auth/login should login with valid credentials","invocations":1,"location":null,"numPassingAsserts":4,"retryReasons":[],"startAt":1756974570693,"status":"passed","title":"should login with valid credentials"},{"ancestorTitles":["Auth Routes","POST /api/auth/login"],"duration":174,"failing":false,"failureDetails":[],"failureMessages":[],"fullName":"Auth Routes POST /api/auth/login should fail with invalid credentials","invocations":1,"location":null,"numPassingAsserts":1,"retryReasons":[],"startAt":1756974570935,"status":"passed","title":"should fail with invalid credentials"},{"ancestorTitles":["Auth Routes","GET /api/auth/me"],"duration":219,"failing":false,"failureDetails":[],"failureMessages":[],"fullName":"Auth Routes GET /api/auth/me should get current user profile with token","invocations":1,"location":null,"numPassingAsserts":3,"retryReasons":[],"startAt":1756974571110,"status":"passed","title":"should get current user profile with token"},{"ancestorTitles":["Auth Routes","GET /api/auth/me"],"duration":8,"failing":false,"failureDetails":[],"failureMessages":[],"fullName":"Auth Routes GET /api/auth/me should fail without token","invocations":1,"location":null,"numPassingAsserts":1,"retryReasons":[],"startAt":1756974571330,"status":"passed","title":"should fail without token"}],"endTime":1756974571341,"message":"","name":"C:\\Users\\atdan\\OneDrive\\Desktop\\Merkato\\backend\\tests\\integration\\authRoutes.test.js","startTime":1756974567499,"status":"passed","summary":""},{"assertionResults":[{"ancestorTitles":["Flag Routes","POST /api/flags/product/:productId"],"duration":6,"failing":false,"failureDetails":[],"failureMessages":[],"fullName":"Flag Routes POST /api/flags/product/:productId should fail without token","invocations":1,"location":null,"numPassingAsserts":0,"retryReasons":[],"startAt":1756974575036,"status":"passed","title":"should fail without token"},{"ancestorTitles":["Flag Routes","POST /api/flags/product/:productId"],"duration":0,"failing":false,"failureDetails":[],"failureMessages":[],"fullName":"Flag Routes POST /api/flags/product/:productId should flag a product","invocations":1,"location":null,"numPassingAsserts":0,"retryReasons":[],"startAt":1756974575044,"status":"passed","title":"should flag a product"},{"ancestorTitles":["Flag Routes","POST /api/flags/product/:productId"],"duration":0,"failing":false,"failureDetails":[],"failureMessages":[],"fullName":"Flag Routes POST /api/flags/product/:productId should not flag with missing reason","invocations":1,"location":null,"numPassingAsserts":0,"retryReasons":[],"startAt":1756974575045,"status":"passed","title":"should not flag with missing reason"},{"ancestorTitles":["Flag Routes","POST /api/flags/product/:productId"],"duration":8,"failing":false,"failureDetails":[],"failureMessages":[],"fullName":"Flag Routes POST /api/flags/product/:productId should return 404 for non-existent product","invocations":1,"location":null,"numPassingAsserts":1,"retryReasons":[],"startAt":1756974575046,"status":"passed","title":"should return 404 for non-existent product"},{"ancestorTitles":["Flag Routes","POST /api/flags/product/:productId"],"duration":5,"failing":false,"failureDetails":[],"failureMessages":[],"fullName":"Flag Routes POST /api/flags/product/:productId should return 400 for malformed product ID","invocations":1,"location":null,"numPassingAsserts":1,"retryReasons":[],"startAt":1756974575055,"status":"passed","title":"should return 400 for malformed product ID"},{"ancestorTitles":["Flag Routes","POST /api/flags/review/:reviewId"],"duration":4,"failing":false,"failureDetails":[],"failureMessages":[],"fullName":"Flag Routes POST /api/flags/review/:reviewId should flag a review","invocations":1,"location":null,"numPassingAsserts":0,"retryReasons":[],"startAt":1756974575060,"status":"passed","title":"should flag a review"},{"ancestorTitles":["Flag Routes","POST /api/flags/review/:reviewId"],"duration":1,"failing":false,"failureDetails":[],"failureMessages":[],"fullName":"Flag Routes POST /api/flags/review/:reviewId should fail with missing reason","invocations":1,"location":null,"numPassingAsserts":0,"retryReasons":[],"startAt":1756974575065,"status":"passed","title":"should fail with missing reason"},{"ancestorTitles":["Flag Routes","POST /api/flags/review/:reviewId"],"duration":5,"failing":false,"failureDetails":[],"failureMessages":[],"fullName":"Flag Routes POST /api/flags/review/:reviewId should return 404 for non-existent review","invocations":1,"location":null,"numPassingAsserts":1,"retryReasons":[],"startAt":1756974575067,"status":"passed","title":"should return 404 for non-existent review"},{"ancestorTitles":["Flag Routes","POST /api/flags/review/:reviewId"],"duration":4,"failing":false,"failureDetails":[],"failureMessages":[],"fullName":"Flag Routes POST /api/flags/review/:reviewId should return 400 for malformed review ID","invocations":1,"location":null,"numPassingAsserts":1,"retryReasons":[],"startAt":1756974575072,"status":"passed","title":"should return 400 for malformed review ID"},{"ancestorTitles":["Flag Routes","GET /api/flags"],"duration":262,"failing":false,"failureDetails":[],"failureMessages":[],"fullName":"Flag Routes GET /api/flags should allow admin to view all flags","invocations":1,"location":null,"numPassingAsserts":1,"retryReasons":[],"startAt":1756974575077,"status":"passed","title":"should allow admin to view all flags"},{"ancestorTitles":["Flag Routes","GET /api/flags"],"duration":72,"failing":false,"failureDetails":[],"failureMessages":[],"fullName":"Flag Routes GET /api/flags should block non-admin user","invocations":1,"location":null,"numPassingAsserts":1,"retryReasons":[],"startAt":1756974575340,"status":"passed","title":"should block non-admin user"},{"ancestorTitles":["Flag Routes","DELETE /api/flags/:flagId"],"duration":5,"failing":false,"failureDetails":[],"failureMessages":[],"fullName":"Flag Routes DELETE /api/flags/:flagId should allow admin to delete a flag","invocations":1,"location":null,"numPassingAsserts":0,"retryReasons":[],"startAt":1756974575413,"status":"passed","title":"should allow admin to delete a flag"},{"ancestorTitles":["Flag Routes","DELETE /api/flags/:flagId"],"duration":0,"failing":false,"failureDetails":[],"failureMessages":[],"fullName":"Flag Routes DELETE /api/flags/:flagId should block non-admin user","invocations":1,"location":null,"numPassingAsserts":0,"retryReasons":[],"startAt":1756974575419,"status":"passed","title":"should block non-admin user"},{"ancestorTitles":["Flag Routes","DELETE /api/flags/:flagId"],"duration":7,"failing":false,"failureDetails":[],"failureMessages":[],"fullName":"Flag Routes DELETE /api/flags/:flagId should return 404 for non-existent flag","invocations":1,"location":null,"numPassingAsserts":1,"retryReasons":[],"startAt":1756974575421,"status":"passed","title":"should return 404 for non-existent flag"},{"ancestorTitles":["Flag Routes","DELETE /api/flags/:flagId"],"duration":5,"failing":false,"failureDetails":[],"failureMessages":[],"fullName":"Flag Routes DELETE /api/flags/:flagId should return 400 for malformed flag ID","invocations":1,"location":null,"numPassingAsserts":1,"retryReasons":[],"startAt":1756974575429,"status":"passed","title":"should return 400 for malformed flag ID"}],"endTime":1756974575445,"message":"","name":"C:\\Users\\atdan\\OneDrive\\Desktop\\Merkato\\backend\\tests\\integration\\flagRoutes.test.js","startTime":1756974571420,"status":"passed","summary":""},{"assertionResults":[{"ancestorTitles":["Email Utils"],"duration":8,"failing":false,"failureDetails":[],"failureMessages":[],"fullName":"Email Utils sendOrderConfirmation sends a formatted email","invocations":1,"location":null,"numPassingAsserts":3,"retryReasons":[],"startAt":1756974575902,"status":"passed","title":"sendOrderConfirmation sends a formatted email"},{"ancestorTitles":["Email Utils"],"duration":5,"failing":false,"failureDetails":[],"failureMessages":[],"fullName":"Email Utils sendOrderConfirmation handles sendMail error and throws descriptive error","invocations":1,"location":null,"numPassingAsserts":1,"retryReasons":[],"startAt":1756974575912,"status":"passed","title":"sendOrderConfirmation handles sendMail error and throws descriptive error"},{"ancestorTitles":["Email Utils"],"duration":2,"failing":false,"failureDetails":[],"failureMessages":[],"fullName":"Email Utils sendPasswordResetEmail sends a reset email with token link","invocations":1,"location":null,"numPassingAsserts":3,"retryReasons":[],"startAt":1756974575918,"status":"passed","title":"sendPasswordResetEmail sends a reset email with token link"},{"ancestorTitles":["Email Utils"],"duration":3,"failing":false,"failureDetails":[],"failureMessages":[],"fullName":"Email Utils sendPasswordResetEmail handles sendMail error and throws descriptive error","invocations":1,"location":null,"numPassingAsserts":1,"retryReasons":[],"startAt":1756974575921,"status":"passed","title":"sendPasswordResetEmail handles sendMail error and throws descriptive error"},{"ancestorTitles":["Email Utils"],"duration":1,"failing":false,"failureDetails":[],"failureMessages":[],"fullName":"Email Utils testEmailConfig logs success in dev environment","invocations":1,"location":null,"numPassingAsserts":2,"retryReasons":[],"startAt":1756974575925,"status":"passed","title":"testEmailConfig logs success in dev environment"},{"ancestorTitles":["Email Utils"],"duration":1,"failing":false,"failureDetails":[],"failureMessages":[],"fullName":"Email Utils resetRateLimiter is a middleware function","invocations":1,"location":null,"numPassingAsserts":1,"retryReasons":[],"startAt":1756974575926,"status":"passed","title":"resetRateLimiter is a middleware function"}],"endTime":1756974575929,"message":"","name":"C:\\Users\\atdan\\OneDrive\\Desktop\\Merkato\\backend\\tests\\unit\\utils.test.js","startTime":1756974575530,"status":"passed","summary":""},{"assertionResults":[{"ancestorTitles":["Email Utils (Isolated)"],"duration":2,"failing":false,"failureDetails":[],"failureMessages":[],"fullName":"Email Utils (Isolated) placeholder to ensure suite has at least one test","invocations":1,"location":null,"numPassingAsserts":1,"retryReasons":[],"startAt":1756974576309,"status":"passed","title":"placeholder to ensure suite has at least one test"}],"endTime":1756974576313,"message":"","name":"C:\\Users\\atdan\\OneDrive\\Desktop\\Merkato\\backend\\tests\\unit\\emailUtils.isolated.test.js","startTime":1756974575964,"status":"passed","summary":""},{"assertionResults":[{"ancestorTitles":["Guest Order Routes (placeholder)"],"duration":2,"failing":false,"failureDetails":[],"failureMessages":[],"fullName":"Guest Order Routes (placeholder) placeholder — replace with real tests","invocations":1,"location":null,"numPassingAsserts":1,"retryReasons":[],"startAt":1756974576757,"status":"passed","title":"placeholder — replace with real tests"}],"endTime":1756974576762,"message":"","name":"C:\\Users\\atdan\\OneDrive\\Desktop\\Merkato\\backend\\tests\\integ
[...]
umn":18}},"loc":{"start":{"line":113,"column":29},"end":{"line":116,"column":1}},"line":113},"2":{"name":"emitSSE","decl":{"start":{"line":118,"column":9},"end":{"line":118,"column":16}},"loc":{"start":{"line":118,"column":34},"end":{"line":125,"column":1}},"line":118},"3":{"name":"createTask","decl":{"start":{"line":127,"column":9},"end":{"line":127,"column":19}},"loc":{"start":{"line":127,"column":29},"end":{"line":147,"column":1}},"line":127},"4":{"name":"appendLog","decl":{"start":{"line":149,"column":9},"end":{"line":149,"column":18}},"loc":{"start":{"line":149,"column":31},"end":{"line":154,"column":1}},"line":149},"5":{"name":"runTask","decl":{"start":{"line":156,"column":9},"end":{"line":156,"column":16}},"loc":{"start":{"line":156,"column":23},"end":{"line":211,"column":1}},"line":156},"6":{"name":"(anonymous_6)","decl":{"start":{"line":170,"column":14},"end":{"line":170,"column":15}},"loc":{"start":{"line":170,"column":20},"end":{"line":183,"column":3}},"line":170},"7":{"name":"(anonymous_7)","decl":{"start":{"line":185,"column":17},"end":{"line":185,"column":18}},"loc":{"start":{"line":185,"column":26},"end":{"line":188,"column":3}},"line":185},"8":{"name":"(anonymous_8)","decl":{"start":{"line":187,"column":32},"end":{"line":187,"column":33}},"loc":{"start":{"line":187,"column":42},"end":{"line":187,"column":63}},"line":187},"9":{"name":"(anonymous_9)","decl":{"start":{"line":193,"column":20},"end":{"line":193,"column":21}},"loc":{"start":{"line":193,"column":29},"end":{"line":199,"column":3}},"line":193},"10":{"name":"(anonymous_10)","decl":{"start":{"line":201,"column":20},"end":{"line":201,"column":21}},"loc":{"start":{"line":201,"column":30},"end":{"line":208,"column":3}},"line":201},"11":{"name":"getTask","decl":{"start":{"line":213,"column":9},"end":{"line":213,"column":16}},"loc":{"start":{"line":213,"column":21},"end":{"line":215,"column":1}},"line":213},"12":{"name":"listTaskDefs","decl":{"start":{"line":217,"column":9},"end":{"line":217,"column":21}},"loc":{"start":{"line":217,"column":24},"end":{"line":219,"column":1}},"line":217},"13":{"name":"(anonymous_13)","decl":{"start":{"line":218,"column":39},"end":{"line":218,"column":40}},"loc":{"start":{"line":218,"column":56},"end":{"line":218,"column":81}},"line":218},"14":{"name":"subscribe","decl":{"start":{"line":221,"column":9},"end":{"line":221,"column":18}},"loc":{"start":{"line":221,"column":32},"end":{"line":224,"column":1}},"line":221},"15":{"name":"unsubscribe","decl":{"start":{"line":226,"column":9},"end":{"line":226,"column":20}},"loc":{"start":{"line":226,"column":34},"end":{"line":231,"column":1}},"line":226}},"branchMap":{"0":{"loc":{"start":{"line":101,"column":9},"end":{"line":101,"column":65}},"type":"cond-expr","locations":[{"start":{"line":101,"column":40},"end":{"line":101,"column":56}},{"start":{"line":101,"column":59},"end":{"line":101,"column":65}}],"line":101},"1":{"loc":{"start":{"line":102,"column":10},"end":{"line":104,"column":84}},"type":"cond-expr","locations":[{"start":{"line":103,"column":8},"end":{"line":103,"column":127}},{"start":{"line":104,"column":8},"end":{"line":104,"column":84}}],"line":102},"2":{"loc":{"start":{"line":114,"column":2},"end":{"line":114,"column":45}},"type":"if","locations":[{"start":{"line":114,"column":2},"end":{"line":114,"column":45}},{"start":{},"end":{}}],"line":114},"3":{"loc":{"start":{"line":120,"column":2},"end":{"line":120,"column":45}},"type":"if","locations":[{"start":{"line":120,"column":2},"end":{"line":120,"column":45}},{"start":{},"end":{}}],"line":120},"4":{"loc":{"start":{"line":120,"column":6},"end":{"line":120,"column":36}},"type":"binary-expr","locations":[{"start":{"line":120,"column":6},"end":{"line":120,"column":14}},{"start":{"line":120,"column":18},"end":{"line":120,"column":36}}],"line":120},"5":{"loc":{"start":{"line":129,"column":2},"end":{"line":129,"column":56}},"type":"if","locations":[{"start":{"line":129,"column":2},"end":{"line":129,"column":56}},{"start":{},"end":{}}],"line":129},"6":{"loc":{"start":{"line":150,"column":2},"end":{"line":150,"column":20}},"type":"if","locations":[{"start":{"line":150,"column":2},"end":{"line":150,"column":20}},{"start":{},"end":{}}],"line":150},"7":{"loc":{"start":{"line":152,"column":2},"end":{"line":152,"column":57}},"type":"if","locations":[{"start":{"line":152,"column":2},"end":{"line":152,"column":57}},{"start":{},"end":{}}],"line":152},"8":{"loc":{"start":{"line":164,"column":31},"end":{"line":164,"column":44}},"type":"binary-expr","locations":[{"start":{"line":164,"column":31},"end":{"line":164,"column":38}},{"start":{"line":164,"column":42},"end":{"line":164,"column":44}}],"line":164},"9":{"loc":{"start":{"line":168,"column":31},"end":{"line":168,"column":45}},"type":"binary-expr","locations":[{"start":{"line":168,"column":31},"end":{"line":168,"column":39}},{"start":{"line":168,"column":43},"end":{"line":168,"column":45}}],"line":168},"10":{"loc":{"start":{"line":172,"column":6},"end":{"line":176,"column":7}},"type":"if","locations":[{"start":{"line":172,"column":6},"end":{"line":176,"column":7}},{"start":{"line":174,"column":13},"end":{"line":176,"column":7}}],"line":172},"11":{"loc":{"start":{"line":202,"column":4},"end":{"line":204,"column":5}},"type":"if","locations":[{"start":{"line":202,"column":4},"end":{"line":204,"column":5}},{"start":{},"end":{}}],"line":202},"12":{"loc":{"start":{"line":203,"column":20},"end":{"line":203,"column":62}},"type":"cond-expr","locations":[{"start":{"line":203,"column":33},"end":{"line":203,"column":47}},{"start":{"line":203,"column":50},"end":{"line":203,"column":62}}],"line":203},"13":{"loc":{"start":{"line":214,"column":9},"end":{"line":214,"column":30}},"type":"binary-expr","locations":[{"start":{"line":214,"column":9},"end":{"line":214,"column":22}},{"start":{"line":214,"column":26},"end":{"line":214,"column":30}}],"line":214},"14":{"loc":{"start":{"line":228,"column":2},"end":{"line":228,"column":19}},"type":"if","locations":[{"start":{"line":228,"column":2},"end":{"line":228,"column":19}},{"start":{},"end":{}}],"line":228},"15":{"loc":{"start":{"line":230,"column":2},"end":{"line":230,"column":48}},"type":"if","locations":[{"start":{"line":230,"column":2},"end":{"line":230,"column":48}},{"start":{},"end":{}}],"line":230}},"s":{"0":14,"1":14,"2":14,"3":14,"4":14,"5":14,"6":14,"7":14,"8":14,"9":14,"10":0,"11":0,"12":0,"13":0,"14":0,"15":0,"16":0,"17":0,"18":0,"19":0,"20":0,"21":0,"22":0,"23":0,"24":0,"25":0,"26":0,"27":0,"28":0,"29":0,"30":0,"31":0,"32":0,"33":0,"34":0,"35":0,"36":0,"37":0,"38":0,"39":0,"40":0,"41":0,"42":0,"43":0,"44":0,"45":0,"46":0,"47":0,"48":0,"49":0,"50":0,"51":0,"52":0,"53":0,"54":0,"55":0,"56":0,"57":0,"58":0,"59":0,"60":0,"61":0,"62":0,"63":0,"64":0,"65":0,"66":0,"67":0,"68":0,"69":0,"70":0,"71":0,"72":0,"73":0,"74":0,"75":0,"76":0,"77":0,"78":14},"f":{"0":0,"1":0,"2":0,"3":0,"4":0,"5":0,"6":0,"7":0,"8":0,"9":0,"10":0,"11":0,"12":0,"13":0,"14":0,"15":0},"b":{"0":[14,0],"1":[14,0],"2":[0,0],"3":[0,0],"4":[0,0],"5":[0,0],"6":[0,0],"7":[0,0],"8":[0,0],"9":[0,0],"10":[0,0],"11":[0,0],"12":[0,0],"13":[0,0],"14":[0,0],"15":[0,0]},"_coverageSchema":"1a1c01bbd47fc00a2c39e90264f33305004495a9","hash":"4486260e462241194a692ec4706944ae63ede7c8"},"C:\\Users\\atdan\\OneDrive\\Desktop\\Merkato\\backend\\tests\\utils\\testUserUtils.js":{"path":"C:\\Users\\atdan\\OneDrive\\Desktop\\Merkato\\backend\\tests\\utils\\testUserUtils.js","statementMap":{"0":{"start":{"line":1,"column":16},"end":{"line":1,"column":36}},"1":{"start":{"line":2,"column":23},"end":{"line":2,"column":38}},"2":{"start":{"line":3,"column":12},"end":{"line":3,"column":35}},"3":{"start":{"line":13,"column":23},"end":{"line":13,"column":31}},"4":{"start":{"line":14,"column":23},"end":{"line":14,"column":61}},"5":{"start":{"line":16,"column":19},"end":{"line":22,"column":3}},"6":{"start":{"line":24,"column":2},"end":{"line":24,"column":81}},"7":{"start":{"line":25,"column":2},"end":{"line":36,"column":3}},"8":{"start":{"line":26,"column":16},"end":{"line":26,"column":68}},"9":{"start":{"line":27,"column":4},"end":{"line":30,"column":5}},"10":{"start":{"line":28,"column":6},"end":{"line":28,"column":89}},"11":{"start":{"line":29,"column":6},"end":{"line":29,"column":84}},"12":{"start":{"line":31,"column":4},"end":{"line":31,"column":76}},"13":{"start":{"line":32,"column":4},"end":{"line":32,"column":20}},"14":{"start":{"line":34,"column":4},"end":{"line":34,"column":56}},"15":{"start":{"line":35,"column":4},"end":{"line":35,"column":14}},"16":{"start":{"line":53,"column":2},"end":{"line":55,"column":3}},"17":{"start":{"line":54,"column":4},"end":{"line":54,"column":77}},"18":{"start":{"line":57,"column":2},"end":{"line":57,"column":62}},"19":{"start":{"line":58,"column":2},"end":{"line":75,"column":3}},"20":{"start":{"line":59,"column":16},"end":{"line":61,"column":48}},"21":{"start":{"line":63,"column":4},"end":{"line":66,"column":5}},"22":{"start":{"line":64,"column":6},"end":{"line":64,"column":79}},"23":{"start":{"line":65,"column":6},"end":{"line":65,"column":76}},"24":{"start":{"line":68,"column":18},"end":{"line":68,"column":56}},"25":{"start":{"line":69,"column":17},"end":{"line":69,"column":42}},"26":{"start":{"line":70,"column":4},"end":{"line":70,"column":57}},"27":{"start":{"line":71,"column":4},"end":{"line":71,"column":27}},"28":{"start":{"line":73,"column":4},"end":{"line":73,"column":53}},"29":{"start":{"line":74,"column":4},"end":{"line":74,"column":14}},"30":{"start":{"line":93,"column":2},"end":{"line":93,"column":28}},"31":{"start":{"line":93,"column":15},"end":{"line":93,"column":28}},"32":{"start":{"line":95,"column":12},"end":{"line":95,"column":58}},"33":{"start":{"line":96,"column":2},"end":{"line":96,"column":59}},"34":{"start":{"line":96,"column":13},"end":{"line":96,"column":59}},"35":{"start":{"line":98,"column":14},"end":{"line":98,"column":23}},"36":{"start":{"line":100,"column":2},"end":{"line":105,"column":3}},"37":{"start":{"line":101,"column":4},"end":{"line":103,"column":5}},"38":{"start":{"line":102,"column":6},"end":{"line":102,"column":90}},"39":{"start":{"line":104,"column":4},"end":{"line":104,"column":17}},"40":{"start":{"line":107,"column":2},"end":{"line":107,"column":14}},"41":{"start":{"line":110,"column":0},"end":{"line":114,"column":2}}},"fnMap":{"0":{"name":"registerTestUser","decl":{"start":{"line":12,"column":15},"end":{"line":12,"column":31}},"loc":{"start":{"line":12,"column":95},"end":{"line":37,"column":1}},"line":12},"1":{"name":"loginTestUser","decl":{"start":{"line":48,"column":15},"end":{"line":48,"column":28}},"loc":{"start":{"line":52,"column":2},"end":{"line":76,"column":1}},"line":52},"2":{"name":"deleteTestUser","decl":{"start":{"line":88,"column":15},"end":{"line":88,"column":29}},"loc":{"start":{"line":92,"column":2},"end":{"line":108,"column":1}},"line":92}},"branchMap":{"0":{"loc":{"start":{"line":12,"column":32},"end":{"line":12,"column":47}},"type":"default-arg","locations":[{"start":{"line":12,"column":45},"end":{"line":12,"column":47}}],"line":12},"1":{"loc":{"start":{"line":12,"column":49},"end":{"line":12,"column":93}},"type":"default-arg","locations":[{"start":{"line":12,"column":91},"end":{"line":12,"column":93}}],"line":12},"2":{"loc":{"start":{"line":12,"column":51},"end":{"line":12,"column":86}},"type":"default-arg","locations":[{"start":{"line":12,"column":66},"end":{"line":12,"column":86}}],"line":12},"3":{"loc":{"start":{"line":17,"column":11},"end":{"line":17,"column":43}},"type":"binary-expr","locations":[{"start":{"line":17,"column":11},"end":{"line":17,"column":27}},{"start":{"line":17,"column":31},"end":{"line":17,"column":43}}],"line":17},"4":{"loc":{"start":{"line":18,"column":14},"end":{"line":18,"column":51}},"type":"binary-expr","locations":[{"start":{"line":18,"column":14},"end":{"line":18,"column":33}},{"start":{"line":18,"column":37},"end":{"line":18,"column":51}}],"line":18},"5":{"loc":{"start":{"line":19,"column":10},"end":{"line":19,"column":40}},"type":"binary-expr","locations":[{"start":{"line":19,"column":10},"end":{"line":19,"column":25}},{"start":{"line":19,"column":29},"end":{"line":19,"column":40}}],"line":19},"6":{"loc":{"start":{"line":20,"column":13},"end":{"line":20,"column":45}},"type":"binary-expr","locations":[{"start":{"line":20,"column":13},"end":{"line":20,"column":31}},{"start":{"line":20,"column":35},"end":{"line":20,"column":45}}],"line":20},"7":{"loc":{"start":{"line":27,"column":4},"end":{"line":30,"column":5}},"type":"if","locations":[{"start":{"line":27,"column":4},"end":{"line":30,"column":5}},{"start":{},"end":{}}],"line":27},"8":{"loc":{"start":{"line":51,"column":2},"end":{"line":51,"column":58}},"type":"default-arg","locations":[{"start":{"line":51,"column":56},"end":{"line":51,"column":58}}],"line":51},"9":{"loc":{"start":{"line":51,"column":4},"end":{"line":51,"column":33}},"type":"default-arg","locations":[{"start":{"line":51,"column":16},"end":{"line":51,"column":33}}],"line":51},"10":{"loc":{"start":{"line":51,"column":35},"end":{"line":51,"column":51}},"type":"default-arg","locations":[{"start":{"line":51,"column":49},"end":{"line":51,"column":51}}],"line":51},"11":{"loc":{"start":{"line":53,"column":2},"end":{"line":55,"column":3}},"type":"if","locations":[{"start":{"line":53,"column":2},"end":{"line":55,"column":3}},{"start":{},"end":{}}],"line":53},"12":{"loc":{"start":{"line":53,"column":6},"end":{"line":53,"column":25}},"type":"binary-expr","locations":[{"start":{"line":53,"column":6},"end":{"line":53,"column":12}},{"start":{"line":53,"column":16},"end":{"line":53,"column":25}}],"line":53},"13":{"loc":{"start":{"line":63,"column":4},"end":{"line":66,"column":5}},"type":"if","locations":[{"start":{"line":63,"column":4},"end":{"line":66,"column":5}},{"start":{},"end":{}}],"line":63},"14":{"loc":{"start":{"line":68,"column":18},"end":{"line":68,"column":56}},"type":"binary-expr","locations":[{"start":{"line":68,"column":18},"end":{"line":68,"column":32}},{"start":{"line":68,"column":36},"end":{"line":68,"column":56}}],"line":68},"15":{"loc":{"start":{"line":69,"column":17},"end":{"line":69,"column":42}},"type":"binary-expr","locations":[{"start":{"line":69,"column":17},"end":{"line":69,"column":30}},{"start":{"line":69,"column":34},"end":{"line":69,"column":42}}],"line":69},"16":{"loc":{"start":{"line":91,"column":2},"end":{"line":91,"column":83}},"type":"default-arg","locations":[{"start":{"line":91,"column":81},"end":{"line":91,"column":83}}],"line":91},"17":{"loc":{"start":{"line":91,"column":4},"end":{"line":91,"column":29}},"type":"default-arg","locations":[{"start":{"line":91,"column":17},"end":{"line":91,"column":29}}],"line":91},"18":{"loc":{"start":{"line":91,"column":31},"end":{"line":91,"column":45}},"type":"default-arg","locations":[{"start":{"line":91,"column":40},"end":{"line":91,"column":45}}],"line":91},"19":{"loc":{"start":{"line":91,"column":47},"end":{"line":91,"column":76}},"type":"default-arg","locations":[{"start":{"line":91,"column":61},"end":{"line":91,"column":76}}],"line":91},"20":{"loc":{"start":{"line":93,"column":2},"end":{"line":93,"column":28}},"type":"if","locations":[{"start":{"line":93,"column":2},"end":{"line":93,"column":28}},{"start":{},"end":{}}],"line":93},"21":{"loc":{"start":{"line":96,"column":2},"end":{"line":96,"column":59}},"type":"if","locations":[{"start":{"line":96,"column":2},"end":{"line":96,"column":59}},{"start":{},"end":{}}],"line":96},"22":{"loc":{"start":{"line":100,"column":2},"end":{"line":105,"column":3}},"type":"if","locations":[{"start":{"line":100,"column":2},"end":{"line":105,"column":3}},{"start":{},"end":{}}],"line":100},"23":{"loc":{"start":{"line":101,"column":4},"end":{"line":103,"column":5}},"type":"if","locations":[{"start":{"line":101,"column":4},"end":{"line":103,"column":5}},{"start":{},"end":{}}],"line":101}},"s":{"0":10,"1":10,"2":10,"3":22,"4":22,"5":22,"6":22,"7":22,"8":22,"9":22,"10":0,"11":0,"12":22,"13":22,"14":0,"15":0,"16":14,"17":0,"18":14,"19":14,"20":14,"21":14,"22":0,"23":0,"24":14,"25":14,"26":14,"27":14,"28":0,"29":0,"30":5,"31":0,"32":5,"33":5,"34":5,"35":5,"36":5,"37":5,"38":5,"39":5,"40":0,"41":10},"f":{"0":22,"1":14,"2":5},"b":{"0":[3],"1":[22],"2":[22],"3":[22,13],"4":[22,15],"5":[22,13],"6":[22,12],"7":[0,22],"8":[14],"9":[14],"10":[14],"11":[0,14],"12":[14,14],"13":[0,14],"14":[14,0],"15":[14,14],"16":[5],"17":[5],"18":[5],"19":[5],"20":[0,5],"21":[5,0],"22":[5,0],"23":[5,0]},"_coverageSchema":"1a1c01bbd47fc00a2c39e90264f33305004495a9","hash":"05c3b477fdce4012a2a4d6a269b75422b706030b"},"C:\\Users\\atdan\\OneDrive\\Desktop\\Merkato\\backend\\tests\\utils\\mockStripeEvent.js":{"path":"C:\\Users\\atdan\\OneDrive\\Desktop\\Merkato\\backend\\tests\\utils\\mockStripeEvent.js","statementMap":{"0":{"start":{"line":1,"column":15},"end":{"line":1,"column":63}},"1":{"start":{"line":19,"column":6},"end":{"line":19,"column":13}},"2":{"start":{"line":21,"column":23},"end":{"line":29,"column":3}},"3":{"start":{"line":31,"column":24},"end":{"line":31,"column":52}},"4":{"start":{"line":33,"column":20},"end":{"line":35,"column":55}},"5":{"start":{"line":37,"column":2},"end":{"line":37,"column":47}},"6":{"start":{"line":47,"column":24},"end":{"line":47,"column":42}},"7":{"start":{"line":48,"column":2},"end":{"line":48,"column":68}},"8":{"start":{"line":51,"column":0},"end":{"line":54,"column":2}}},"fnMap":{"0":{"name":"mockStripeEvent","decl":{"start":{"line":14,"column":9},"end":{"line":14,"column":24}},"loc":{"start":{"line":14,"column":99},"end":{"line":38,"column":1}},"line":14},"1":{"name":"generateSignatureHeader","decl":{"start":{"line":46,"column":9},"end":{"line":46,"column":32}},"loc":{"start":{"line":46,"column":85},"end":{"line":49,"column":1}},"line":46}},"branchMap":{"0":{"loc":{"start":{"line":14,"column":25},"end":{"line":14,"column":37}},"type":"default-arg","locations":[{"start":{"line":14,"column":33},"end":{"line":14,"column":37}}],"line":14},"1":{"loc":{"start":{"line":14,"column":39},"end":{"line":14,"column":72}},"type":"default-arg","locations":[{"start":{"line":14,"column":46},"end":{"line":14,"column":72}}],"line":14},"2":{"loc":{"start":{"line":14,"column":74},"end":{"line":14,"column":83}},"type":"default-arg","locations":[{"start":{"line":14,"column":81},"end":{"line":14,"column":83}}],"line":14},"3":{"loc":{"start":{"line":14,"column":85},"end":{"line":14,"column":97}},"type":"default-arg","locations":[{"start":{"line":14,"column":95},"end":{"line":14,"column":97}}],"line":14},"4":{"loc":{"start":{"line":16,"column":4},"end":{"line":16,"column":45}},"type":"default-arg","locations":[{"start":{"line":16,"column":16},"end":{"line":16,"column":45}}],"line":16},"5":{"loc":{"start":{"line":17,"column":4},"end":{"line":17,"column":17}},"type":"default-arg","locations":[{"start":{"line":17,"column":13},"end":{"line":17,"column":17}}],"line":17},"6":{"loc":{"start":{"line":18,"column":4},"end":{"line":18,"column":20}},"type":"default-arg","locations":[{"start":{"line":18,"column":18},"end":{"line":18,"column":20}}],"line":18},"7":{"loc":{"start":{"line":21,"column":23},"end":{"line":29,"column":3}},"type":"binary-expr","locations":[{"start":{"line":21,"column":23},"end":{"line":21,"column":28}},{"start":{"line":21,"column":32},"end":{"line":29,"column":3}}],"line":21},"8":{"loc":{"start":{"line":33,"column":20},"end":{"line":35,"column":55}},"type":"cond-expr","locations":[{"start":{"line":34,"column":6},"end":{"line":34,"column":93}},{"start":{"line":35,"column":6},"end":{"line":35,"column":55}}],"line":33},"9":{"loc":{"start":{"line":46,"column":42},"end":{"line":46,"column":83}},"type":"default-arg","locations":[{"start":{"line":46,"column":54},"end":{"line":46,"column":83}}],"line":46}},"s":{"0":1,"1":2,"2":2,"3":2,"4":2,"5":2,"6":2,"7":2,"8":1},"f":{"0":2,"1":2},"b":{"0":[0],"1":[1],"2":[1],"3":[2],"4":[2],"5":[2],"6":[2],"7":[2,1],"8":[0,2],"9":[0]},"_coverageSchema":"1a1c01bbd47fc00a2c39e90264f33305004495a9","hash":"773189b77568b6be420ccfbf332a2236a2fd71de"}}}
