{"numFailedTestSuites":1,"numFailedTests":1,"numPassedTestSuites":17,"numPassedTests":200,"numPendingTestSuites":0,"numPendingTests":0,"numRuntimeErrorTestSuites":0,"numTodoTests":0,"numTotalTestSuites":18,"numTotalTests":201,"openHandles":[],"snapshot":{"added":0,"didUpdate":false,"failure":false,"filesAdded":0,"filesRemoved":0,"filesRemovedList":[],"filesUnmatched":0,"filesUpdated":0,"matched":0,"total":0,"unchecked":0,"uncheckedKeysByFile":[],"unmatched":0,"updated":0},"startTime":1757409482670,"success":false,"testResults":[{"assertionResults":[{"ancestorTitles":["Public API contracts"],"duration":47,"failing":false,"failureDetails":[],"failureMessages":[],"fullName":"Public API contracts GET /api returns backend health payload","invocations":1,"location":null,"numPassingAsserts":3,"retryReasons":[],"startAt":1757409484505,"status":"passed","title":"GET /api returns backend health payload"},{"ancestorTitles":["Public API contracts"],"duration":38,"failing":false,"failureDetails":[],"failureMessages":[],"fullName":"Public API contracts GET /api/products/delivery-settings returns defaults and options","invocations":1,"location":null,"numPassingAsserts":5,"retryReasons":[],"startAt":1757409484554,"status":"passed","title":"GET /api/products/delivery-settings returns defaults and options"},{"ancestorTitles":["Public API contracts"],"duration":12,"failing":false,"failureDetails":[{"matcherResult":{"actual":404,"expected":200,"message":"\u001b[2mexpect(\u001b[22m\u001b[31mreceived\u001b[39m\u001b[2m).\u001b[22mtoBe\u001b[2m(\u001b[22m\u001b[32mexpected\u001b[39m\u001b[2m) // Object.is equality\u001b[22m\n\nExpected: \u001b[32m200\u001b[39m\nReceived: \u001b[31m404\u001b[39m","name":"toBe","pass":false}}],"failureMessages":["Error: \u001b[2mexpect(\u001b[22m\u001b[31mreceived\u001b[39m\u001b[2m).\u001b[22mtoBe\u001b[2m(\u001b[22m\u001b[32mexpected\u001b[39m\u001b[2m) // Object.is equality\u001b[22m\n\nExpected: \u001b[32m200\u001b[39m\nReceived: \u001b[31m404\u001b[39m\n    at Object.toBe (C:\\Dev\\Merkato\\backend\\tests\\integration\\healthAndSettings.test.js:37:24)\n    at processTicksAndRejections (node:internal/process/task_queues:95:5)"],"fullName":"Public API contracts GET /api/feature-flags exposes conservative booleans","invocations":1,"location":null,"numPassingAsserts":0,"retryReasons":[],"startAt":1757409484593,"status":"failed","title":"GET /api/feature-flags exposes conservative booleans"}],"endTime":1757409484623,"message":"\u001b[1m\u001b[31m  \u001b[1m● \u001b[22m\u001b[1mPublic API contracts › GET /api/feature-flags exposes conservative booleans\u001b[39m\u001b[22m\n\n    \u001b[2mexpect(\u001b[22m\u001b[31mreceived\u001b[39m\u001b[2m).\u001b[22mtoBe\u001b[2m(\u001b[22m\u001b[32mexpected\u001b[39m\u001b[2m) // Object.is equality\u001b[22m\n\n    Expected: \u001b[32m200\u001b[39m\n    Received: \u001b[31m404\u001b[39m\n\u001b[2m\u001b[22m\n\u001b[2m    \u001b[0m \u001b[90m 35 |\u001b[39m   test(\u001b[32m'GET /api/feature-flags exposes conservative booleans'\u001b[39m\u001b[33m,\u001b[39m \u001b[36masync\u001b[39m () \u001b[33m=>\u001b[39m {\u001b[22m\n\u001b[2m     \u001b[90m 36 |\u001b[39m     \u001b[36mconst\u001b[39m res \u001b[33m=\u001b[39m \u001b[36mawait\u001b[39m request(app)\u001b[33m.\u001b[39m\u001b[36mget\u001b[39m(\u001b[32m'/api/feature-flags'\u001b[39m)\u001b[33m;\u001b[39m\u001b[22m\n\u001b[2m    \u001b[31m\u001b[1m>\u001b[22m\u001b[2m\u001b[39m\u001b[90m 37 |\u001b[39m     expect(res\u001b[33m.\u001b[39mstatus)\u001b[33m.\u001b[39mtoBe(\u001b[35m200\u001b[39m)\u001b[33m;\u001b[39m\u001b[22m\n\u001b[2m     \u001b[90m    |\u001b[39m                        \u001b[31m\u001b[1m^\u001b[22m\u001b[2m\u001b[39m\u001b[22m\n\u001b[2m     \u001b[90m 38 |\u001b[39m     expect(res\u001b[33m.\u001b[39mbody)\u001b[33m.\u001b[39mtoHaveProperty(\u001b[32m'flags'\u001b[39m)\u001b[33m;\u001b[39m\u001b[22m\n\u001b[2m     \u001b[90m 39 |\u001b[39m     expect(res\u001b[33m.\u001b[39mbody\u001b[33m.\u001b[39mflags)\u001b[33m.\u001b[39mtoHaveProperty(\u001b[32m'gamification'\u001b[39m)\u001b[33m;\u001b[39m\u001b[22m\n\u001b[2m     \u001b[90m 40 |\u001b[39m     expect(res\u001b[33m.\u001b[39mbody\u001b[33m.\u001b[39mflags)\u001b[33m.\u001b[39mtoHaveProperty(\u001b[32m'behavioralPromos'\u001b[39m)\u001b[33m;\u001b[39m\u001b[0m\u001b[22m\n\u001b[2m\u001b[22m\n\u001b[2m      \u001b[2mat Object.toBe (\u001b[22m\u001b[2m\u001b[0m\u001b[36mtests/integration/healthAndSettings.test.js\u001b[39m\u001b[0m\u001b[2m:37:24)\u001b[22m\u001b[2m\u001b[22m\n","name":"C:\\Dev\\Merkato\\backend\\tests\\integration\\healthAndSettings.test.js","startTime":1757409482827,"status":"failed","summary":""},{"assertionResults":[{"ancestorTitles":["Vendor Routes","GET /api/vendor/analytics"],"duration":28,"failing":false,"failureDetails":[],"failureMessages":[],"fullName":"Vendor Routes GET /api/vendor/analytics should fail without token","invocations":1,"location":null,"numPassingAsserts":1,"retryReasons":[],"startAt":1757409486252,"status":"passed","title":"should fail without token"},{"ancestorTitles":["Vendor Routes","GET /api/vendor/analytics"],"duration":20,"failing":false,"failureDetails":[],"failureMessages":[],"fullName":"Vendor Routes GET /api/vendor/analytics should fail with non-vendor token","invocations":1,"location":null,"numPassingAsserts":1,"retryReasons":[],"startAt":1757409486282,"status":"passed","title":"should fail with non-vendor token"},{"ancestorTitles":["Vendor Routes","GET /api/vendor/analytics"],"duration":304,"failing":false,"failureDetails":[],"failureMessages":[],"fullName":"Vendor Routes GET /api/vendor/analytics should return analytics data for vendor","invocations":1,"location":null,"numPassingAsserts":5,"retryReasons":[],"startAt":1757409486303,"status":"passed","title":"should return analytics data for vendor"},{"ancestorTitles":["Vendor Routes","GET /api/vendor/revenue"],"duration":11,"failing":false,"failureDetails":[],"failureMessages":[],"fullName":"Vendor Routes GET /api/vendor/revenue should fail without token","invocations":1,"location":null,"numPassingAsserts":1,"retryReasons":[],"startAt":1757409486609,"status":"passed","title":"should fail without token"},{"ancestorTitles":["Vendor Routes","GET /api/vendor/revenue"],"duration":15,"failing":false,"failureDetails":[],"failureMessages":[],"fullName":"Vendor Routes GET /api/vendor/revenue should fail with non-vendor token","invocations":1,"location":null,"numPassingAsserts":1,"retryReasons":[],"startAt":1757409486621,"status":"passed","title":"should fail with non-vendor token"},{"ancestorTitles":["Vendor Routes","GET /api/vendor/revenue"],"duration":38,"failing":false,"failureDetails":[],"failureMessages":[],"fullName":"Vendor Routes GET /api/vendor/revenue should return revenue data for vendor","invocations":1,"location":null,"numPassingAsserts":3,"retryReasons":[],"startAt":1757409486637,"status":"passed","title":"should return revenue data for vendor"},{"ancestorTitles":["Vendor Routes","GET /api/vendor/top-products"],"duration":29,"failing":false,"failureDetails":[],"failureMessages":[],"fullName":"Vendor Routes GET /api/vendor/top-products should fail without token","invocations":1,"location":null,"numPassingAsserts":1,"retryReasons":[],"startAt":1757409486677,"status":"passed","title":"should fail without token"},{"ancestorTitles":["Vendor Routes","GET /api/vendor/top-products"],"duration":34,"failing":false,"failureDetails":[],"failureMessages":[],"fullName":"Vendor Routes GET /api/vendor/top-products should fail with non-vendor token","invocations":1,"location":null,"numPassingAsserts":1,"retryReasons":[],"startAt":1757409486709,"status":"passed","title":"should fail with non-vendor token"},{"ancestorTitles":["Vendor Routes","GET /api/vendor/top-products"],"duration":364,"failing":false,"failureDetails":[],"failureMessages":[],"fullName":"Vendor Routes GET /api/vendor/top-products should return top products for vendor","invocations":1,"location":null,"numPassingAsserts":2,"retryReasons":[],"startAt":1757409486746,"status":"passed","title":"should return top products for vendor"},{"ancestorTitles":["Vendor Routes","GET /api/vendor/top-customers"],"duration":21,"failing":false,"failureDetails":[],"failureMessages":[],"fullName":"Vendor Routes GET /api/vendor/top-customers should fail without token","invocations":1,"location":null,"numPassingAsserts":1,"retryReasons":[],"startAt":1757409487113,"status":"passed","title":"should fail without token"},{"ancestorTitles":["Vendor Routes","GET /api/vendor/top-customers"],"duration":20,"failing":false,"failureDetails":[],"failureMessages":[],"fullName":"Vendor Routes GET /api/vendor/top-customers should fail with non-vendor token","invocations":1,"location":null,"numPassingAsserts":1,"retryReasons":[],"startAt":1757409487135,"status":"passed","title":"should fail with non-vendor token"},{"ancestorTitles":["Vendor Routes","GET /api/vendor/top-customers"],"duration":282,"failing":false,"failureDetails":[],"failureMessages":[],"fullName":"Vendor Routes GET /api/vendor/top-customers should return top customers for vendor","invocations":1,"location":null,"numPassingAsserts":2,"retryReasons":[],"startAt":1757409487156,"status":"passed","title":"should return top customers for vendor"},{"ancestorTitles":["Vendor Routes","POST /api/vendor/products"],"duration":19,"failing":false,"failureDetails":[],"failureMessages":[],"fullName":"Vendor Routes POST /api/vendor/products should allow vendor to upload product","invocations":1,"location":null,"numPassingAsserts":3,"retryReasons":[],"startAt":1757409487439,"status":"passed","title":"should allow vendor to upload product"},{"ancestorTitles":["Vendor Routes","POST /api/vendor/products"],"duration":11,"failing":false,"failureDetails":[],"failureMessages":[],"fullName":"Vendor Routes POST /api/vendor/products should fail for non-vendor user","invocations":1,"location":null,"numPassingAsserts":1,"retryReasons":[],"startAt":1757409487459,"status":"passed","title":"should fail for non-vendor user"},{"ancestorTitles":["Vendor Routes","PUT /api/vendor/profile"],"duration":16,"failing":false,"failureDetails":[],"failureMessages":[],"fullName":"Vendor Routes PUT /api/vendor/profile should allow vendor to update profile","invocations":1,"location":null,"numPassingAsserts":2,"retryReasons":[],"startAt":1757409487471,"status":"passed","title":"should allow vendor to update profile"},{"ancestorTitles":["Vendor Routes","PUT /api/vendor/profile"],"duration":11,"failing":false,"failureDetails":[],"failureMessages":[],"fullName":"Vendor Routes PUT /api/vendor/profile should block profile update for non-vendor","invocations":1,"location":null,"numPassingAsserts":1,"retryReasons":[],"startAt":1757409487488,"status":"passed","title":"should block profile update for non-vendor"},{"ancestorTitles":["Vendor Routes","DELETE /api/vendor/products/:id"],"duration":15,"failing":false,"failureDetails":[],"failureMessages":[],"fullName":"Vendor Routes DELETE /api/vendor/products/:id should delete vendor product if authorized","invocations":1,"location":null,"numPassingAsserts":1,"retryReasons":[],"startAt":1757409487500,"status":"passed","title":"should delete vendor product if authorized"},{"ancestorTitles":["Vendor Routes","DELETE /api/vendor/products/:id"],"duration":11,"failing":false,"failureDetails":[],"failureMessages":[],"fullName":"Vendor Routes DELETE /api/vendor/products/:id should fail without token","invocations":1,"location":null,"numPassingAsserts":1,"retryReasons":[],"startAt":1757409487516,"status":"passed","title":"should fail without token"},{"ancestorTitles":["Vendor Routes","DELETE /api/vendor/products/:id"],"duration":13,"failing":false,"failureDetails":[],"failureMessages":[],"fullName":"Vendor Routes DELETE /api/vendor/products/:id should return 404 or 400 for non-existent product ID","invocations":1,"location":null,"numPassingAsserts":1,"retryReasons":[],"startAt":1757409487528,"status":"passed","title":"should return 404 or 400 for non-existent product ID"}],"endTime":1757409487543,"message":"","name":"C:\\Dev\\Merkato\\backend\\tests\\integration\\vendorRoutes.test.js","startTime":1757409484713,"status":"passed","summary":""},{"assertionResults":[{"ancestorTitles":["Order Routes","POST /api/orders"],"duration":7,"failing":false,"failureDetails":[],"failureMessages":[],"fullName":"Order Routes POST /api/orders rejects unauthenticated order when buyerInfo is missing","invocations":1,"location":null,"numPassingAsserts":1,"retryReasons":[],"startAt":1757409489221,"status":"passed","title":"rejects unauthenticated order when buyerInfo is missing"},{"ancestorTitles":["Order Routes","POST /api/orders"],"duration":88,"failing":false,"failureDetails":[],"failureMessages":[],"fullName":"Order Routes POST /api/orders creates order without token when buyerInfo is provided","invocations":1,"location":null,"numPassingAsserts":1,"retryReasons":[],"startAt":1757409489229,"status":"passed","title":"creates order without token when buyerInfo is provided"},{"ancestorTitles":["Order Routes","POST /api/orders"],"duration":8,"failing":false,"failureDetails":[],"failureMessages":[],"fullName":"Order Routes POST /api/orders should fail with invalid data","invocations":1,"location":null,"numPassingAsserts":1,"retryReasons":[],"startAt":1757409489318,"status":"passed","title":"should fail with invalid data"},{"ancestorTitles":["Order Routes","POST /api/orders"],"duration":27,"failing":false,"failureDetails":[],"failureMessages":[],"fullName":"Order Routes POST /api/orders creates a new order when authenticated","invocations":1,"location":null,"numPassingAsserts":2,"retryReasons":[],"startAt":1757409489327,"status":"passed","title":"creates a new order when authenticated"},{"ancestorTitles":["Order Routes","GET /api/orders/my-orders"],"duration":93,"failing":false,"failureDetails":[],"failureMessages":[],"fullName":"Order Routes GET /api/orders/my-orders should return current user’s orders","invocations":1,"location":null,"numPassingAsserts":2,"retryReasons":[],"startAt":1757409489365,"status":"passed","title":"should return current user’s orders"},{"ancestorTitles":["Order Routes","GET /api/orders/my-orders"],"duration":25,"failing":false,"failureDetails":[],"failureMessages":[],"fullName":"Order Routes GET /api/orders/my-orders should fail without token","invocations":1,"location":null,"numPassingAsserts":1,"retryReasons":[],"startAt":1757409489460,"status":"passed","title":"should fail without token"},{"ancestorTitles":["Order Routes","GET /api/orders/:id"],"duration":36,"failing":false,"failureDetails":[],"failureMessages":[],"fullName":"Order Routes GET /api/orders/:id should fetch order by ID","invocations":1,"location":null,"numPassingAsserts":2,"retryReasons":[],"startAt":1757409489489,"status":"passed","title":"should fetch order by ID"},{"ancestorTitles":["Order Routes","GET /api/orders/:id"],"duration":28,"failing":false,"failureDetails":[],"failureMessages":[],"fullName":"Order Routes GET /api/orders/:id should return 404 or 400 for non-existent ID","invocations":1,"location":null,"numPassingAsserts":1,"retryReasons":[],"startAt":1757409489530,"status":"passed","title":"should return 404 or 400 for non-existent ID"},{"ancestorTitles":["Order Routes","GET /api/orders/:id"],"duration":75,"failing":false,"failureDetails":[],"failureMessages":[],"fullName":"Order Routes GET /api/orders/:id should return 400 for malformed ID","invocations":1,"location":null,"numPassingAsserts":1,"retryReasons":[],"startAt":1757409489574,"status":"passed","title":"should return 400 for malformed ID"},{"ancestorTitles":["Order Routes","GET /api/orders/:id"],"duration":49,"failing":false,"failureDetails":[],"failureMessages":[],"fullName":"Order Routes GET /api/orders/:id should fail without token","invocations":1,"location":null,"numPassingAsserts":1,"retryReasons":[],"startAt":1757409489666,"status":"passed","title":"should fail without token"},{"ancestorTitles":["Order Routes","PUT /api/orders/:id/pay"],"duration":120,"failing":false,"failureDetails":[],"failureMessages":[],"fullName":"Order Routes PUT /api/orders/:id/pay should mark order as paid","invocations":1,"location":null,"numPassingAsserts":2,"retryReasons":[],"startAt":1757409489741,"status":"passed","title":"should mark order as paid"},{"ancestorTitles":["Order Routes","PUT /api/orders/:id/pay"],"duration":164,"failing":false,"failureDetails":[],"failureMessages":[],"fullName":"Order Routes PUT /api/orders/:id/pay should fail without token","invocations":1,"location":null,"numPassingAsserts":1,"retryReasons":[],"startAt":1757409489864,"status":"passed","title":"should fail without token"},{"ancestorTitles":["Order Routes","DELETE /api/orders/:id"],"duration":82,"failing":false,"failureDetails":[],"failureMessages":[],"fullName":"Order Routes DELETE /api/orders/:id should delete order if admin","invocations":1,"location":null,"numPassingAsserts":1,"retryReasons":[],"startAt":1757409490142,"status":"passed","title":"should delete order if admin"},{"ancestorTitles":["Order Routes","DELETE /api/orders/:id"],"duration":19,"failing":false,"failureDetails":[],"failureMessages":[],"fullName":"Order Routes DELETE /api/orders/:id should fail without token","invocations":1,"location":null,"numPassingAsserts":1,"retryReasons":[],"startAt":1757409490275,"status":"passed","title":"should fail without token"},{"ancestorTitles":["Order Routes","DELETE /api/orders/:id"],"duration":15,"failing":false,"failureDetails":[],"failureMessages":[],"fullName":"Order Routes DELETE /api/orders/:id should return 404 or 400 for non-existent order ID","invocations":1,"location":null,"numPassingAsserts":1,"retryReasons":[],"startAt":1757409490299,"status":"passed","title":"should return 404 or 400 for non-existent order ID"},{"ancestorTitles":["Order Routes","DELETE /api/orders/:id"],"duration":12,"failing":false,"failureDetails":[],"failureMessages":[],"fullName":"Order Routes DELETE /api/orders/:id should return 400 for malformed order ID","invocations":1,"location":null,"numPassingAsserts":1,"retryReasons":[],"startAt":1757409490315,"status":"passed","title":"should return 400 for malformed order ID"}],"endTime":1757409490342,"message":"","name":"C:\\Dev\\Merkato\\backend\\tests\\integration\\orderRoutes.test.js","startTime":1757409487650,"status":"passed","summary":""},{"assertionResults":[{"ancestorTitles":["Feedback Routes"],"duration":64,"failing":false,"failureDetails":[],"failureMessages":[],"fullName":"Feedback Routes should allow second user to submit feedback","invocations":1,"location":null,"numPassingAsserts":2,"retryReasons":[],"startAt":1757409495237,"status":"passed","title":"should allow second user to submit feedback"},{"ancestorTitles":["Feedback Routes"],"duration":31,"failing":false,"failureDetails":[],"failureMessages":[],"fullName":"Feedback Routes should fail without token","invocations":1,"location":null,"numPassingAsserts":1,"retryReasons":[],"startAt":1757409495306,"status":"passed","title":"should fail without token"},{"ancestorTitles":["Feedback Routes"],"duration":40,"failing":false,"failureDetails":[],"failureMessages":[],"fullName":"Feedback Routes should return 400 for missing message","invocations":1,"location":null,"numPassingAsserts":1,"retryReasons":[],"startAt":1757409495342,"status":"passed","title":"should return 400 for missing message"},{"ancestorTitles":["GET /api/feedback"],"duration":114,"failing":false,"failureDetails":[],"failureMessages":[],"fullName":"GET /api/feedback should allow admin to view all feedback","invocations":1,"location":null,"numPassingAsserts":2,"retryReasons":[],"startAt":1757409495390,"status":"passed","title":"should allow admin to view all feedback"},{"ancestorTitles":["GET /api/feedback"],"duration":73,"failing":false,"failureDetails":[],"failureMessages":[],"fullName":"GET /api/feedback should support pagination if implemented","invocations":1,"location":null,"numPassingAsserts":1,"retryReasons":[],"startAt":1757409495506,"status":"passed","title":"should support pagination if implemented"},{"ancestorTitles":["GET /api/feedback"],"duration":69,"failing":false,"failureDetails":[],"failureMessages":[],"fullName":"GET /api/feedback should filter feedback by type if supported","invocations":1,"location":null,"numPassingAsserts":1,"retryReasons":[],"startAt":1757409495580,"status":"passed","title":"should filter feedback by type if supported"},{"ancestorTitles":["GET /api/feedback"],"duration":40,"failing":false,"failureDetails":[],"failureMessages":[],"fullName":"GET /api/feedback should block non-admin","invocations":1,"location":null,"numPassingAsserts":1,"retryReasons":[],"startAt":1757409495651,"status":"passed","title":"should block non-admin"},{"ancestorTitles":["GET /api/feedback"],"duration":43,"failing":false,"failureDetails":[],"failureMessages":[],"fullName":"GET /api/feedback should fail without token","invocations":1,"location":null,"numPassingAsserts":1,"retryReasons":[],"startAt":1757409495695,"status":"passed","title":"should fail without token"},{"ancestorTitles":["PUT /api/feedback/:id"],"duration":1,"failing":false,"failureDetails":[],"failureMessages":[],"fullName":"PUT /api/feedback/:id should allow user to update their own feedback if supported","invocations":1,"location":null,"numPassingAsserts":0,"retryReasons":[],"startAt":1757409495739,"status":"passed","title":"should allow user to update their own feedback if supported"},{"ancestorTitles":["PUT /api/feedback/:id"],"duration":18,"failing":false,"failureDetails":[],"failureMessages":[],"fullName":"PUT /api/feedback/:id should return 404 for non-existent feedback","invocations":1,"location":null,"numPassingAsserts":1,"retryReasons":[],"startAt":1757409495743,"status":"passed","title":"should return 404 for non-existent feedback"},{"ancestorTitles":["PUT /api/feedback/:id"],"duration":15,"failing":false,"failureDetails":[],"failureMessages":[],"fullName":"PUT /api/feedback/:id should return 400 for malformed ID","invocations":1,"location":null,"numPassingAsserts":1,"retryReasons":[],"startAt":1757409495763,"status":"passed","title":"should return 400 for malformed ID"},{"ancestorTitles":["PUT /api/feedback/:id"],"duration":1,"failing":false,"failureDetails":[],"failureMessages":[],"fullName":"PUT /api/feedback/:id should block other users from editing feedback","invocations":1,"location":null,"numPassingAsserts":0,"retryReasons":[],"startAt":1757409495782,"status":"passed","title":"should block other users from editing feedback"},{"ancestorTitles":["DELETE /api/feedback/:id"],"duration":17,"failing":false,"failureDetails":[],"failureMessages":[],"fullName":"DELETE /api/feedback/:id should allow admin to delete feedback","invocations":1,"location":null,"numPassingAsserts":0,"retryReasons":[],"startAt":1757409495789,"status":"passed","title":"should allow admin to delete feedback"},{"ancestorTitles":["DELETE /api/feedback/:id"],"duration":1,"failing":false,"failureDetails":[],"failureMessages":[],"fullName":"DELETE /api/feedback/:id should allow user to delete own feedback if supported","invocations":1,"location":null,"numPassingAsserts":0,"retryReasons":[],"startAt":1757409495808,"status":"passed","title":"should allow user to delete own feedback if supported"},{"ancestorTitles":["DELETE /api/feedback/:id"],"duration":26,"failing":false,"failureDetails":[],"failureMessages":[],"fullName":"DELETE /api/feedback/:id should return 404 for non-existent feedback","invocations":1,"location":null,"numPassingAsserts":1,"retryReasons":[],"startAt":1757409495812,"status":"passed","title":"should return 404 for non-existent feedback"},{"ancestorTitles":["DELETE /api/feedback/:id"],"duration":18,"failing":false,"failureDetails":[],"failureMessages":[],"fullName":"DELETE /api/feedback/:id should return 400 for malformed ID","invocations":1,"location":null,"numPassingAsserts":1,"retryReasons":[],"startAt":1757409495840,"status":"passed","title":"should return 400 for malformed ID"},{"ancestorTitles":["DELETE /api/feedback/:id"],"duration":1,"failing":false,"failureDetails":[],"failureMessages":[],"fullName":"DELETE /api/feedback/:id should block unauthorized deletion","invocations":1,"location":null,"numPassingAsserts":0,"retryReasons":[],"startAt":1757409495862,"status":"passed","title":"should block unauthorized deletion"}],"endTime":1757409495874,"message":"","name":"C:\\Dev\\Merkato\\backend\\tests\\integration\\feedbackRoutes.test.js","startTime":1757409490655,"status":"passed","summary":""},{"assertionResults":[{"ancestorTitles":["Admin Routes","GET /api/admin/dashboard"],"duration":23,"failing":false,"failureDetails":[],"failureMessages":[],"fullName":"Admin Routes GET /api/admin/dashboard should allow admin to view dashboard","invocations":1,"location":null,"numPassingAsserts":1,"retryReasons":[],"startAt":1757409501168,"status":"passed","title":"should allow admin to view dashboard"},{"ancestorTitles":["Admin Routes","GET /api/admin/dashboard"],"duration":14,"failing":false,"failureDetails":[],"failureMessages":[],"fullName":"Admin Routes GET /api/admin/dashboard should block non-admin users","invocations":1,"location":null,"numPassingAsserts":1,"retryReasons":[],"startAt":1757409501194,"status":"passed","title":"should block non-admin users"},{"ancestorTitles":["Admin Routes","GET /api/admin/dashboard"],"duration":14,"failing":false,"failureDetails":[],"failureMessages":[],"fullName":"Admin Routes GET /api/admin/dashboard should fail without token","invocations":1,"location":null,"numPassingAsserts":1,"retryReasons":[],"startAt":1757409501210,"status":"passed","title":"should fail without token"},{"ancestorTitles":["Admin Routes","GET /api/admin/dashboard"],"duration":14,"failing":false,"failureDetails":[],"failureMessages":[],"fullName":"Admin Routes GET /api/admin/dashboard should reject invalid token","invocations":1,"location":null,"numPassingAsserts":1,"retryReasons":[],"startAt":1757409501225,"status":"passed","title":"should reject invalid token"},{"ancestorTitles":["Admin Routes","GET /api/admin/users"],"duration":349,"failing":false,"failureDetails":[],"failureMessages":[],"fullName":"Admin Routes GET /api/admin/users should return user list for admin","invocations":1,"location":null,"numPassingAsserts":2,"retryReasons":[],"startAt":1757409501243,"status":"passed","title":"should return user list for admin"},{"ancestorTitles":["Admin Routes","GET /api/admin/users"],"duration":288,"failing":false,"failureDetails":[],"failureMessages":[],"fullName":"Admin Routes GET /api/admin/users should support pagination (if implemented)","invocations":1,"location":null,"numPassingAsserts":1,"retryReasons":[],"startAt":1757409501594,"status":"passed","title":"should support pagination (if implemented)"},{"ancestorTitles":["Admin Routes","GET /api/admin/users"],"duration":39,"failing":false,"failureDetails":[],"failureMessages":[],"fullName":"Admin Routes GET /api/admin/users should block non-admin","invocations":1,"location":null,"numPassingAsserts":1,"retryReasons":[],"startAt":1757409501884,"status":"passed","title":"should block non-admin"},{"ancestorTitles":["Admin Routes","GET /api/admin/users"],"duration":45,"failing":false,"failureDetails":[],"failureMessages":[],"fullName":"Admin Routes GET /api/admin/users should fail without token","invocations":1,"location":null,"numPassingAsserts":1,"retryReasons":[],"startAt":1757409501926,"status":"passed","title":"should fail without token"},{"ancestorTitles":["Admin Routes","PUT /api/admin/users/:id"],"duration":14,"failing":false,"failureDetails":[],"failureMessages":[],"fullName":"Admin Routes PUT /api/admin/users/:id should update user role to vendor","invocations":1,"location":null,"numPassingAsserts":1,"retryReasons":[],"startAt":1757409501974,"status":"passed","title":"should update user role to vendor"},{"ancestorTitles":["Admin Routes","PUT /api/admin/users/:id"],"duration":15,"failing":false,"failureDetails":[],"failureMessages":[],"fullName":"Admin Routes PUT /api/admin/users/:id should return 400 for malformed user ID","invocations":1,"location":null,"numPassingAsserts":1,"retryReasons":[],"startAt":1757409501991,"status":"passed","title":"should return 400 for malformed user ID"},{"ancestorTitles":["Admin Routes","PUT /api/admin/users/:id"],"duration":15,"failing":false,"failureDetails":[],"failureMessages":[],"fullName":"Admin Routes PUT /api/admin/users/:id should return 404 for non-existent user","invocations":1,"location":null,"numPassingAsserts":1,"retryReasons":[],"startAt":1757409502011,"status":"passed","title":"should return 404 for non-existent user"},{"ancestorTitles":["Admin Routes","PUT /api/admin/users/:id"],"duration":19,"failing":false,"failureDetails":[],"failureMessages":[],"fullName":"Admin Routes PUT /api/admin/users/:id should block user from self-escalating role","invocations":1,"location":null,"numPassingAsserts":1,"retryReasons":[],"startAt":1757409502028,"status":"passed","title":"should block user from self-escalating role"},{"ancestorTitles":["Admin Routes","DELETE /api/admin/users/:id"],"duration":16,"failing":false,"failureDetails":[],"failureMessages":[],"fullName":"Admin Routes DELETE /api/admin/users/:id should delete user if authorized","invocations":1,"location":null,"numPassingAsserts":1,"retryReasons":[],"startAt":1757409502053,"status":"passed","title":"should delete user if authorized"},{"ancestorTitles":["Admin Routes","DELETE /api/admin/users/:id"],"duration":15,"failing":false,"failureDetails":[],"failureMessages":[],"fullName":"Admin Routes DELETE /api/admin/users/:id should return 400 for malformed ID","invocations":1,"location":null,"numPassingAsserts":1,"retryReasons":[],"startAt":1757409502073,"status":"passed","title":"should return 400 for malformed ID"},{"ancestorTitles":["Admin Routes","DELETE /api/admin/users/:id"],"duration":25,"failing":false,"failureDetails":[],"failureMessages":[],"fullName":"Admin Routes DELETE /api/admin/users/:id should return 404 for non-existent user","invocations":1,"location":null,"numPassingAsserts":1,"retryReasons":[],"startAt":1757409502090,"status":"passed","title":"should return 404 for non-existent user"},{"ancestorTitles":["Admin Routes","GET /api/admin/orders"],"duration":106,"failing":false,"failureDetails":[],"failureMessages":[],"fullName":"Admin Routes GET /api/admin/orders should return all orders for admin","invocations":1,"location":null,"numPassingAsserts":2,"retryReasons":[],"startAt":1757409502125,"status":"passed","title":"should return all orders for admin"},{"ancestorTitles":["Admin Routes","GET /api/admin/orders"],"duration":67,"failing":false,"failureDetails":[],"failureMessages":[],"fullName":"Admin Routes GET /api/admin/orders should block non-admin","invocations":1,"location":null,"numPassingAsserts":1,"retryReasons":[],"startAt":1757409502238,"status":"passed","title":"should block non-admin"},{"ancestorTitles":["Admin Routes","GET /api/admin/orders"],"duration":69,"failing":false,"failureDetails":[],"failureMessages":[],"fullName":"Admin Routes GET /api/admin/orders should fail without token","invocations":1,"location":null,"numPassingAsserts":1,"retryReasons":[],"startAt":1757409502307,"status":"passed","title":"should fail without token"},{"ancestorTitles":["Admin Routes","PUT /api/admin/orders/:id/status"],"duration":38,"failing":false,"failureDetails":[],"failureMessages":[],"fullName":"Admin Routes PUT /api/admin/orders/:id/status should update order status","invocations":1,"location":null,"numPassingAsserts":0,"retryReasons":[],"startAt":1757409502388,"status":"passed","title":"should update order status"},{"ancestorTitles":["Admin Routes","PUT /api/admin/orders/:id/status"],"duration":31,"failing":false,"failureDetails":[],"failureMessages":[],"fullName":"Admin Routes PUT /api/admin/orders/:id/status should return 400 for malformed ID","invocations":1,"location":null,"numPassingAsserts":1,"retryReasons":[],"startAt":1757409502438,"status":"passed","title":"should return 400 for malformed ID"},{"ancestorTitles":["Admin Routes","PUT /api/admin/orders/:id/status"],"duration":16,"failing":false,"failureDetails":[],"failureMessages":[],"fullName":"Admin Routes PUT /api/admin/orders/:id/status should return 404 for non-existent order","invocations":1,"location":null,"numPassingAsserts":1,"retryReasons":[],"startAt":1757409502472,"status":"passed","title":"should return 404 for non-existent order"}],"endTime":1757409502618,"message":"","name":"C:\\Dev\\Merkato\\backend\\tests\\integration\\adminRoutes.test.js","startTime":1757409496389,"status":"passed","summary":""},{"assertionResults":[{"ancestorTitles":["Support Routes","POST /api/support"],"duration":60,"failing":false,"failureDetails":[],"failureMessages":[],"fullName":"Support Routes POST /api/support should allow user to submit a support ticket","invocations":1,"location":null,"numPassingAsserts":3,"retryReasons":[],"startAt":1757409507219,"status":"passed","title":"should allow user to submit a support ticket"},{"ancestorTitles":["Support Routes","POST /api/support"],"duration":54,"failing":false,"failureDetails":[],"failureMessages":[],"fullName":"Support Routes POST /api/support should allow second user to submit ticket","invocations":1,"location":null,"numPassingAsserts":2,"retryReasons":[],"startAt":1757409507284,"status":"passed","title":"should allow second user to submit ticket"},{"ancestorTitles":["Support Routes","POST /api/support"],"duration":34,"failing":false,"failureDetails":[],"failureMessages":[],"fullName":"Support Routes POST /api/support should reject submission without token","invocations":1,"location":null,"numPassingAsserts":1,"retryReasons":[],"startAt":1757409507342,"status":"passed","title":"should reject submission without token"},{"ancestorTitles":["Support Routes","POST /api/support"],"duration":42,"failing":false,"failureDetails":[],"failureMessages":[],"fullName":"Support Routes POST /api/support should return 400 for missing fields","invocations":1,"location":null,"numPassingAsserts":1,"retryReasons":[],"startAt":1757409507380,"status":"passed","title":"should return 400 for missing fields"},{"ancestorTitles":["Support Routes","GET /api/support/user"],"duration":52,"failing":false,"failureDetails":[],"failureMessages":[],"fullName":"Support Routes GET /api/support/user should allow user to view their own tickets","invocations":1,"location":null,"numPassingAsserts":2,"retryReasons":[],"startAt":1757409507423,"status":"passed","title":"should allow user to view their own tickets"},{"ancestorTitles":["Support Routes","GET /api/support/user"],"duration":59,"failing":false,"failureDetails":[],"failureMessages":[],"fullName":"Support Routes GET /api/support/user should allow second user to view their own tickets","invocations":1,"location":null,"numPassingAsserts":2,"retryReasons":[],"startAt":1757409507477,"status":"passed","title":"should allow second user to view their own tickets"},{"ancestorTitles":["Support Routes","GET /api/support/user"],"duration":31,"failing":false,"failureDetails":[],"failureMessages":[],"fullName":"Support Routes GET /api/support/user should block unauthenticated access","invocations":1,"location":null,"numPassingAsserts":1,"retryReasons":[],"startAt":1757409507538,"status":"passed","title":"should block unauthenticated access"},{"ancestorTitles":["Support Routes","GET /api/support"],"duration":44,"failing":false,"failureDetails":[],"failureMessages":[],"fullName":"Support Routes GET /api/support should allow admin to view all tickets","invocations":1,"location":null,"numPassingAsserts":1,"retryReasons":[],"startAt":1757409507573,"status":"passed","title":"should allow admin to view all tickets"},{"ancestorTitles":["Support Routes","GET /api/support"],"duration":47,"failing":false,"failureDetails":[],"failureMessages":[],"fullName":"Support Routes GET /api/support should support category filtering if implemented","invocations":1,"location":null,"numPassingAsserts":1,"retryReasons":[],"startAt":1757409507620,"status":"passed","title":"should support category filtering if implemented"},{"ancestorTitles":["Support Routes","GET /api/support"],"duration":46,"failing":false,"failureDetails":[],"failureMessages":[],"fullName":"Support Routes GET /api/support should block non-admin from viewing all tickets","invocations":1,"location":null,"numPassingAsserts":1,"retryReasons":[],"startAt":1757409507672,"status":"passed","title":"should block non-admin from viewing all tickets"},{"ancestorTitles":["Support Routes","PUT /api/support/:id"],"duration":41,"failing":false,"failureDetails":[],"failureMessages":[],"fullName":"Support Routes PUT /api/support/:id should allow admin to update ticket status and response","invocations":1,"location":null,"numPassingAsserts":1,"retryReasons":[],"startAt":1757409507722,"status":"passed","title":"should allow admin to update ticket status and response"},{"ancestorTitles":["Support Routes","PUT /api/support/:id"],"duration":36,"failing":false,"failureDetails":[],"failureMessages":[],"fullName":"Support Routes PUT /api/support/:id should return 400 for malformed ID","invocations":1,"location":null,"numPassingAsserts":1,"retryReasons":[],"startAt":1757409507768,"status":"passed","title":"should return 400 for malformed ID"},{"ancestorTitles":["Support Routes","PUT /api/support/:id"],"duration":36,"failing":false,"failureDetails":[],"failureMessages":[],"fullName":"Support Routes PUT /api/support/:id should return 404 for non-existent ticket","invocations":1,"location":null,"numPassingAsserts":1,"retryReasons":[],"startAt":1757409507807,"status":"passed","title":"should return 404 for non-existent ticket"},{"ancestorTitles":["Support Routes","PUT /api/support/:id"],"duration":41,"failing":false,"failureDetails":[],"failureMessages":[],"fullName":"Support Routes PUT /api/support/:id should block non-admin from updating ticket","invocations":1,"location":null,"numPassingAsserts":1,"retryReasons":[],"startAt":1757409507850,"status":"passed","title":"should block non-admin from updating ticket"},{"ancestorTitles":["Support Routes","PUT /api/support/:id"],"duration":41,"failing":false,"failureDetails":[],"failureMessages":[],"fullName":"Support Routes PUT /api/support/:id should block another user from updating ticket","invocations":1,"location":null,"numPassingAsserts":1,"retryReasons":[],"startAt":1757409507895,"status":"passed","title":"should block another user from updating ticket"},{"ancestorTitles":["Support Routes","DELETE /api/support/:id"],"duration":17,"failing":false,"failureDetails":[],"failureMessages":[],"fullName":"Support Routes DELETE /api/support/:id should allow admin to delete a ticket","invocations":1,"location":null,"numPassingAsserts":1,"retryReasons":[],"startAt":1757409507938,"status":"passed","title":"should allow admin to delete a ticket"},{"ancestorTitles":["Support Routes","DELETE /api/support/:id"],"duration":13,"failing":false,"failureDetails":[],"failureMessages":[],"fullName":"Support Routes DELETE /api/support/:id should return 400 for malformed ID","invocations":1,"location":null,"numPassingAsserts":1,"retryReasons":[],"startAt":1757409507957,"status":"passed","title":"should return 400 for malformed ID"},{"ancestorTitles":["Support Routes","DELETE /api/support/:id"],"duration":14,"failing":false,"failureDetails":[],"failureMessages":[],"fullName":"Support Routes DELETE /api/support/:id should return 404 for non-existent ticket","invocations":1,"location":null,"numPassingAsserts":1,"retryReasons":[],"startAt":1757409507973,"status":"passed","title":"should return 404 for non-existent ticket"},{"ancestorTitles":["Support Routes","DELETE /api/support/:id"],"duration":12,"failing":false,"failureDetails":[],"failureMessages":[],"fullName":"Support Routes DELETE /api/support/:id should block non-admin from deleting ticket","invocations":1,"location":null,"numPassingAsserts":1,"retryReasons":[],"startAt":1757409507989,"status":"passed","title":"should block non-admin from deleting ticket"},{"ancestorTitles":["Support Routes","DELETE /api/support/:id"],"duration":11,"failing":false,"failureDetails":[],"failureMessages":[],"fullName":"Support Routes DELETE /api/support/:id should block another user from deleting ticket","invocations":1,"location":null,"numPassingAsserts":1,"retryReasons":[],"startAt":1757409508002,"status":"passed","title":"should block another user from deleting ticket"}],"endTime":1757409508066,"message":"","name":"C:\\Dev\\Merkato\\backend\\tests\\integration\\supportRoutes.test.js","startTime":1757409502989,"status":"passed","summary":""},{"assertionResults":[{"ancestorTitles":["Review Routes","POST /api/products/:productId/reviews"],"duration":23,"failing":false,"failureDetails":[],"failureMessages":[],"fullName":"Review Routes POST /api/products/:productId/reviews should create a review","invocations":1,"location":null,"numPassingAsserts":1,"retryReasons":[],"startAt":1757409512611,"status":"passed","title":"should create a review"},{"ancestorTitles":["Review Routes","POST /api/products/:productId/reviews"],"duration":15,"failing":false,"failureDetails":[],"failureMessages":[],"fullName":"Review Routes POST /api/products/:productId/reviews should fail without token","invocations":1,"location":null,"numPassingAsserts":1,"retryReasons":[],"startAt":1757409512637,"status":"passed","title":"should fail without token"},{"ancestorTitles":["Review Routes","POST /api/products/:productId/reviews"],"duration":14,"failing":false,"failureDetails":[],"failureMessages":[],"fullName":"Review Routes POST /api/products/:productId/reviews should return 400 for missing rating or comment","invocations":1,"location":null,"numPassingAsserts":1,"retryReasons":[],"startAt":1757409512654,"status":"passed","title":"should return 400 for missing rating or comment"},{"ancestorTitles":["Review Routes","POST /api/products/:productId/reviews"],"duration":14,"failing":false,"failureDetails":[],"failureMessages":[],"fullName":"Review Routes POST /api/products/:productId/reviews should prevent duplicate reviews by same user","invocations":1,"location":null,"numPassingAsserts":1,"retryReasons":[],"startAt":1757409512670,"status":"passed","title":"should prevent duplicate reviews by same user"},{"ancestorTitles":["Review Routes","PUT /api/reviews/:id"],"duration":15,"failing":false,"failureDetails":[],"failureMessages":[],"fullName":"Review Routes PUT /api/reviews/:id should update a review","invocations":1,"location":null,"numPassingAsserts":1,"retryReasons":[],"startAt":1757409512687,"status":"passed","title":"should update a review"},{"ancestorTitles":["Review Routes","PUT /api/reviews/:id"],"duration":15,"failing":false,"failureDetails":[],"failureMessages":[],"fullName":"Review Routes PUT /api/reviews/:id should return 400 for malformed ID","invocations":1,"location":null,"numPassingAsserts":1,"retryReasons":[],"startAt":1757409512704,"status":"passed","title":"should return 400 for malformed ID"},{"ancestorTitles":["Review Routes","PUT /api/reviews/:id"],"duration":14,"failing":false,"failureDetails":[],"failureMessages":[],"fullName":"Review Routes PUT /api/reviews/:id should not allow another user to update review","invocations":1,"location":null,"numPassingAsserts":1,"retryReasons":[],"startAt":1757409512723,"status":"passed","title":"should not allow another user to update review"},{"ancestorTitles":["Review Routes","DELETE /api/reviews/:id"],"duration":44,"failing":false,"failureDetails":[],"failureMessages":[],"fullName":"Review Routes DELETE /api/reviews/:id should delete a review","invocations":1,"location":null,"numPassingAsserts":1,"retryReasons":[],"startAt":1757409512740,"status":"passed","title":"should delete a review"},{"ancestorTitles":["Review Routes","DELETE /api/reviews/:id"],"duration":59,"failing":false,"failureDetails":[],"failureMessages":[],"fullName":"Review Routes DELETE /api/reviews/:id should return 404 for non-existent review","invocations":1,"location":null,"numPassingAsserts":1,"retryReasons":[],"startAt":1757409512786,"status":"passed","title":"should return 404 for non-existent review"},{"ancestorTitles":["Review Routes","DELETE /api/reviews/:id"],"duration":82,"failing":false,"failureDetails":[],"failureMessages":[],"fullName":"Review Routes DELETE /api/reviews/:id should return 400 for malformed ID","invocations":1,"location":null,"numPassingAsserts":1,"retryReasons":[],"startAt":1757409512853,"status":"passed","title":"should return 400 for malformed ID"},{"ancestorTitles":["Review Routes","DELETE /api/reviews/:id"],"duration":298,"failing":false,"failureDetails":[],"failureMessages":[],"fullName":"Review Routes DELETE /api/reviews/:id should not allow another user to delete review","invocations":1,"location":null,"numPassingAsserts":1,"retryReasons":[],"startAt":1757409512957,"status":"passed","title":"should not allow another user to delete review"},{"ancestorTitles":["Review Routes","DELETE /api/reviews/:id"],"duration":1,"failing":false,"failureDetails":[],"failureMessages":[],"fullName":"Review Routes DELETE /api/reviews/:id should allow admin to delete any review","invocations":1,"location":null,"numPassingAsserts":0,"retryReasons":[],"startAt":1757409513285,"status":"passed","title":"should allow admin to delete any review"},{"ancestorTitles":["Review Routes","GET /api/reviews/product/:productId"],"duration":28,"failing":false,"failureDetails":[],"failureMessages":[],"fullName":"Review Routes GET /api/reviews/product/:productId should return reviews for product","invocations":1,"location":null,"numPassingAsserts":1,"retryReasons":[],"startAt":1757409513291,"status":"passed","title":"should return reviews for product"},{"ancestorTitles":["Review Routes","GET /api/reviews/product/:productId"],"duration":30,"failing":false,"failureDetails":[],"failureMessages":[],"fullName":"Review Routes GET /api/reviews/product/:productId should return 400 for malformed ID","invocations":1,"location":null,"numPassingAsserts":1,"retryReasons":[],"startAt":1757409513340,"status":"passed","title":"should return 400 for malformed ID"}],"endTime":1757409513388,"message":"","name":"C:\\Dev\\Merkato\\backend\\tests\\integration\\reviewRoutes.test.js","startTime":1757409508444,"status":"passed","summary":""},{"assertionResults":[{"ancestorTitles":["Upload Routes","POST /api/upload"],"duration":271,"failing":false,"failureDetails":[],"failureMessages":[],"fullName":"Upload Routes POST /api/upload should allow vendor to upload multiple files","invocations":1,"location":null,"numPassingAsserts":5,"retryReasons":[],"startAt":1757409517779,"status":"passed","title":"should allow vendor to upload multiple files"},{"ancestorTitles":["Upload Routes","POST /api/upload"],"duration":84,"failing":false,"failureDetails":[],"failureMessages":[],"fullName":"Upload Routes POST /api/upload should allow admin to upload a file","invocations":1,"location":null,"numPassingAsserts":5,"retryReasons":[],"startAt":1757409518081,"status":"passed","title":"should allow admin to upload a file"},{"ancestorTitles":["Upload Routes","POST /api/upload"],"duration":39,"failing":false,"failureDetails":[],"failureMessages":[],"fullName":"Upload Routes POST /api/upload should return 400 for missing file","invocations":1,"location":null,"numPassingAsserts":1,"retryReasons":[],"startAt":1757409518167,"status":"passed","title":"should return 400 for missing file"},{"ancestorTitles":["Upload Routes","POST /api/upload"],"duration":55,"failing":false,"failureDetails":[],"failureMessages":[],"fullName":"Upload Routes POST /api/upload should return 400 for invalid field name","invocations":1,"location":null,"numPassingAsserts":1,"retryReasons":[],"startAt":1757409518211,"status":"passed","title":"should return 400 for invalid field name"},{"ancestorTitles":["Upload Routes","POST /api/upload"],"duration":62,"failing":false,"failureDetails":[],"failureMessages":[],"fullName":"Upload Routes POST /api/upload should handle valid JPEG upload","invocations":1,"location":null,"numPassingAsserts":1,"retryReasons":[],"startAt":1757409518269,"status":"passed","title":"should handle valid JPEG upload"},{"ancestorTitles":["Upload Routes","POST /api/upload"],"duration":55,"failing":false,"failureDetails":[],"failureMessages":[],"fullName":"Upload Routes POST /api/upload should handle text file upload","invocations":1,"location":null,"numPassingAsserts":1,"retryReasons":[],"startAt":1757409518334,"status":"passed","title":"should handle text file upload"},{"ancestorTitles":["Upload Routes","POST /api/upload"],"duration":67,"failing":false,"failureDetails":[],"failureMessages":[],"fullName":"Upload Routes POST /api/upload should handle exe file upload","invocations":1,"location":null,"numPassingAsserts":1,"retryReasons":[],"startAt":1757409518392,"status":"passed","title":"should handle exe file upload"},{"ancestorTitles":["Upload Routes","POST /api/upload"],"duration":66,"failing":false,"failureDetails":[],"failureMessages":[],"fullName":"Upload Routes POST /api/upload should reject file over size limit (2MB)","invocations":1,"location":null,"numPassingAsserts":1,"retryReasons":[],"startAt":1757409518461,"status":"passed","title":"should reject file over size limit (2MB)"},{"ancestorTitles":["Upload Routes","POST /api/upload"],"duration":81,"failing":false,"failureDetails":[],"failureMessages":[],"fullName":"Upload Routes POST /api/upload should prevent directory traversal in filename","invocations":1,"location":null,"numPassingAsserts":2,"retryReasons":[],"startAt":1757409518535,"status":"passed","title":"should prevent directory traversal in filename"},{"ancestorTitles":["Upload Routes","GET /uploads/:filename (static file check)"],"duration":28,"failing":false,"failureDetails":[],"failureMessages":[],"fullName":"Upload Routes GET /uploads/:filename (static file check) should serve uploaded file if accessible","invocations":1,"location":null,"numPassingAsserts":2,"retryReasons":[],"startAt":1757409518619,"status":"passed","title":"should serve uploaded file if accessible"},{"ancestorTitles":["Upload Routes","GET /uploads/:filename (static file check)"],"duration":15,"failing":false,"failureDetails":[],"failureMessages":[],"fullName":"Upload Routes GET /uploads/:filename (static file check) should return 404 for non-existent file","invocations":1,"location":null,"numPassingAsserts":1,"retryReasons":[],"startAt":1757409518649,"status":"passed","title":"should return 404 for non-existent file"}],"endTime":1757409518710,"message":"","name":"C:\\Dev\\Merkato\\backend\\tests\\integration\\uploadRoutes.test.js","startTime":1757409513688,"status":"passed","summary":""},{"assertionResults":[{"ancestorTitles":["Stripe Routes","POST /api/stripe/create-checkout-session"],"duration":35,"failing":false,"failureDetails":[],"failureMessages":[],"fullName":"Stripe Routes POST /api/stripe/create-checkout-session should reject without token","invocations":1,"location":null,"numPassingAsserts":1,"retryReasons":[],"startAt":1757409523286,"status":"passed","title":"should reject without token"},{"ancestorTitles":["Stripe Routes","POST /api/stripe/create-checkout-session"],"duration":81,"failing":false,"failureDetails":[],"failureMessages":[],"fullName":"Stripe Routes POST /api/stripe/create-checkout-session should return session URL or ID for valid request","invocations":1,"location":null,"numPassingAsserts":1,"retryReasons":[],"startAt":1757409523329,"status":"passed","title":"should return session URL or ID for valid request"},{"ancestorTitles":["Stripe Routes","POST /api/stripe/create-checkout-session"],"duration":43,"failing":false,"failureDetails":[],"failureMessages":[],"fullName":"Stripe Routes POST /api/stripe/create-checkout-session should return 400 for missing items","invocations":1,"location":null,"numPassingAsserts":1,"retryReasons":[],"startAt":1757409523414,"status":"passed","title":"should return 400 for missing items"},{"ancestorTitles":["Stripe Routes","POST /api/stripe/create-checkout-session"],"duration":42,"failing":false,"failureDetails":[],"failureMessages":[],"fullName":"Stripe Routes POST /api/stripe/create-checkout-session should return 400 for empty items array","invocations":1,"location":null,"numPassingAsserts":1,"retryReasons":[],"startAt":1757409523462,"status":"passed","title":"should return 400 for empty items array"},{"ancestorTitles":["Stripe Routes","POST /api/stripe/create-checkout-session"],"duration":55,"failing":false,"failureDetails":[],"failureMessages":[],"fullName":"Stripe Routes POST /api/stripe/create-checkout-session should return 400 for invalid productId","invocations":1,"location":null,"numPassingAsserts":1,"retryReasons":[],"startAt":1757409523507,"status":"passed","title":"should return 400 for invalid productId"},{"ancestorTitles":["Stripe Routes","POST /api/stripe/create-checkout-session"],"duration":83,"failing":false,"failureDetails":[],"failureMessages":[],"fullName":"Stripe Routes POST /api/stripe/create-checkout-session should return 400 for missing success/cancel URLs","invocations":1,"location":null,"numPassingAsserts":1,"retryReasons":[],"startAt":1757409523565,"status":"passed","title":"should return 400 for missing success/cancel URLs"},{"ancestorTitles":["Stripe Routes","POST /api/stripe/webhook"],"duration":30,"failing":false,"failureDetails":[],"failureMessages":[],"fullName":"Stripe Routes POST /api/stripe/webhook should return 400 for missing signature","invocations":1,"location":null,"numPassingAsserts":1,"retryReasons":[],"startAt":1757409523651,"status":"passed","title":"should return 400 for missing signature"},{"ancestorTitles":["Stripe Routes","POST /api/stripe/webhook"],"duration":30,"failing":false,"failureDetails":[],"failureMessages":[],"fullName":"Stripe Routes POST /api/stripe/webhook should reject with invalid signature","invocations":1,"location":null,"numPassingAsserts":1,"retryReasons":[],"startAt":1757409523683,"status":"passed","title":"should reject with invalid signature"},{"ancestorTitles":["Stripe Routes","POST /api/stripe/webhook"],"duration":20,"failing":false,"failureDetails":[],"failureMessages":[],"fullName":"Stripe Routes POST /api/stripe/webhook should accept mocked Stripe event (payment_intent.succeeded)","invocations":1,"location":null,"numPassingAsserts":1,"retryReasons":[],"startAt":1757409523717,"status":"passed","title":"should accept mocked Stripe event (payment_intent.succeeded)"},{"ancestorTitles":["Stripe Routes","POST /api/stripe/webhook"],"duration":19,"failing":false,"failureDetails":[],"failureMessages":[],"fullName":"Stripe Routes POST /api/stripe/webhook should return 400 for unsupported event type","invocations":1,"location":null,"numPassingAsserts":1,"retryReasons":[],"startAt":1757409523745,"status":"passed","title":"should return 400 for unsupported event type"},{"ancestorTitles":["Stripe Routes","POST /api/stripe/webhook"],"duration":67,"failing":false,"failureDetails":[],"failureMessages":[],"fullName":"Stripe Routes POST /api/stripe/webhook should return 400 for malformed JSON","invocations":1,"location":null,"numPassingAsserts":1,"retryReasons":[],"startAt":1757409523767,"status":"passed","title":"should return 400 for malformed JSON"},{"ancestorTitles":["Stripe Routes","GET /api/stripe/config"],"duration":26,"failing":false,"failureDetails":[],"failureMessages":[],"fullName":"Stripe Routes GET /api/stripe/config should return publishable key from env","invocations":1,"location":null,"numPassingAsserts":1,"retryReasons":[],"startAt":1757409523836,"status":"passed","title":"should return publishable key from env"}],"endTime":1757409523868,"message":"","name":"C:\\Dev\\Merkato\\backend\\tests\\integration\\stripeRoutes.test.js","startTime":1757409519146,"status":"passed","summary":""},{"assertionResults":[{"ancestorTitles":["Invoice Routes","GET /api/invoices/:orderId"],"duration":32,"failing":false,"failureDetails":[],"failureMessages":[],"fullName":"Invoice Routes GET /api/invoices/:orderId should fail without token","invocations":1,"location":null,"numPassingAsserts":1,"retryReasons":[],"startAt":1757409529596,"status":"passed","title":"should fail without token"},{"ancestorTitles":["Invoice Routes","GET /api/invoices/:orderId"],"duration":57,"failing":false,"failureDetails":[],"failureMessages":[],"fullName":"Invoice Routes GET /api/invoices/:orderId should return invoice for valid order (user)","invocations":1,"location":null,"numPassingAsserts":2,"retryReasons":[],"startAt":1757409529631,"status":"passed","title":"should return invoice for valid order (user)"},{"ancestorTitles":["Invoice Routes","GET /api/invoices/:orderId"],"duration":49,"failing":false,"failureDetails":[],"failureMessages":[],"fullName":"Invoice Routes GET /api/invoices/:orderId should return 404 or 403 for non-existent or unauthorized order","invocations":1,"location":null,"numPassingAsserts":1,"retryReasons":[],"startAt":1757409529690,"status":"passed","title":"should return 404 or 403 for non-existent or unauthorized order"},{"ancestorTitles":["Invoice Routes","GET /api/invoices/:orderId"],"duration":45,"failing":false,"failureDetails":[],"failureMessages":[],"fullName":"Invoice Routes GET /api/invoices/:orderId should return 400 for malformed ObjectId","invocations":1,"location":null,"numPassingAsserts":1,"retryReasons":[],"startAt":1757409529740,"status":"passed","title":"should return 400 for malformed ObjectId"},{"ancestorTitles":["Invoice Routes","GET /api/invoices/:orderId"],"duration":69,"failing":false,"failureDetails":[],"failureMessages":[],"fullName":"Invoice Routes GET /api/invoices/:orderId should return 404 or custom status if invoice not yet generated","invocations":1,"location":null,"numPassingAsserts":1,"retryReasons":[],"startAt":1757409529787,"status":"passed","title":"should return 404 or custom status if invoice not yet generated"},{"ancestorTitles":["Invoice Routes","POST /api/invoices/email"],"duration":68,"failing":false,"failureDetails":[],"failureMessages":[],"fullName":"Invoice Routes POST /api/invoices/email should fail without token","invocations":1,"location":null,"numPassingAsserts":1,"retryReasons":[],"startAt":1757409529858,"status":"passed","title":"should fail without token"},{"ancestorTitles":["Invoice Routes","POST /api/invoices/email"],"duration":455,"failing":false,"failureDetails":[],"failureMessages":[],"fullName":"Invoice Routes POST /api/invoices/email should allow admin to send invoice email","invocations":1,"location":null,"numPassingAsserts":2,"retryReasons":[],"startAt":1757409529929,"status":"passed","title":"should allow admin to send invoice email"},{"ancestorTitles":["Invoice Routes","POST /api/invoices/email"],"duration":41,"failing":false,"failureDetails":[],"failureMessages":[],"fullName":"Invoice Routes POST /api/invoices/email should block email attempt by non-admin user","invocations":1,"location":null,"numPassingAsserts":1,"retryReasons":[],"startAt":1757409530385,"status":"passed","title":"should block email attempt by non-admin user"},{"ancestorTitles":["Invoice Routes","GET /api/invoices/download/:orderId"],"duration":61,"failing":false,"failureDetails":[],"failureMessages":[],"fullName":"Invoice Routes GET /api/invoices/download/:orderId should allow PDF invoice download if implemented","invocations":1,"location":null,"numPassingAsserts":1,"retryReasons":[],"startAt":1757409530427,"status":"passed","title":"should allow PDF invoice download if implemented"},{"ancestorTitles":["Invoice Routes","GET /api/invoices/download/:orderId"],"duration":33,"failing":false,"failureDetails":[],"failureMessages":[],"fullName":"Invoice Routes GET /api/invoices/download/:orderId should return 401/403 for missing token","invocations":1,"location":null,"numPassingAsserts":1,"retryReasons":[],"startAt":1757409530490,"status":"passed","title":"should return 401/403 for missing token"}],"endTime":1757409530530,"message":"","name":"C:\\Dev\\Merkato\\backend\\tests\\integration\\invoiceRoutes.test.js","startTime":1757409524291,"status":"passed","summary":""},{"assertionResults":[{"ancestorTitles":["Review Moderation Routes","GET /api/admin/reviews"],"duration":82,"failing":false,"failureDetails":[],"failureMessages":[],"fullName":"Review Moderation Routes GET /api/admin/reviews should allow admin to view flagged reviews","invocations":1,"location":null,"numPassingAsserts":1,"retryReasons":[],"startAt":1757409536631,"status":"passed","title":"should allow admin to view flagged reviews"},{"ancestorTitles":["Review Moderation Routes","GET /api/admin/reviews"],"duration":74,"failing":false,"failureDetails":[],"failureMessages":[],"fullName":"Review Moderation Routes GET /api/admin/reviews should support pagination/filtering if implemented","invocations":1,"location":null,"numPassingAsserts":1,"retryReasons":[],"startAt":1757409536717,"status":"passed","title":"should support pagination/filtering if implemented"},{"ancestorTitles":["Review Moderation Routes","GET /api/admin/reviews"],"duration":149,"failing":false,"failureDetails":[],"failureMessages":[],"fullName":"Review Moderation Routes GET /api/admin/reviews should block non-admin access","invocations":1,"location":null,"numPassingAsserts":1,"retryReasons":[],"startAt":1757409536810,"status":"passed","title":"should block non-admin access"},{"ancestorTitles":["Review Moderation Routes","GET /api/admin/reviews"],"duration":37,"failing":false,"failureDetails":[],"failureMessages":[],"fullName":"Review Moderation Routes GET /api/admin/reviews should fail without token","invocations":1,"location":null,"numPassingAsserts":1,"retryReasons":[],"startAt":1757409536962,"status":"passed","title":"should fail without token"},{"ancestorTitles":["Review Moderation Routes","PUT /api/admin/reviews/:reviewId/hide"],"duration":24,"failing":false,"failureDetails":[],"failureMessages":[],"fullName":"Review Moderation Routes PUT /api/admin/reviews/:reviewId/hide should allow admin to hide review","invocations":1,"location":null,"numPassingAsserts":0,"retryReasons":[],"startAt":1757409537008,"status":"passed","title":"should allow admin to hide review"},{"ancestorTitles":["Review Moderation Routes","PUT /api/admin/reviews/:reviewId/hide"],"duration":2,"failing":false,"failureDetails":[],"failureMessages":[],"fullName":"Review Moderation Routes PUT /api/admin/reviews/:reviewId/hide should be idempotent if already hidden","invocations":1,"location":null,"numPassingAsserts":0,"retryReasons":[],"startAt":1757409537059,"status":"passed","title":"should be idempotent if already hidden"},{"ancestorTitles":["Review Moderation Routes","PUT /api/admin/reviews/:reviewId/hide"],"duration":1,"failing":false,"failureDetails":[],"failureMessages":[],"fullName":"Review Moderation Routes PUT /api/admin/reviews/:reviewId/hide should block non-admin from hiding review","invocations":1,"location":null,"numPassingAsserts":0,"retryReasons":[],"startAt":1757409537065,"status":"passed","title":"should block non-admin from hiding review"},{"ancestorTitles":["Review Moderation Routes","PUT /api/admin/reviews/:reviewId/hide"],"duration":38,"failing":false,"failureDetails":[],"failureMessages":[],"fullName":"Review Moderation Routes PUT /api/admin/reviews/:reviewId/hide should return 400 for malformed ID","invocations":1,"location":null,"numPassingAsserts":1,"retryReasons":[],"startAt":1757409537077,"status":"passed","title":"should return 400 for malformed ID"},{"ancestorTitles":["Review Moderation Routes","PUT /api/admin/reviews/:reviewId/hide"],"duration":21,"failing":false,"failureDetails":[],"failureMessages":[],"fullName":"Review Moderation Routes PUT /api/admin/reviews/:reviewId/hide should return 404 for non-existent review","invocations":1,"location":null,"numPassingAsserts":1,"retryReasons":[],"startAt":1757409537119,"status":"passed","title":"should return 404 for non-existent review"},{"ancestorTitles":["Review Moderation Routes","PUT /api/admin/reviews/:reviewId/unhide"],"duration":1,"failing":false,"failureDetails":[],"failureMessages":[],"fullName":"Review Moderation Routes PUT /api/admin/reviews/:reviewId/unhide should allow admin to unhide review","invocations":1,"location":null,"numPassingAsserts":0,"retryReasons":[],"startAt":1757409537142,"status":"passed","title":"should allow admin to unhide review"},{"ancestorTitles":["Review Moderation Routes","PUT /api/admin/reviews/:reviewId/unhide"],"duration":1,"failing":false,"failureDetails":[],"failureMessages":[],"fullName":"Review Moderation Routes PUT /api/admin/reviews/:reviewId/unhide should be idempotent if already unhidden","invocations":1,"location":null,"numPassingAsserts":0,"retryReasons":[],"startAt":1757409537144,"status":"passed","title":"should be idempotent if already unhidden"},{"ancestorTitles":["Review Moderation Routes","PUT /api/admin/reviews/:reviewId/unhide"],"duration":1,"failing":false,"failureDetails":[],"failureMessages":[],"fullName":"Review Moderation Routes PUT /api/admin/reviews/:reviewId/unhide should block non-admin from unhiding review","invocations":1,"location":null,"numPassingAsserts":0,"retryReasons":[],"startAt":1757409537147,"status":"passed","title":"should block non-admin from unhiding review"},{"ancestorTitles":["Review Moderation Routes","PUT /api/admin/reviews/:reviewId/unhide"],"duration":14,"failing":false,"failureDetails":[],"failureMessages":[],"fullName":"Review Moderation Routes PUT /api/admin/reviews/:reviewId/unhide should return 400 for malformed ID","invocations":1,"location":null,"numPassingAsserts":1,"retryReasons":[],"startAt":1757409537149,"status":"passed","title":"should return 400 for malformed ID"},{"ancestorTitles":["Review Moderation Routes","PUT /api/admin/reviews/:reviewId/unhide"],"duration":13,"failing":false,"failureDetails":[],"failureMessages":[],"fullName":"Review Moderation Routes PUT /api/admin/reviews/:reviewId/unhide should return 404 for non-existent review","invocations":1,"location":null,"numPassingAsserts":1,"retryReasons":[],"startAt":1757409537169,"status":"passed","title":"should return 404 for non-existent review"},{"ancestorTitles":["Review Moderation Routes","DELETE /api/admin/reviews/:reviewId"],"duration":1,"failing":false,"failureDetails":[],"failureMessages":[],"fullName":"Review Moderation Routes DELETE /api/admin/reviews/:reviewId should allow admin to permanently delete a review","invocations":1,"location":null,"numPassingAsserts":0,"retryReasons":[],"startAt":1757409537189,"status":"passed","title":"should allow admin to permanently delete a review"},{"ancestorTitles":["Review Moderation Routes","DELETE /api/admin/reviews/:reviewId"],"duration":1,"failing":false,"failureDetails":[],"failureMessages":[],"fullName":"Review Moderation Routes DELETE /api/admin/reviews/:reviewId should block non-admin from deleting review","invocations":1,"location":null,"numPassingAsserts":0,"retryReasons":[],"startAt":1757409537191,"status":"passed","title":"should block non-admin from deleting review"},{"ancestorTitles":["Review Moderation Routes","DELETE /api/admin/reviews/:reviewId"],"duration":50,"failing":false,"failureDetails":[],"failureMessages":[],"fullName":"Review Moderation Routes DELETE /api/admin/reviews/:reviewId should return 400 for malformed ID","invocations":1,"location":null,"numPassingAsserts":1,"retryReasons":[],"startAt":1757409537193,"status":"passed","title":"should return 400 for malformed ID"},{"ancestorTitles":["Review Moderation Routes","DELETE /api/admin/reviews/:reviewId"],"duration":43,"failing":false,"failureDetails":[],"failureMessages":[],"fullName":"Review Moderation Routes DELETE /api/admin/reviews/:reviewId should return 404 for non-existent review","invocations":1,"location":null,"numPassingAsserts":1,"retryReasons":[],"startAt":1757409537245,"status":"passed","title":"should return 404 for non-existent review"}],"endTime":1757409537295,"message":"","name":"C:\\Dev\\Merkato\\backend\\tests\\integration\\reviewModerationRoutes.test.js","startTime":1757409530806,"status":"passed","summary":""},{"assertionResults":[{"ancestorTitles":["Flag Routes","POST /api/flags/product/:productId"],"duration":14,"failing":false,"failureDetails":[],"failureMessages":[],"fullName":"Flag Routes POST /api/flags/product/:productId should fail without token","invocations":1,"location":null,"numPassingAsserts":0,"retryReasons":[],"startAt":1757409542202,"status":"passed","title":"should fail without token"},{"ancestorTitles":["Flag Routes","POST /api/flags/product/:productId"],"duration":0,"failing":false,"failureDetails":[],"failureMessages":[],"fullName":"Flag Routes POST /api/flags/product/:productId should flag a product","invocations":1,"location":null,"numPassingAsserts":0,"retryReasons":[],"startAt":1757409542220,"status":"passed","title":"should flag a product"},{"ancestorTitles":["Flag Routes","POST /api/flags/product/:productId"],"duration":1,"failing":false,"failureDetails":[],"failureMessages":[],"fullName":"Flag Routes POST /api/flags/product/:productId should not flag with missing reason","invocations":1,"location":null,"numPassingAsserts":0,"retryReasons":[],"startAt":1757409542224,"status":"passed","title":"should not flag with missing reason"},{"ancestorTitles":["Flag Routes","POST /api/flags/product/:productId"],"duration":25,"failing":false,"failureDetails":[],"failureMessages":[],"fullName":"Flag Routes POST /api/flags/product/:productId should return 404 for non-existent product","invocations":1,"location":null,"numPassingAsserts":1,"retryReasons":[],"startAt":1757409542226,"status":"passed","title":"should return 404 for non-existent product"},{"ancestorTitles":["Flag Routes","POST /api/flags/product/:productId"],"duration":18,"failing":false,"failureDetails":[],"failureMessages":[],"fullName":"Flag Routes POST /api/flags/product/:productId should return 400 for malformed product ID","invocations":1,"location":null,"numPassingAsserts":1,"retryReasons":[],"startAt":1757409542252,"status":"passed","title":"should return 400 for malformed product ID"},{"ancestorTitles":["Flag Routes","POST /api/flags/review/:reviewId"],"duration":8,"failing":false,"failureDetails":[],"failureMessages":[],"fullName":"Flag Routes POST /api/flags/review/:reviewId should flag a review","invocations":1,"location":null,"numPassingAsserts":0,"retryReasons":[],"startAt":1757409542273,"status":"passed","title":"should flag a review"},{"ancestorTitles":["Flag Routes","POST /api/flags/review/:reviewId"],"duration":2,"failing":false,"failureDetails":[],"failureMessages":[],"fullName":"Flag Routes POST /api/flags/review/:reviewId should fail with missing reason","invocations":1,"location":null,"numPassingAsserts":0,"retryReasons":[],"startAt":1757409542283,"status":"passed","title":"should fail with missing reason"},{"ancestorTitles":["Flag Routes","POST /api/flags/review/:reviewId"],"duration":10,"failing":false,"failureDetails":[],"failureMessages":[],"fullName":"Flag Routes POST /api/flags/review/:reviewId should return 404 for non-existent review","invocations":1,"location":null,"numPassingAsserts":1,"retryReasons":[],"startAt":1757409542287,"status":"passed","title":"should return 404 for non-existent review"},{"ancestorTitles":["Flag Routes","POST /api/flags/review/:reviewId"],"duration":16,"failing":false,"failureDetails":[],"failureMessages":[],"fullName":"Flag Routes POST /api/flags/review/:reviewId should return 400 for malformed review ID","invocations":1,"location":null,"numPassingAsserts":1,"retryReasons":[],"startAt":1757409542301,"status":"passed","title":"should return 400 for malformed review ID"},{"ancestorTitles":["Flag Routes","GET /api/flags"],"duration":53,"failing":false,"failureDetails":[],"failureMessages":[],"fullName":"Flag Routes GET /api/flags should allow admin to view all flags","invocations":1,"location":null,"numPassingAsserts":1,"retryReasons":[],"startAt":1757409542321,"status":"passed","title":"should allow admin to view all flags"},{"ancestorTitles":["Flag Routes","GET /api/flags"],"duration":38,"failing":false,"failureDetails":[],"failureMessages":[],"fullName":"Flag Routes GET /api/flags should block non-admin user","invocations":1,"location":null,"numPassingAsserts":1,"retryReasons":[],"startAt":1757409542380,"status":"passed","title":"should block non-admin user"},{"ancestorTitles":["Flag Routes","DELETE /api/flags/:flagId"],"duration":9,"failing":false,"failureDetails":[],"failureMessages":[],"fullName":"Flag Routes DELETE /api/flags/:flagId should allow admin to delete a flag","invocations":1,"location":null,"numPassingAsserts":0,"retryReasons":[],"startAt":1757409542422,"status":"passed","title":"should allow admin to delete a flag"},{"ancestorTitles":["Flag Routes","DELETE /api/flags/:flagId"],"duration":1,"failing":false,"failureDetails":[],"failureMessages":[],"fullName":"Flag Routes DELETE /api/flags/:flagId should block non-admin user","invocations":1,"location":null,"numPassingAsserts":0,"retryReasons":[],"startAt":1757409542432,"status":"passed","title":"should block non-admin user"},{"ancestorTitles":["Flag Routes","DELETE /api/flags/:flagId"],"duration":14,"failing":false,"failureDetails":[],"failureMessages":[],"fullName":"Flag Routes DELETE /api/flags/:flagId should return 404 for non-existent flag","invocations":1,"location":null,"numPassingAsserts":1,"retryReasons":[],"startAt":1757409542443,"status":"passed","title":"should return 404 for non-existent flag"},{"ancestorTitles":["Flag Routes","DELETE /api/flags/:flagId"],"duration":12,"failing":false,"failureDetails":[],"failureMessages":[],"fullName":"Flag Routes DELETE /api/flags/:flagId should return 400 for malformed flag ID","invocations":1,"location":null,"numPassingAsserts":1,"retryReasons":[],"startAt":1757409542461,"status":"passed","title":"should return 400 for malformed flag ID"}],"endTime":1757409542480,"message":"","name":"C:\\Dev\\Merkato\\backend\\tests\\integration\\flagRoutes.test.js","startTime":1757409537592,"status":"passed","summary":""},{"assertionResults":[{"ancestorTitles":["Customer Routes","Addresses API"],"duration":76,"failing":false,"failureDetails":[],"failureMessages":[],"fullName":"Customer Routes Addresses API should add a new address","invocations":1,"location":null,"numPassingAsserts":3,"retryReasons":[],"startAt":1757409546634,"status":"passed","title":"should add a new address"},{"ancestorTitles":["Customer Routes","Addresses API"],"duration":59,"failing":false,"failureDetails":[],"failureMessages":[],"fullName":"Customer Routes Addresses API should get all addresses","invocations":1,"location":null,"numPassingAsserts":2,"retryReasons":[],"startAt":1757409546713,"status":"passed","title":"should get all addresses"},{"ancestorTitles":["Customer Routes","Addresses API"],"duration":59,"failing":false,"failureDetails":[],"failureMessages":[],"fullName":"Customer Routes Addresses API should update an address","invocations":1,"location":null,"numPassingAsserts":3,"retryReasons":[],"startAt":1757409546774,"status":"passed","title":"should update an address"},{"ancestorTitles":["Customer Routes","Addresses API"],"duration":75,"failing":false,"failureDetails":[],"failureMessages":[],"fullName":"Customer Routes Addresses API should set address as default","invocations":1,"location":null,"numPassingAsserts":3,"retryReasons":[],"startAt":1757409546836,"status":"passed","title":"should set address as default"},{"ancestorTitles":["Customer Routes","Addresses API"],"duration":65,"failing":false,"failureDetails":[],"failureMessages":[],"fullName":"Customer Routes Addresses API should delete an address","invocations":1,"location":null,"numPassingAsserts":2,"retryReasons":[],"startAt":1757409546913,"status":"passed","title":"should delete an address"}],"endTime":1757409547007,"message":"","name":"C:\\Dev\\Merkato\\backend\\tests\\integration\\customerRoutes.test.js","startTime":1757409542776,"status":"passed","summary":""},{"assertionResults":[{"ancestorTitles":["Auth Routes","POST /api/auth/register"],"duration":271,"failing":false,"failureDetails":[],"failureMessages":[],"fullName":"Auth Routes POST /api/auth/register should register a new user","invocations":1,"location":null,"numPassingAsserts":1,"retryReasons":[],"startAt":1757409551557,"status":"passed","title":"should register a new user"},{"ancestorTitles":["Auth Routes","POST /api/auth/register"],"duration":46,"failing":false,"failureDetails":[],"failureMessages":[],"fullName":"Auth Routes POST /api/auth/register should not allow duplicate registration","invocations":1,"location":null,"numPassingAsserts":1,"retryReasons":[],"startAt":1757409551831,"status":"passed","title":"should not allow duplicate registration"},{"ancestorTitles":["Auth Routes","POST /api/auth/register"],"duration":12,"failing":false,"failureDetails":[],"failureMessages":[],"fullName":"Auth Routes POST /api/auth/register should return 400 for malformed email","invocations":1,"location":null,"numPassingAsserts":1,"retryReasons":[],"startAt":1757409551880,"status":"passed","title":"should return 400 for malformed email"},{"ancestorTitles":["Auth Routes","POST /api/auth/login"],"duration":240,"failing":false,"failureDetails":[],"failureMessages":[],"fullName":"Auth Routes POST /api/auth/login should login with valid credentials","invocations":1,"location":null,"numPassingAsserts":4,"retryReasons":[],"startAt":1757409551894,"status":"passed","title":"should login with valid credentials"},{"ancestorTitles":["Auth Routes","POST /api/auth/login"],"duration":206,"failing":false,"failureDetails":[],"failureMessages":[],"fullName":"Auth Routes POST /api/auth/login should fail with invalid credentials","invocations":1,"location":null,"numPassingAsserts":1,"retryReasons":[],"startAt":1757409552136,"status":"passed","title":"should fail with invalid credentials"},{"ancestorTitles":["Auth Routes","GET /api/auth/me"],"duration":171,"failing":false,"failureDetails":[],"failureMessages":[],"fullName":"Auth Routes GET /api/auth/me should get current user profile with token","invocations":1,"location":null,"numPassingAsserts":3,"retryReasons":[],"startAt":1757409552345,"status":"passed","title":"should get current user profile with token"},{"ancestorTitles":["Auth Routes","GET /api/auth/me"],"duration":181,"failing":false,"failureDetails":[],"failureMessages":[],"fullName":"Auth Routes GET /api/auth/me should fail without token","invocations":1,"location":null,"numPassingAsserts":1,"retryReasons":[],"startAt":1757409552589,"status":"passed","title":"should fail without token"}],"endTime":1757409552783,"message":"","name":"C:\\Dev\\Merkato\\backend\\tests\\integration\\authRoutes.test.js","startTime":1757409547308,"status":"passed","summary":""},{"assertionResults":[{"ancestorTitles":["Product Routes","GET /api/products"],"duration":116,"failing":false,"failureDetails":[],"failureMessages":[],"fullName":"Product Routes GET /api/products should return product list","invocations":1,"location":null,"numPassingAsserts":2,"retryReasons":[],"startAt":1757409557226,"status":"passed","title":"should return product list"},{"ancestorTitles":["Product Routes"],"duration":191,"failing":false,"failureDetails":[],"failureMessages":[],"fullName":"Product Routes POST /api/products should create a new product (admin/vendor only)","invocations":1,"location":null,"numPassingAsserts":3,"retryReasons":[],"startAt":1757409557350,"status":"passed","title":"POST /api/products should create a new product (admin/vendor only)"},{"ancestorTitles":["Product Routes"],"duration":30,"failing":false,"failureDetails":[],"failureMessages":[],"fullName":"Product Routes GET /api/products/:id should fetch single product","invocations":1,"location":null,"numPassingAsserts":2,"retryReasons":[],"startAt":1757409557546,"status":"passed","title":"GET /api/products/:id should fetch single product"},{"ancestorTitles":["Product Routes"],"duration":72,"failing":false,"failureDetails":[],"failureMessages":[],"fullName":"Product Routes PUT /api/products
[...]
2},"end":{"line":35,"column":28}},"type":"default-arg","locations":[{"start":{"line":35,"column":26},"end":{"line":35,"column":28}}],"line":35},"8":{"loc":{"start":{"line":35,"column":33},"end":{"line":35,"column":47}},"type":"binary-expr","locations":[{"start":{"line":35,"column":33},"end":{"line":35,"column":41}},{"start":{"line":35,"column":45},"end":{"line":35,"column":47}}],"line":35},"9":{"loc":{"start":{"line":40,"column":4},"end":{"line":40,"column":63}},"type":"if","locations":[{"start":{"line":40,"column":4},"end":{"line":40,"column":63}},{"start":{},"end":{}}],"line":40},"10":{"loc":{"start":{"line":40,"column":8},"end":{"line":40,"column":30}},"type":"binary-expr","locations":[{"start":{"line":40,"column":8},"end":{"line":40,"column":17}},{"start":{"line":40,"column":21},"end":{"line":40,"column":30}}],"line":40},"11":{"loc":{"start":{"line":44,"column":22},"end":{"line":44,"column":32}},"type":"default-arg","locations":[{"start":{"line":44,"column":30},"end":{"line":44,"column":32}}],"line":44},"12":{"loc":{"start":{"line":47,"column":25},"end":{"line":47,"column":77}},"type":"binary-expr","locations":[{"start":{"line":47,"column":25},"end":{"line":47,"column":37}},{"start":{"line":47,"column":41},"end":{"line":47,"column":77}}],"line":47},"13":{"loc":{"start":{"line":48,"column":41},"end":{"line":48,"column":65}},"type":"binary-expr","locations":[{"start":{"line":48,"column":41},"end":{"line":48,"column":60}},{"start":{"line":48,"column":64},"end":{"line":48,"column":65}}],"line":48},"14":{"loc":{"start":{"line":62,"column":4},"end":{"line":62,"column":62}},"type":"if","locations":[{"start":{"line":62,"column":4},"end":{"line":62,"column":62}},{"start":{},"end":{}}],"line":62}},"s":{"0":15,"1":15,"2":15,"3":15,"4":15,"5":0,"6":0,"7":0,"8":0,"9":0,"10":15,"11":0,"12":0,"13":0,"14":0,"15":0,"16":0,"17":0,"18":0,"19":15,"20":0,"21":0,"22":0,"23":0,"24":0,"25":0,"26":0,"27":0,"28":0,"29":0,"30":0,"31":0,"32":0,"33":0,"34":0,"35":0,"36":0,"37":0,"38":0,"39":0,"40":15},"f":{"0":0,"1":0,"2":0,"3":0},"b":{"0":[0,0],"1":[0,0],"2":[0,0],"3":[0],"4":[0],"5":[0,0],"6":[0,0],"7":[0],"8":[0,0],"9":[0,0],"10":[0,0],"11":[0],"12":[0,0],"13":[0,0],"14":[0,0]},"_coverageSchema":"1a1c01bbd47fc00a2c39e90264f33305004495a9","hash":"48d64a540c3f0caa58ab78c16aa50b419575bf9d"},"C:\\Dev\\Merkato\\backend\\models\\Cart.js":{"path":"C:\\Dev\\Merkato\\backend\\models\\Cart.js","statementMap":{"0":{"start":{"line":1,"column":17},"end":{"line":1,"column":36}},"1":{"start":{"line":3,"column":23},"end":{"line":9,"column":1}},"2":{"start":{"line":11,"column":19},"end":{"line":18,"column":1}},"3":{"start":{"line":21,"column":0},"end":{"line":21,"column":30}},"4":{"start":{"line":22,"column":0},"end":{"line":22,"column":37}},"5":{"start":{"line":24,"column":0},"end":{"line":24,"column":52}}},"fnMap":{},"branchMap":{},"s":{"0":15,"1":15,"2":15,"3":15,"4":15,"5":15},"f":{},"b":{},"_coverageSchema":"1a1c01bbd47fc00a2c39e90264f33305004495a9","hash":"c12b4904712c37faf1f516968da569b35d2da63d"},"C:\\Dev\\Merkato\\backend\\routes\\paymentsRoutes.js":{"path":"C:\\Dev\\Merkato\\backend\\routes\\paymentsRoutes.js","statementMap":{},"fnMap":{},"branchMap":{},"s":{},"f":{},"b":{},"_coverageSchema":"1a1c01bbd47fc00a2c39e90264f33305004495a9","hash":"88b3cfb53ab5fe53dc4e0a92081de9db383ac586"},"C:\\Dev\\Merkato\\backend\\routes\\rewardsRoutes.js":{"path":"C:\\Dev\\Merkato\\backend\\routes\\rewardsRoutes.js","statementMap":{"0":{"start":{"line":1,"column":16},"end":{"line":1,"column":34}},"1":{"start":{"line":2,"column":15},"end":{"line":2,"column":31}},"2":{"start":{"line":3,"column":22},"end":{"line":3,"column":56}},"3":{"start":{"line":4,"column":20},"end":{"line":4,"column":59}},"4":{"start":{"line":7,"column":2},"end":{"line":7,"column":109}},"5":{"start":{"line":11,"column":15},"end":{"line":11,"column":83}},"6":{"start":{"line":12,"column":2},"end":{"line":12,"column":76}},"7":{"start":{"line":16,"column":0},"end":{"line":26,"column":3}},"8":{"start":{"line":17,"column":2},"end":{"line":25,"column":3}},"9":{"start":{"line":18,"column":4},"end":{"line":20,"column":5}},"10":{"start":{"line":19,"column":6},"end":{"line":19,"column":86}},"11":{"start":{"line":21,"column":4},"end":{"line":21,"column":100}},"12":{"start":{"line":22,"column":4},"end":{"line":22,"column":57}},"13":{"start":{"line":24,"column":4},"end":{"line":24,"column":57}},"14":{"start":{"line":29,"column":0},"end":{"line":46,"column":3}},"15":{"start":{"line":30,"column":2},"end":{"line":45,"column":3}},"16":{"start":{"line":31,"column":4},"end":{"line":33,"column":5}},"17":{"start":{"line":32,"column":6},"end":{"line":32,"column":88}},"18":{"start":{"line":34,"column":17},"end":{"line":39,"column":5}},"19":{"start":{"line":40,"column":19},"end":{"line":40,"column":64}},"20":{"start":{"line":41,"column":4},"end":{"line":41,"column":109}},"21":{"start":{"line":42,"column":4},"end":{"line":42,"column":25}},"22":{"start":{"line":44,"column":4},"end":{"line":44,"column":53}},"23":{"start":{"line":48,"column":0},"end":{"line":48,"column":24}}},"fnMap":{"0":{"name":"isSameDay","decl":{"start":{"line":6,"column":9},"end":{"line":6,"column":18}},"loc":{"start":{"line":6,"column":25},"end":{"line":8,"column":1}},"line":6},"1":{"name":"alreadyClaimed","decl":{"start":{"line":10,"column":15},"end":{"line":10,"column":29}},"loc":{"start":{"line":10,"column":49},"end":{"line":13,"column":1}},"line":10},"2":{"name":"(anonymous_2)","decl":{"start":{"line":16,"column":33},"end":{"line":16,"column":34}},"loc":{"start":{"line":16,"column":53},"end":{"line":26,"column":1}},"line":16},"3":{"name":"(anonymous_3)","decl":{"start":{"line":29,"column":30},"end":{"line":29,"column":31}},"loc":{"start":{"line":29,"column":50},"end":{"line":46,"column":1}},"line":29}},"branchMap":{"0":{"loc":{"start":{"line":7,"column":9},"end":{"line":7,"column":108}},"type":"binary-expr","locations":[{"start":{"line":7,"column":9},"end":{"line":7,"column":44}},{"start":{"line":7,"column":48},"end":{"line":7,"column":77}},{"start":{"line":7,"column":81},"end":{"line":7,"column":108}}],"line":7},"1":{"loc":{"start":{"line":12,"column":9},"end":{"line":12,"column":75}},"type":"binary-expr","locations":[{"start":{"line":12,"column":9},"end":{"line":12,"column":13}},{"start":{"line":12,"column":17},"end":{"line":12,"column":75}}],"line":12},"2":{"loc":{"start":{"line":12,"column":36},"end":{"line":12,"column":61}},"type":"binary-expr","locations":[{"start":{"line":12,"column":36},"end":{"line":12,"column":43}},{"start":{"line":12,"column":47},"end":{"line":12,"column":61}}],"line":12},"3":{"loc":{"start":{"line":18,"column":4},"end":{"line":20,"column":5}},"type":"if","locations":[{"start":{"line":18,"column":4},"end":{"line":20,"column":5}},{"start":{},"end":{}}],"line":18},"4":{"loc":{"start":{"line":31,"column":4},"end":{"line":33,"column":5}},"type":"if","locations":[{"start":{"line":31,"column":4},"end":{"line":33,"column":5}},{"start":{},"end":{}}],"line":31}},"s":{"0":15,"1":15,"2":15,"3":15,"4":0,"5":0,"6":0,"7":15,"8":0,"9":0,"10":0,"11":0,"12":0,"13":0,"14":15,"15":0,"16":0,"17":0,"18":0,"19":0,"20":0,"21":0,"22":0,"23":15},"f":{"0":0,"1":0,"2":0,"3":0},"b":{"0":[0,0,0],"1":[0,0],"2":[0,0],"3":[0,0],"4":[0,0]},"_coverageSchema":"1a1c01bbd47fc00a2c39e90264f33305004495a9","hash":"e43ca969b7da39115e0c1be3a5ad31dd6d2f7de3"},"C:\\Dev\\Merkato\\backend\\tests\\utils\\testUserUtils.js":{"path":"C:\\Dev\\Merkato\\backend\\tests\\utils\\testUserUtils.js","statementMap":{"0":{"start":{"line":1,"column":16},"end":{"line":1,"column":36}},"1":{"start":{"line":2,"column":23},"end":{"line":2,"column":38}},"2":{"start":{"line":3,"column":12},"end":{"line":3,"column":35}},"3":{"start":{"line":13,"column":23},"end":{"line":13,"column":31}},"4":{"start":{"line":14,"column":23},"end":{"line":14,"column":61}},"5":{"start":{"line":16,"column":19},"end":{"line":22,"column":3}},"6":{"start":{"line":24,"column":2},"end":{"line":24,"column":81}},"7":{"start":{"line":25,"column":2},"end":{"line":36,"column":3}},"8":{"start":{"line":26,"column":16},"end":{"line":26,"column":68}},"9":{"start":{"line":27,"column":4},"end":{"line":30,"column":5}},"10":{"start":{"line":28,"column":6},"end":{"line":28,"column":89}},"11":{"start":{"line":29,"column":6},"end":{"line":29,"column":84}},"12":{"start":{"line":31,"column":4},"end":{"line":31,"column":76}},"13":{"start":{"line":32,"column":4},"end":{"line":32,"column":20}},"14":{"start":{"line":34,"column":4},"end":{"line":34,"column":56}},"15":{"start":{"line":35,"column":4},"end":{"line":35,"column":14}},"16":{"start":{"line":53,"column":2},"end":{"line":55,"column":3}},"17":{"start":{"line":54,"column":4},"end":{"line":54,"column":77}},"18":{"start":{"line":57,"column":2},"end":{"line":57,"column":62}},"19":{"start":{"line":58,"column":2},"end":{"line":75,"column":3}},"20":{"start":{"line":59,"column":16},"end":{"line":61,"column":48}},"21":{"start":{"line":63,"column":4},"end":{"line":66,"column":5}},"22":{"start":{"line":64,"column":6},"end":{"line":64,"column":79}},"23":{"start":{"line":65,"column":6},"end":{"line":65,"column":76}},"24":{"start":{"line":68,"column":18},"end":{"line":68,"column":56}},"25":{"start":{"line":69,"column":17},"end":{"line":69,"column":42}},"26":{"start":{"line":70,"column":4},"end":{"line":70,"column":57}},"27":{"start":{"line":71,"column":4},"end":{"line":71,"column":27}},"28":{"start":{"line":73,"column":4},"end":{"line":73,"column":53}},"29":{"start":{"line":74,"column":4},"end":{"line":74,"column":14}},"30":{"start":{"line":93,"column":2},"end":{"line":93,"column":28}},"31":{"start":{"line":93,"column":15},"end":{"line":93,"column":28}},"32":{"start":{"line":95,"column":12},"end":{"line":95,"column":58}},"33":{"start":{"line":96,"column":2},"end":{"line":96,"column":59}},"34":{"start":{"line":96,"column":13},"end":{"line":96,"column":59}},"35":{"start":{"line":98,"column":14},"end":{"line":98,"column":23}},"36":{"start":{"line":100,"column":2},"end":{"line":105,"column":3}},"37":{"start":{"line":101,"column":4},"end":{"line":103,"column":5}},"38":{"start":{"line":102,"column":6},"end":{"line":102,"column":90}},"39":{"start":{"line":104,"column":4},"end":{"line":104,"column":17}},"40":{"start":{"line":107,"column":2},"end":{"line":107,"column":14}},"41":{"start":{"line":110,"column":0},"end":{"line":114,"column":2}}},"fnMap":{"0":{"name":"registerTestUser","decl":{"start":{"line":12,"column":15},"end":{"line":12,"column":31}},"loc":{"start":{"line":12,"column":95},"end":{"line":37,"column":1}},"line":12},"1":{"name":"loginTestUser","decl":{"start":{"line":48,"column":15},"end":{"line":48,"column":28}},"loc":{"start":{"line":52,"column":2},"end":{"line":76,"column":1}},"line":52},"2":{"name":"deleteTestUser","decl":{"start":{"line":88,"column":15},"end":{"line":88,"column":29}},"loc":{"start":{"line":92,"column":2},"end":{"line":108,"column":1}},"line":92}},"branchMap":{"0":{"loc":{"start":{"line":12,"column":32},"end":{"line":12,"column":47}},"type":"default-arg","locations":[{"start":{"line":12,"column":45},"end":{"line":12,"column":47}}],"line":12},"1":{"loc":{"start":{"line":12,"column":49},"end":{"line":12,"column":93}},"type":"default-arg","locations":[{"start":{"line":12,"column":91},"end":{"line":12,"column":93}}],"line":12},"2":{"loc":{"start":{"line":12,"column":51},"end":{"line":12,"column":86}},"type":"default-arg","locations":[{"start":{"line":12,"column":66},"end":{"line":12,"column":86}}],"line":12},"3":{"loc":{"start":{"line":17,"column":11},"end":{"line":17,"column":43}},"type":"binary-expr","locations":[{"start":{"line":17,"column":11},"end":{"line":17,"column":27}},{"start":{"line":17,"column":31},"end":{"line":17,"column":43}}],"line":17},"4":{"loc":{"start":{"line":18,"column":14},"end":{"line":18,"column":51}},"type":"binary-expr","locations":[{"start":{"line":18,"column":14},"end":{"line":18,"column":33}},{"start":{"line":18,"column":37},"end":{"line":18,"column":51}}],"line":18},"5":{"loc":{"start":{"line":19,"column":10},"end":{"line":19,"column":40}},"type":"binary-expr","locations":[{"start":{"line":19,"column":10},"end":{"line":19,"column":25}},{"start":{"line":19,"column":29},"end":{"line":19,"column":40}}],"line":19},"6":{"loc":{"start":{"line":20,"column":13},"end":{"line":20,"column":45}},"type":"binary-expr","locations":[{"start":{"line":20,"column":13},"end":{"line":20,"column":31}},{"start":{"line":20,"column":35},"end":{"line":20,"column":45}}],"line":20},"7":{"loc":{"start":{"line":27,"column":4},"end":{"line":30,"column":5}},"type":"if","locations":[{"start":{"line":27,"column":4},"end":{"line":30,"column":5}},{"start":{},"end":{}}],"line":27},"8":{"loc":{"start":{"line":51,"column":2},"end":{"line":51,"column":58}},"type":"default-arg","locations":[{"start":{"line":51,"column":56},"end":{"line":51,"column":58}}],"line":51},"9":{"loc":{"start":{"line":51,"column":4},"end":{"line":51,"column":33}},"type":"default-arg","locations":[{"start":{"line":51,"column":16},"end":{"line":51,"column":33}}],"line":51},"10":{"loc":{"start":{"line":51,"column":35},"end":{"line":51,"column":51}},"type":"default-arg","locations":[{"start":{"line":51,"column":49},"end":{"line":51,"column":51}}],"line":51},"11":{"loc":{"start":{"line":53,"column":2},"end":{"line":55,"column":3}},"type":"if","locations":[{"start":{"line":53,"column":2},"end":{"line":55,"column":3}},{"start":{},"end":{}}],"line":53},"12":{"loc":{"start":{"line":53,"column":6},"end":{"line":53,"column":25}},"type":"binary-expr","locations":[{"start":{"line":53,"column":6},"end":{"line":53,"column":12}},{"start":{"line":53,"column":16},"end":{"line":53,"column":25}}],"line":53},"13":{"loc":{"start":{"line":63,"column":4},"end":{"line":66,"column":5}},"type":"if","locations":[{"start":{"line":63,"column":4},"end":{"line":66,"column":5}},{"start":{},"end":{}}],"line":63},"14":{"loc":{"start":{"line":68,"column":18},"end":{"line":68,"column":56}},"type":"binary-expr","locations":[{"start":{"line":68,"column":18},"end":{"line":68,"column":32}},{"start":{"line":68,"column":36},"end":{"line":68,"column":56}}],"line":68},"15":{"loc":{"start":{"line":69,"column":17},"end":{"line":69,"column":42}},"type":"binary-expr","locations":[{"start":{"line":69,"column":17},"end":{"line":69,"column":30}},{"start":{"line":69,"column":34},"end":{"line":69,"column":42}}],"line":69},"16":{"loc":{"start":{"line":91,"column":2},"end":{"line":91,"column":83}},"type":"default-arg","locations":[{"start":{"line":91,"column":81},"end":{"line":91,"column":83}}],"line":91},"17":{"loc":{"start":{"line":91,"column":4},"end":{"line":91,"column":29}},"type":"default-arg","locations":[{"start":{"line":91,"column":17},"end":{"line":91,"column":29}}],"line":91},"18":{"loc":{"start":{"line":91,"column":31},"end":{"line":91,"column":45}},"type":"default-arg","locations":[{"start":{"line":91,"column":40},"end":{"line":91,"column":45}}],"line":91},"19":{"loc":{"start":{"line":91,"column":47},"end":{"line":91,"column":76}},"type":"default-arg","locations":[{"start":{"line":91,"column":61},"end":{"line":91,"column":76}}],"line":91},"20":{"loc":{"start":{"line":93,"column":2},"end":{"line":93,"column":28}},"type":"if","locations":[{"start":{"line":93,"column":2},"end":{"line":93,"column":28}},{"start":{},"end":{}}],"line":93},"21":{"loc":{"start":{"line":96,"column":2},"end":{"line":96,"column":59}},"type":"if","locations":[{"start":{"line":96,"column":2},"end":{"line":96,"column":59}},{"start":{},"end":{}}],"line":96},"22":{"loc":{"start":{"line":100,"column":2},"end":{"line":105,"column":3}},"type":"if","locations":[{"start":{"line":100,"column":2},"end":{"line":105,"column":3}},{"start":{},"end":{}}],"line":100},"23":{"loc":{"start":{"line":101,"column":4},"end":{"line":103,"column":5}},"type":"if","locations":[{"start":{"line":101,"column":4},"end":{"line":103,"column":5}},{"start":{},"end":{}}],"line":101}},"s":{"0":10,"1":10,"2":10,"3":22,"4":22,"5":22,"6":22,"7":22,"8":22,"9":22,"10":0,"11":0,"12":22,"13":22,"14":0,"15":0,"16":14,"17":0,"18":14,"19":14,"20":14,"21":14,"22":0,"23":0,"24":14,"25":14,"26":14,"27":14,"28":0,"29":0,"30":5,"31":0,"32":5,"33":5,"34":5,"35":5,"36":5,"37":5,"38":5,"39":5,"40":0,"41":10},"f":{"0":22,"1":14,"2":5},"b":{"0":[3],"1":[22],"2":[22],"3":[22,13],"4":[22,15],"5":[22,13],"6":[22,12],"7":[0,22],"8":[14],"9":[14],"10":[14],"11":[0,14],"12":[14,14],"13":[0,14],"14":[14,0],"15":[14,14],"16":[5],"17":[5],"18":[5],"19":[5],"20":[0,5],"21":[5,0],"22":[5,0],"23":[5,0]},"_coverageSchema":"1a1c01bbd47fc00a2c39e90264f33305004495a9","hash":"8fc55c8c127aeff0766062fcab52c0df6b5d6b14"},"C:\\Dev\\Merkato\\backend\\tests\\utils\\mockStripeEvent.js":{"path":"C:\\Dev\\Merkato\\backend\\tests\\utils\\mockStripeEvent.js","statementMap":{"0":{"start":{"line":1,"column":15},"end":{"line":1,"column":63}},"1":{"start":{"line":19,"column":6},"end":{"line":19,"column":13}},"2":{"start":{"line":21,"column":23},"end":{"line":29,"column":3}},"3":{"start":{"line":31,"column":24},"end":{"line":31,"column":52}},"4":{"start":{"line":33,"column":20},"end":{"line":35,"column":55}},"5":{"start":{"line":37,"column":2},"end":{"line":37,"column":47}},"6":{"start":{"line":47,"column":24},"end":{"line":47,"column":42}},"7":{"start":{"line":48,"column":2},"end":{"line":48,"column":68}},"8":{"start":{"line":51,"column":0},"end":{"line":54,"column":2}}},"fnMap":{"0":{"name":"mockStripeEvent","decl":{"start":{"line":14,"column":9},"end":{"line":14,"column":24}},"loc":{"start":{"line":14,"column":99},"end":{"line":38,"column":1}},"line":14},"1":{"name":"generateSignatureHeader","decl":{"start":{"line":46,"column":9},"end":{"line":46,"column":32}},"loc":{"start":{"line":46,"column":85},"end":{"line":49,"column":1}},"line":46}},"branchMap":{"0":{"loc":{"start":{"line":14,"column":25},"end":{"line":14,"column":37}},"type":"default-arg","locations":[{"start":{"line":14,"column":33},"end":{"line":14,"column":37}}],"line":14},"1":{"loc":{"start":{"line":14,"column":39},"end":{"line":14,"column":72}},"type":"default-arg","locations":[{"start":{"line":14,"column":46},"end":{"line":14,"column":72}}],"line":14},"2":{"loc":{"start":{"line":14,"column":74},"end":{"line":14,"column":83}},"type":"default-arg","locations":[{"start":{"line":14,"column":81},"end":{"line":14,"column":83}}],"line":14},"3":{"loc":{"start":{"line":14,"column":85},"end":{"line":14,"column":97}},"type":"default-arg","locations":[{"start":{"line":14,"column":95},"end":{"line":14,"column":97}}],"line":14},"4":{"loc":{"start":{"line":16,"column":4},"end":{"line":16,"column":45}},"type":"default-arg","locations":[{"start":{"line":16,"column":16},"end":{"line":16,"column":45}}],"line":16},"5":{"loc":{"start":{"line":17,"column":4},"end":{"line":17,"column":17}},"type":"default-arg","locations":[{"start":{"line":17,"column":13},"end":{"line":17,"column":17}}],"line":17},"6":{"loc":{"start":{"line":18,"column":4},"end":{"line":18,"column":20}},"type":"default-arg","locations":[{"start":{"line":18,"column":18},"end":{"line":18,"column":20}}],"line":18},"7":{"loc":{"start":{"line":21,"column":23},"end":{"line":29,"column":3}},"type":"binary-expr","locations":[{"start":{"line":21,"column":23},"end":{"line":21,"column":28}},{"start":{"line":21,"column":32},"end":{"line":29,"column":3}}],"line":21},"8":{"loc":{"start":{"line":33,"column":20},"end":{"line":35,"column":55}},"type":"cond-expr","locations":[{"start":{"line":34,"column":6},"end":{"line":34,"column":93}},{"start":{"line":35,"column":6},"end":{"line":35,"column":55}}],"line":33},"9":{"loc":{"start":{"line":46,"column":42},"end":{"line":46,"column":83}},"type":"default-arg","locations":[{"start":{"line":46,"column":54},"end":{"line":46,"column":83}}],"line":46}},"s":{"0":1,"1":2,"2":2,"3":2,"4":2,"5":2,"6":2,"7":2,"8":1},"f":{"0":2,"1":2},"b":{"0":[0],"1":[1],"2":[1],"3":[2],"4":[2],"5":[2],"6":[2],"7":[2,1],"8":[0,2],"9":[0]},"_coverageSchema":"1a1c01bbd47fc00a2c39e90264f33305004495a9","hash":"289495b9a9ef5992dea742a1826e9a1e0cd79dd6"}}}
