{"numFailedTestSuites":1,"numFailedTests":1,"numPassedTestSuites":16,"numPassedTests":197,"numPendingTestSuites":0,"numPendingTests":0,"numRuntimeErrorTestSuites":0,"numTodoTests":0,"numTotalTestSuites":17,"numTotalTests":198,"openHandles":[],"snapshot":{"added":0,"didUpdate":false,"failure":false,"filesAdded":0,"filesRemoved":0,"filesRemovedList":[],"filesUnmatched":0,"filesUpdated":0,"matched":0,"total":0,"unchecked":0,"uncheckedKeysByFile":[],"unmatched":0,"updated":0},"startTime":1757106105808,"success":false,"testResults":[{"assertionResults":[{"ancestorTitles":["Upload Routes","POST /api/upload"],"duration":53,"failing":false,"failureDetails":[],"failureMessages":[],"fullName":"Upload Routes POST /api/upload should allow vendor to upload multiple files","invocations":1,"location":null,"numPassingAsserts":5,"retryReasons":[],"startAt":1757106109407,"status":"passed","title":"should allow vendor to upload multiple files"},{"ancestorTitles":["Upload Routes","POST /api/upload"],"duration":20,"failing":false,"failureDetails":[],"failureMessages":[],"fullName":"Upload Routes POST /api/upload should allow admin to upload a file","invocations":1,"location":null,"numPassingAsserts":5,"retryReasons":[],"startAt":1757106109461,"status":"passed","title":"should allow admin to upload a file"},{"ancestorTitles":["Upload Routes","POST /api/upload"],"duration":12,"failing":false,"failureDetails":[],"failureMessages":[],"fullName":"Upload Routes POST /api/upload should return 400 for missing file","invocations":1,"location":null,"numPassingAsserts":1,"retryReasons":[],"startAt":1757106109481,"status":"passed","title":"should return 400 for missing file"},{"ancestorTitles":["Upload Routes","POST /api/upload"],"duration":14,"failing":false,"failureDetails":[{"errno":-4079,"code":"ECONNABORTED","syscall":"write"}],"failureMessages":["Error: write ECONNABORTED\n    at afterWriteDispatched (node:internal/stream_base_commons:160:15)\n    at writeGeneric (node:internal/stream_base_commons:151:3)\n    at Socket._writeGeneric (node:net:962:11)\n    at Socket._write (node:net:974:8)\n    at doWrite (node:internal/streams/writable:411:12)\n    at clearBuffer (node:internal/streams/writable:572:7)\n    at Socket.Writable.uncork (node:internal/streams/writable:351:7)\n    at connectionCorkNT (node:_http_outgoing:958:8)\n    at processTicksAndRejections (node:internal/process/task_queues:81:21)"],"fullName":"Upload Routes POST /api/upload should return 400 for invalid field name","invocations":1,"location":null,"numPassingAsserts":0,"retryReasons":[],"startAt":1757106109493,"status":"failed","title":"should return 400 for invalid field name"},{"ancestorTitles":["Upload Routes","POST /api/upload"],"duration":20,"failing":false,"failureDetails":[],"failureMessages":[],"fullName":"Upload Routes POST /api/upload should handle valid JPEG upload","invocations":1,"location":null,"numPassingAsserts":1,"retryReasons":[],"startAt":1757106109508,"status":"passed","title":"should handle valid JPEG upload"},{"ancestorTitles":["Upload Routes","POST /api/upload"],"duration":16,"failing":false,"failureDetails":[],"failureMessages":[],"fullName":"Upload Routes POST /api/upload should handle text file upload","invocations":1,"location":null,"numPassingAsserts":1,"retryReasons":[],"startAt":1757106109528,"status":"passed","title":"should handle text file upload"},{"ancestorTitles":["Upload Routes","POST /api/upload"],"duration":15,"failing":false,"failureDetails":[],"failureMessages":[],"fullName":"Upload Routes POST /api/upload should handle exe file upload","invocations":1,"location":null,"numPassingAsserts":1,"retryReasons":[],"startAt":1757106109544,"status":"passed","title":"should handle exe file upload"},{"ancestorTitles":["Upload Routes","POST /api/upload"],"duration":21,"failing":false,"failureDetails":[],"failureMessages":[],"fullName":"Upload Routes POST /api/upload should reject file over size limit (2MB)","invocations":1,"location":null,"numPassingAsserts":1,"retryReasons":[],"startAt":1757106109559,"status":"passed","title":"should reject file over size limit (2MB)"},{"ancestorTitles":["Upload Routes","POST /api/upload"],"duration":5,"failing":false,"failureDetails":[],"failureMessages":[],"fullName":"Upload Routes POST /api/upload should prevent directory traversal in filename","invocations":1,"location":null,"numPassingAsserts":2,"retryReasons":[],"startAt":1757106109580,"status":"passed","title":"should prevent directory traversal in filename"},{"ancestorTitles":["Upload Routes","GET /uploads/:filename (static file check)"],"duration":13,"failing":false,"failureDetails":[],"failureMessages":[],"fullName":"Upload Routes GET /uploads/:filename (static file check) should serve uploaded file if accessible","invocations":1,"location":null,"numPassingAsserts":2,"retryReasons":[],"startAt":1757106109585,"status":"passed","title":"should serve uploaded file if accessible"},{"ancestorTitles":["Upload Routes","GET /uploads/:filename (static file check)"],"duration":7,"failing":false,"failureDetails":[],"failureMessages":[],"fullName":"Upload Routes GET /uploads/:filename (static file check) should return 404 for non-existent file","invocations":1,"location":null,"numPassingAsserts":1,"retryReasons":[],"startAt":1757106109599,"status":"passed","title":"should return 404 for non-existent file"}],"endTime":1757106109637,"message":"  ● Upload Routes › POST /api/upload › should return 400 for invalid field name\n\n    write ECONNABORTED\n\n\n","name":"C:\\Dev\\Merkato\\backend\\tests\\integration\\uploadRoutes.test.js","startTime":1757106105935,"status":"failed","summary":""},{"assertionResults":[{"ancestorTitles":["Invoice Routes","GET /api/invoices/:orderId"],"duration":15,"failing":false,"failureDetails":[],"failureMessages":[],"fullName":"Invoice Routes GET /api/invoices/:orderId should fail without token","invocations":1,"location":null,"numPassingAsserts":1,"retryReasons":[],"startAt":1757106111234,"status":"passed","title":"should fail without token"},{"ancestorTitles":["Invoice Routes","GET /api/invoices/:orderId"],"duration":24,"failing":false,"failureDetails":[],"failureMessages":[],"fullName":"Invoice Routes GET /api/invoices/:orderId should return invoice for valid order (user)","invocations":1,"location":null,"numPassingAsserts":2,"retryReasons":[],"startAt":1757106111250,"status":"passed","title":"should return invoice for valid order (user)"},{"ancestorTitles":["Invoice Routes","GET /api/invoices/:orderId"],"duration":17,"failing":false,"failureDetails":[],"failureMessages":[],"fullName":"Invoice Routes GET /api/invoices/:orderId should return 404 or 403 for non-existent or unauthorized order","invocations":1,"location":null,"numPassingAsserts":1,"retryReasons":[],"startAt":1757106111274,"status":"passed","title":"should return 404 or 403 for non-existent or unauthorized order"},{"ancestorTitles":["Invoice Routes","GET /api/invoices/:orderId"],"duration":13,"failing":false,"failureDetails":[],"failureMessages":[],"fullName":"Invoice Routes GET /api/invoices/:orderId should return 400 for malformed ObjectId","invocations":1,"location":null,"numPassingAsserts":1,"retryReasons":[],"startAt":1757106111291,"status":"passed","title":"should return 400 for malformed ObjectId"},{"ancestorTitles":["Invoice Routes","GET /api/invoices/:orderId"],"duration":19,"failing":false,"failureDetails":[],"failureMessages":[],"fullName":"Invoice Routes GET /api/invoices/:orderId should return 404 or custom status if invoice not yet generated","invocations":1,"location":null,"numPassingAsserts":1,"retryReasons":[],"startAt":1757106111304,"status":"passed","title":"should return 404 or custom status if invoice not yet generated"},{"ancestorTitles":["Invoice Routes","POST /api/invoices/email"],"duration":11,"failing":false,"failureDetails":[],"failureMessages":[],"fullName":"Invoice Routes POST /api/invoices/email should fail without token","invocations":1,"location":null,"numPassingAsserts":1,"retryReasons":[],"startAt":1757106111324,"status":"passed","title":"should fail without token"},{"ancestorTitles":["Invoice Routes","POST /api/invoices/email"],"duration":3015,"failing":false,"failureDetails":[],"failureMessages":[],"fullName":"Invoice Routes POST /api/invoices/email should allow admin to send invoice email","invocations":1,"location":null,"numPassingAsserts":2,"retryReasons":[],"startAt":1757106111336,"status":"passed","title":"should allow admin to send invoice email"},{"ancestorTitles":["Invoice Routes","POST /api/invoices/email"],"duration":14,"failing":false,"failureDetails":[],"failureMessages":[],"fullName":"Invoice Routes POST /api/invoices/email should block email attempt by non-admin user","invocations":1,"location":null,"numPassingAsserts":1,"retryReasons":[],"startAt":1757106114351,"status":"passed","title":"should block email attempt by non-admin user"},{"ancestorTitles":["Invoice Routes","GET /api/invoices/download/:orderId"],"duration":19,"failing":false,"failureDetails":[],"failureMessages":[],"fullName":"Invoice Routes GET /api/invoices/download/:orderId should allow PDF invoice download if implemented","invocations":1,"location":null,"numPassingAsserts":1,"retryReasons":[],"startAt":1757106114365,"status":"passed","title":"should allow PDF invoice download if implemented"},{"ancestorTitles":["Invoice Routes","GET /api/invoices/download/:orderId"],"duration":8,"failing":false,"failureDetails":[],"failureMessages":[],"fullName":"Invoice Routes GET /api/invoices/download/:orderId should return 401/403 for missing token","invocations":1,"location":null,"numPassingAsserts":1,"retryReasons":[],"startAt":1757106114384,"status":"passed","title":"should return 401/403 for missing token"}],"endTime":1757106114394,"message":"","name":"C:\\Dev\\Merkato\\backend\\tests\\integration\\invoiceRoutes.test.js","startTime":1757106109735,"status":"passed","summary":""},{"assertionResults":[{"ancestorTitles":["Order Routes","POST /api/orders"],"duration":8,"failing":false,"failureDetails":[],"failureMessages":[],"fullName":"Order Routes POST /api/orders rejects unauthenticated order when buyerInfo is missing","invocations":1,"location":null,"numPassingAsserts":1,"retryReasons":[],"startAt":1757106116442,"status":"passed","title":"rejects unauthenticated order when buyerInfo is missing"},{"ancestorTitles":["Order Routes","POST /api/orders"],"duration":60,"failing":false,"failureDetails":[],"failureMessages":[],"fullName":"Order Routes POST /api/orders creates order without token when buyerInfo is provided","invocations":1,"location":null,"numPassingAsserts":1,"retryReasons":[],"startAt":1757106116451,"status":"passed","title":"creates order without token when buyerInfo is provided"},{"ancestorTitles":["Order Routes","POST /api/orders"],"duration":11,"failing":false,"failureDetails":[],"failureMessages":[],"fullName":"Order Routes POST /api/orders should fail with invalid data","invocations":1,"location":null,"numPassingAsserts":1,"retryReasons":[],"startAt":1757106116512,"status":"passed","title":"should fail with invalid data"},{"ancestorTitles":["Order Routes","POST /api/orders"],"duration":32,"failing":false,"failureDetails":[],"failureMessages":[],"fullName":"Order Routes POST /api/orders creates a new order when authenticated","invocations":1,"location":null,"numPassingAsserts":2,"retryReasons":[],"startAt":1757106116523,"status":"passed","title":"creates a new order when authenticated"},{"ancestorTitles":["Order Routes","GET /api/orders/my-orders"],"duration":54,"failing":false,"failureDetails":[],"failureMessages":[],"fullName":"Order Routes GET /api/orders/my-orders should return current user’s orders","invocations":1,"location":null,"numPassingAsserts":2,"retryReasons":[],"startAt":1757106116555,"status":"passed","title":"should return current user’s orders"},{"ancestorTitles":["Order Routes","GET /api/orders/my-orders"],"duration":12,"failing":false,"failureDetails":[],"failureMessages":[],"fullName":"Order Routes GET /api/orders/my-orders should fail without token","invocations":1,"location":null,"numPassingAsserts":1,"retryReasons":[],"startAt":1757106116610,"status":"passed","title":"should fail without token"},{"ancestorTitles":["Order Routes","GET /api/orders/:id"],"duration":20,"failing":false,"failureDetails":[],"failureMessages":[],"fullName":"Order Routes GET /api/orders/:id should fetch order by ID","invocations":1,"location":null,"numPassingAsserts":2,"retryReasons":[],"startAt":1757106116623,"status":"passed","title":"should fetch order by ID"},{"ancestorTitles":["Order Routes","GET /api/orders/:id"],"duration":13,"failing":false,"failureDetails":[],"failureMessages":[],"fullName":"Order Routes GET /api/orders/:id should return 404 or 400 for non-existent ID","invocations":1,"location":null,"numPassingAsserts":1,"retryReasons":[],"startAt":1757106116643,"status":"passed","title":"should return 404 or 400 for non-existent ID"},{"ancestorTitles":["Order Routes","GET /api/orders/:id"],"duration":13,"failing":false,"failureDetails":[],"failureMessages":[],"fullName":"Order Routes GET /api/orders/:id should return 400 for malformed ID","invocations":1,"location":null,"numPassingAsserts":1,"retryReasons":[],"startAt":1757106116657,"status":"passed","title":"should return 400 for malformed ID"},{"ancestorTitles":["Order Routes","GET /api/orders/:id"],"duration":10,"failing":false,"failureDetails":[],"failureMessages":[],"fullName":"Order Routes GET /api/orders/:id should fail without token","invocations":1,"location":null,"numPassingAsserts":1,"retryReasons":[],"startAt":1757106116671,"status":"passed","title":"should fail without token"},{"ancestorTitles":["Order Routes","PUT /api/orders/:id/pay"],"duration":25,"failing":false,"failureDetails":[],"failureMessages":[],"fullName":"Order Routes PUT /api/orders/:id/pay should mark order as paid","invocations":1,"location":null,"numPassingAsserts":2,"retryReasons":[],"startAt":1757106116681,"status":"passed","title":"should mark order as paid"},{"ancestorTitles":["Order Routes","PUT /api/orders/:id/pay"],"duration":10,"failing":false,"failureDetails":[],"failureMessages":[],"fullName":"Order Routes PUT /api/orders/:id/pay should fail without token","invocations":1,"location":null,"numPassingAsserts":1,"retryReasons":[],"startAt":1757106116706,"status":"passed","title":"should fail without token"},{"ancestorTitles":["Order Routes","DELETE /api/orders/:id"],"duration":6,"failing":false,"failureDetails":[],"failureMessages":[],"fullName":"Order Routes DELETE /api/orders/:id should delete order if admin","invocations":1,"location":null,"numPassingAsserts":1,"retryReasons":[],"startAt":1757106116716,"status":"passed","title":"should delete order if admin"},{"ancestorTitles":["Order Routes","DELETE /api/orders/:id"],"duration":4,"failing":false,"failureDetails":[],"failureMessages":[],"fullName":"Order Routes DELETE /api/orders/:id should fail without token","invocations":1,"location":null,"numPassingAsserts":1,"retryReasons":[],"startAt":1757106116723,"status":"passed","title":"should fail without token"},{"ancestorTitles":["Order Routes","DELETE /api/orders/:id"],"duration":3,"failing":false,"failureDetails":[],"failureMessages":[],"fullName":"Order Routes DELETE /api/orders/:id should return 404 or 400 for non-existent order ID","invocations":1,"location":null,"numPassingAsserts":1,"retryReasons":[],"startAt":1757106116728,"status":"passed","title":"should return 404 or 400 for non-existent order ID"},{"ancestorTitles":["Order Routes","DELETE /api/orders/:id"],"duration":4,"failing":false,"failureDetails":[],"failureMessages":[],"fullName":"Order Routes DELETE /api/orders/:id should return 400 for malformed order ID","invocations":1,"location":null,"numPassingAsserts":1,"retryReasons":[],"startAt":1757106116732,"status":"passed","title":"should return 400 for malformed order ID"}],"endTime":1757106116741,"message":"","name":"C:\\Dev\\Merkato\\backend\\tests\\integration\\orderRoutes.test.js","startTime":1757106114479,"status":"passed","summary":""},{"assertionResults":[{"ancestorTitles":["Vendor Routes","GET /api/vendor/analytics"],"duration":17,"failing":false,"failureDetails":[],"failureMessages":[],"fullName":"Vendor Routes GET /api/vendor/analytics should fail without token","invocations":1,"location":null,"numPassingAsserts":1,"retryReasons":[],"startAt":1757106118776,"status":"passed","title":"should fail without token"},{"ancestorTitles":["Vendor Routes","GET /api/vendor/analytics"],"duration":15,"failing":false,"failureDetails":[],"failureMessages":[],"fullName":"Vendor Routes GET /api/vendor/analytics should fail with non-vendor token","invocations":1,"location":null,"numPassingAsserts":1,"retryReasons":[],"startAt":1757106118794,"status":"passed","title":"should fail with non-vendor token"},{"ancestorTitles":["Vendor Routes","GET /api/vendor/analytics"],"duration":94,"failing":false,"failureDetails":[],"failureMessages":[],"fullName":"Vendor Routes GET /api/vendor/analytics should return analytics data for vendor","invocations":1,"location":null,"numPassingAsserts":5,"retryReasons":[],"startAt":1757106118809,"status":"passed","title":"should return analytics data for vendor"},{"ancestorTitles":["Vendor Routes","GET /api/vendor/revenue"],"duration":14,"failing":false,"failureDetails":[],"failureMessages":[],"fullName":"Vendor Routes GET /api/vendor/revenue should fail without token","invocations":1,"location":null,"numPassingAsserts":1,"retryReasons":[],"startAt":1757106118903,"status":"passed","title":"should fail without token"},{"ancestorTitles":["Vendor Routes","GET /api/vendor/revenue"],"duration":12,"failing":false,"failureDetails":[],"failureMessages":[],"fullName":"Vendor Routes GET /api/vendor/revenue should fail with non-vendor token","invocations":1,"location":null,"numPassingAsserts":1,"retryReasons":[],"startAt":1757106118917,"status":"passed","title":"should fail with non-vendor token"},{"ancestorTitles":["Vendor Routes","GET /api/vendor/revenue"],"duration":14,"failing":false,"failureDetails":[],"failureMessages":[],"fullName":"Vendor Routes GET /api/vendor/revenue should return revenue data for vendor","invocations":1,"location":null,"numPassingAsserts":3,"retryReasons":[],"startAt":1757106118930,"status":"passed","title":"should return revenue data for vendor"},{"ancestorTitles":["Vendor Routes","GET /api/vendor/top-products"],"duration":9,"failing":false,"failureDetails":[],"failureMessages":[],"fullName":"Vendor Routes GET /api/vendor/top-products should fail without token","invocations":1,"location":null,"numPassingAsserts":1,"retryReasons":[],"startAt":1757106118945,"status":"passed","title":"should fail without token"},{"ancestorTitles":["Vendor Routes","GET /api/vendor/top-products"],"duration":11,"failing":false,"failureDetails":[],"failureMessages":[],"fullName":"Vendor Routes GET /api/vendor/top-products should fail with non-vendor token","invocations":1,"location":null,"numPassingAsserts":1,"retryReasons":[],"startAt":1757106118955,"status":"passed","title":"should fail with non-vendor token"},{"ancestorTitles":["Vendor Routes","GET /api/vendor/top-products"],"duration":62,"failing":false,"failureDetails":[],"failureMessages":[],"fullName":"Vendor Routes GET /api/vendor/top-products should return top products for vendor","invocations":1,"location":null,"numPassingAsserts":2,"retryReasons":[],"startAt":1757106118967,"status":"passed","title":"should return top products for vendor"},{"ancestorTitles":["Vendor Routes","GET /api/vendor/top-customers"],"duration":10,"failing":false,"failureDetails":[],"failureMessages":[],"fullName":"Vendor Routes GET /api/vendor/top-customers should fail without token","invocations":1,"location":null,"numPassingAsserts":1,"retryReasons":[],"startAt":1757106119029,"status":"passed","title":"should fail without token"},{"ancestorTitles":["Vendor Routes","GET /api/vendor/top-customers"],"duration":13,"failing":false,"failureDetails":[],"failureMessages":[],"fullName":"Vendor Routes GET /api/vendor/top-customers should fail with non-vendor token","invocations":1,"location":null,"numPassingAsserts":1,"retryReasons":[],"startAt":1757106119039,"status":"passed","title":"should fail with non-vendor token"},{"ancestorTitles":["Vendor Routes","GET /api/vendor/top-customers"],"duration":54,"failing":false,"failureDetails":[],"failureMessages":[],"fullName":"Vendor Routes GET /api/vendor/top-customers should return top customers for vendor","invocations":1,"location":null,"numPassingAsserts":2,"retryReasons":[],"startAt":1757106119052,"status":"passed","title":"should return top customers for vendor"},{"ancestorTitles":["Vendor Routes","POST /api/vendor/products"],"duration":17,"failing":false,"failureDetails":[],"failureMessages":[],"fullName":"Vendor Routes POST /api/vendor/products should allow vendor to upload product","invocations":1,"location":null,"numPassingAsserts":3,"retryReasons":[],"startAt":1757106119106,"status":"passed","title":"should allow vendor to upload product"},{"ancestorTitles":["Vendor Routes","POST /api/vendor/products"],"duration":15,"failing":false,"failureDetails":[],"failureMessages":[],"fullName":"Vendor Routes POST /api/vendor/products should fail for non-vendor user","invocations":1,"location":null,"numPassingAsserts":1,"retryReasons":[],"startAt":1757106119124,"status":"passed","title":"should fail for non-vendor user"},{"ancestorTitles":["Vendor Routes","PUT /api/vendor/profile"],"duration":20,"failing":false,"failureDetails":[],"failureMessages":[],"fullName":"Vendor Routes PUT /api/vendor/profile should allow vendor to update profile","invocations":1,"location":null,"numPassingAsserts":2,"retryReasons":[],"startAt":1757106119139,"status":"passed","title":"should allow vendor to update profile"},{"ancestorTitles":["Vendor Routes","PUT /api/vendor/profile"],"duration":12,"failing":false,"failureDetails":[],"failureMessages":[],"fullName":"Vendor Routes PUT /api/vendor/profile should block profile update for non-vendor","invocations":1,"location":null,"numPassingAsserts":1,"retryReasons":[],"startAt":1757106119159,"status":"passed","title":"should block profile update for non-vendor"},{"ancestorTitles":["Vendor Routes","DELETE /api/vendor/products/:id"],"duration":15,"failing":false,"failureDetails":[],"failureMessages":[],"fullName":"Vendor Routes DELETE /api/vendor/products/:id should delete vendor product if authorized","invocations":1,"location":null,"numPassingAsserts":1,"retryReasons":[],"startAt":1757106119172,"status":"passed","title":"should delete vendor product if authorized"},{"ancestorTitles":["Vendor Routes","DELETE /api/vendor/products/:id"],"duration":10,"failing":false,"failureDetails":[],"failureMessages":[],"fullName":"Vendor Routes DELETE /api/vendor/products/:id should fail without token","invocations":1,"location":null,"numPassingAsserts":1,"retryReasons":[],"startAt":1757106119187,"status":"passed","title":"should fail without token"},{"ancestorTitles":["Vendor Routes","DELETE /api/vendor/products/:id"],"duration":13,"failing":false,"failureDetails":[],"failureMessages":[],"fullName":"Vendor Routes DELETE /api/vendor/products/:id should return 404 or 400 for non-existent product ID","invocations":1,"location":null,"numPassingAsserts":1,"retryReasons":[],"startAt":1757106119197,"status":"passed","title":"should return 404 or 400 for non-existent product ID"}],"endTime":1757106119213,"message":"","name":"C:\\Dev\\Merkato\\backend\\tests\\integration\\vendorRoutes.test.js","startTime":1757106116851,"status":"passed","summary":""},{"assertionResults":[{"ancestorTitles":["Admin Routes","GET /api/admin/dashboard"],"duration":8,"failing":false,"failureDetails":[],"failureMessages":[],"fullName":"Admin Routes GET /api/admin/dashboard should allow admin to view dashboard","invocations":1,"location":null,"numPassingAsserts":1,"retryReasons":[],"startAt":1757106121368,"status":"passed","title":"should allow admin to view dashboard"},{"ancestorTitles":["Admin Routes","GET /api/admin/dashboard"],"duration":5,"failing":false,"failureDetails":[],"failureMessages":[],"fullName":"Admin Routes GET /api/admin/dashboard should block non-admin users","invocations":1,"location":null,"numPassingAsserts":1,"retryReasons":[],"startAt":1757106121376,"status":"passed","title":"should block non-admin users"},{"ancestorTitles":["Admin Routes","GET /api/admin/dashboard"],"duration":4,"failing":false,"failureDetails":[],"failureMessages":[],"fullName":"Admin Routes GET /api/admin/dashboard should fail without token","invocations":1,"location":null,"numPassingAsserts":1,"retryReasons":[],"startAt":1757106121382,"status":"passed","title":"should fail without token"},{"ancestorTitles":["Admin Routes","GET /api/admin/dashboard"],"duration":4,"failing":false,"failureDetails":[],"failureMessages":[],"fullName":"Admin Routes GET /api/admin/dashboard should reject invalid token","invocations":1,"location":null,"numPassingAsserts":1,"retryReasons":[],"startAt":1757106121386,"status":"passed","title":"should reject invalid token"},{"ancestorTitles":["Admin Routes","GET /api/admin/users"],"duration":73,"failing":false,"failureDetails":[],"failureMessages":[],"fullName":"Admin Routes GET /api/admin/users should return user list for admin","invocations":1,"location":null,"numPassingAsserts":2,"retryReasons":[],"startAt":1757106121390,"status":"passed","title":"should return user list for admin"},{"ancestorTitles":["Admin Routes","GET /api/admin/users"],"duration":59,"failing":false,"failureDetails":[],"failureMessages":[],"fullName":"Admin Routes GET /api/admin/users should support pagination (if implemented)","invocations":1,"location":null,"numPassingAsserts":1,"retryReasons":[],"startAt":1757106121464,"status":"passed","title":"should support pagination (if implemented)"},{"ancestorTitles":["Admin Routes","GET /api/admin/users"],"duration":13,"failing":false,"failureDetails":[],"failureMessages":[],"fullName":"Admin Routes GET /api/admin/users should block non-admin","invocations":1,"location":null,"numPassingAsserts":1,"retryReasons":[],"startAt":1757106121523,"status":"passed","title":"should block non-admin"},{"ancestorTitles":["Admin Routes","GET /api/admin/users"],"duration":10,"failing":false,"failureDetails":[],"failureMessages":[],"fullName":"Admin Routes GET /api/admin/users should fail without token","invocations":1,"location":null,"numPassingAsserts":1,"retryReasons":[],"startAt":1757106121536,"status":"passed","title":"should fail without token"},{"ancestorTitles":["Admin Routes","PUT /api/admin/users/:id"],"duration":5,"failing":false,"failureDetails":[],"failureMessages":[],"fullName":"Admin Routes PUT /api/admin/users/:id should update user role to vendor","invocations":1,"location":null,"numPassingAsserts":1,"retryReasons":[],"startAt":1757106121546,"status":"passed","title":"should update user role to vendor"},{"ancestorTitles":["Admin Routes","PUT /api/admin/users/:id"],"duration":5,"failing":false,"failureDetails":[],"failureMessages":[],"fullName":"Admin Routes PUT /api/admin/users/:id should return 400 for malformed user ID","invocations":1,"location":null,"numPassingAsserts":1,"retryReasons":[],"startAt":1757106121551,"status":"passed","title":"should return 400 for malformed user ID"},{"ancestorTitles":["Admin Routes","PUT /api/admin/users/:id"],"duration":8,"failing":false,"failureDetails":[],"failureMessages":[],"fullName":"Admin Routes PUT /api/admin/users/:id should return 404 for non-existent user","invocations":1,"location":null,"numPassingAsserts":1,"retryReasons":[],"startAt":1757106121556,"status":"passed","title":"should return 404 for non-existent user"},{"ancestorTitles":["Admin Routes","PUT /api/admin/users/:id"],"duration":5,"failing":false,"failureDetails":[],"failureMessages":[],"fullName":"Admin Routes PUT /api/admin/users/:id should block user from self-escalating role","invocations":1,"location":null,"numPassingAsserts":1,"retryReasons":[],"startAt":1757106121564,"status":"passed","title":"should block user from self-escalating role"},{"ancestorTitles":["Admin Routes","DELETE /api/admin/users/:id"],"duration":5,"failing":false,"failureDetails":[],"failureMessages":[],"fullName":"Admin Routes DELETE /api/admin/users/:id should delete user if authorized","invocations":1,"location":null,"numPassingAsserts":1,"retryReasons":[],"startAt":1757106121569,"status":"passed","title":"should delete user if authorized"},{"ancestorTitles":["Admin Routes","DELETE /api/admin/users/:id"],"duration":4,"failing":false,"failureDetails":[],"failureMessages":[],"fullName":"Admin Routes DELETE /api/admin/users/:id should return 400 for malformed ID","invocations":1,"location":null,"numPassingAsserts":1,"retryReasons":[],"startAt":1757106121574,"status":"passed","title":"should return 400 for malformed ID"},{"ancestorTitles":["Admin Routes","DELETE /api/admin/users/:id"],"duration":5,"failing":false,"failureDetails":[],"failureMessages":[],"fullName":"Admin Routes DELETE /api/admin/users/:id should return 404 for non-existent user","invocations":1,"location":null,"numPassingAsserts":1,"retryReasons":[],"startAt":1757106121578,"status":"passed","title":"should return 404 for non-existent user"},{"ancestorTitles":["Admin Routes","GET /api/admin/orders"],"duration":23,"failing":false,"failureDetails":[],"failureMessages":[],"fullName":"Admin Routes GET /api/admin/orders should return all orders for admin","invocations":1,"location":null,"numPassingAsserts":2,"retryReasons":[],"startAt":1757106121583,"status":"passed","title":"should return all orders for admin"},{"ancestorTitles":["Admin Routes","GET /api/admin/orders"],"duration":12,"failing":false,"failureDetails":[],"failureMessages":[],"fullName":"Admin Routes GET /api/admin/orders should block non-admin","invocations":1,"location":null,"numPassingAsserts":1,"retryReasons":[],"startAt":1757106121606,"status":"passed","title":"should block non-admin"},{"ancestorTitles":["Admin Routes","GET /api/admin/orders"],"duration":12,"failing":false,"failureDetails":[],"failureMessages":[],"fullName":"Admin Routes GET /api/admin/orders should fail without token","invocations":1,"location":null,"numPassingAsserts":1,"retryReasons":[],"startAt":1757106121618,"status":"passed","title":"should fail without token"},{"ancestorTitles":["Admin Routes","PUT /api/admin/orders/:id/status"],"duration":4,"failing":false,"failureDetails":[],"failureMessages":[],"fullName":"Admin Routes PUT /api/admin/orders/:id/status should update order status","invocations":1,"location":null,"numPassingAsserts":0,"retryReasons":[],"startAt":1757106121630,"status":"passed","title":"should update order status"},{"ancestorTitles":["Admin Routes","PUT /api/admin/orders/:id/status"],"duration":5,"failing":false,"failureDetails":[],"failureMessages":[],"fullName":"Admin Routes PUT /api/admin/orders/:id/status should return 400 for malformed ID","invocations":1,"location":null,"numPassingAsserts":1,"retryReasons":[],"startAt":1757106121635,"status":"passed","title":"should return 400 for malformed ID"},{"ancestorTitles":["Admin Routes","PUT /api/admin/orders/:id/status"],"duration":4,"failing":false,"failureDetails":[],"failureMessages":[],"fullName":"Admin Routes PUT /api/admin/orders/:id/status should return 404 for non-existent order","invocations":1,"location":null,"numPassingAsserts":1,"retryReasons":[],"startAt":1757106121640,"status":"passed","title":"should return 404 for non-existent order"}],"endTime":1757106121663,"message":"","name":"C:\\Dev\\Merkato\\backend\\tests\\integration\\adminRoutes.test.js","startTime":1757106119313,"status":"passed","summary":""},{"assertionResults":[{"ancestorTitles":["Feedback Routes"],"duration":25,"failing":false,"failureDetails":[],"failureMessages":[],"fullName":"Feedback Routes should allow second user to submit feedback","invocations":1,"location":null,"numPassingAsserts":2,"retryReasons":[],"startAt":1757106123808,"status":"passed","title":"should allow second user to submit feedback"},{"ancestorTitles":["Feedback Routes"],"duration":10,"failing":false,"failureDetails":[],"failureMessages":[],"fullName":"Feedback Routes should fail without token","invocations":1,"location":null,"numPassingAsserts":1,"retryReasons":[],"startAt":1757106123834,"status":"passed","title":"should fail without token"},{"ancestorTitles":["Feedback Routes"],"duration":16,"failing":false,"failureDetails":[],"failureMessages":[],"fullName":"Feedback Routes should return 400 for missing message","invocations":1,"location":null,"numPassingAsserts":1,"retryReasons":[],"startAt":1757106123844,"status":"passed","title":"should return 400 for missing message"},{"ancestorTitles":["GET /api/feedback"],"duration":43,"failing":false,"failureDetails":[],"failureMessages":[],"fullName":"GET /api/feedback should allow admin to view all feedback","invocations":1,"location":null,"numPassingAsserts":2,"retryReasons":[],"startAt":1757106123860,"status":"passed","title":"should allow admin to view all feedback"},{"ancestorTitles":["GET /api/feedback"],"duration":27,"failing":false,"failureDetails":[],"failureMessages":[],"fullName":"GET /api/feedback should support pagination if implemented","invocations":1,"location":null,"numPassingAsserts":1,"retryReasons":[],"startAt":1757106123904,"status":"passed","title":"should support pagination if implemented"},{"ancestorTitles":["GET /api/feedback"],"duration":26,"failing":false,"failureDetails":[],"failureMessages":[],"fullName":"GET /api/feedback should filter feedback by type if supported","invocations":1,"location":null,"numPassingAsserts":1,"retryReasons":[],"startAt":1757106123931,"status":"passed","title":"should filter feedback by type if supported"},{"ancestorTitles":["GET /api/feedback"],"duration":14,"failing":false,"failureDetails":[],"failureMessages":[],"fullName":"GET /api/feedback should block non-admin","invocations":1,"location":null,"numPassingAsserts":1,"retryReasons":[],"startAt":1757106123957,"status":"passed","title":"should block non-admin"},{"ancestorTitles":["GET /api/feedback"],"duration":10,"failing":false,"failureDetails":[],"failureMessages":[],"fullName":"GET /api/feedback should fail without token","invocations":1,"location":null,"numPassingAsserts":1,"retryReasons":[],"startAt":1757106123972,"status":"passed","title":"should fail without token"},{"ancestorTitles":["PUT /api/feedback/:id"],"duration":1,"failing":false,"failureDetails":[],"failureMessages":[],"fullName":"PUT /api/feedback/:id should allow user to update their own feedback if supported","invocations":1,"location":null,"numPassingAsserts":0,"retryReasons":[],"startAt":1757106123982,"status":"passed","title":"should allow user to update their own feedback if supported"},{"ancestorTitles":["PUT /api/feedback/:id"],"duration":6,"failing":false,"failureDetails":[],"failureMessages":[],"fullName":"PUT /api/feedback/:id should return 404 for non-existent feedback","invocations":1,"location":null,"numPassingAsserts":1,"retryReasons":[],"startAt":1757106123983,"status":"passed","title":"should return 404 for non-existent feedback"},{"ancestorTitles":["PUT /api/feedback/:id"],"duration":5,"failing":false,"failureDetails":[],"failureMessages":[],"fullName":"PUT /api/feedback/:id should return 400 for malformed ID","invocations":1,"location":null,"numPassingAsserts":1,"retryReasons":[],"startAt":1757106123989,"status":"passed","title":"should return 400 for malformed ID"},{"ancestorTitles":["PUT /api/feedback/:id"],"duration":0,"failing":false,"failureDetails":[],"failureMessages":[],"fullName":"PUT /api/feedback/:id should block other users from editing feedback","invocations":1,"location":null,"numPassingAsserts":0,"retryReasons":[],"startAt":1757106123994,"status":"passed","title":"should block other users from editing feedback"},{"ancestorTitles":["DELETE /api/feedback/:id"],"duration":2,"failing":false,"failureDetails":[],"failureMessages":[],"fullName":"DELETE /api/feedback/:id should allow admin to delete feedback","invocations":1,"location":null,"numPassingAsserts":0,"retryReasons":[],"startAt":1757106123995,"status":"passed","title":"should allow admin to delete feedback"},{"ancestorTitles":["DELETE /api/feedback/:id"],"duration":0,"failing":false,"failureDetails":[],"failureMessages":[],"fullName":"DELETE /api/feedback/:id should allow user to delete own feedback if supported","invocations":1,"location":null,"numPassingAsserts":0,"retryReasons":[],"startAt":1757106123998,"status":"passed","title":"should allow user to delete own feedback if supported"},{"ancestorTitles":["DELETE /api/feedback/:id"],"duration":6,"failing":false,"failureDetails":[],"failureMessages":[],"fullName":"DELETE /api/feedback/:id should return 404 for non-existent feedback","invocations":1,"location":null,"numPassingAsserts":1,"retryReasons":[],"startAt":1757106123998,"status":"passed","title":"should return 404 for non-existent feedback"},{"ancestorTitles":["DELETE /api/feedback/:id"],"duration":4,"failing":false,"failureDetails":[],"failureMessages":[],"fullName":"DELETE /api/feedback/:id should return 400 for malformed ID","invocations":1,"location":null,"numPassingAsserts":1,"retryReasons":[],"startAt":1757106124005,"status":"passed","title":"should return 400 for malformed ID"},{"ancestorTitles":["DELETE /api/feedback/:id"],"duration":1,"failing":false,"failureDetails":[],"failureMessages":[],"fullName":"DELETE /api/feedback/:id should block unauthorized deletion","invocations":1,"location":null,"numPassingAsserts":0,"retryReasons":[],"startAt":1757106124009,"status":"passed","title":"should block unauthorized deletion"}],"endTime":1757106124012,"message":"","name":"C:\\Dev\\Merkato\\backend\\tests\\integration\\feedbackRoutes.test.js","startTime":1757106121771,"status":"passed","summary":""},{"assertionResults":[{"ancestorTitles":["Support Routes","POST /api/support"],"duration":26,"failing":false,"failureDetails":[],"failureMessages":[],"fullName":"Support Routes POST /api/support should allow user to submit a support ticket","invocations":1,"location":null,"numPassingAsserts":3,"retryReasons":[],"startAt":1757106126050,"status":"passed","title":"should allow user to submit a support ticket"},{"ancestorTitles":["Support Routes","POST /api/support"],"duration":17,"failing":false,"failureDetails":[],"failureMessages":[],"fullName":"Support Routes POST /api/support should allow second user to submit ticket","invocations":1,"location":null,"numPassingAsserts":2,"retryReasons":[],"startAt":1757106126077,"status":"passed","title":"should allow second user to submit ticket"},{"ancestorTitles":["Support Routes","POST /api/support"],"duration":10,"failing":false,"failureDetails":[],"failureMessages":[],"fullName":"Support Routes POST /api/support should reject submission without token","invocations":1,"location":null,"numPassingAsserts":1,"retryReasons":[],"startAt":1757106126095,"status":"passed","title":"should reject submission without token"},{"ancestorTitles":["Support Routes","POST /api/support"],"duration":14,"failing":false,"failureDetails":[],"failureMessages":[],"fullName":"Support Routes POST /api/support should return 400 for missing fields","invocations":1,"location":null,"numPassingAsserts":1,"retryReasons":[],"startAt":1757106126106,"status":"passed","title":"should return 400 for missing fields"},{"ancestorTitles":["Support Routes","GET /api/support/user"],"duration":23,"failing":false,"failureDetails":[],"failureMessages":[],"fullName":"Support Routes GET /api/support/user should allow user to view their own tickets","invocations":1,"location":null,"numPassingAsserts":2,"retryReasons":[],"startAt":1757106126120,"status":"passed","title":"should allow user to view their own tickets"},{"ancestorTitles":["Support Routes","GET /api/support/user"],"duration":18,"failing":false,"failureDetails":[],"failureMessages":[],"fullName":"Support Routes GET /api/support/user should allow second user to view their own tickets","invocations":1,"location":null,"numPassingAsserts":2,"retryReasons":[],"startAt":1757106126143,"status":"passed","title":"should allow second user to view their own tickets"},{"ancestorTitles":["Support Routes","GET /api/support/user"],"duration":12,"failing":false,"failureDetails":[],"failureMessages":[],"fullName":"Support Routes GET /api/support/user should block unauthenticated access","invocations":1,"location":null,"numPassingAsserts":1,"retryReasons":[],"startAt":1757106126162,"status":"passed","title":"should block unauthenticated access"},{"ancestorTitles":["Support Routes","GET /api/support"],"duration":14,"failing":false,"failureDetails":[],"failureMessages":[],"fullName":"Support Routes GET /api/support should allow admin to view all tickets","invocations":1,"location":null,"numPassingAsserts":1,"retryReasons":[],"startAt":1757106126175,"status":"passed","title":"should allow admin to view all tickets"},{"ancestorTitles":["Support Routes","GET /api/support"],"duration":14,"failing":false,"failureDetails":[],"failureMessages":[],"fullName":"Support Routes GET /api/support should support category filtering if implemented","invocations":1,"location":null,"numPassingAsserts":1,"retryReasons":[],"startAt":1757106126190,"status":"passed","title":"should support category filtering if implemented"},{"ancestorTitles":["Support Routes","GET /api/support"],"duration":13,"failing":false,"failureDetails":[],"failureMessages":[],"fullName":"Support Routes GET /api/support should block non-admin from viewing all tickets","invocations":1,"location":null,"numPassingAsserts":1,"retryReasons":[],"startAt":1757106126205,"status":"passed","title":"should block non-admin from viewing all tickets"},{"ancestorTitles":["Support Routes","PUT /api/support/:id"],"duration":14,"failing":false,"failureDetails":[],"failureMessages":[],"fullName":"Support Routes PUT /api/support/:id should allow admin to update ticket status and response","invocations":1,"location":null,"numPassingAsserts":1,"retryReasons":[],"startAt":1757106126218,"status":"passed","title":"should allow admin to update ticket status and response"},{"ancestorTitles":["Support Routes","PUT /api/support/:id"],"duration":13,"failing":false,"failureDetails":[],"failureMessages":[],"fullName":"Support Routes PUT /api/support/:id should return 400 for malformed ID","invocations":1,"location":null,"numPassingAsserts":1,"retryReasons":[],"startAt":1757106126232,"status":"passed","title":"should return 400 for malformed ID"},{"ancestorTitles":["Support Routes","PUT /api/support/:id"],"duration":12,"failing":false,"failureDetails":[],"failureMessages":[],"fullName":"Support Routes PUT /api/support/:id should return 404 for non-existent ticket","invocations":1,"location":null,"numPassingAsserts":1,"retryReasons":[],"startAt":1757106126245,"status":"passed","title":"should return 404 for non-existent ticket"},{"ancestorTitles":["Support Routes","PUT /api/support/:id"],"duration":12,"failing":false,"failureDetails":[],"failureMessages":[],"fullName":"Support Routes PUT /api/support/:id should block non-admin from updating ticket","invocations":1,"location":null,"numPassingAsserts":1,"retryReasons":[],"startAt":1757106126258,"status":"passed","title":"should block non-admin from updating ticket"},{"ancestorTitles":["Support Routes","PUT /api/support/:id"],"duration":12,"failing":false,"failureDetails":[],"failureMessages":[],"fullName":"Support Routes PUT /api/support/:id should block another user from updating ticket","invocations":1,"location":null,"numPassingAsserts":1,"retryReasons":[],"startAt":1757106126270,"status":"passed","title":"should block another user from updating ticket"},{"ancestorTitles":["Support Routes","DELETE /api/support/:id"],"duration":7,"failing":false,"failureDetails":[],"failureMessages":[],"fullName":"Support Routes DELETE /api/support/:id should allow admin to delete a ticket","invocations":1,"location":null,"numPassingAsserts":1,"retryReasons":[],"startAt":1757106126282,"status":"passed","title":"should allow admin to delete a ticket"},{"ancestorTitles":["Support Routes","DELETE /api/support/:id"],"duration":5,"failing":false,"failureDetails":[],"failureMessages":[],"fullName":"Support Routes DELETE /api/support/:id should return 400 for malformed ID","invocations":1,"location":null,"numPassingAsserts":1,"retryReasons":[],"startAt":1757106126289,"status":"passed","title":"should return 400 for malformed ID"},{"ancestorTitles":["Support Routes","DELETE /api/support/:id"],"duration":4,"failing":false,"failureDetails":[],"failureMessages":[],"fullName":"Support Routes DELETE /api/support/:id should return 404 for non-existent ticket","invocations":1,"location":null,"numPassingAsserts":1,"retryReasons":[],"startAt":1757106126295,"status":"passed","title":"should return 404 for non-existent ticket"},{"ancestorTitles":["Support Routes","DELETE /api/support/:id"],"duration":7,"failing":false,"failureDetails":[],"failureMessages":[],"fullName":"Support Routes DELETE /api/support/:id should block non-admin from deleting ticket","invocations":1,"location":null,"numPassingAsserts":1,"retryReasons":[],"startAt":1757106126299,"status":"passed","title":"should block non-admin from deleting ticket"},{"ancestorTitles":["Support Routes","DELETE /api/support/:id"],"duration":8,"failing":false,"failureDetails":[],"failureMessages":[],"fullName":"Support Routes DELETE /api/support/:id should block another user from deleting ticket","invocations":1,"location":null,"numPassingAsserts":1,"retryReasons":[],"startAt":1757106126307,"status":"passed","title":"should block another user from deleting ticket"}],"endTime":1757106126330,"message":"","name":"C:\\Dev\\Merkato\\backend\\tests\\integration\\supportRoutes.test.js","startTime":1757106124122,"status":"passed","summary":""},{"assertionResults":[{"ancestorTitles":["Review Routes","POST /api/products/:productId/reviews"],"duration":6,"failing":false,"failureDetails":[],"failureMessages":[],"fullName":"Review Routes POST /api/products/:productId/reviews should create a review","invocations":1,"location":null,"numPassingAsserts":1,"retryReasons":[],"startAt":1757106128155,"status":"passed","title":"should create a review"},{"ancestorTitles":["Review Routes","POST /api/products/:productId/reviews"],"duration":3,"failing":false,"failureDetails":[],"failureMessages":[],"fullName":"Review Routes POST /api/products/:productId/reviews should fail without token","invocations":1,"location":null,"numPassingAsserts":1,"retryReasons":[],"startAt":1757106128162,"status":"passed","title":"should fail without token"},{"ancestorTitles":["Review Routes","POST /api/products/:productId/reviews"],"duration":3,"failing":false,"failureDetails":[],"failureMessages":[],"fullName":"Review Routes POST /api/products/:productId/reviews should return 400 for missing rating or comment","invocations":1,"location":null,"numPassingAsserts":1,"retryReasons":[],"startAt":1757106128166,"status":"passed","title":"should return 400 for missing rating or comment"},{"ancestorTitles":["Review Routes","POST /api/products/:productId/reviews"],"duration":5,"failing":false,"failureDetails":[],"failureMessages":[],"fullName":"Review Routes POST /api/products/:productId/reviews should prevent duplicate reviews by same user","invocations":1,"location":null,"numPassingAsserts":1,"retryReasons":[],"startAt":1757106128169,"status":"passed","title":"should prevent duplicate reviews by same user"},{"ancestorTitles":["Review Routes","PUT /api/reviews/:id"],"duration":4,"failing":false,"failureDetails":[],"failureMessages":[],"fullName":"Review Routes PUT /api/reviews/:id should update a review","invocations":1,"location":null,"numPassingAsserts":1,"retryReasons":[],"startAt":1757106128174,"status":"passed","title":"should update a review"},{"ancestorTitles":["Review Routes","PUT /api/reviews/:id"],"duration":5,"failing":false,"failureDetails":[],"failureMessages":[],"fullName":"Review Routes PUT /api/reviews/:id should return 400 for malformed ID","invocations":1,"location":null,"numPassingAsserts":1,"retryReasons":[],"startAt":1757106128178,"status":"passed","title":"should return 400 for malformed ID"},{"ancestorTitles":["Review Routes","PUT /api/reviews/:id"],"duration":4,"failing":false,"failureDetails":[],"failureMessages":[],"fullName":"Review Routes PUT /api/reviews/:id should not allow another user to update review","invocations":1,"location":null,"numPassingAsserts":1,"retryReasons":[],"startAt":1757106128183,"status":"passed","title":"should not allow another user to update review"},{"ancestorTitles":["Review Routes","DELETE /api/reviews/:id"],"duration":15,"failing":false,"failureDetails":[],"failureMessages":[],"fullName":"Review Routes DELETE /api/reviews/:id should delete a review","invocations":1,"location":null,"numPassingAsserts":1,"retryReasons":[],"startAt":1757106128187,"status":"passed","title":"should delete a review"},{"ancestorTitles":["Review Routes","DELETE /api/reviews/:id"],"duration":13,"failing":false,"failureDetails":[],"failureMessages":[],"fullName":"Review Routes DELETE /api/reviews/:id should return 404 for non-existent review","invocations":1,"location":null,"numPassingAsserts":1,"retryReasons":[],"startAt":1757106128203,"status":"passed","title":"should return 404 for non-existent review"},{"ancestorTitles":["Review Routes","DELETE /api/reviews/:id"],"duration":10,"failing":false,"failureDetails":[],"failureMessages":[],"fullName":"Review Routes DELETE /api/reviews/:id should return 400 for malformed ID","invocations":1,"location":null,"numPassingAsserts":1,"retryReasons":[],"startAt":1757106128216,"status":"passed","title":"should return 400 for malformed ID"},{"ancestorTitles":["Review Routes","DELETE /api/reviews/:id"],"duration":10,"failing":false,"failureDetails":[],"failureMessages":[],"fullName":"Review Routes DELETE /api/reviews/:id should not allow another user to delete review","invocations":1,"location":null,"numPassingAsserts":1,"retryReasons":[],"startAt":1757106128227,"status":"passed","title":"should not allow another user to delete review"},{"ancestorTitles":["Review Routes","DELETE /api/reviews/:id"],"duration":1,"failing":false,"failureDetails":[],"failureMessages":[],"fullName":"Review Routes DELETE /api/reviews/:id should allow admin to delete any review","invocations":1,"location":null,"numPassingAsserts":0,"retryReasons":[],"startAt":1757106128237,"status":"passed","title":"should allow admin to delete any review"},{"ancestorTitles":["Review Routes","GET /api/reviews/product/:productId"],"duration":5,"failing":false,"failureDetails":[],"failureMessages":[],"fullName":"Review Routes GET /api/reviews/product/:productId should return reviews for product","invocations":1,"location":null,"numPassingAsserts":1,"retryReasons":[],"startAt":1757106128238,"status":"passed","title":"should return reviews for product"},{"ancestorTitles":["Review Routes","GET /api/reviews/product/:productId"],"duration":3,"failing":false,"failureDetails":[],"failureMessages":[],"fullName":"Review Routes GET /api/reviews/product/:productId should return 400 for malformed ID","invocations":1,"location":null,"numPassingAsserts":1,"retryReasons":[],"startAt":1757106128243,"status":"passed","title":"should return 400 for malformed ID"}],"endTime":1757106128249,"message":"","name":"C:\\Dev\\Merkato\\backend\\tests\\integration\\reviewRoutes.test.js","startTime":1757106126436,"status":"passed","summary":""},{"assertionResults":[{"ancestorTitles":["Review Moderation Routes","GET /api/admin/reviews"],"duration":12,"failing":false,"failureDetails":[],"failureMessages":[],"fullName":"Review Moderation Routes GET /api/admin/reviews should allow admin to view flagged reviews","invocations":1,"location":null,"numPassingAsserts":1,"retryReasons":[],"startAt":1757106129836,"status":"passed","title":"should allow admin to view flagged reviews"},{"ancestorTitles":["Review Moderation Routes","GET /api/admin/reviews"],"duration":11,"failing":false,"failureDetails":[],"failureMessages":[],"fullName":"Review Moderation Routes GET /api/admin/reviews should support pagination/filtering if implemented","invocations":1,"location":null,"numPassingAsserts":1,"retryReasons":[],"startAt":1757106129848,"status":"passed","title":"should support pagination/filtering if implemented"},{"ancestorTitles":["Review Moderation Routes","GET /api/admin/reviews"],"duration":9,"failing":false,"failureDetails":[],"failureMessages":[],"fullName":"Review Moderation Routes GET /api/admin/reviews should block non-admin access","invocations":1,"location":null,"numPassingAsserts":1,"retryReasons":[],"startAt":1757106129860,"status":"passed","title":"should block non-admin access"},{"ancestorTitles":["Review Moderation Routes","GET /api/admin/reviews"],"duration":9,"failing":false,"failureDetails":[],"failureMessages":[],"fullName":"Review Moderation Routes GET /api/admin/reviews should fail without token","invocations":1,"location":null,"numPassingAsserts":1,"retryReasons":[],"startAt":1757106129869,"status":"passed","title":"should fail without token"},{"ancestorTitles":["Review Moderation Routes","PUT /api/admin/reviews/:reviewId/hide"],"duration":5,"failing":false,"failureDetails":[],"failureMessages":[],"fullName":"Review Moderation Routes PUT /api/admin/reviews/:reviewId/hide should allow admin to hide review","invocations":1,"location":null,"numPassingAsserts":0,"retryReasons":[],"startAt":1757106129878,"status":"passed","title":"should allow admin to hide review"},{"ancestorTitles":["Review Moderation Routes","PUT /api/admin/reviews/:reviewId/hide"],"duration":0,"failing":false,"failureDetails":[],"failureMessages":[],"fullName":"Review Moderation Routes PUT /api/admin/reviews/:reviewId/hide should be idempotent if already hidden","invocations":1,"location":null,"numPassingAsserts":0,"retryReasons":[],"startAt":1757106129883,"status":"passed","title":"should be idempotent if already hidden"},{"ancestorTitles":["Review Moderation Routes","PUT /api/admin/reviews/:reviewId/hide"],"duration":1,"failing":false,"failureDetails":[],"failureMessages":[],"fullName":"Review Moderation Routes PUT /api/admin/reviews/:reviewId/hide should block non-admin from hiding review","invocations":1,"location":null,"numPassingAsserts":0,"retryReasons":[],"startAt":1757106129883,"status":"passed","title":"should block non-admin from hiding review"},{"ancestorTitles":["Review Moderation Routes","PUT /api/admin/reviews/:reviewId/hide"],"duration":5,"failing":false,"failureDetails":[],"failureMessages":[],"fullName":"Review Moderation Routes PUT /api/admin/reviews/:reviewId/hide should return 400 for malformed ID","invocations":1,"location":null,"numPassingAsserts":1,"retryReasons":[],"startAt":1757106129884,"status":"passed","title":"should return 400 for malformed ID"},{"ancestorTitles":["Review Moderation Routes","PUT /api/admin/reviews/:reviewId/hide"],"duration":4,"failing":false,"failureDetails":[],"failureMessages":[],"fullName":"Review Moderation Routes PUT /api/admin/reviews/:reviewId/hide should return 404 for non-existent review","invocations":1,"location":null,"numPassingAsserts":1,"retryReasons":[],"startAt":1757106129889,"status":"passed","title":"should return 404 for non-existent review"},{"ancestorTitles":["Review Moderation Routes","PUT /api/admin/reviews/:reviewId/unhide"],"duration":1,"failing":false,"failureDetails":[],"failureMessages":[],"fullName":"Review Moderation Routes PUT /api/admin/reviews/:reviewId/unhide should allow admin to unhide review","invocations":1,"location":null,"numPassingAsserts":0,"retryReasons":[],"startAt":1757106129893,"status":"passed","title":"should allow admin to unhide review"},{"ancestorTitles":["Review Moderation Routes","PUT /api/admin/reviews/:reviewId/unhide"],"duration":0,"failing":false,"failureDetails":[],"failureMessages":[],"fullName":"Review Moderation Routes PUT /api/admin/reviews/:reviewId/unhide should be idempotent if already unhidden","invocations":1,"location":null,"numPassingAsserts":0,"retryReasons":[],"startAt":1757106129894,"status":"passed","title":"should be idempotent if already unhidden"},{"ancestorTitles":["Review Moderation Routes","PUT /api/admin/reviews/:reviewId/unhide"],"duration":0,"failing":false,"failureDetails":[],"failureMessages":[],"fullName":"Review Moderation Routes PUT /api/admin/reviews/:reviewId/unhide should block non-admin from unhiding review","invocations":1,"location":null,"numPassingAsserts":0,"retryReasons":[],"startAt":1757106129894,"status":"passed","title":"should block non-admin from unhiding review"},{"ancestorTitles":["Review Moderation Routes","PUT /api/admin/reviews/:reviewId/unhide"],"duration":3,"failing":false,"failureDetails":[],"failureMessages":[],"fullName":"Review Moderation Routes PUT /api/admin/reviews/:reviewId/unhide should return 400 for malformed ID","invocations":1,"location":null,"numPassingAsserts":1,"retryReasons":[],"startAt":1757106129895,"status":"passed","title":"should return 400 for malformed ID"},{"ancestorTitles":["Review Moderation Routes","PUT /api/admin/reviews/:reviewId/unhide"],"duration":4,"failing":false,"failureDetails":[],"failureMessages":[],"fullName":"Review Moderation Routes PUT /api/admin/reviews/:reviewId/unhide should return 404 for non-existent review","invocations":1,"location":null,"numPassingAsserts":1,"retryReasons":[],"startAt":1757106129898,"status":"passed","title":"should return 404 for non-existent review"},{"ancestorTitles":["Review Moderation Routes","DELETE /api/admin/reviews/:reviewId"],"duration":1,"failing":false,"failureDetails":[],"failureMessages":[],"fullName":"Review Moderation Routes DELETE /api/admin/reviews/:reviewId should allow admin to permanently delete a review","invocations":1,"location":null,"numPassingAsserts":0,"retryReasons":[],"startAt":1757106129902,"status":"passed","title":"should allow admin to permanently delete a review"},{"ancestorTitles":["Review Moderation Routes","DELETE /api/admin/reviews/:reviewId"],"duration":0,"failing":false,"failureDetails":[],"failureMessages":[],"fullName":"Review Moderation Routes DELETE /api/admin/reviews/:reviewId should block non-admin from deleting review","invocations":1,"location":null,"numPassingAsserts":0,"retryReasons":[],"startAt":1757106129903,"status":"passed","title":"should block non-admin from deleting review"},{"ancestorTitles":["Review Moderation Routes","DELETE /api/admin/reviews/:reviewId"],"duration":10,"failing":false,"failureDetails":[],"failureMessages":[],"fullName":"Review Moderation Routes DELETE /api/admin/reviews/:reviewId should return 400 for malformed ID","invocations":1,"location":null,"numPassingAsserts":1,"retryReasons":[],"startAt":1757106129903,"status":"passed","title":"should return 400 for malformed ID"},{"ancestorTitles":["Review Moderation Routes","DELETE /api/admin/reviews/:reviewId"],"duration":10,"failing":false,"failureDetails":[],"failureMessages":[],"fullName":"Review Moderation Routes DELETE /api/admin/reviews/:reviewId should return 404 for non-existent review","invocations":1,"location":null,"numPassingAsserts":1,"retryReasons":[],"startAt":1757106129913,"status":"passed","title":"should return 404 for non-existent review"}],"endTime":1757106129925,"message":"","name":"C:\\Dev\\Merkato\\backend\\tests\\integration\\reviewModerationRoutes.test.js","startTime":1757106128338,"status":"passed","summary":""},{"assertionResults":[{"ancestorTitles":["Customer Routes","Addresses API"],"duration":27,"failing":false,"failureDetails":[],"failureMessages":[],"fullName":"Customer Routes Addresses API should add a new address","invocations":1,"location":null,"numPassingAsserts":3,"retryReasons":[],"startAt":1757106131611,"status":"passed","title":"should add a new address"},{"ancestorTitles":["Customer Routes","Addresses API"],"duration":19,"failing":false,"failureDetails":[],"failureMessages":[],"fullName":"Customer Routes Addresses API should get all addresses","invocations":1,"location":null,"numPassingAsserts":2,"retryReasons":[],"startAt":1757106131639,"status":"passed","title":"should get all addresses"},{"ancestorTitles":["Customer Routes","Addresses API"],"duration":19,"failing":false,"failureDetails":[],"failureMessages":[],"fullName":"Customer Routes Addresses API should update an address","invocations":1,"location":null,"numPassingAsserts":3,"retryReasons":[],"startAt":1757106131658,"status":"passed","title":"should update an address"},{"ancestorTitles":["Customer Routes","Addresses API"],"duration":16,"failing":false,"failureDetails":[],"failureMessages":[],"fullName":"Customer Routes Addresses API should set address as default","invocations":1,"location":null,"numPassingAsserts":3,"retryReasons":[],"startAt":1757106131678,"status":"passed","title":"should set address as default"},{"ancestorTitles":["Customer Routes","Addresses API"],"duration":17,"failing":false,"failureDetails":[],"failureMessages":[],"fullName":"Customer Routes Addresses API should delete an address","invocations":1,"location":null,"numPassingAsserts":2,"retryReasons":[],"startAt":1757106131695,"status":"passed","title":"should delete an address"}],"endTime":1757106131720,"message":"","name":"C:\\Dev\\Merkato\\backend\\tests\\integration\\customerRoutes.test.js","startTime":1757106130010,"status":"passed","summary":""},{"assertionResults":[{"ancestorTitles":["Stripe Routes","POST /api/stripe/create-checkout-session"],"duration":13,"failing":false,"failureDetails":[],"failureMessages":[],"fullName":"Stripe Routes POST /api/stripe/create-checkout-session should reject without token","invocations":1,"location":null,"numPassingAsserts":1,"retryReasons":[],"startAt":1757106133426,"status":"passed","title":"should reject without token"},{"ancestorTitles":["Stripe Routes","POST /api/stripe/create-checkout-session"],"duration":16,"failing":false,"failureDetails":[],"failureMessages":[],"fullName":"Stripe Routes POST /api/stripe/create-checkout-session should return session URL or ID for valid request","invocations":1,"location":null,"numPassingAsserts":1,"retryReasons":[],"startAt":1757106133439,"status":"passed","title":"should return session URL or ID for valid request"},{"ancestorTitles":["Stripe Routes","POST /api/stripe/create-checkout-session"],"duration":14,"failing":false,"failureDetails":[],"failureMessages":[],"fullName":"Stripe Routes POST /api/stripe/create-checkout-session should return 400 for missing items","invocations":1,"location":null,"numPassingAsserts":1,"retryReasons":[],"startAt":1757106133455,"status":"passed","title":"should return 400 for missing items"},{"ancestorTitles":["Stripe Routes","POST /api/stripe/create-checkout-session"],"duration":12,"failing":false,"failureDetails":[],"failureMessages":[],"fullName":"Stripe Routes POST /api/stripe/create-checkout-session should return 400 for empty items array","invocations":1,"location":null,"numPassingAsserts":1,"retryReasons":[],"startAt":1757106133470,"status":"passed","title":"should return 400 for empty items array"},{"ancestorTitles":["Stripe Routes","POST /api/stripe/create-checkout-session"],"duration":13,"failing":false,"failureDetails":[],"failureMessages":[],"fullName":"Stripe Routes POST /api/stripe/create-checkout-session should return 400 for invalid productId","invocations":1,"location":null,"numPassingAsserts":1,"retryReasons":[],"startAt":1757106133482,"status":"passed","title":"should return 400 for invalid productId"},{"ancestorTitles":["Stripe Routes","POST /api/stripe/create-checkout-session"],"duration":16,"failing":false,"failureDetails":[],"failureMessages":[],"fullName":"Stripe Routes POST /api/stripe/create-checkout-session should return 400 for missing success/cancel URLs","invocations":1,"location":null,"numPassingAsserts":1,"retryReasons":[],"startAt":1757106133495,"status":"passed","title":"should return 400 for missing success/cancel URLs"},{"ancestorTitles":["Stripe Routes","POST /api/stripe/webhook"],"duration":5,"failing":false,"failureDetails":[],"failureMessages":[],"fullName":"Stripe Routes POST /api/stripe/webhook should return 400 for missing signature","invocations":1,"location":null,"numPassingAsserts":1,"retryReasons":[],"startAt":1757106133512,"status":"passed","title":"should return 400 for missing signature"},{"ancestorTitles":["Stripe Routes","POST /api/stripe/webhook"],"duration":4,"failing":false,"failureDetails":[],"failureMessages":[],"fullName":"Stripe Routes POST /api/stripe/webhook should reject with invalid signature","invocations":1,"location":null,"numPassingAsserts":1,"retryReasons":[],"startAt":1757106133518,"status":"passed","title":"should reject with invalid signature"},{"ancestorTitles":["Stripe Routes","POST /api/stripe/webhook"],"duration":4,"failing":false,"failureDetails":[],"failureMessages":[],"fullName":"Stripe Routes POST /api/stripe/webhook should accept mocked Stripe event (payment_intent.succeeded)","invocations":1,"location":null,"numPassingAsserts":1,"retryReasons":[],"startAt":1757106133522,"status":"passed","title":"should accept mocked Stripe event (payment_intent.succeeded)"},{"ancestorTitles":["Stripe Routes","POST /api/stripe/webhook"],"duration":4,"failing":false,"failureDetails":[],"failureMessages":[],"fullName":"Stripe Routes POST /api/stripe/webhook should return 400 for unsupported event type","invocations":1,"location":null,"numPassingAsserts":1,"retryReasons":[],"startAt":1757106133526,"status":"passed","title":"should return 400 for unsupported event type"},{"ancestorTitles":["Stripe Routes","POST /api/stripe/webhook"],"duration":11,"failing":false,"failureDetails":[],"failureMessages":[],"fullName":"Stripe Routes POST /api/stripe/webhook should return 400 for malformed JSON","invocations":1,"location":null,"numPassingAsserts":1,"retryReasons":[],"startAt":1757106133530,"status":"passed","title":"should return 400 for malformed JSON"},{"ancestorTitles":["Stripe Routes","GET /api/stripe/config"],"duration":7,"failing":false,"failureDetails":[],"failureMessages":[],"fullName":"Stripe Routes GET /api/stripe/config should return publishable key from env","invocations":1,"location":null,"numPassingAsserts":1,"retryReasons":[],"startAt":1757106133541,"status":"passed","title":"should return publishable key from env"}],"endTime":1757106133550,"message":"","name":"C:\\Dev\\Merkato\\backend\\tests\\integration\\stripeRoutes.test.js","startTime":1757106131820,"status":"passed","summary":""},{"assertionResults":[{"ancestorTitles":["Auth Routes","POST /api/auth/register"],"duration":96,"failing":false,"failureDetails":[],"failureMessages":[],"fullName":"Auth Routes POST /api/auth/register should register a new user","invocations":1,"location":null,"numPassingAsserts":1,"retryReasons":[],"startAt":1757106134997,"status":"passed","title":"should register a new user"},{"ancestorTitles":["Auth Routes","POST /api/auth/register"],"duration":16,"failing":false,"failureDetails":[],"failureMessages":[],"fullName":"Auth Routes POST /api/auth/register should not allow duplicate registration","invocations":1,"location":null,"numPassingAsserts":1,"retryReasons":[],"startAt":1757106135094,"status":"passed","title":"should not allow duplicate registration"},{"ancestorTitles":["Auth Routes","POST /api/auth/register"],"duration":6,"failing":false,"failureDetails":[],"failureMessages":[],"fullName":"Auth Routes POST /api/auth/register should return 400 for malformed email","invocations":1,"location":null,"numPassingAsserts":1,"retryReasons":[],"startAt":1757106135110,"status":"passed","title":"should return 400 for malformed email"},{"ancestorTitles":["Auth Routes","POST /api/auth/login"],"duration":138,"failing":false,"failureDetails":[],"failureMessages":[],"fullName":"Auth Routes POST /api/auth/login should login with valid credentials","invocations":1,"location":null,"numPassingAsserts":4,"retryReasons":[],"startAt":1757106135117,"status":"passed","title":"should login with valid credentials"},{"ancestorTitles":["Auth Routes","POST /api/auth/login"],"duration":110,"failing":false,"failureDetails":[],"failureMessages":[],"fullName":"Auth Routes POST /api/auth/login should fail with invalid credentials","invocations":1,"location":null,"numPassingAsserts":1,"retryReasons":[],"startAt":1757106135255,"status":"passed","title":"should fail with invalid credentials"},{"ancestorTitles":["Auth Routes","GET /api/auth/me"],"duration":15,"failing":false,"failureDetails":[],"failureMessages":[],"fullName":"Auth Routes GET /api/auth/me should get current user profile with token","invocations":1,"location":null,"numPassingAsserts":3,"retryReasons":[],"startAt":1757106135365,"status":"passed","title":"should get current user profile with token"},{"ancestorTitles":["Auth Routes","GET /api/auth/me"],"duration":8,"failing":false,"failureDetails":[],"failureMessages":[],"fullName":"Auth Routes GET /api/auth/me should fail without token","invocations":1,"location":null,"numPassingAsserts":1,"retryReasons":[],"startAt":1757106135380,"status":"passed","title":"should fail without token"}],"endTime":1757106135390,"message":"","name":"C:\\Dev\\Merkato\\backend\\tests\\integration\\authRoutes.test.js","startTime":1757106133641,"status":"passed","summary":""},{"assertionResults":[{"ancestorTitles":["Flag Routes","POST /api/flags/product/:productId"],"duration":5,"failing":false,"failureDetails":[],"failureMessages":[],"fullName":"Flag Routes POST /api/flags/product/:productId should fail without token","invocations":1,"location":null,"numPassingAsserts":0,"retryReasons":[],"startAt":1757106137014,"status":"passed","title":"should fail without token"},{"ancestorTitles":["Flag Routes","POST /api/flags/product/:productId"],"duration":1,"failing":false,"failureDetails":[],"failureMessages":[],"fullName":"Flag Routes POST /api/flags/product/:productId should flag a product","invocations":1,"location":null,"numPassingAsserts":0,"retryReasons":[],"startAt":1757106137019,"status":"passed","title":"should flag a product"},{"ancestorTitles":["Flag Routes","POST /api/flags/product/:productId"],"duration":0,"failing":false,"failureDetails":[],"failureMessages":[],"fullName":"Flag Routes POST /api/flags/product/:productId should not flag with missing reason","invocations":1,"location":null,"numPassingAsserts":0,"retryReasons":[],"startAt":1757106137020,"status":"passed","title":"should not flag with missing reason"},{"ancestorTitles":["Flag Routes","POST /api/flags/product/:productId"],"duration":8,"failing":false,"failureDetails":[],"failureMessages":[],"fullName":"Flag Routes POST /api/flags/product/:productId should return 404 for non-existent product","invocations":1,"location":null,"numPassingAsserts":1,"retryReasons":[],"startAt":1757106137020,"status":"passed","title":"should return 404 for non-existent product"},{"ancestorTitles":["Flag Routes","POST /api/flags/product/:productId"],"duration":5,"failing":false,"failureDetails":[],"failureMessages":[],"fullName":"Flag Routes POST /api/flags/product/:productId should return 400 for malformed product ID","invocations":1,"location":null,"numPassingAsserts":1,"retryReasons":[],"startAt":1757106137028,"status":"passed","title":"should return 400 for malformed product ID"},{"ancestorTitles":["Flag Routes","POST /api/flags/review/:reviewId"],"duration":2,"failing":false,"failureDetails":[],"failureMessages":[],"fullName":"Flag Routes POST /api/flags/review/:reviewId should flag a review","invocations":1,"location":null,"numPassingAsserts":0,"retryReasons":[],"startAt":1757106137034,"status":"passed","title":"should flag a review"},{"ancestorTitles":["Flag Routes","POST /api/flags/review/:reviewId"],"duration":1,"failing":false,"failureDetails":[],"failureMessages":[],"fullName":"Flag Routes POST /api/flags/review/:reviewId should fail with missing reason","invocations":1,"location":null,"numPassingAsserts":0,"retryReasons":[],"startAt":1757106137036,"status":"passed","title":"should fail with missing reason"},{"ancestorTitles":["Flag Routes","POST /api/flags/review/:reviewId"],"duration":3,"failing":false,"failureDetails":[],"failureMessages":[],"fullName":"Flag Routes POST /api/flags/review/:reviewId should return 404 for non-existent review","invocations":1,"location":null,"numPassingAsserts":1,"retryReasons":[],"startAt":1757106137037,"status":"passed","title":"should return 404 for non-existent review"},{"ancestorTitles":["Flag Routes","POST /api/flags/review/:reviewId"],"duration":5,"failing":false,"failureDetails":[],"failureMessages":[],"fullName":"Flag Routes POST /api/flags/review/:reviewId should return 400 for malformed review ID","invocations":1,"location":null,"numPassingAsserts":1,"retryReasons":[],"startAt":1757106137040,"status":"passed","title":"should return 400 for malformed review ID"},{"ancestorTitles":["Flag Routes","GET /api/flags"],"duration":10,"failing":false,"failureDetails":[],"failureMessages":[],"fullName":"Flag Routes GET /api/flags should allow admin to view all flags","invocations":1,"location":null,"numPassingAsserts":1,"retryReasons":[],"startAt":1757106137045,"status":"passed","title":"should allow admin to view all flags"},{"ancestorTitles":["Flag Routes","GET /api/flags"],"duration":10,"failing":false,"failureDetails":[],"failureMessages":[],"fullName":"Flag Routes GET /api/flags should block non-admin user","invocations":1,"location":null,"numPassingAsserts":1,"retryReasons":[],"startAt":1757106137056,"status":"passed","title":"should block non-admin user"},{"ancestorTitles":["Flag Routes","DELETE /api/flags/:flagId"],"duration":3,"failing":false,"failureDetails":[],"failureMessages":[],"fullName":"Flag Routes DELETE /api/flags/:flagId should allow admin to delete a flag","invocations":1,"location":null,"numPassingAsserts":0,"retryReasons":[],"startAt":1757106137066,"status":"passed","title":"should allow admin to delete a flag"},{"ancestorTitles":["Flag Routes","DELETE /api/flags/:flagId"],"duration":0,"failing":false,"failureDetails":[],"failureMessages":[],"fullName":"Flag Routes DELETE /api/flags/:flagId should block non-admin user","invocations":1,"location":null,"numPassingAsserts":0,"retryReasons":[],"startAt":1757106137069,"status":"passed","title":"should block non-admin user"},{"ancestorTitles":["Flag Routes","DELETE /api/flags/:flagId"],"duration":4,"failing":false,"failureDetails":[],"failureMessages":[],"fullName":"Flag Routes DELETE /api/flags/:flagId should return 404 for non-existent flag","invocations":1,"location":null,"numPassingAsserts":1,"retryReasons":[],"startAt":1757106137069,"status":"passed","title":"should return 404 for non-existent flag"},{"ancestorTitles":["Flag Routes","DELETE /api/flags/:flagId"],"duration":4,"failing":false,"failureDetails":[],"failureMessages":[],"fullName":"Flag Routes DELETE /api/flags/:flagId should return 400 for malformed flag ID","invocations":1,"location":null,"numPassingAsserts":1,"retryReasons":[],"startAt":1757106137074,"status":"passed","title":"should return 400 for malformed flag ID"}],"endTime":1757106137079,"message":"","name":"C:\\Dev\\Merkato\\backend\\tests\\integration\\flagRoutes.test.js","startTime":1757106135478,"status":"passed","summary":""},{"assertionResults":[{"ancestorTitles":["Product Routes","GET /api/products"],"duration":24,"failing":false,"failureDetails":[],"failureMessages":[],"fullName":"Product Routes GET /api/products should return product list","invocations":1,"location":null,"numPassingAsserts":2,"retryReasons":[],"startAt":1757106138682,"status":"passed","title":"should return product list"},{"ancestorTitles":["Product Routes"],"duration":19,"failing":false,"failureDetails":[],"failureMessages":[],"fullName":"Product Routes POST /api/products should create a new product (admin/vendor only)","invocations":1,"location":null,"numPassingAsserts":3,"retryReasons":[],"startAt":1757106138707,"status":"passed","title":"POST /api/products should create a new product (admin/vendor only)"},{"ancestorTitles":["Product Routes"],"duration":7,"failing":false,"failureDetails":[],"failureMessages":[],"fullName":"Product Routes GET /api/products/:id should fetch single product","invocations":1,"location":null,"numPassingAsserts":2,"retryReasons":[],"startAt":1757106138726,"status":"passed","title":"GET /api/products/:id should fetch single product"},{"ancestorTitles":["Product Routes"],"duration":18,"failing":false,"failureDetails":[],"failureMessages":[],"fullName":"Product Routes PUT /api/products/:id should update product","invocations":1,"location":null,"numPassingAsserts":1,"retryReasons":[],"startAt":1757106138734,"status":"passed","title":"PUT /api/products/:id should update product"},{"ancestorTitles":["Product Routes"],"duration":17,"failing":false,"failureDetails":[],"failureMessages":[],"fullName":"Product Routes DELETE /api/products/:id should delete product","invocations":1,"location":null,"numPassingAsserts":1,"retryReasons":[],"startAt":1757106138752,"status":"passed","title":"DELETE /api/products/:id should delete product"}],"endTime":1757106138771,"message":"","name":"C:\\Dev\\Merkato\\backend\\tests\\integration\\productRoutes.test.js","startTime":1757106137164,"status":"passed","summary":""},{"assertionResults":[{"ancestorTitles":["Guest Order Routes (placeholder)"],"duration":2,"failing":false,"failureDetails":[],"failureMessages":[],"fullName":"Guest Order Routes (placeholder) placeholder — replace with real tests","invocations":1,"location":null,"numPassingAsserts":1,"retryReasons":[],"startAt":1757106139345,"status":"passed","title":"placeholder — replace with real tests"}],"endTime":1757106139349,"message":"","name":"C:\\Dev\\Merkato\\backend\\tests\\integration\\guestOrderRoutes.test.js","startTime":1757106138859,"status":"passed","summary":""},{"assertionResults":[{"ancestorTitles":["Email Utils"],"duration":8,"failing":false,"failureDetails":[],"failureMessages":[],"fullName":"Email Utils sendOrderConfirmation sends a formatted email","invocations":1,"location":null,"numPassingAsserts":3,"retryReasons":[],"startAt":1757106139805,"status":"passed","title":"sendOrderConfirmation sends a formatted email"},{"ancestorTitles":["Email Utils"],"duration":3,"failing":false,"failureDetails":[],"failureMessages":[],"fullName":"Email Utils sendOrderConfirmation handles sendMail error and throws descriptive error","invocations":1,"location":null,"numPassingAsserts":1,"retryReasons":[],"startAt":1757106139814,"status":"passed","title":"sendOrderConfirmation handles sendMail error and throws descriptive error"},{"ancestorTitles":["Email Utils"],"duration":1,"failing":false,"failureDetails":[],"failureMessages":[],"fullName":"Email Utils sendPasswordResetEmail sends a reset email with token link","invocations":1,"location":null,"numPassingAsserts":3,"retryReasons":[],"startAt":1757106139818,"status":"passed","title":"sendPasswordResetEmail sends a reset email with token link"},{"ancestorTitles":["Email Utils"],"duration":3,"failing":false,"failureDetails":[],"failureMessages":[],"fullName":"Email Utils sendPasswordResetEmail handles sendMail error and throws descriptive error","invocations":1,"location":null,"numPassingAsserts":1,"retryReasons":[],"startAt":1757106139819,"status":"passed","title":"sendPasswordResetEmail handles sendMail error and throws descriptive error"},{"ancestorTitles":["Email Utils"],"duration":1,"failing":false,"failureDetails":[],"failureMessages":[],"fullName":"Email Utils testEmailConfig logs success in dev environment","invocations":1,"location":null,"numPassingAsserts":2,"retryReasons":[],"startAt":1757106139823,"status":"passed","title":"testEmailConfig logs success in dev environment"},{"ancestorTitles":["Email Utils"],"duration":1,"failing":false,"failureDetails":[],"failureMessages":[],"fullName":"Email Utils resetRateLimiter is a middleware function","invocations":1,"location":null,"numPassingAsserts":1,"retryReasons":[],"startAt":1757106139824,"status":"passed","title":"rese
[...]
rt":{"line":6,"column":25},"end":{"line":8,"column":1}},"line":6},"1":{"name":"alreadyClaimed","decl":{"start":{"line":10,"column":15},"end":{"line":10,"column":29}},"loc":{"start":{"line":10,"column":49},"end":{"line":13,"column":1}},"line":10},"2":{"name":"(anonymous_2)","decl":{"start":{"line":16,"column":33},"end":{"line":16,"column":34}},"loc":{"start":{"line":16,"column":53},"end":{"line":26,"column":1}},"line":16},"3":{"name":"(anonymous_3)","decl":{"start":{"line":29,"column":30},"end":{"line":29,"column":31}},"loc":{"start":{"line":29,"column":50},"end":{"line":46,"column":1}},"line":29}},"branchMap":{"0":{"loc":{"start":{"line":7,"column":9},"end":{"line":7,"column":108}},"type":"binary-expr","locations":[{"start":{"line":7,"column":9},"end":{"line":7,"column":44}},{"start":{"line":7,"column":48},"end":{"line":7,"column":77}},{"start":{"line":7,"column":81},"end":{"line":7,"column":108}}],"line":7},"1":{"loc":{"start":{"line":12,"column":9},"end":{"line":12,"column":75}},"type":"binary-expr","locations":[{"start":{"line":12,"column":9},"end":{"line":12,"column":13}},{"start":{"line":12,"column":17},"end":{"line":12,"column":75}}],"line":12},"2":{"loc":{"start":{"line":12,"column":36},"end":{"line":12,"column":61}},"type":"binary-expr","locations":[{"start":{"line":12,"column":36},"end":{"line":12,"column":43}},{"start":{"line":12,"column":47},"end":{"line":12,"column":61}}],"line":12},"3":{"loc":{"start":{"line":18,"column":4},"end":{"line":20,"column":5}},"type":"if","locations":[{"start":{"line":18,"column":4},"end":{"line":20,"column":5}},{"start":{},"end":{}}],"line":18},"4":{"loc":{"start":{"line":31,"column":4},"end":{"line":33,"column":5}},"type":"if","locations":[{"start":{"line":31,"column":4},"end":{"line":33,"column":5}},{"start":{},"end":{}}],"line":31}},"s":{"0":14,"1":14,"2":14,"3":14,"4":0,"5":0,"6":0,"7":14,"8":0,"9":0,"10":0,"11":0,"12":0,"13":0,"14":14,"15":0,"16":0,"17":0,"18":0,"19":0,"20":0,"21":0,"22":0,"23":14},"f":{"0":0,"1":0,"2":0,"3":0},"b":{"0":[0,0,0],"1":[0,0],"2":[0,0],"3":[0,0],"4":[0,0]},"_coverageSchema":"1a1c01bbd47fc00a2c39e90264f33305004495a9","hash":"e43ca969b7da39115e0c1be3a5ad31dd6d2f7de3"},"C:\\Dev\\Merkato\\backend\\routes\\referralRoutes.js":{"path":"C:\\Dev\\Merkato\\backend\\routes\\referralRoutes.js","statementMap":{"0":{"start":{"line":1,"column":16},"end":{"line":1,"column":34}},"1":{"start":{"line":2,"column":15},"end":{"line":2,"column":31}},"2":{"start":{"line":3,"column":22},"end":{"line":3,"column":56}},"3":{"start":{"line":4,"column":34},"end":{"line":4,"column":73}},"4":{"start":{"line":7,"column":2},"end":{"line":7,"column":77}},"5":{"start":{"line":10,"column":2},"end":{"line":10,"column":88}},"6":{"start":{"line":10,"column":8},"end":{"line":10,"column":63}},"7":{"start":{"line":10,"column":74},"end":{"line":10,"column":86}},"8":{"start":{"line":14,"column":0},"end":{"line":16,"column":3}},"9":{"start":{"line":15,"column":2},"end":{"line":15,"column":46}},"10":{"start":{"line":19,"column":0},"end":{"line":30,"column":3}},"11":{"start":{"line":20,"column":2},"end":{"line":29,"column":3}},"12":{"start":{"line":21,"column":21},"end":{"line":21,"column":35}},"13":{"start":{"line":22,"column":4},"end":{"line":22,"column":76}},"14":{"start":{"line":22,"column":15},"end":{"line":22,"column":76}},"15":{"start":{"line":23,"column":23},"end":{"line":23,"column":38}},"16":{"start":{"line":24,"column":4},"end":{"line":24,"column":78}},"17":{"start":{"line":24,"column":21},"end":{"line":24,"column":78}},"18":{"start":{"line":25,"column":4},"end":{"line":25,"column":108}},"19":{"start":{"line":26,"column":4},"end":{"line":26,"column":84}},"20":{"start":{"line":28,"column":4},"end":{"line":28,"column":63}},"21":{"start":{"line":32,"column":0},"end":{"line":32,"column":24}}},"fnMap":{"0":{"name":"encodeRef","decl":{"start":{"line":6,"column":9},"end":{"line":6,"column":18}},"loc":{"start":{"line":6,"column":27},"end":{"line":8,"column":1}},"line":6},"1":{"name":"decodeRef","decl":{"start":{"line":9,"column":9},"end":{"line":9,"column":18}},"loc":{"start":{"line":9,"column":25},"end":{"line":11,"column":1}},"line":9},"2":{"name":"(anonymous_2)","decl":{"start":{"line":14,"column":29},"end":{"line":14,"column":30}},"loc":{"start":{"line":14,"column":43},"end":{"line":16,"column":1}},"line":14},"3":{"name":"(anonymous_3)","decl":{"start":{"line":19,"column":36},"end":{"line":19,"column":37}},"loc":{"start":{"line":19,"column":56},"end":{"line":30,"column":1}},"line":19}},"branchMap":{"0":{"loc":{"start":{"line":21,"column":21},"end":{"line":21,"column":35}},"type":"binary-expr","locations":[{"start":{"line":21,"column":21},"end":{"line":21,"column":29}},{"start":{"line":21,"column":33},"end":{"line":21,"column":35}}],"line":21},"1":{"loc":{"start":{"line":22,"column":4},"end":{"line":22,"column":76}},"type":"if","locations":[{"start":{"line":22,"column":4},"end":{"line":22,"column":76}},{"start":{},"end":{}}],"line":22},"2":{"loc":{"start":{"line":24,"column":4},"end":{"line":24,"column":78}},"type":"if","locations":[{"start":{"line":24,"column":4},"end":{"line":24,"column":78}},{"start":{},"end":{}}],"line":24}},"s":{"0":14,"1":14,"2":14,"3":14,"4":0,"5":0,"6":0,"7":0,"8":14,"9":0,"10":14,"11":0,"12":0,"13":0,"14":0,"15":0,"16":0,"17":0,"18":0,"19":0,"20":0,"21":14},"f":{"0":0,"1":0,"2":0,"3":0},"b":{"0":[0,0],"1":[0,0],"2":[0,0]},"_coverageSchema":"1a1c01bbd47fc00a2c39e90264f33305004495a9","hash":"9fab336cc4623c70553aacb59a5241d282d5b4c0"},"C:\\Dev\\Merkato\\backend\\routes\\bundlesRoutes.js":{"path":"C:\\Dev\\Merkato\\backend\\routes\\bundlesRoutes.js","statementMap":{"0":{"start":{"line":1,"column":16},"end":{"line":1,"column":34}},"1":{"start":{"line":2,"column":15},"end":{"line":2,"column":31}},"2":{"start":{"line":3,"column":16},"end":{"line":3,"column":44}},"3":{"start":{"line":4,"column":25},"end":{"line":4,"column":64}},"4":{"start":{"line":7,"column":0},"end":{"line":17,"column":3}},"5":{"start":{"line":8,"column":2},"end":{"line":16,"column":3}},"6":{"start":{"line":9,"column":18},"end":{"line":9,"column":60}},"7":{"start":{"line":11,"column":21},"end":{"line":11,"column":84}},"8":{"start":{"line":12,"column":20},"end":{"line":12,"column":71}},"9":{"start":{"line":12,"column":39},"end":{"line":12,"column":69}},"10":{"start":{"line":13,"column":4},"end":{"line":13,"column":26}},"11":{"start":{"line":15,"column":4},"end":{"line":15,"column":64}},"12":{"start":{"line":19,"column":0},"end":{"line":19,"column":24}}},"fnMap":{"0":{"name":"(anonymous_0)","decl":{"start":{"line":7,"column":37},"end":{"line":7,"column":38}},"loc":{"start":{"line":7,"column":57},"end":{"line":17,"column":1}},"line":7},"1":{"name":"(anonymous_1)","decl":{"start":{"line":12,"column":33},"end":{"line":12,"column":34}},"loc":{"start":{"line":12,"column":39},"end":{"line":12,"column":69}},"line":12}},"branchMap":{"0":{"loc":{"start":{"line":9,"column":34},"end":{"line":9,"column":54}},"type":"binary-expr","locations":[{"start":{"line":9,"column":34},"end":{"line":9,"column":49}},{"start":{"line":9,"column":53},"end":{"line":9,"column":54}}],"line":9}},"s":{"0":14,"1":14,"2":14,"3":14,"4":14,"5":0,"6":0,"7":0,"8":0,"9":0,"10":0,"11":0,"12":14},"f":{"0":0,"1":0},"b":{"0":[0,0]},"_coverageSchema":"1a1c01bbd47fc00a2c39e90264f33305004495a9","hash":"68dc511d683003015c7b2f10801d0cfdf43dd526"},"C:\\Dev\\Merkato\\backend\\tests\\utils\\testUserUtils.js":{"path":"C:\\Dev\\Merkato\\backend\\tests\\utils\\testUserUtils.js","statementMap":{"0":{"start":{"line":1,"column":16},"end":{"line":1,"column":36}},"1":{"start":{"line":2,"column":23},"end":{"line":2,"column":38}},"2":{"start":{"line":3,"column":12},"end":{"line":3,"column":35}},"3":{"start":{"line":13,"column":23},"end":{"line":13,"column":31}},"4":{"start":{"line":14,"column":23},"end":{"line":14,"column":61}},"5":{"start":{"line":16,"column":19},"end":{"line":22,"column":3}},"6":{"start":{"line":24,"column":2},"end":{"line":24,"column":81}},"7":{"start":{"line":25,"column":2},"end":{"line":36,"column":3}},"8":{"start":{"line":26,"column":16},"end":{"line":26,"column":68}},"9":{"start":{"line":27,"column":4},"end":{"line":30,"column":5}},"10":{"start":{"line":28,"column":6},"end":{"line":28,"column":89}},"11":{"start":{"line":29,"column":6},"end":{"line":29,"column":84}},"12":{"start":{"line":31,"column":4},"end":{"line":31,"column":76}},"13":{"start":{"line":32,"column":4},"end":{"line":32,"column":20}},"14":{"start":{"line":34,"column":4},"end":{"line":34,"column":56}},"15":{"start":{"line":35,"column":4},"end":{"line":35,"column":14}},"16":{"start":{"line":53,"column":2},"end":{"line":55,"column":3}},"17":{"start":{"line":54,"column":4},"end":{"line":54,"column":77}},"18":{"start":{"line":57,"column":2},"end":{"line":57,"column":62}},"19":{"start":{"line":58,"column":2},"end":{"line":75,"column":3}},"20":{"start":{"line":59,"column":16},"end":{"line":61,"column":48}},"21":{"start":{"line":63,"column":4},"end":{"line":66,"column":5}},"22":{"start":{"line":64,"column":6},"end":{"line":64,"column":79}},"23":{"start":{"line":65,"column":6},"end":{"line":65,"column":76}},"24":{"start":{"line":68,"column":18},"end":{"line":68,"column":56}},"25":{"start":{"line":69,"column":17},"end":{"line":69,"column":42}},"26":{"start":{"line":70,"column":4},"end":{"line":70,"column":57}},"27":{"start":{"line":71,"column":4},"end":{"line":71,"column":27}},"28":{"start":{"line":73,"column":4},"end":{"line":73,"column":53}},"29":{"start":{"line":74,"column":4},"end":{"line":74,"column":14}},"30":{"start":{"line":93,"column":2},"end":{"line":93,"column":28}},"31":{"start":{"line":93,"column":15},"end":{"line":93,"column":28}},"32":{"start":{"line":95,"column":12},"end":{"line":95,"column":58}},"33":{"start":{"line":96,"column":2},"end":{"line":96,"column":59}},"34":{"start":{"line":96,"column":13},"end":{"line":96,"column":59}},"35":{"start":{"line":98,"column":14},"end":{"line":98,"column":23}},"36":{"start":{"line":100,"column":2},"end":{"line":105,"column":3}},"37":{"start":{"line":101,"column":4},"end":{"line":103,"column":5}},"38":{"start":{"line":102,"column":6},"end":{"line":102,"column":90}},"39":{"start":{"line":104,"column":4},"end":{"line":104,"column":17}},"40":{"start":{"line":107,"column":2},"end":{"line":107,"column":14}},"41":{"start":{"line":110,"column":0},"end":{"line":114,"column":2}}},"fnMap":{"0":{"name":"registerTestUser","decl":{"start":{"line":12,"column":15},"end":{"line":12,"column":31}},"loc":{"start":{"line":12,"column":95},"end":{"line":37,"column":1}},"line":12},"1":{"name":"loginTestUser","decl":{"start":{"line":48,"column":15},"end":{"line":48,"column":28}},"loc":{"start":{"line":52,"column":2},"end":{"line":76,"column":1}},"line":52},"2":{"name":"deleteTestUser","decl":{"start":{"line":88,"column":15},"end":{"line":88,"column":29}},"loc":{"start":{"line":92,"column":2},"end":{"line":108,"column":1}},"line":92}},"branchMap":{"0":{"loc":{"start":{"line":12,"column":32},"end":{"line":12,"column":47}},"type":"default-arg","locations":[{"start":{"line":12,"column":45},"end":{"line":12,"column":47}}],"line":12},"1":{"loc":{"start":{"line":12,"column":49},"end":{"line":12,"column":93}},"type":"default-arg","locations":[{"start":{"line":12,"column":91},"end":{"line":12,"column":93}}],"line":12},"2":{"loc":{"start":{"line":12,"column":51},"end":{"line":12,"column":86}},"type":"default-arg","locations":[{"start":{"line":12,"column":66},"end":{"line":12,"column":86}}],"line":12},"3":{"loc":{"start":{"line":17,"column":11},"end":{"line":17,"column":43}},"type":"binary-expr","locations":[{"start":{"line":17,"column":11},"end":{"line":17,"column":27}},{"start":{"line":17,"column":31},"end":{"line":17,"column":43}}],"line":17},"4":{"loc":{"start":{"line":18,"column":14},"end":{"line":18,"column":51}},"type":"binary-expr","locations":[{"start":{"line":18,"column":14},"end":{"line":18,"column":33}},{"start":{"line":18,"column":37},"end":{"line":18,"column":51}}],"line":18},"5":{"loc":{"start":{"line":19,"column":10},"end":{"line":19,"column":40}},"type":"binary-expr","locations":[{"start":{"line":19,"column":10},"end":{"line":19,"column":25}},{"start":{"line":19,"column":29},"end":{"line":19,"column":40}}],"line":19},"6":{"loc":{"start":{"line":20,"column":13},"end":{"line":20,"column":45}},"type":"binary-expr","locations":[{"start":{"line":20,"column":13},"end":{"line":20,"column":31}},{"start":{"line":20,"column":35},"end":{"line":20,"column":45}}],"line":20},"7":{"loc":{"start":{"line":27,"column":4},"end":{"line":30,"column":5}},"type":"if","locations":[{"start":{"line":27,"column":4},"end":{"line":30,"column":5}},{"start":{},"end":{}}],"line":27},"8":{"loc":{"start":{"line":51,"column":2},"end":{"line":51,"column":58}},"type":"default-arg","locations":[{"start":{"line":51,"column":56},"end":{"line":51,"column":58}}],"line":51},"9":{"loc":{"start":{"line":51,"column":4},"end":{"line":51,"column":33}},"type":"default-arg","locations":[{"start":{"line":51,"column":16},"end":{"line":51,"column":33}}],"line":51},"10":{"loc":{"start":{"line":51,"column":35},"end":{"line":51,"column":51}},"type":"default-arg","locations":[{"start":{"line":51,"column":49},"end":{"line":51,"column":51}}],"line":51},"11":{"loc":{"start":{"line":53,"column":2},"end":{"line":55,"column":3}},"type":"if","locations":[{"start":{"line":53,"column":2},"end":{"line":55,"column":3}},{"start":{},"end":{}}],"line":53},"12":{"loc":{"start":{"line":53,"column":6},"end":{"line":53,"column":25}},"type":"binary-expr","locations":[{"start":{"line":53,"column":6},"end":{"line":53,"column":12}},{"start":{"line":53,"column":16},"end":{"line":53,"column":25}}],"line":53},"13":{"loc":{"start":{"line":63,"column":4},"end":{"line":66,"column":5}},"type":"if","locations":[{"start":{"line":63,"column":4},"end":{"line":66,"column":5}},{"start":{},"end":{}}],"line":63},"14":{"loc":{"start":{"line":68,"column":18},"end":{"line":68,"column":56}},"type":"binary-expr","locations":[{"start":{"line":68,"column":18},"end":{"line":68,"column":32}},{"start":{"line":68,"column":36},"end":{"line":68,"column":56}}],"line":68},"15":{"loc":{"start":{"line":69,"column":17},"end":{"line":69,"column":42}},"type":"binary-expr","locations":[{"start":{"line":69,"column":17},"end":{"line":69,"column":30}},{"start":{"line":69,"column":34},"end":{"line":69,"column":42}}],"line":69},"16":{"loc":{"start":{"line":91,"column":2},"end":{"line":91,"column":83}},"type":"default-arg","locations":[{"start":{"line":91,"column":81},"end":{"line":91,"column":83}}],"line":91},"17":{"loc":{"start":{"line":91,"column":4},"end":{"line":91,"column":29}},"type":"default-arg","locations":[{"start":{"line":91,"column":17},"end":{"line":91,"column":29}}],"line":91},"18":{"loc":{"start":{"line":91,"column":31},"end":{"line":91,"column":45}},"type":"default-arg","locations":[{"start":{"line":91,"column":40},"end":{"line":91,"column":45}}],"line":91},"19":{"loc":{"start":{"line":91,"column":47},"end":{"line":91,"column":76}},"type":"default-arg","locations":[{"start":{"line":91,"column":61},"end":{"line":91,"column":76}}],"line":91},"20":{"loc":{"start":{"line":93,"column":2},"end":{"line":93,"column":28}},"type":"if","locations":[{"start":{"line":93,"column":2},"end":{"line":93,"column":28}},{"start":{},"end":{}}],"line":93},"21":{"loc":{"start":{"line":96,"column":2},"end":{"line":96,"column":59}},"type":"if","locations":[{"start":{"line":96,"column":2},"end":{"line":96,"column":59}},{"start":{},"end":{}}],"line":96},"22":{"loc":{"start":{"line":100,"column":2},"end":{"line":105,"column":3}},"type":"if","locations":[{"start":{"line":100,"column":2},"end":{"line":105,"column":3}},{"start":{},"end":{}}],"line":100},"23":{"loc":{"start":{"line":101,"column":4},"end":{"line":103,"column":5}},"type":"if","locations":[{"start":{"line":101,"column":4},"end":{"line":103,"column":5}},{"start":{},"end":{}}],"line":101}},"s":{"0":10,"1":10,"2":10,"3":22,"4":22,"5":22,"6":22,"7":22,"8":22,"9":22,"10":0,"11":0,"12":22,"13":22,"14":0,"15":0,"16":14,"17":0,"18":14,"19":14,"20":14,"21":14,"22":0,"23":0,"24":14,"25":14,"26":14,"27":14,"28":0,"29":0,"30":5,"31":0,"32":5,"33":5,"34":5,"35":5,"36":5,"37":5,"38":5,"39":5,"40":0,"41":10},"f":{"0":22,"1":14,"2":5},"b":{"0":[3],"1":[22],"2":[22],"3":[22,13],"4":[22,15],"5":[22,13],"6":[22,12],"7":[0,22],"8":[14],"9":[14],"10":[14],"11":[0,14],"12":[14,14],"13":[0,14],"14":[14,0],"15":[14,14],"16":[5],"17":[5],"18":[5],"19":[5],"20":[0,5],"21":[5,0],"22":[5,0],"23":[5,0]},"_coverageSchema":"1a1c01bbd47fc00a2c39e90264f33305004495a9","hash":"8fc55c8c127aeff0766062fcab52c0df6b5d6b14"},"C:\\Dev\\Merkato\\backend\\tests\\utils\\mockStripeEvent.js":{"path":"C:\\Dev\\Merkato\\backend\\tests\\utils\\mockStripeEvent.js","statementMap":{"0":{"start":{"line":1,"column":15},"end":{"line":1,"column":63}},"1":{"start":{"line":19,"column":6},"end":{"line":19,"column":13}},"2":{"start":{"line":21,"column":23},"end":{"line":29,"column":3}},"3":{"start":{"line":31,"column":24},"end":{"line":31,"column":52}},"4":{"start":{"line":33,"column":20},"end":{"line":35,"column":55}},"5":{"start":{"line":37,"column":2},"end":{"line":37,"column":47}},"6":{"start":{"line":47,"column":24},"end":{"line":47,"column":42}},"7":{"start":{"line":48,"column":2},"end":{"line":48,"column":68}},"8":{"start":{"line":51,"column":0},"end":{"line":54,"column":2}}},"fnMap":{"0":{"name":"mockStripeEvent","decl":{"start":{"line":14,"column":9},"end":{"line":14,"column":24}},"loc":{"start":{"line":14,"column":99},"end":{"line":38,"column":1}},"line":14},"1":{"name":"generateSignatureHeader","decl":{"start":{"line":46,"column":9},"end":{"line":46,"column":32}},"loc":{"start":{"line":46,"column":85},"end":{"line":49,"column":1}},"line":46}},"branchMap":{"0":{"loc":{"start":{"line":14,"column":25},"end":{"line":14,"column":37}},"type":"default-arg","locations":[{"start":{"line":14,"column":33},"end":{"line":14,"column":37}}],"line":14},"1":{"loc":{"start":{"line":14,"column":39},"end":{"line":14,"column":72}},"type":"default-arg","locations":[{"start":{"line":14,"column":46},"end":{"line":14,"column":72}}],"line":14},"2":{"loc":{"start":{"line":14,"column":74},"end":{"line":14,"column":83}},"type":"default-arg","locations":[{"start":{"line":14,"column":81},"end":{"line":14,"column":83}}],"line":14},"3":{"loc":{"start":{"line":14,"column":85},"end":{"line":14,"column":97}},"type":"default-arg","locations":[{"start":{"line":14,"column":95},"end":{"line":14,"column":97}}],"line":14},"4":{"loc":{"start":{"line":16,"column":4},"end":{"line":16,"column":45}},"type":"default-arg","locations":[{"start":{"line":16,"column":16},"end":{"line":16,"column":45}}],"line":16},"5":{"loc":{"start":{"line":17,"column":4},"end":{"line":17,"column":17}},"type":"default-arg","locations":[{"start":{"line":17,"column":13},"end":{"line":17,"column":17}}],"line":17},"6":{"loc":{"start":{"line":18,"column":4},"end":{"line":18,"column":20}},"type":"default-arg","locations":[{"start":{"line":18,"column":18},"end":{"line":18,"column":20}}],"line":18},"7":{"loc":{"start":{"line":21,"column":23},"end":{"line":29,"column":3}},"type":"binary-expr","locations":[{"start":{"line":21,"column":23},"end":{"line":21,"column":28}},{"start":{"line":21,"column":32},"end":{"line":29,"column":3}}],"line":21},"8":{"loc":{"start":{"line":33,"column":20},"end":{"line":35,"column":55}},"type":"cond-expr","locations":[{"start":{"line":34,"column":6},"end":{"line":34,"column":93}},{"start":{"line":35,"column":6},"end":{"line":35,"column":55}}],"line":33},"9":{"loc":{"start":{"line":46,"column":42},"end":{"line":46,"column":83}},"type":"default-arg","locations":[{"start":{"line":46,"column":54},"end":{"line":46,"column":83}}],"line":46}},"s":{"0":1,"1":2,"2":2,"3":2,"4":2,"5":2,"6":2,"7":2,"8":1},"f":{"0":2,"1":2},"b":{"0":[0],"1":[1],"2":[1],"3":[2],"4":[2],"5":[2],"6":[2],"7":[2,1],"8":[0,2],"9":[0]},"_coverageSchema":"1a1c01bbd47fc00a2c39e90264f33305004495a9","hash":"289495b9a9ef5992dea742a1826e9a1e0cd79dd6"}}}
