{"C:\\Users\\atdan\\OneDrive\\Desktop\\Merkato\\backend\\server.js": {"path":"C:\\Users\\atdan\\OneDrive\\Desktop\\Merkato\\backend\\server.js","statementMap":{"0":{"start":{"line":1,"column":16},"end":{"line":1,"column":34}},"1":{"start":{"line":2,"column":17},"end":{"line":2,"column":36}},"2":{"start":{"line":3,"column":13},"end":{"line":3,"column":28}},"3":{"start":{"line":4,"column":13},"end":{"line":4,"column":28}},"4":{"start":{"line":5,"column":0},"end":{"line":5,"column":27}},"5":{"start":{"line":8,"column":0},"end":{"line":8,"column":35}},"6":{"start":{"line":11,"column":19},"end":{"line":11,"column":49}},"7":{"start":{"line":12,"column":22},"end":{"line":12,"column":55}},"8":{"start":{"line":13,"column":21},"end":{"line":13,"column":53}},"9":{"start":{"line":14,"column":20},"end":{"line":14,"column":51}},"10":{"start":{"line":15,"column":21},"end":{"line":15,"column":53}},"11":{"start":{"line":16,"column":26},"end":{"line":16,"column":63}},"12":{"start":{"line":17,"column":23},"end":{"line":17,"column":57}},"13":{"start":{"line":18,"column":22},"end":{"line":18,"column":55}},"14":{"start":{"line":19,"column":23},"end":{"line":19,"column":57}},"15":{"start":{"line":20,"column":21},"end":{"line":20,"column":53}},"16":{"start":{"line":21,"column":20},"end":{"line":21,"column":51}},"17":{"start":{"line":22,"column":21},"end":{"line":22,"column":53}},"18":{"start":{"line":23,"column":23},"end":{"line":23,"column":57}},"19":{"start":{"line":24,"column":19},"end":{"line":24,"column":49}},"20":{"start":{"line":25,"column":31},"end":{"line":25,"column":73}},"21":{"start":{"line":26,"column":23},"end":{"line":26,"column":57}},"22":{"start":{"line":27,"column":27},"end":{"line":27,"column":65}},"23":{"start":{"line":28,"column":22},"end":{"line":28,"column":55}},"24":{"start":{"line":29,"column":21},"end":{"line":29,"column":53}},"25":{"start":{"line":30,"column":23},"end":{"line":30,"column":57}},"26":{"start":{"line":33,"column":12},"end":{"line":33,"column":21}},"27":{"start":{"line":36,"column":0},"end":{"line":36,"column":26}},"28":{"start":{"line":39,"column":0},"end":{"line":39,"column":24}},"29":{"start":{"line":40,"column":0},"end":{"line":40,"column":16}},"30":{"start":{"line":41,"column":0},"end":{"line":41,"column":70}},"31":{"start":{"line":44,"column":0},"end":{"line":44,"column":33}},"32":{"start":{"line":45,"column":0},"end":{"line":45,"column":40}},"33":{"start":{"line":46,"column":0},"end":{"line":46,"column":37}},"34":{"start":{"line":47,"column":0},"end":{"line":47,"column":35}},"35":{"start":{"line":48,"column":0},"end":{"line":48,"column":37}},"36":{"start":{"line":49,"column":0},"end":{"line":49,"column":49}},"37":{"start":{"line":50,"column":0},"end":{"line":50,"column":42}},"38":{"start":{"line":51,"column":0},"end":{"line":51,"column":39}},"39":{"start":{"line":52,"column":0},"end":{"line":52,"column":41}},"40":{"start":{"line":53,"column":0},"end":{"line":53,"column":38}},"41":{"start":{"line":54,"column":0},"end":{"line":54,"column":36}},"42":{"start":{"line":55,"column":0},"end":{"line":55,"column":37}},"43":{"start":{"line":56,"column":0},"end":{"line":56,"column":41}},"44":{"start":{"line":57,"column":0},"end":{"line":57,"column":34}},"45":{"start":{"line":58,"column":0},"end":{"line":58,"column":54}},"46":{"start":{"line":59,"column":0},"end":{"line":59,"column":41}},"47":{"start":{"line":60,"column":0},"end":{"line":60,"column":42}},"48":{"start":{"line":61,"column":0},"end":{"line":61,"column":40}},"49":{"start":{"line":62,"column":0},"end":{"line":62,"column":34}},"50":{"start":{"line":63,"column":0},"end":{"line":63,"column":43}},"51":{"start":{"line":66,"column":0},"end":{"line":68,"column":3}},"52":{"start":{"line":67,"column":2},"end":{"line":67,"column":48}},"53":{"start":{"line":71,"column":0},"end":{"line":73,"column":3}},"54":{"start":{"line":72,"column":2},"end":{"line":72,"column":60}},"55":{"start":{"line":76,"column":0},"end":{"line":79,"column":1}},"56":{"start":{"line":77,"column":2},"end":{"line":77,"column":68}},"57":{"start":{"line":78,"column":2},"end":{"line":78,"column":18}},"58":{"start":{"line":81,"column":0},"end":{"line":81,"column":84}},"59":{"start":{"line":82,"column":0},"end":{"line":113,"column":3}},"60":{"start":{"line":86,"column":2},"end":{"line":86,"column":49}},"61":{"start":{"line":88,"column":2},"end":{"line":109,"column":3}},"62":{"start":{"line":89,"column":17},"end":{"line":89,"column":41}},"63":{"start":{"line":90,"column":19},"end":{"line":92,"column":6}},"64":{"start":{"line":91,"column":6},"end":{"line":91,"column":55}},"65":{"start":{"line":95,"column":21},"end":{"line":105,"column":5}},"66":{"start":{"line":96,"column":6},"end":{"line":96,"column":50}},"67":{"start":{"line":97,"column":6},"end":{"line":104,"column":7}},"68":{"start":{"line":98,"column":8},"end":{"line":103,"column":11}},"69":{"start":{"line":99,"column":10},"end":{"line":102,"column":13}},"70":{"start":{"line":100,"column":12},"end":{"line":100,"column":57}},"71":{"start":{"line":101,"column":12},"end":{"line":101,"column":28}},"72":{"start":{"line":107,"column":4},"end":{"line":107,"column":35}},"73":{"start":{"line":108,"column":4},"end":{"line":108,"column":36}},"74":{"start":{"line":111,"column":2},"end":{"line":111,"column":73}},"75":{"start":{"line":112,"column":2},"end":{"line":112,"column":18}},"76":{"start":{"line":116,"column":0},"end":{"line":118,"column":3}},"77":{"start":{"line":117,"column":2},"end":{"line":117,"column":58}},"78":{"start":{"line":119,"column":0},"end":{"line":121,"column":3}},"79":{"start":{"line":120,"column":2},"end":{"line":120,"column":62}},"80":{"start":{"line":122,"column":0},"end":{"line":124,"column":3}},"81":{"start":{"line":123,"column":2},"end":{"line":123,"column":73}},"82":{"start":{"line":125,"column":0},"end":{"line":127,"column":3}},"83":{"start":{"line":126,"column":2},"end":{"line":126,"column":54}},"84":{"start":{"line":130,"column":0},"end":{"line":130,"column":21}}},"fnMap":{"0":{"name":"(anonymous_0)","decl":{"start":{"line":66,"column":13},"end":{"line":66,"column":14}},"loc":{"start":{"line":66,"column":27},"end":{"line":68,"column":1}},"line":66},"1":{"name":"(anonymous_1)","decl":{"start":{"line":71,"column":16},"end":{"line":71,"column":17}},"loc":{"start":{"line":71,"column":30},"end":{"line":73,"column":1}},"line":71},"2":{"name":"(anonymous_2)","decl":{"start":{"line":85,"column":8},"end":{"line":85,"column":9}},"loc":{"start":{"line":85,"column":14},"end":{"line":110,"column":1}},"line":85},"3":{"name":"(anonymous_3)","decl":{"start":{"line":90,"column":36},"end":{"line":90,"column":37}},"loc":{"start":{"line":90,"column":42},"end":{"line":92,"column":5}},"line":90},"4":{"name":"(anonymous_4)","decl":{"start":{"line":95,"column":21},"end":{"line":95,"column":22}},"loc":{"start":{"line":95,"column":27},"end":{"line":105,"column":5}},"line":95},"5":{"name":"(anonymous_5)","decl":{"start":{"line":98,"column":21},"end":{"line":98,"column":22}},"loc":{"start":{"line":98,"column":27},"end":{"line":103,"column":9}},"line":98},"6":{"name":"(anonymous_6)","decl":{"start":{"line":99,"column":43},"end":{"line":99,"column":44}},"loc":{"start":{"line":99,"column":49},"end":{"line":102,"column":11}},"line":99},"7":{"name":"(anonymous_7)","decl":{"start":{"line":110,"column":9},"end":{"line":110,"column":10}},"loc":{"start":{"line":110,"column":18},"end":{"line":113,"column":1}},"line":110},"8":{"name":"(anonymous_8)","decl":{"start":{"line":116,"column":37},"end":{"line":116,"column":38}},"loc":{"start":{"line":116,"column":43},"end":{"line":118,"column":1}},"line":116},"9":{"name":"(anonymous_9)","decl":{"start":{"line":119,"column":36},"end":{"line":119,"column":37}},"loc":{"start":{"line":119,"column":42},"end":{"line":121,"column":1}},"line":119},"10":{"name":"(anonymous_10)","decl":{"start":{"line":122,"column":32},"end":{"line":122,"column":33}},"loc":{"start":{"line":122,"column":41},"end":{"line":124,"column":1}},"line":122},"11":{"name":"(anonymous_11)","decl":{"start":{"line":125,"column":39},"end":{"line":125,"column":40}},"loc":{"start":{"line":125,"column":45},"end":{"line":127,"column":1}},"line":125}},"branchMap":{"0":{"loc":{"start":{"line":76,"column":0},"end":{"line":79,"column":1}},"type":"if","locations":[{"start":{"line":76,"column":0},"end":{"line":79,"column":1}},{"start":{},"end":{}}],"line":76},"1":{"loc":{"start":{"line":88,"column":2},"end":{"line":109,"column":3}},"type":"if","locations":[{"start":{"line":88,"column":2},"end":{"line":109,"column":3}},{"start":{},"end":{}}],"line":88},"2":{"loc":{"start":{"line":89,"column":17},"end":{"line":89,"column":41}},"type":"binary-expr","locations":[{"start":{"line":89,"column":17},"end":{"line":89,"column":33}},{"start":{"line":89,"column":37},"end":{"line":89,"column":41}}],"line":89},"3":{"loc":{"start":{"line":97,"column":6},"end":{"line":104,"column":7}},"type":"if","locations":[{"start":{"line":97,"column":6},"end":{"line":104,"column":7}},{"start":{},"end":{}}],"line":97}},"s":{"0":14,"1":14,"2":14,"3":14,"4":14,"5":14,"6":14,"7":14,"8":14,"9":14,"10":14,"11":14,"12":14,"13":14,"14":14,"15":14,"16":14,"17":14,"18":14,"19":14,"20":14,"21":14,"22":14,"23":14,"24":14,"25":14,"26":14,"27":14,"28":14,"29":14,"30":14,"31":14,"32":14,"33":14,"34":14,"35":14,"36":14,"37":14,"38":14,"39":14,"40":14,"41":14,"42":14,"43":14,"44":14,"45":14,"46":14,"47":14,"48":14,"49":14,"50":14,"51":14,"52":0,"53":14,"54":0,"55":14,"56":0,"57":0,"58":14,"59":14,"60":14,"61":14,"62":0,"63":0,"64":0,"65":0,"66":0,"67":0,"68":0,"69":0,"70":0,"71":0,"72":0,"73":0,"74":0,"75":0,"76":14,"77":0,"78":14,"79":14,"80":14,"81":0,"82":14,"83":10,"84":14},"f":{"0":0,"1":0,"2":14,"3":0,"4":0,"5":0,"6":0,"7":0,"8":0,"9":14,"10":0,"11":10},"b":{"0":[0,14],"1":[0,14],"2":[0,0],"3":[0,0]},"_coverageSchema":"1a1c01bbd47fc00a2c39e90264f33305004495a9","hash":"032618b5a477b07c57acd61ed1f66f1f47246fe1"}
,"C:\\Users\\atdan\\OneDrive\\Desktop\\Merkato\\backend\\middleware\\authMiddleware.js": {"path":"C:\\Users\\atdan\\OneDrive\\Desktop\\Merkato\\backend\\middleware\\authMiddleware.js","statementMap":{"0":{"start":{"line":1,"column":12},"end":{"line":1,"column":35}},"1":{"start":{"line":2,"column":13},"end":{"line":2,"column":38}},"2":{"start":{"line":5,"column":16},"end":{"line":35,"column":1}},"3":{"start":{"line":8,"column":2},"end":{"line":28,"column":3}},"4":{"start":{"line":12,"column":4},"end":{"line":27,"column":5}},"5":{"start":{"line":13,"column":6},"end":{"line":13,"column":54}},"6":{"start":{"line":14,"column":22},"end":{"line":14,"column":63}},"7":{"start":{"line":15,"column":19},"end":{"line":15,"column":70}},"8":{"start":{"line":17,"column":6},"end":{"line":20,"column":7}},"9":{"start":{"line":18,"column":8},"end":{"line":18,"column":66}},"10":{"start":{"line":19,"column":8},"end":{"line":19,"column":67}},"11":{"start":{"line":22,"column":6},"end":{"line":22,"column":22}},"12":{"start":{"line":23,"column":6},"end":{"line":23,"column":20}},"13":{"start":{"line":25,"column":6},"end":{"line":25,"column":63}},"14":{"start":{"line":26,"column":6},"end":{"line":26,"column":79}},"15":{"start":{"line":31,"column":2},"end":{"line":34,"column":3}},"16":{"start":{"line":32,"column":4},"end":{"line":32,"column":50}},"17":{"start":{"line":33,"column":4},"end":{"line":33,"column":82}},"18":{"start":{"line":38,"column":18},"end":{"line":46,"column":1}},"19":{"start":{"line":39,"column":2},"end":{"line":45,"column":4}},"20":{"start":{"line":40,"column":22},"end":{"line":40,"column":57}},"21":{"start":{"line":41,"column":4},"end":{"line":43,"column":5}},"22":{"start":{"line":41,"column":49},"end":{"line":41,"column":73}},"23":{"start":{"line":42,"column":6},"end":{"line":42,"column":64}},"24":{"start":{"line":44,"column":4},"end":{"line":44,"column":11}},"25":{"start":{"line":49,"column":23},"end":{"line":55,"column":1}},"26":{"start":{"line":50,"column":16},"end":{"line":50,"column":51}},"27":{"start":{"line":51,"column":2},"end":{"line":53,"column":3}},"28":{"start":{"line":52,"column":4},"end":{"line":52,"column":18}},"29":{"start":{"line":54,"column":2},"end":{"line":54,"column":81}},"30":{"start":{"line":58,"column":22},"end":{"line":64,"column":1}},"31":{"start":{"line":59,"column":16},"end":{"line":59,"column":51}},"32":{"start":{"line":60,"column":2},"end":{"line":62,"column":3}},"33":{"start":{"line":61,"column":4},"end":{"line":61,"column":18}},"34":{"start":{"line":63,"column":2},"end":{"line":63,"column":80}},"35":{"start":{"line":67,"column":30},"end":{"line":91,"column":1}},"36":{"start":{"line":68,"column":16},"end":{"line":68,"column":51}},"37":{"start":{"line":70,"column":2},"end":{"line":73,"column":3}},"38":{"start":{"line":71,"column":4},"end":{"line":71,"column":27}},"39":{"start":{"line":72,"column":4},"end":{"line":72,"column":18}},"40":{"start":{"line":75,"column":2},"end":{"line":88,"column":3}},"41":{"start":{"line":76,"column":20},"end":{"line":76,"column":36}},"42":{"start":{"line":77,"column":4},"end":{"line":79,"column":5}},"43":{"start":{"line":78,"column":6},"end":{"line":78,"column":84}},"44":{"start":{"line":81,"column":4},"end":{"line":86,"column":6}},"45":{"start":{"line":87,"column":4},"end":{"line":87,"column":18}},"46":{"start":{"line":90,"column":2},"end":{"line":90,"column":79}},"47":{"start":{"line":93,"column":0},"end":{"line":100,"column":2}}},"fnMap":{"0":{"name":"(anonymous_0)","decl":{"start":{"line":5,"column":16},"end":{"line":5,"column":17}},"loc":{"start":{"line":5,"column":42},"end":{"line":35,"column":1}},"line":5},"1":{"name":"(anonymous_1)","decl":{"start":{"line":38,"column":18},"end":{"line":38,"column":19}},"loc":{"start":{"line":38,"column":39},"end":{"line":46,"column":1}},"line":38},"2":{"name":"(anonymous_2)","decl":{"start":{"line":39,"column":9},"end":{"line":39,"column":10}},"loc":{"start":{"line":39,"column":29},"end":{"line":45,"column":3}},"line":39},"3":{"name":"(anonymous_3)","decl":{"start":{"line":41,"column":41},"end":{"line":41,"column":42}},"loc":{"start":{"line":41,"column":49},"end":{"line":41,"column":73}},"line":41},"4":{"name":"(anonymous_4)","decl":{"start":{"line":49,"column":23},"end":{"line":49,"column":24}},"loc":{"start":{"line":49,"column":43},"end":{"line":55,"column":1}},"line":49},"5":{"name":"(anonymous_5)","decl":{"start":{"line":58,"column":22},"end":{"line":58,"column":23}},"loc":{"start":{"line":58,"column":42},"end":{"line":64,"column":1}},"line":58},"6":{"name":"(anonymous_6)","decl":{"start":{"line":67,"column":30},"end":{"line":67,"column":31}},"loc":{"start":{"line":67,"column":50},"end":{"line":91,"column":1}},"line":67}},"branchMap":{"0":{"loc":{"start":{"line":8,"column":2},"end":{"line":28,"column":3}},"type":"if","locations":[{"start":{"line":8,"column":2},"end":{"line":28,"column":3}},{"start":{},"end":{}}],"line":8},"1":{"loc":{"start":{"line":9,"column":4},"end":{"line":10,"column":50}},"type":"binary-expr","locations":[{"start":{"line":9,"column":4},"end":{"line":9,"column":29}},{"start":{"line":10,"column":4},"end":{"line":10,"column":50}}],"line":9},"2":{"loc":{"start":{"line":17,"column":6},"end":{"line":20,"column":7}},"type":"if","locations":[{"start":{"line":17,"column":6},"end":{"line":20,"column":7}},{"start":{},"end":{}}],"line":17},"3":{"loc":{"start":{"line":31,"column":2},"end":{"line":34,"column":3}},"type":"if","locations":[{"start":{"line":31,"column":2},"end":{"line":34,"column":3}},{"start":{},"end":{}}],"line":31},"4":{"loc":{"start":{"line":40,"column":22},"end":{"line":40,"column":57}},"type":"binary-expr","locations":[{"start":{"line":40,"column":22},"end":{"line":40,"column":37}},{"start":{"line":40,"column":41},"end":{"line":40,"column":57}}],"line":40},"5":{"loc":{"start":{"line":41,"column":4},"end":{"line":43,"column":5}},"type":"if","locations":[{"start":{"line":41,"column":4},"end":{"line":43,"column":5}},{"start":{},"end":{}}],"line":41},"6":{"loc":{"start":{"line":41,"column":8},"end":{"line":41,"column":74}},"type":"binary-expr","locations":[{"start":{"line":41,"column":8},"end":{"line":41,"column":18}},{"start":{"line":41,"column":22},"end":{"line":41,"column":74}}],"line":41},"7":{"loc":{"start":{"line":50,"column":16},"end":{"line":50,"column":51}},"type":"binary-expr","locations":[{"start":{"line":50,"column":16},"end":{"line":50,"column":31}},{"start":{"line":50,"column":35},"end":{"line":50,"column":51}}],"line":50},"8":{"loc":{"start":{"line":51,"column":2},"end":{"line":53,"column":3}},"type":"if","locations":[{"start":{"line":51,"column":2},"end":{"line":53,"column":3}},{"start":{},"end":{}}],"line":51},"9":{"loc":{"start":{"line":59,"column":16},"end":{"line":59,"column":51}},"type":"binary-expr","locations":[{"start":{"line":59,"column":16},"end":{"line":59,"column":31}},{"start":{"line":59,"column":35},"end":{"line":59,"column":51}}],"line":59},"10":{"loc":{"start":{"line":60,"column":2},"end":{"line":62,"column":3}},"type":"if","locations":[{"start":{"line":60,"column":2},"end":{"line":62,"column":3}},{"start":{},"end":{}}],"line":60},"11":{"loc":{"start":{"line":68,"column":16},"end":{"line":68,"column":51}},"type":"binary-expr","locations":[{"start":{"line":68,"column":16},"end":{"line":68,"column":31}},{"start":{"line":68,"column":35},"end":{"line":68,"column":51}}],"line":68},"12":{"loc":{"start":{"line":70,"column":2},"end":{"line":73,"column":3}},"type":"if","locations":[{"start":{"line":70,"column":2},"end":{"line":73,"column":3}},{"start":{},"end":{}}],"line":70},"13":{"loc":{"start":{"line":70,"column":6},"end":{"line":70,"column":63}},"type":"binary-expr","locations":[{"start":{"line":70,"column":6},"end":{"line":70,"column":29}},{"start":{"line":70,"column":33},"end":{"line":70,"column":63}}],"line":70},"14":{"loc":{"start":{"line":75,"column":2},"end":{"line":88,"column":3}},"type":"if","locations":[{"start":{"line":75,"column":2},"end":{"line":88,"column":3}},{"start":{},"end":{}}],"line":75},"15":{"loc":{"start":{"line":77,"column":4},"end":{"line":79,"column":5}},"type":"if","locations":[{"start":{"line":77,"column":4},"end":{"line":79,"column":5}},{"start":{},"end":{}}],"line":77}},"s":{"0":14,"1":14,"2":14,"3":19,"4":15,"5":15,"6":15,"7":14,"8":14,"9":0,"10":0,"11":14,"12":14,"13":1,"14":1,"15":4,"16":4,"17":4,"18":14,"19":868,"20":12,"21":12,"22":19,"23":2,"24":10,"25":14,"26":0,"27":0,"28":0,"29":0,"30":14,"31":0,"32":0,"33":0,"34":0,"35":14,"36":0,"37":0,"38":0,"39":0,"40":0,"41":0,"42":0,"43":0,"44":0,"45":0,"46":0,"47":14},"f":{"0":19,"1":868,"2":12,"3":19,"4":0,"5":0,"6":0},"b":{"0":[15,4],"1":[19,15],"2":[0,14],"3":[4,0],"4":[12,0],"5":[2,10],"6":[12,12],"7":[0,0],"8":[0,0],"9":[0,0],"10":[0,0],"11":[0,0],"12":[0,0],"13":[0,0],"14":[0,0],"15":[0,0]},"_coverageSchema":"1a1c01bbd47fc00a2c39e90264f33305004495a9","hash":"33f7fed83be5e6c99e4eb8b6213e26aa0f1cc49e"}
,"C:\\Users\\atdan\\OneDrive\\Desktop\\Merkato\\backend\\models\\Expense.js": {"path":"C:\\Users\\atdan\\OneDrive\\Desktop\\Merkato\\backend\\models\\Expense.js","statementMap":{"0":{"start":{"line":1,"column":17},"end":{"line":1,"column":36}},"1":{"start":{"line":3,"column":22},"end":{"line":17,"column":1}},"2":{"start":{"line":19,"column":0},"end":{"line":19,"column":58}}},"fnMap":{},"branchMap":{},"s":{"0":14,"1":14,"2":14},"f":{},"b":{},"_coverageSchema":"1a1c01bbd47fc00a2c39e90264f33305004495a9","hash":"94b887e92ae796c0668bc1664670ed3fda5057c7"}
,"C:\\Users\\atdan\\OneDrive\\Desktop\\Merkato\\backend\\models\\Favorite.js": {"path":"C:\\Users\\atdan\\OneDrive\\Desktop\\Merkato\\backend\\models\\Favorite.js","statementMap":{"0":{"start":{"line":1,"column":17},"end":{"line":1,"column":36}},"1":{"start":{"line":3,"column":23},"end":{"line":17,"column":1}},"2":{"start":{"line":19,"column":0},"end":{"line":19,"column":60}}},"fnMap":{},"branchMap":{},"s":{"0":14,"1":14,"2":14},"f":{},"b":{},"_coverageSchema":"1a1c01bbd47fc00a2c39e90264f33305004495a9","hash":"3a63b411716518f98b9a3da68b00260ec822c840"}
,"C:\\Users\\atdan\\OneDrive\\Desktop\\Merkato\\backend\\models\\Feedback.js": {"path":"C:\\Users\\atdan\\OneDrive\\Desktop\\Merkato\\backend\\models\\Feedback.js","statementMap":{"0":{"start":{"line":1,"column":17},"end":{"line":1,"column":36}},"1":{"start":{"line":3,"column":23},"end":{"line":31,"column":1}},"2":{"start":{"line":33,"column":0},"end":{"line":33,"column":60}}},"fnMap":{},"branchMap":{},"s":{"0":14,"1":14,"2":14},"f":{},"b":{},"_coverageSchema":"1a1c01bbd47fc00a2c39e90264f33305004495a9","hash":"886791b8091a1a1ce03b3038b2b9de0e7133419a"}
,"C:\\Users\\atdan\\OneDrive\\Desktop\\Merkato\\backend\\models\\FirstTimeDiscount.js": {"path":"C:\\Users\\atdan\\OneDrive\\Desktop\\Merkato\\backend\\models\\FirstTimeDiscount.js","statementMap":{"0":{"start":{"line":2,"column":17},"end":{"line":2,"column":36}},"1":{"start":{"line":4,"column":32},"end":{"line":7,"column":2}},"2":{"start":{"line":9,"column":0},"end":{"line":9,"column":78}}},"fnMap":{},"branchMap":{},"s":{"0":14,"1":14,"2":14},"f":{},"b":{},"_coverageSchema":"1a1c01bbd47fc00a2c39e90264f33305004495a9","hash":"8fca3f51c0926f72809518bdceabf4550b6669d4"}
,"C:\\Users\\atdan\\OneDrive\\Desktop\\Merkato\\backend\\models\\Flag.js": {"path":"C:\\Users\\atdan\\OneDrive\\Desktop\\Merkato\\backend\\models\\Flag.js","statementMap":{"0":{"start":{"line":2,"column":17},"end":{"line":2,"column":36}},"1":{"start":{"line":4,"column":19},"end":{"line":45,"column":2}},"2":{"start":{"line":47,"column":0},"end":{"line":47,"column":52}}},"fnMap":{},"branchMap":{},"s":{"0":14,"1":14,"2":14},"f":{},"b":{},"_coverageSchema":"1a1c01bbd47fc00a2c39e90264f33305004495a9","hash":"e0a56d1a6846d6e6d9a7f128555cbe85c5012001"}
,"C:\\Users\\atdan\\OneDrive\\Desktop\\Merkato\\backend\\models\\Invoice.js": {"path":"C:\\Users\\atdan\\OneDrive\\Desktop\\Merkato\\backend\\models\\Invoice.js","statementMap":{"0":{"start":{"line":1,"column":17},"end":{"line":1,"column":36}},"1":{"start":{"line":3,"column":22},"end":{"line":26,"column":24}},"2":{"start":{"line":28,"column":0},"end":{"line":28,"column":58}}},"fnMap":{},"branchMap":{},"s":{"0":14,"1":14,"2":14},"f":{},"b":{},"_coverageSchema":"1a1c01bbd47fc00a2c39e90264f33305004495a9","hash":"78c5256ded7d0759dc1ca65eb22a1c05a6a89e13"}
,"C:\\Users\\atdan\\OneDrive\\Desktop\\Merkato\\backend\\models\\Order.js": {"path":"C:\\Users\\atdan\\OneDrive\\Desktop\\Merkato\\backend\\models\\Order.js","statementMap":{"0":{"start":{"line":1,"column":17},"end":{"line":1,"column":36}},"1":{"start":{"line":3,"column":20},"end":{"line":98,"column":1}},"2":{"start":{"line":100,"column":0},"end":{"line":100,"column":54}}},"fnMap":{},"branchMap":{},"s":{"0":14,"1":14,"2":14},"f":{},"b":{},"_coverageSchema":"1a1c01bbd47fc00a2c39e90264f33305004495a9","hash":"81505fa8b21af2cc50d82afc0046c63ce7ecc5b8"}
,"C:\\Users\\atdan\\OneDrive\\Desktop\\Merkato\\backend\\models\\Product.js": {"path":"C:\\Users\\atdan\\OneDrive\\Desktop\\Merkato\\backend\\models\\Product.js","statementMap":{"0":{"start":{"line":1,"column":17},"end":{"line":1,"column":36}},"1":{"start":{"line":3,"column":22},"end":{"line":34,"column":1}},"2":{"start":{"line":36,"column":0},"end":{"line":36,"column":58}}},"fnMap":{},"branchMap":{},"s":{"0":14,"1":14,"2":14},"f":{},"b":{},"_coverageSchema":"1a1c01bbd47fc00a2c39e90264f33305004495a9","hash":"c8ea3597bce97c99cf0d2d037dbe5636169119f8"}
,"C:\\Users\\atdan\\OneDrive\\Desktop\\Merkato\\backend\\models\\PromoCampaign.js": {"path":"C:\\Users\\atdan\\OneDrive\\Desktop\\Merkato\\backend\\models\\PromoCampaign.js","statementMap":{"0":{"start":{"line":1,"column":17},"end":{"line":1,"column":36}},"1":{"start":{"line":3,"column":28},"end":{"line":12,"column":24}},"2":{"start":{"line":14,"column":0},"end":{"line":14,"column":70}}},"fnMap":{},"branchMap":{},"s":{"0":14,"1":14,"2":14},"f":{},"b":{},"_coverageSchema":"1a1c01bbd47fc00a2c39e90264f33305004495a9","hash":"826861dd632d6084426c552908a40863accd5650"}
,"C:\\Users\\atdan\\OneDrive\\Desktop\\Merkato\\backend\\models\\PromoCode.js": {"path":"C:\\Users\\atdan\\OneDrive\\Desktop\\Merkato\\backend\\models\\PromoCode.js","statementMap":{"0":{"start":{"line":1,"column":17},"end":{"line":1,"column":36}},"1":{"start":{"line":3,"column":24},"end":{"line":24,"column":2}},"2":{"start":{"line":26,"column":0},"end":{"line":26,"column":62}}},"fnMap":{},"branchMap":{},"s":{"0":14,"1":14,"2":14},"f":{},"b":{},"_coverageSchema":"1a1c01bbd47fc00a2c39e90264f33305004495a9","hash":"83257ca7f331f7b38882e28cdff9963ab53d3c51"}
,"C:\\Users\\atdan\\OneDrive\\Desktop\\Merkato\\backend\\models\\ResetToken.js": {"path":"C:\\Users\\atdan\\OneDrive\\Desktop\\Merkato\\backend\\models\\ResetToken.js","statementMap":{"0":{"start":{"line":2,"column":17},"end":{"line":2,"column":36}},"1":{"start":{"line":4,"column":25},"end":{"line":18,"column":24}},"2":{"start":{"line":21,"column":0},"end":{"line":21,"column":68}},"3":{"start":{"line":23,"column":0},"end":{"line":23,"column":64}}},"fnMap":{},"branchMap":{},"s":{"0":14,"1":14,"2":14,"3":14},"f":{},"b":{},"_coverageSchema":"1a1c01bbd47fc00a2c39e90264f33305004495a9","hash":"e278f6fa5069104fd019982592baaebbb6e95f94"}
,"C:\\Users\\atdan\\OneDrive\\Desktop\\Merkato\\backend\\models\\Review.js": {"path":"C:\\Users\\atdan\\OneDrive\\Desktop\\Merkato\\backend\\models\\Review.js","statementMap":{"0":{"start":{"line":1,"column":17},"end":{"line":1,"column":36}},"1":{"start":{"line":3,"column":21},"end":{"line":33,"column":1}},"2":{"start":{"line":35,"column":0},"end":{"line":35,"column":56}}},"fnMap":{},"branchMap":{},"s":{"0":14,"1":14,"2":14},"f":{},"b":{},"_coverageSchema":"1a1c01bbd47fc00a2c39e90264f33305004495a9","hash":"b3be2f046df9ea558116601b32dbbd4af4e4e3fe"}
,"C:\\Users\\atdan\\OneDrive\\Desktop\\Merkato\\backend\\models\\Support.js": {"path":"C:\\Users\\atdan\\OneDrive\\Desktop\\Merkato\\backend\\models\\Support.js","statementMap":{"0":{"start":{"line":1,"column":17},"end":{"line":1,"column":36}},"1":{"start":{"line":3,"column":22},"end":{"line":29,"column":1}},"2":{"start":{"line":31,"column":0},"end":{"line":31,"column":58}}},"fnMap":{},"branchMap":{},"s":{"0":14,"1":14,"2":14},"f":{},"b":{},"_coverageSchema":"1a1c01bbd47fc00a2c39e90264f33305004495a9","hash":"68d9e9ebf667f9640ca4826a87e0d2b2350998e9"}
,"C:\\Users\\atdan\\OneDrive\\Desktop\\Merkato\\backend\\models\\User.js": {"path":"C:\\Users\\atdan\\OneDrive\\Desktop\\Merkato\\backend\\models\\User.js","statementMap":{"0":{"start":{"line":1,"column":17},"end":{"line":1,"column":36}},"1":{"start":{"line":2,"column":15},"end":{"line":2,"column":34}},"2":{"start":{"line":4,"column":19},"end":{"line":65,"column":1}},"3":{"start":{"line":68,"column":0},"end":{"line":77,"column":3}},"4":{"start":{"line":69,"column":2},"end":{"line":69,"column":50}},"5":{"start":{"line":69,"column":36},"end":{"line":69,"column":50}},"6":{"start":{"line":70,"column":2},"end":{"line":76,"column":3}},"7":{"start":{"line":71,"column":17},"end":{"line":71,"column":41}},"8":{"start":{"line":72,"column":4},"end":{"line":72,"column":59}},"9":{"start":{"line":73,"column":4},"end":{"line":73,"column":11}},"10":{"start":{"line":75,"column":4},"end":{"line":75,"column":14}},"11":{"start":{"line":80,"column":0},"end":{"line":82,"column":2}},"12":{"start":{"line":81,"column":2},"end":{"line":81,"column":62}},"13":{"start":{"line":84,"column":0},"end":{"line":84,"column":52}}},"fnMap":{"0":{"name":"(anonymous_0)","decl":{"start":{"line":68,"column":23},"end":{"line":68,"column":24}},"loc":{"start":{"line":68,"column":45},"end":{"line":77,"column":1}},"line":68},"1":{"name":"(anonymous_1)","decl":{"start":{"line":80,"column":35},"end":{"line":80,"column":36}},"loc":{"start":{"line":80,"column":68},"end":{"line":82,"column":1}},"line":80}},"branchMap":{"0":{"loc":{"start":{"line":69,"column":2},"end":{"line":69,"column":50}},"type":"if","locations":[{"start":{"line":69,"column":2},"end":{"line":69,"column":50}},{"start":{},"end":{}}],"line":69}},"s":{"0":14,"1":14,"2":14,"3":14,"4":17,"5":0,"6":17,"7":17,"8":17,"9":16,"10":0,"11":14,"12":9,"13":14},"f":{"0":17,"1":9},"b":{"0":[0,17]},"_coverageSchema":"1a1c01bbd47fc00a2c39e90264f33305004495a9","hash":"c559dfd92c065cde7ad0783da9565f44850a9b79"}
,"C:\\Users\\atdan\\OneDrive\\Desktop\\Merkato\\backend\\models\\productModel.js": {"path":"C:\\Users\\atdan\\OneDrive\\Desktop\\Merkato\\backend\\models\\productModel.js","statementMap":{"0":{"start":{"line":1,"column":17},"end":{"line":1,"column":36}},"1":{"start":{"line":3,"column":22},"end":{"line":56,"column":1}},"2":{"start":{"line":58,"column":0},"end":{"line":58,"column":85}}},"fnMap":{},"branchMap":{"0":{"loc":{"start":{"line":58,"column":17},"end":{"line":58,"column":84}},"type":"binary-expr","locations":[{"start":{"line":58,"column":17},"end":{"line":58,"column":40}},{"start":{"line":58,"column":44},"end":{"line":58,"column":84}}],"line":58}},"s":{"0":14,"1":14,"2":14},"f":{},"b":{"0":[14,0]},"_coverageSchema":"1a1c01bbd47fc00a2c39e90264f33305004495a9","hash":"4687b9e52948da1fde1816fa200c553b87ae1d6c"}
,"C:\\Users\\atdan\\OneDrive\\Desktop\\Merkato\\backend\\models\\userModel.js": {"path":"C:\\Users\\atdan\\OneDrive\\Desktop\\Merkato\\backend\\models\\userModel.js","statementMap":{"0":{"start":{"line":1,"column":17},"end":{"line":1,"column":36}},"1":{"start":{"line":2,"column":15},"end":{"line":2,"column":34}},"2":{"start":{"line":4,"column":19},"end":{"line":44,"column":1}},"3":{"start":{"line":47,"column":0},"end":{"line":56,"column":3}},"4":{"start":{"line":48,"column":2},"end":{"line":48,"column":50}},"5":{"start":{"line":48,"column":36},"end":{"line":48,"column":50}},"6":{"start":{"line":49,"column":2},"end":{"line":55,"column":3}},"7":{"start":{"line":50,"column":17},"end":{"line":50,"column":41}},"8":{"start":{"line":51,"column":4},"end":{"line":51,"column":59}},"9":{"start":{"line":52,"column":4},"end":{"line":52,"column":11}},"10":{"start":{"line":54,"column":4},"end":{"line":54,"column":14}},"11":{"start":{"line":59,"column":0},"end":{"line":61,"column":2}},"12":{"start":{"line":60,"column":2},"end":{"line":60,"column":58}},"13":{"start":{"line":63,"column":0},"end":{"line":63,"column":76}}},"fnMap":{"0":{"name":"(anonymous_0)","decl":{"start":{"line":47,"column":23},"end":{"line":47,"column":24}},"loc":{"start":{"line":47,"column":45},"end":{"line":56,"column":1}},"line":47},"1":{"name":"(anonymous_1)","decl":{"start":{"line":59,"column":37},"end":{"line":59,"column":38}},"loc":{"start":{"line":59,"column":66},"end":{"line":61,"column":1}},"line":59}},"branchMap":{"0":{"loc":{"start":{"line":48,"column":2},"end":{"line":48,"column":50}},"type":"if","locations":[{"start":{"line":48,"column":2},"end":{"line":48,"column":50}},{"start":{},"end":{}}],"line":48},"1":{"loc":{"start":{"line":63,"column":17},"end":{"line":63,"column":75}},"type":"binary-expr","locations":[{"start":{"line":63,"column":17},"end":{"line":63,"column":37}},{"start":{"line":63,"column":41},"end":{"line":63,"column":75}}],"line":63}},"s":{"0":14,"1":14,"2":14,"3":14,"4":0,"5":0,"6":0,"7":0,"8":0,"9":0,"10":0,"11":14,"12":0,"13":14},"f":{"0":0,"1":0},"b":{"0":[0,0],"1":[14,0]},"_coverageSchema":"1a1c01bbd47fc00a2c39e90264f33305004495a9","hash":"7df3e8925a24895ac757ae74d88e68a8f4012a60"}
,"C:\\Users\\atdan\\OneDrive\\Desktop\\Merkato\\backend\\routes\\adminRoutes.js": {"path":"C:\\Users\\atdan\\OneDrive\\Desktop\\Merkato\\backend\\routes\\adminRoutes.js","statementMap":{"0":{"start":{"line":1,"column":16},"end":{"line":1,"column":34}},"1":{"start":{"line":2,"column":15},"end":{"line":2,"column":31}},"2":{"start":{"line":3,"column":13},"end":{"line":3,"column":38}},"3":{"start":{"line":4,"column":16},"end":{"line":4,"column":44}},"4":{"start":{"line":5,"column":16},"end":{"line":5,"column":44}},"5":{"start":{"line":6,"column":26},"end":{"line":6,"column":64}},"6":{"start":{"line":7,"column":14},"end":{"line":7,"column":40}},"7":{"start":{"line":8,"column":15},"end":{"line":8,"column":42}},"8":{"start":{"line":9,"column":18},"end":{"line":9,"column":48}},"9":{"start":{"line":10,"column":19},"end":{"line":10,"column":38}},"10":{"start":{"line":11,"column":31},"end":{"line":11,"column":70}},"11":{"start":{"line":12,"column":22},"end":{"line":12,"column":56}},"12":{"start":{"line":15,"column":16},"end":{"line":16,"column":56}},"13":{"start":{"line":16,"column":2},"end":{"line":16,"column":56}},"14":{"start":{"line":19,"column":0},"end":{"line":30,"column":3}},"15":{"start":{"line":20,"column":2},"end":{"line":29,"column":3}},"16":{"start":{"line":21,"column":18},"end":{"line":23,"column":10}},"17":{"start":{"line":25,"column":18},"end":{"line":25,"column":60}},"18":{"start":{"line":26,"column":4},"end":{"line":26,"column":20}},"19":{"start":{"line":28,"column":4},"end":{"line":28,"column":62}},"20":{"start":{"line":33,"column":0},"end":{"line":47,"column":3}},"21":{"start":{"line":34,"column":2},"end":{"line":46,"column":3}},"22":{"start":{"line":36,"column":4},"end":{"line":42,"column":5}},"23":{"start":{"line":37,"column":22},"end":{"line":37,"column":98}},"24":{"start":{"line":38,"column":24},"end":{"line":38,"column":47}},"25":{"start":{"line":38,"column":41},"end":{"line":38,"column":46}},"26":{"start":{"line":39,"column":6},"end":{"line":39,"column":101}},"27":{"start":{"line":41,"column":6},"end":{"line":41,"column":71}},"28":{"start":{"line":43,"column":4},"end":{"line":43,"column":23}},"29":{"start":{"line":45,"column":4},"end":{"line":45,"column":65}},"30":{"start":{"line":50,"column":0},"end":{"line":71,"column":3}},"31":{"start":{"line":51,"column":2},"end":{"line":70,"column":3}},"32":{"start":{"line":52,"column":28},"end":{"line":58,"column":6}},"33":{"start":{"line":60,"column":18},"end":{"line":65,"column":7}},"34":{"start":{"line":60,"column":52},"end":{"line":65,"column":5}},"35":{"start":{"line":67,"column":4},"end":{"line":67,"column":20}},"36":{"start":{"line":69,"column":4},"end":{"line":69,"column":73}},"37":{"start":{"line":74,"column":0},"end":{"line":95,"column":3}},"38":{"start":{"line":75,"column":2},"end":{"line":94,"column":3}},"39":{"start":{"line":76,"column":19},"end":{"line":76,"column":21}},"40":{"start":{"line":78,"column":4},"end":{"line":84,"column":5}},"41":{"start":{"line":79,"column":22},"end":{"line":79,"column":98}},"42":{"start":{"line":80,"column":24},"end":{"line":80,"column":47}},"43":{"start":{"line":80,"column":41},"end":{"line":80,"column":46}},"44":{"start":{"line":81,"column":6},"end":{"line":81,"column":68}},"45":{"start":{"line":83,"column":6},"end":{"line":83,"column":38}},"46":{"start":{"line":86,"column":25},"end":{"line":86,"column":89}},"47":{"start":{"line":86,"column":53},"end":{"line":86,"column":85}},"48":{"start":{"line":88,"column":4},"end":{"line":91,"column":7}},"49":{"start":{"line":93,"column":4},"end":{"line":93,"column":89}},"50":{"start":{"line":98,"column":0},"end":{"line":111,"column":3}},"51":{"start":{"line":99,"column":2},"end":{"line":110,"column":3}},"52":{"start":{"line":100,"column":20},"end":{"line":104,"column":6}},"53":{"start":{"line":106,"column":18},"end":{"line":106,"column":38}},"54":{"start":{"line":107,"column":4},"end":{"line":107,"column":32}},"55":{"start":{"line":109,"column":4},"end":{"line":109,"column":84}},"56":{"start":{"line":114,"column":0},"end":{"line":125,"column":3}},"57":{"start":{"line":115,"column":2},"end":{"line":124,"column":3}},"58":{"start":{"line":116,"column":19},"end":{"line":118,"column":10}},"59":{"start":{"line":120,"column":21},"end":{"line":120,"column":71}},"60":{"start":{"line":121,"column":4},"end":{"line":121,"column":23}},"61":{"start":{"line":123,"column":4},"end":{"line":123,"column":86}},"62":{"start":{"line":128,"column":0},"end":{"line":155,"column":3}},"63":{"start":{"line":129,"column":2},"end":{"line":154,"column":3}},"64":{"start":{"line":130,"column":24},"end":{"line":130,"column":40}},"65":{"start":{"line":132,"column":25},"end":{"line":132,"column":92}},"66":{"start":{"line":133,"column":23},"end":{"line":133,"column":92}},"67":{"start":{"line":134,"column":26},"end":{"line":134,"column":80}},"68":{"start":{"line":136,"column":25},"end":{"line":144,"column":6}},"69":{"start":{"line":146,"column":4},"end":{"line":151,"column":7}},"70":{"start":{"line":153,"column":4},"end":{"line":153,"column":100}},"71":{"start":{"line":158,"column":0},"end":{"line":173,"column":3}},"72":{"start":{"line":159,"column":2},"end":{"line":172,"column":3}},"73":{"start":{"line":160,"column":17},"end":{"line":160,"column":51}},"74":{"start":{"line":162,"column":4},"end":{"line":164,"column":5}},"75":{"start":{"line":163,"column":6},"end":{"line":163,"column":67}},"76":{"start":{"line":166,"column":4},"end":{"line":166,"column":38}},"77":{"start":{"line":167,"column":4},"end":{"line":167,"column":22}},"78":{"start":{"line":169,"column":4},"end":{"line":169,"column":76}},"79":{"start":{"line":171,"column":4},"end":{"line":171,"column":90}},"80":{"start":{"line":176,"column":0},"end":{"line":188,"column":3}},"81":{"start":{"line":177,"column":2},"end":{"line":187,"column":3}},"82":{"start":{"line":178,"column":18},"end":{"line":178,"column":51}},"83":{"start":{"line":179,"column":4},"end":{"line":183,"column":5}},"84":{"start":{"line":180,"column":6},"end":{"line":180,"column":40}},"85":{"start":{"line":181,"column":6},"end":{"line":181,"column":27}},"86":{"start":{"line":182,"column":6},"end":{"line":182,"column":57}},"87":{"start":{"line":184,"column":4},"end":{"line":184,"column":73}},"88":{"start":{"line":186,"column":4},"end":{"line":186,"column":74}},"89":{"start":{"line":191,"column":0},"end":{"line":205,"column":3}},"90":{"start":{"line":192,"column":2},"end":{"line":204,"column":3}},"91":{"start":{"line":193,"column":35},"end":{"line":193,"column":43}},"92":{"start":{"line":194,"column":18},"end":{"line":194,"column":51}},"93":{"start":{"line":195,"column":4},"end":{"line":197,"column":5}},"94":{"start":{"line":196,"column":6},"end":{"line":196,"column":40}},"95":{"start":{"line":198,"column":4},"end":{"line":198,"column":28}},"96":{"start":{"line":199,"column":4},"end":{"line":199,"column":42}},"97":{"start":{"line":200,"column":4},"end":{"line":200,"column":25}},"98":{"start":{"line":201,"column":4},"end":{"line":201,"column":119}},"99":{"start":{"line":203,"column":4},"end":{"line":203,"column":75}},"100":{"start":{"line":208,"column":0},"end":{"line":235,"column":3}},"101":{"start":{"line":209,"column":2},"end":{"line":234,"column":3}},"102":{"start":{"line":210,"column":22},"end":{"line":210,"column":49}},"103":{"start":{"line":211,"column":24},"end":{"line":211,"column":69}},"104":{"start":{"line":212,"column":25},"end":{"line":212,"column":55}},"105":{"start":{"line":213,"column":23},"end":{"line":213,"column":51}},"106":{"start":{"line":214,"column":24},"end":{"line":214,"column":53}},"107":{"start":{"line":216,"column":17},"end":{"line":223,"column":6}},"108":{"start":{"line":225,"column":21},"end":{"line":225,"column":33}},"109":{"start":{"line":226,"column":16},"end":{"line":226,"column":36}},"110":{"start":{"line":228,"column":4},"end":{"line":228,"column":43}},"111":{"start":{"line":229,"column":4},"end":{"line":229,"column":49}},"112":{"start":{"line":230,"column":4},"end":{"line":230,"column":25}},"113":{"start":{"line":232,"column":4},"end":{"line":232,"column":40}},"114":{"start":{"line":233,"column":4},"end":{"line":233,"column":86}},"115":{"start":{"line":238,"column":0},"end":{"line":285,"column":3}},"116":{"start":{"line":239,"column":40},"end":{"line":239,"column":48}},"117":{"start":{"line":240,"column":15},"end":{"line":240,"column":23}},"118":{"start":{"line":242,"column":2},"end":{"line":284,"column":3}},"119":{"start":{"line":243,"column":18},"end":{"line":243,"column":67}},"120":{"start":{"line":245,"column":4},"end":{"line":245,"column":81}},"121":{"start":{"line":245,"column":16},"end":{"line":245,"column":81}},"122":{"start":{"line":247,"column":4},"end":{"line":249,"column":5}},"123":{"start":{"line":248,"column":6},"end":{"line":248,"column":73}},"124":{"start":{"line":251,"column":4},"end":{"line":253,"column":5}},"125":{"start":{"line":252,"column":6},"end":{"line":252,"column":81}},"126":{"start":{"line":255,"column":4},"end":{"line":260,"column":5}},"127":{"start":{"line":256,"column":25},"end":{"line":256,"column":61}},"128":{"start":{"line":257,"column":6},"end":{"line":259,"column":7}},"129":{"start":{"line":258,"column":8},"end":{"line":258,"column":90}},"130":{"start":{"line":262,"column":4},"end":{"line":264,"column":5}},"131":{"start":{"line":263,"column":6},"end":{"line":263,"column":97}},"132":{"start":{"line":266,"column":19},"end":{"line":266,"column":20}},"133":{"start":{"line":267,"column":4},"end":{"line":271,"column":5}},"134":{"start":{"line":268,"column":6},"end":{"line":268,"column":59}},"135":{"start":{"line":270,"column":6},"end":{"line":270,"column":29}},"136":{"start":{"line":273,"column":31},"end":{"line":273,"column":74}},"137":{"start":{"line":275,"column":4},"end":{"line":279,"column":7}},"138":{"start":{"line":282,"column":4},"end":{"line":282,"column":51}},"139":{"start":{"line":283,"column":4},"end":{"line":283,"column":71}},"140":{"start":{"line":287,"column":0},"end":{"line":319,"column":3}},"141":{"start":{"line":288,"column":2},"end":{"line":318,"column":3}},"142":{"start":{"line":297,"column":8},"end":{"line":297,"column":16}},"143":{"start":{"line":299,"column":4},"end":{"line":301,"column":5}},"144":{"start":{"line":300,"column":6},"end":{"line":300,"column":74}},"145":{"start":{"line":303,"column":21},"end":{"line":312,"column":6}},"146":{"start":{"line":314,"column":4},"end":{"line":314,"column":26}},"147":{"start":{"line":315,"column":4},"end":{"line":315,"column":68}},"148":{"start":{"line":317,"column":4},"end":{"line":317,"column":67}},"149":{"start":{"line":321,"column":0},"end":{"line":321,"column":24}}},"fnMap":{"0":{"name":"(anonymous_0)","decl":{"start":{"line":15,"column":16},"end":{"line":15,"column":17}},"loc":{"start":{"line":16,"column":2},"end":{"line":16,"column":56}},"line":16},"1":{"name":"(anonymous_1)","decl":{"start":{"line":19,"column":66},"end":{"line":19,"column":67}},"loc":{"start":{"line":19,"column":86},"end":{"line":30,"column":1}},"line":19},"2":{"name":"(anonymous_2)","decl":{"start":{"line":33,"column":69},"end":{"line":33,"column":70}},"loc":{"start":{"line":33,"column":89},"end":{"line":47,"column":1}},"line":33},"3":{"name":"(anonymous_3)","decl":{"start":{"line":38,"column":36},"end":{"line":38,"column":37}},"loc":{"start":{"line":38,"column":41},"end":{"line":38,"column":46}},"line":38},"4":{"name":"(anonymous_4)","decl":{"start":{"line":50,"column":75},"end":{"line":50,"column":76}},"loc":{"start":{"line":50,"column":95},"end":{"line":71,"column":1}},"line":50},"5":{"name":"(anonymous_5)","decl":{"start":{"line":60,"column":38},"end":{"line":60,"column":39}},"loc":{"start":{"line":60,"column":52},"end":{"line":65,"column":5}},"line":60},"6":{"name":"(anonymous_6)","decl":{"start":{"line":74,"column":68},"end":{"line":74,"column":69}},"loc":{"start":{"line":74,"column":88},"end":{"line":95,"column":1}},"line":74},"7":{"name":"(anonymous_7)","decl":{"start":{"line":80,"column":36},"end":{"line":80,"column":37}},"loc":{"start":{"line":80,"column":41},"end":{"line":80,"column":46}},"line":80},"8":{"name":"(anonymous_8)","decl":{"start":{"line":86,"column":41},"end":{"line":86,"column":42}},"loc":{"start":{"line":86,"column":53},"end":{"line":86,"column":85}},"line":86},"9":{"name":"(anonymous_9)","decl":{"start":{"line":98,"column":70},"end":{"line":98,"column":71}},"loc":{"start":{"line":98,"column":90},"end":{"line":111,"column":1}},"line":98},"10":{"name":"(anonymous_10)","decl":{"start":{"line":114,"column":69},"end":{"line":114,"column":70}},"loc":{"start":{"line":114,"column":89},"end":{"line":125,"column":1}},"line":114},"11":{"name":"(anonymous_11)","decl":{"start":{"line":128,"column":70},"end":{"line":128,"column":71}},"loc":{"start":{"line":128,"column":90},"end":{"line":155,"column":1}},"line":128},"12":{"name":"(anonymous_12)","decl":{"start":{"line":158,"column":94},"end":{"line":158,"column":95}},"loc":{"start":{"line":158,"column":114},"end":{"line":173,"column":1}},"line":158},"13":{"name":"(anonymous_13)","decl":{"start":{"line":176,"column":80},"end":{"line":176,"column":81}},"loc":{"start":{"line":176,"column":100},"end":{"line":188,"column":1}},"line":176},"14":{"name":"(anonymous_14)","decl":{"start":{"line":191,"column":80},"end":{"line":191,"column":81}},"loc":{"start":{"line":191,"column":100},"end":{"line":205,"column":1}},"line":191},"15":{"name":"(anonymous_15)","decl":{"start":{"line":208,"column":75},"end":{"line":208,"column":76}},"loc":{"start":{"line":208,"column":95},"end":{"line":235,"column":1}},"line":208},"16":{"name":"(anonymous_16)","decl":{"start":{"line":238,"column":40},"end":{"line":238,"column":41}},"loc":{"start":{"line":238,"column":60},"end":{"line":285,"column":1}},"line":238},"17":{"name":"(anonymous_17)","decl":{"start":{"line":287,"column":77},"end":{"line":287,"column":78}},"loc":{"start":{"line":287,"column":97},"end":{"line":319,"column":1}},"line":287}},"branchMap":{"0":{"loc":{"start":{"line":21,"column":18},"end":{"line":23,"column":10}},"type":"cond-expr","locations":[{"start":{"line":22,"column":8},"end":{"line":22,"column":37}},{"start":{"line":23,"column":8},"end":{"line":23,"column":10}}],"line":21},"1":{"loc":{"start":{"line":21,"column":18},"end":{"line":21,"column":63}},"type":"binary-expr","locations":[{"start":{"line":21,"column":18},"end":{"line":21,"column":43}},{"start":{"line":21,"column":47},"end":{"line":21,"column":63}}],"line":21},"2":{"loc":{"start":{"line":36,"column":4},"end":{"line":42,"column":5}},"type":"if","locations":[{"start":{"line":36,"column":4},"end":{"line":42,"column":5}},{"start":{"line":40,"column":11},"end":{"line":42,"column":5}}],"line":36},"3":{"loc":{"start":{"line":36,"column":8},"end":{"line":36,"column":53}},"type":"binary-expr","locations":[{"start":{"line":36,"column":8},"end":{"line":36,"column":33}},{"start":{"line":36,"column":37},"end":{"line":36,"column":53}}],"line":36},"4":{"loc":{"start":{"line":78,"column":4},"end":{"line":84,"column":5}},"type":"if","locations":[{"start":{"line":78,"column":4},"end":{"line":84,"column":5}},{"start":{"line":82,"column":11},"end":{"line":84,"column":5}}],"line":78},"5":{"loc":{"start":{"line":78,"column":8},"end":{"line":78,"column":53}},"type":"binary-expr","locations":[{"start":{"line":78,"column":8},"end":{"line":78,"column":33}},{"start":{"line":78,"column":37},"end":{"line":78,"column":53}}],"line":78},"6":{"loc":{"start":{"line":86,"column":71},"end":{"line":86,"column":83}},"type":"binary-expr","locations":[{"start":{"line":86,"column":71},"end":{"line":86,"column":78}},{"start":{"line":86,"column":82},"end":{"line":86,"column":83}}],"line":86},"7":{"loc":{"start":{"line":102,"column":15},"end":{"line":102,"column":39}},"type":"binary-expr","locations":[{"start":{"line":102,"column":15},"end":{"line":102,"column":31}},{"start":{"line":102,"column":35},"end":{"line":102,"column":39}}],"line":102},"8":{"loc":{"start":{"line":116,"column":19},"end":{"line":118,"column":10}},"type":"cond-expr","locations":[{"start":{"line":117,"column":8},"end":{"line":117,"column":37}},{"start":{"line":118,"column":8},"end":{"line":118,"column":10}}],"line":116},"9":{"loc":{"start":{"line":116,"column":19},"end":{"line":116,"column":64}},"type":"binary-expr","locations":[{"start":{"line":116,"column":19},"end":{"line":116,"column":44}},{"start":{"line":116,"column":48},"end":{"line":116,"column":64}}],"line":116},"10":{"loc":{"start":{"line":150,"column":20},"end":{"line":150,"column":49}},"type":"binary-expr","locations":[{"start":{"line":150,"column":20},"end":{"line":150,"column":44}},{"start":{"line":150,"column":48},"end":{"line":150,"column":49}}],"line":150},"11":{"loc":{"start":{"line":162,"column":4},"end":{"line":164,"column":5}},"type":"if","locations":[{"start":{"line":162,"column":4},"end":{"line":164,"column":5}},{"start":{},"end":{}}],"line":162},"12":{"loc":{"start":{"line":162,"column":8},"end":{"line":162,"column":39}},"type":"binary-expr","locations":[{"start":{"line":162,"column":8},"end":{"line":162,"column":13}},{"start":{"line":162,"column":17},"end":{"line":162,"column":39}}],"line":162},"13":{"loc":{"start":{"line":179,"column":4},"end":{"line":183,"column":5}},"type":"if","locations":[{"start":{"line":179,"column":4},"end":{"line":183,"column":5}},{"start":{},"end":{}}],"line":179},"14":{"loc":{"start":{"line":195,"column":4},"end":{"line":197,"column":5}},"type":"if","locations":[{"start":{"line":195,"column":4},"end":{"line":197,"column":5}},{"start":{},"end":{}}],"line":195},"15":{"loc":{"start":{"line":199,"column":25},"end":{"line":199,"column":41}},"type":"binary-expr","locations":[{"start":{"line":199,"column":25},"end":{"line":199,"column":35}},{"start":{"line":199,"column":39},"end":{"line":199,"column":41}}],"line":199},"16":{"loc":{"start":{"line":201,"column":77},"end":{"line":201,"column":113}},"type":"cond-expr","locations":[{"start":{"line":201,"column":86},"end":{"line":201,"column":97}},{"start":{"line":201,"column":100},"end":{"line":201,"column":113}}],"line":201},"17":{"loc":{"start":{"line":245,"column":4},"end":{"line":245,"column":81}},"type":"if","locations":[{"start":{"line":245,"column":4},"end":{"line":245,"column":81}},{"start":{},"end":{}}],"line":245},"18":{"loc":{"start":{"line":247,"column":4},"end":{"line":249,"column":5}},"type":"if","locations":[{"start":{"line":247,"column":4},"end":{"line":249,"column":5}},{"start":{},"end":{}}],"line":247},"19":{"loc":{"start":{"line":247,"column":8},"end":{"line":247,"column":65}},"type":"binary-expr","locations":[{"start":{"line":247,"column":8},"end":{"line":247,"column":23}},{"start":{"line":247,"column":27},"end":{"line":247,"column":65}}],"line":247},"20":{"loc":{"start":{"line":251,"column":4},"end":{"line":253,"column":5}},"type":"if","locations":[{"start":{"line":251,"column":4},"end":{"line":253,"column":5}},{"start":{},"end":{}}],"line":251},"21":{"loc":{"start":{"line":251,"column":8},"end":{"line":251,"column":63}},"type":"binary-expr","locations":[{"start":{"line":251,"column":8},"end":{"line":251,"column":24}},{"start":{"line":251,"column":28},"end":{"line":251,"column":63}}],"line":251},"22":{"loc":{"start":{"line":255,"column":4},"end":{"line":260,"column":5}},"type":"if","locations":[{"start":{"line":255,"column":4},"end":{"line":260,"column":5}},{"start":{},"end":{}}],"line":255},"23":{"loc":{"start":{"line":257,"column":6},"end":{"line":259,"column":7}},"type":"if","locations":[{"start":{"line":257,"column":6},"end":{"line":259,"column":7}},{"start":{},"end":{}}],"line":257},"24":{"loc":{"start":{"line":262,"column":4},"end":{"line":264,"column":5}},"type":"if","locations":[{"start":{"line":262,"column":4},"end":{"line":264,"column":5}},{"start":{},"end":{}}],"line":262},"25":{"loc":{"start":{"line":262,"column":8},"end":{"line":262,"column":72}},"type":"binary-expr","locations":[{"start":{"line":262,"column":8},"end":{"line":262,"column":27}},{"start":{"line":262,"column":31},"end":{"line":262,"column":72}}],"line":262},"26":{"loc":{"start":{"line":267,"column":4},"end":{"line":271,"column":5}},"type":"if","locations":[{"start":{"line":267,"column":4},"end":{"line":271,"column":5}},{"start":{"line":269,"column":11},"end":{"line":271,"column":5}}],"line":267},"27":{"loc":{"start":{"line":299,"column":4},"end":{"line":301,"column":5}},"type":"if","locations":[{"start":{"line":299,"column":4},"end":{"line":301,"column":5}},{"start":{},"end":{}}],"line":299},"28":{"loc":{"start":{"line":299,"column":8},"end":{"line":299,"column":39}},"type":"binary-expr","locations":[{"start":{"line":299,"column":8},"end":{"line":299,"column":13}},{"start":{"line":299,"column":17},"end":{"line":299,"column":27}},{"start":{"line":299,"column":31},"end":{"line":299,"column":39}}],"line":299}},"s":{"0":14,"1":14,"2":14,"3":14,"4":14,"5":14,"6":14,"7":14,"8":14,"9":14,"10":14,"11":14,"12":14,"13":0,"14":14,"15":2,"16":2,"17":2,"18":2,"19":0,"20":14,"21":0,"22":0,"23":0,"24":0,"25":0,"26":0,"27":0,"28":0,"29":0,"30":14,"31":0,"32":0,"33":0,"34":0,"35":0,"36":0,"37":14,"38":0,"39":0,"40":0,"41":0,"42":0,"43":0,"44":0,"45":0,"46":0,"47":0,"48":0,"49":0,"50":14,"51":0,"52":0,"53":0,"54":0,"55":0,"56":14,"57":0,"58":0,"59":0,"60":0,"61":0,"62":14,"63":0,"64":0,"65":0,"66":0,"67":0,"68":0,"69":0,"70":0,"71":14,"72":0,"73":0,"74":0,"75":0,"76":0,"77":0,"78":0,"79":0,"80":14,"81":0,"82":0,"83":0,"84":0,"85":0,"86":0,"87":0,"88":0,"89":14,"90":0,"91":0,"92":0,"93":0,"94":0,"95":0,"96":0,"97":0,"98":0,"99":0,"100":14,"101":0,"102":0,"103":0,"104":0,"105":0,"106":0,"107":0,"108":0,"109":0,"110":0,"111":0,"112":0,"113":0,"114":0,"115":14,"116":0,"117":0,"118":0,"119":0,"120":0,"121":0,"122":0,"123":0,"124":0,"125":0,"126":0,"127":0,"128":0,"129":0,"130":0,"131":0,"132":0,"133":0,"134":0,"135":0,"136":0,"137":0,"138":0,"139":0,"140":14,"141":0,"142":0,"143":0,"144":0,"145":0,"146":0,"147":0,"148":0,"149":14},"f":{"0":0,"1":2,"2":0,"3":0,"4":0,"5":0,"6":0,"7":0,"8":0,"9":0,"10":0,"11":0,"12":0,"13":0,"14":0,"15":0,"16":0,"17":0},"b":{"0":[0,2],"1":[2,0],"2":[0,0],"3":[0,0],"4":[0,0],"5":[0,0],"6":[0,0],"7":[0,0],"8":[0,0],"9":[0,0],"10":[0,0],"11":[0,0],"12":[0,0],"13":[0,0],"14":[0,0],"15":[0,0],"16":[0,0],"17":[0,0],"18":[0,0],"19":[0,0],"20":[0,0],"21":[0,0],"22":[0,0],"23":[0,0],"24":[0,0],"25":[0,0],"26":[0,0],"27":[0,0],"28":[0,0,0]},"_coverageSchema":"1a1c01bbd47fc00a2c39e90264f33305004495a9","hash":"1eeb972caee8a736ec21ecb39c84c03a1eaf801d"}
,"C:\\Users\\atdan\\OneDrive\\Desktop\\Merkato\\backend\\routes\\authRoutes.js": {"path":"C:\\Users\\atdan\\OneDrive\\Desktop\\Merkato\\backend\\routes\\authRoutes.js","statementMap":{"0":{"start":{"line":1,"column":16},"end":{"line":1,"column":34}},"1":{"start":{"line":2,"column":12},"end":{"line":2,"column":35}},"2":{"start":{"line":3,"column":15},"end":{"line":3,"column":32}},"3":{"start":{"line":4,"column":13},"end":{"line":4,"column":38}},"4":{"start":{"line":5,"column":19},"end":{"line":5,"column":50}},"5":{"start":{"line":6,"column":31},"end":{"line":6,"column":70}},"6":{"start":{"line":7,"column":53},"end":{"line":7,"column":82}},"7":{"start":{"line":9,"column":15},"end":{"line":9,"column":31}},"8":{"start":{"line":12,"column":22},"end":{"line":16,"column":1}},"9":{"start":{"line":13,"column":2},"end":{"line":15,"column":5}},"10":{"start":{"line":19,"column":0},"end":{"line":34,"column":3}},"11":{"start":{"line":20,"column":21},"end":{"line":20,"column":46}},"12":{"start":{"line":21,"column":2},"end":{"line":24,"column":3}},"13":{"start":{"line":22,"column":4},"end":{"line":22,"column":56}},"14":{"start":{"line":23,"column":4},"end":{"line":23,"column":50}},"15":{"start":{"line":26,"column":16},"end":{"line":26,"column":40}},"16":{"start":{"line":27,"column":2},"end":{"line":33,"column":3}},"17":{"start":{"line":28,"column":4},"end":{"line":28,"column":46}},"18":{"start":{"line":29,"column":4},"end":{"line":29,"column":49}},"19":{"start":{"line":31,"column":4},"end":{"line":31,"column":45}},"20":{"start":{"line":32,"column":4},"end":{"line":32,"column":50}},"21":{"start":{"line":37,"column":0},"end":{"line":53,"column":3}},"22":{"start":{"line":38,"column":2},"end":{"line":41,"column":3}},"23":{"start":{"line":39,"column":4},"end":{"line":39,"column":55}},"24":{"start":{"line":40,"column":4},"end":{"line":40,"column":63}},"25":{"start":{"line":43,"column":16},"end":{"line":43,"column":55}},"26":{"start":{"line":44,"column":2},"end":{"line":52,"column":5}},"27":{"start":{"line":56,"column":0},"end":{"line":89,"column":3}},"28":{"start":{"line":57,"column":52},"end":{"line":57,"column":60}},"29":{"start":{"line":59,"column":21},"end":{"line":59,"column":47}},"30":{"start":{"line":60,"column":2},"end":{"line":62,"column":3}},"31":{"start":{"line":61,"column":4},"end":{"line":61,"column":69}},"32":{"start":{"line":63,"column":2},"end":{"line":88,"column":3}},"33":{"start":{"line":64,"column":21},"end":{"line":64,"column":50}},"34":{"start":{"line":65,"column":4},"end":{"line":67,"column":5}},"35":{"start":{"line":66,"column":6},"end":{"line":66,"column":71}},"36":{"start":{"line":69,"column":17},"end":{"line":75,"column":6}},"37":{"start":{"line":77,"column":4},"end":{"line":84,"column":7}},"38":{"start":{"line":86,"column":4},"end":{"line":86,"column":66}},"39":{"start":{"line":87,"column":4},"end":{"line":87,"column":80}},"40":{"start":{"line":92,"column":0},"end":{"line":112,"column":3}},"41":{"start":{"line":93,"column":30},"end":{"line":93,"column":38}},"42":{"start":{"line":94,"column":2},"end":{"line":111,"column":3}},"43":{"start":{"line":95,"column":17},"end":{"line":95,"column":66}},"44":{"start":{"line":96,"column":4},"end":{"line":98,"column":5}},"45":{"start":{"line":97,"column":6},"end":{"line":97,"column":76}},"46":{"start":{"line":100,"column":4},"end":{"line":107,"column":7}},"47":{"start":{"line":109,"column":4},"end":{"line":109,"column":59}},"48":{"start":{"line":110,"column":4},"end":{"line":110,"column":73}},"49":{"start":{"line":115,"column":0},"end":{"line":117,"column":3}},"50":{"start":{"line":116,"column":2},"end":{"line":116,"column":56}},"51":{"start":{"line":120,"column":0},"end":{"line":150,"column":3}},"52":{"start":{"line":121,"column":2},"end":{"line":123,"column":3}},"53":{"start":{"line":122,"column":4},"end":{"line":122,"column":76}},"54":{"start":{"line":125,"column":2},"end":{"line":149,"column":3}},"55":{"start":{"line":126,"column":38},"end":{"line":126,"column":46}},"56":{"start":{"line":127,"column":21},"end":{"line":127,"column":50}},"57":{"start":{"line":128,"column":4},"end":{"line":130,"column":5}},"58":{"start":{"line":129,"column":6},"end":{"line":129,"column":71}},"59":{"start":{"line":132,"column":17},"end":{"line":138,"column":6}},"60":{"start":{"line":140,"column":4},"end":{"line":145,"column":7}},"61":{"start":{"line":147,"column":4},"end":{"line":147,"column":68}},"62":{"start":{"line":148,"column":4},"end":{"line":148,"column":64}},"63":{"start":{"line":153,"column":0},"end":{"line":182,"column":3}},"64":{"start":{"line":154,"column":20},"end":{"line":154,"column":28}},"65":{"start":{"line":155,"column":2},"end":{"line":157,"column":3}},"66":{"start":{"line":156,"column":4},"end":{"line":156,"column":66}},"67":{"start":{"line":159,"column":25},"end":{"line":159,"column":72}},"68":{"start":{"line":160,"column":2},"end":{"line":181,"column":3}},"69":{"start":{"line":161,"column":17},"end":{"line":161,"column":46}},"70":{"start":{"line":162,"column":4},"end":{"line":162,"column":72}},"71":{"start":{"line":162,"column":15},"end":{"line":162,"column":72}},"72":{"start":{"line":164,"column":18},"end":{"line":164,"column":56}},"73":{"start":{"line":165,"column":19},"end":{"line":165,"column":74}},"74":{"start":{"line":167,"column":4},"end":{"line":174,"column":7}},"75":{"start":{"line":176,"column":4},"end":{"line":176,"column":60}},"76":{"start":{"line":177,"column":4},"end":{"line":177,"column":54}},"77":{"start":{"line":179,"column":4},"end":{"line":179,"column":67}},"78":{"start":{"line":180,"column":4},"end":{"line":180,"column":67}},"79":{"start":{"line":185,"column":0},"end":{"line":213,"column":3}},"80":{"start":{"line":186,"column":30},"end":{"line":186,"column":38}},"81":{"start":{"line":187,"column":2},"end":{"line":189,"column":3}},"82":{"start":{"line":188,"column":4},"end":{"line":188,"column":84}},"83":{"start":{"line":191,"column":2},"end":{"line":212,"column":3}},"84":{"start":{"line":192,"column":19},"end":{"line":192,"column":74}},"85":{"start":{"line":193,"column":18},"end":{"line":193,"column":93}},"86":{"start":{"line":195,"column":4},"end":{"line":197,"column":5}},"87":{"start":{"line":196,"column":6},"end":{"line":196,"column":81}},"88":{"start":{"line":199,"column":17},"end":{"line":199,"column":70}},"89":{"start":{"line":200,"column":4},"end":{"line":202,"column":5}},"90":{"start":{"line":201,"column":6},"end":{"line":201,"column":65}},"91":{"start":{"line":204,"column":4},"end":{"line":204,"column":29}},"92":{"start":{"line":205,"column":4},"end":{"line":205,"column":22}},"93":{"start":{"line":206,"column":4},"end":{"line":206,"column":54}},"94":{"start":{"line":208,"column":4},"end":{"line":208,"column":78}},"95":{"start":{"line":210,"column":4},"end":{"line":210,"column":68}},"96":{"start":{"line":211,"column":4},"end":{"line":211,"column":66}},"97":{"start":{"line":215,"column":0},"end":{"line":215,"column":24}}},"fnMap":{"0":{"name":"(anonymous_0)","decl":{"start":{"line":12,"column":22},"end":{"line":12,"column":23}},"loc":{"start":{"line":12,"column":32},"end":{"line":16,"column":1}},"line":12},"1":{"name":"(anonymous_1)","decl":{"start":{"line":19,"column":22},"end":{"line":19,"column":23}},"loc":{"start":{"line":19,"column":36},"end":{"line":34,"column":1}},"line":19},"2":{"name":"(anonymous_2)","decl":{"start":{"line":37,"column":27},"end":{"line":37,"column":28}},"loc":{"start":{"line":37,"column":41},"end":{"line":53,"column":1}},"line":37},"3":{"name":"(anonymous_3)","decl":{"start":{"line":56,"column":25},"end":{"line":56,"column":26}},"loc":{"start":{"line":56,"column":45},"end":{"line":89,"column":1}},"line":56},"4":{"name":"(anonymous_4)","decl":{"start":{"line":92,"column":22},"end":{"line":92,"column":23}},"loc":{"start":{"line":92,"column":42},"end":{"line":112,"column":1}},"line":92},"5":{"name":"(anonymous_5)","decl":{"start":{"line":115,"column":50},"end":{"line":115,"column":51}},"loc":{"start":{"line":115,"column":64},"end":{"line":117,"column":1}},"line":115},"6":{"name":"(anonymous_6)","decl":{"start":{"line":120,"column":31},"end":{"line":120,"column":32}},"loc":{"start":{"line":120,"column":51},"end":{"line":150,"column":1}},"line":120},"7":{"name":"(anonymous_7)","decl":{"start":{"line":153,"column":50},"end":{"line":153,"column":51}},"loc":{"start":{"line":153,"column":70},"end":{"line":182,"column":1}},"line":153},"8":{"name":"(anonymous_8)","decl":{"start":{"line":185,"column":31},"end":{"line":185,"column":32}},"loc":{"start":{"line":185,"column":51},"end":{"line":213,"column":1}},"line":185}},"branchMap":{"0":{"loc":{"start":{"line":21,"column":2},"end":{"line":24,"column":3}},"type":"if","locations":[{"start":{"line":21,"column":2},"end":{"line":24,"column":3}},{"start":{},"end":{}}],"line":21},"1":{"loc":{"start":{"line":38,"column":2},"end":{"line":41,"column":3}},"type":"if","locations":[{"start":{"line":38,"column":2},"end":{"line":41,"column":3}},{"start":{},"end":{}}],"line":38},"2":{"loc":{"start":{"line":43,"column":16},"end":{"line":43,"column":55}},"type":"binary-expr","locations":[{"start":{"line":43,"column":16},"end":{"line":43,"column":30}},{"start":{"line":43,"column":34},"end":{"line":43,"column":49}},{"start":{"line":43,"column":53},"end":{"line":43,"column":55}}],"line":43},"3":{"loc":{"start":{"line":60,"column":2},"end":{"line":62,"column":3}},"type":"if","locations":[{"start":{"line":60,"column":2},"end":{"line":62,"column":3}},{"start":{},"end":{}}],"line":60},"4":{"loc":{"start":{"line":60,"column":6},"end":{"line":60,"column":39}},"type":"binary-expr","locations":[{"start":{"line":60,"column":6},"end":{"line":60,"column":12}},{"start":{"line":60,"column":16},"end":{"line":60,"column":39}}],"line":60},"5":{"loc":{"start":{"line":65,"column":4},"end":{"line":67,"column":5}},"type":"if","locations":[{"start":{"line":65,"column":4},"end":{"line":67,"column":5}},{"start":{},"end":{}}],"line":65},"6":{"loc":{"start":{"line":73,"column":13},"end":{"line":73,"column":34}},"type":"binary-expr","locations":[{"start":{"line":73,"column":13},"end":{"line":73,"column":18}},{"start":{"line":73,"column":22},"end":{"line":73,"column":34}}],"line":73},"7":{"loc":{"start":{"line":96,"column":4},"end":{"line":98,"column":5}},"type":"if","locations":[{"start":{"line":96,"column":4},"end":{"line":98,"column":5}},{"start":{},"end":{}}],"line":96},"8":{"loc":{"start":{"line":96,"column":8},"end":{"line":96,"column":54}},"type":"binary-expr","locations":[{"start":{"line":96,"column":8},"end":{"line":96,"column":13}},{"start":{"line":96,"column":17},"end":{"line":96,"column":54}}],"line":96},"9":{"loc":{"start":{"line":121,"column":2},"end":{"line":123,"column":3}},"type":"if","locations":[{"start":{"line":121,"column":2},"end":{"line":123,"column":3}},{"start":{},"end":{}}],"line":121},"10":{"loc":{"start":{"line":128,"column":4},"end":{"line":130,"column":5}},"type":"if","locations":[{"start":{"line":128,"column":4},"end":{"line":130,"column":5}},{"start":{},"end":{}}],"line":128},"11":{"loc":{"start":{"line":155,"column":2},"end":{"line":157,"column":3}},"type":"if","locations":[{"start":{"line":155,"column":2},"end":{"line":157,"column":3}},{"start":{},"end":{}}],"line":155},"12":{"loc":{"start":{"line":162,"column":4},"end":{"line":162,"column":72}},"type":"if","locations":[{"start":{"line":162,"column":4},"end":{"line":162,"column":72}},{"start":{},"end":{}}],"line":162},"13":{"loc":{"start":{"line":187,"column":2},"end":{"line":189,"column":3}},"type":"if","locations":[{"start":{"line":187,"column":2},"end":{"line":189,"column":3}},{"start":{},"end":{}}],"line":187},"14":{"loc":{"start":{"line":187,"column":6},"end":{"line":187,"column":25}},"type":"binary-expr","locations":[{"start":{"line":187,"column":6},"end":{"line":187,"column":12}},{"start":{"line":187,"column":16},"end":{"line":187,"column":25}}],"line":187},"15":{"loc":{"start":{"line":195,"column":4},"end":{"line":197,"column":5}},"type":"if","locations":[{"start":{"line":195,"column":4},"end":{"line":197,"column":5}},{"start":{},"end":{}}],"line":195},"16":{"loc":{"start":{"line":200,"column":4},"end":{"line":202,"column":5}},"type":"if","locations":[{"start":{"line":200,"column":4},"end":{"line":202,"column":5}},{"start":{},"end":{}}],"line":200}},"s":{"0":14,"1":14,"2":14,"3":14,"4":14,"5":14,"6":14,"7":14,"8":14,"9":19,"10":14,"11":0,"12":0,"13":0,"14":0,"15":0,"16":0,"17":0,"18":0,"19":0,"20":0,"21":14,"22":1,"23":0,"24":0,"25":1,"26":1,"27":14,"28":20,"29":20,"30":20,"31":1,"32":19,"33":19,"34":18,"35":1,"36":17,"37":11,"38":3,"39":3,"40":14,"41":10,"42":10,"43":10,"44":9,"45":1,"46":8,"47":1,"48":1,"49":14,"50":0,"51":14,"52":0,"53":0,"54":0,"55":0,"56":0,"57":0,"58":0,"59":0,"60":0,"61":0,"62":0,"63":14,"64":0,"65":0,"66":0,"67":0,"68":0,"69":0,"70":0,"71":0,"72":0,"73":0,"74":0,"75":0,"76":0,"77":0,"78":0,"79":14,"80":0,"81":0,"82":0,"83":0,"84":0,"85":0,"86":0,"87":0,"88":0,"89":0,"90":0,"91":0,"92":0,"93":0,"94":0,"95":0,"96":0,"97":14},"f":{"0":19,"1":0,"2":1,"3":20,"4":10,"5":0,"6":0,"7":0,"8":0},"b":{"0":[0,0],"1":[0,1],"2":[1,0,0],"3":[1,19],"4":[20,20],"5":[1,17],"6":[17,12],"7":[1,8],"8":[9,9],"9":[0,0],"10":[0,0],"11":[0,0],"12":[0,0],"13":[0,0],"14":[0,0],"15":[0,0],"16":[0,0]},"_coverageSchema":"1a1c01bbd47fc00a2c39e90264f33305004495a9","hash":"ed7dc006a91b430f3d8450905bd9db3a4db0c9fd"}
,"C:\\Users\\atdan\\OneDrive\\Desktop\\Merkato\\backend\\routes\\customerRoutes.js": {"path":"C:\\Users\\atdan\\OneDrive\\Desktop\\Merkato\\backend\\routes\\customerRoutes.js","statementMap":{"0":{"start":{"line":2,"column":16},"end":{"line":2,"column":34}},"1":{"start":{"line":3,"column":15},"end":{"line":3,"column":31}},"2":{"start":{"line":4,"column":13},"end":{"line":4,"column":38}},"3":{"start":{"line":5,"column":31},"end":{"line":5,"column":70}},"4":{"start":{"line":8,"column":0},"end":{"line":26,"column":3}},"5":{"start":{"line":9,"column":2},"end":{"line":25,"column":3}},"6":{"start":{"line":10,"column":21},"end":{"line":10,"column":54}},"7":{"start":{"line":11,"column":4},"end":{"line":13,"column":5}},"8":{"start":{"line":12,"column":6},"end":{"line":12,"column":63}},"9":{"start":{"line":15,"column":4},"end":{"line":15,"column":57}},"10":{"start":{"line":16,"column":4},"end":{"line":16,"column":26}},"11":{"start":{"line":18,"column":4},"end":{"line":21,"column":7}},"12":{"start":{"line":23,"column":4},"end":{"line":23,"column":23}},"13":{"start":{"line":24,"column":4},"end":{"line":24,"column":86}},"14":{"start":{"line":34,"column":0},"end":{"line":37,"column":3}},"15":{"start":{"line":35,"column":19},"end":{"line":35,"column":52}},"16":{"start":{"line":36,"column":2},"end":{"line":36,"column":42}},"17":{"start":{"line":40,"column":0},"end":{"line":51,"column":3}},"18":{"start":{"line":41,"column":19},"end":{"line":41,"column":52}},"19":{"start":{"line":42,"column":21},"end":{"line":42,"column":29}},"20":{"start":{"line":44,"column":2},"end":{"line":46,"column":3}},"21":{"start":{"line":45,"column":4},"end":{"line":45,"column":62}},"22":{"start":{"line":45,"column":41},"end":{"line":45,"column":60}},"23":{"start":{"line":48,"column":2},"end":{"line":48,"column":43}},"24":{"start":{"line":49,"column":2},"end":{"line":49,"column":24}},"25":{"start":{"line":50,"column":2},"end":{"line":50,"column":36}},"26":{"start":{"line":54,"column":0},"end":{"line":67,"column":3}},"27":{"start":{"line":55,"column":19},"end":{"line":55,"column":52}},"28":{"start":{"line":56,"column":16},"end":{"line":56,"column":90}},"29":{"start":{"line":56,"column":55},"end":{"line":56,"column":89}},"30":{"start":{"line":58,"column":2},"end":{"line":58,"column":82}},"31":{"start":{"line":58,"column":20},"end":{"line":58,"column":82}},"32":{"start":{"line":60,"column":2},"end":{"line":62,"column":3}},"33":{"start":{"line":61,"column":4},"end":{"line":61,"column":62}},"34":{"start":{"line":61,"column":41},"end":{"line":61,"column":60}},"35":{"start":{"line":64,"column":2},"end":{"line":64,"column":91}},"36":{"start":{"line":65,"column":2},"end":{"line":65,"column":24}},"37":{"start":{"line":66,"column":2},"end":{"line":66,"column":36}},"38":{"start":{"line":70,"column":0},"end":{"line":75,"column":3}},"39":{"start":{"line":71,"column":19},"end":{"line":71,"column":52}},"40":{"start":{"line":72,"column":2},"end":{"line":72,"column":100}},"41":{"start":{"line":72,"column":64},"end":{"line":72,"column":98}},"42":{"start":{"line":73,"column":2},"end":{"line":73,"column":24}},"43":{"start":{"line":74,"column":2},"end":{"line":74,"column":36}},"44":{"start":{"line":78,"column":0},"end":{"line":85,"column":3}},"45":{"start":{"line":79,"column":19},"end":{"line":79,"column":52}},"46":{"start":{"line":80,"column":2},"end":{"line":82,"column":5}},"47":{"start":{"line":81,"column":4},"end":{"line":81,"column":65}},"48":{"start":{"line":83,"column":2},"end":{"line":83,"column":24}},"49":{"start":{"line":84,"column":2},"end":{"line":84,"column":36}},"50":{"start":{"line":87,"column":0},"end":{"line":87,"column":24}}},"fnMap":{"0":{"name":"(anonymous_0)","decl":{"start":{"line":8,"column":55},"end":{"line":8,"column":56}},"loc":{"start":{"line":8,"column":75},"end":{"line":26,"column":1}},"line":8},"1":{"name":"(anonymous_1)","decl":{"start":{"line":34,"column":57},"end":{"line":34,"column":58}},"loc":{"start":{"line":34,"column":77},"end":{"line":37,"column":1}},"line":34},"2":{"name":"(anonymous_2)","decl":{"start":{"line":40,"column":58},"end":{"line":40,"column":59}},"loc":{"start":{"line":40,"column":78},"end":{"line":51,"column":1}},"line":40},"3":{"name":"(anonymous_3)","decl":{"start":{"line":45,"column":36},"end":{"line":45,"column":37}},"loc":{"start":{"line":45,"column":41},"end":{"line":45,"column":60}},"line":45},"4":{"name":"(anonymous_4)","decl":{"start":{"line":54,"column":61},"end":{"line":54,"column":62}},"loc":{"start":{"line":54,"column":81},"end":{"line":67,"column":1}},"line":54},"5":{"name":"(anonymous_5)","decl":{"start":{"line":56,"column":50},"end":{"line":56,"column":51}},"loc":{"start":{"line":56,"column":55},"end":{"line":56,"column":89}},"line":56},"6":{"name":"(anonymous_6)","decl":{"start":{"line":61,"column":36},"end":{"line":61,"column":37}},"loc":{"start":{"line":61,"column":41},"end":{"line":61,"column":60}},"line":61},"7":{"name":"(anonymous_7)","decl":{"start":{"line":70,"column":64},"end":{"line":70,"column":65}},"loc":{"start":{"line":70,"column":84},"end":{"line":75,"column":1}},"line":70},"8":{"name":"(anonymous_8)","decl":{"start":{"line":72,"column":59},"end":{"line":72,"column":60}},"loc":{"start":{"line":72,"column":64},"end":{"line":72,"column":98}},"line":72},"9":{"name":"(anonymous_9)","decl":{"start":{"line":78,"column":69},"end":{"line":78,"column":70}},"loc":{"start":{"line":78,"column":89},"end":{"line":85,"column":1}},"line":78},"10":{"name":"(anonymous_10)","decl":{"start":{"line":80,"column":34},"end":{"line":80,"column":35}},"loc":{"start":{"line":80,"column":45},"end":{"line":82,"column":3}},"line":80}},"branchMap":{"0":{"loc":{"start":{"line":11,"column":4},"end":{"line":13,"column":5}},"type":"if","locations":[{"start":{"line":11,"column":4},"end":{"line":13,"column":5}},{"start":{},"end":{}}],"line":11},"1":{"loc":{"start":{"line":11,"column":8},"end":{"line":11,"column":57}},"type":"binary-expr","locations":[{"start":{"line":11,"column":8},"end":{"line":11,"column":17}},{"start":{"line":11,"column":21},"end":{"line":11,"column":57}}],"line":11},"2":{"loc":{"start":{"line":15,"column":22},"end":{"line":15,"column":56}},"type":"binary-expr","locations":[{"start":{"line":15,"column":22},"end":{"line":15,"column":37}},{"start":{"line":15,"column":41},"end":{"line":15,"column":56}}],"line":15},"3":{"loc":{"start":{"line":36,"column":11},"end":{"line":36,"column":40}},"type":"binary-expr","locations":[{"start":{"line":36,"column":11},"end":{"line":36,"column":34}},{"start":{"line":36,"column":38},"end":{"line":36,"column":40}}],"line":36},"4":{"loc":{"start":{"line":44,"column":2},"end":{"line":46,"column":3}},"type":"if","locations":[{"start":{"line":44,"column":2},"end":{"line":46,"column":3}},{"start":{},"end":{}}],"line":44},"5":{"loc":{"start":{"line":58,"column":2},"end":{"line":58,"column":82}},"type":"if","locations":[{"start":{"line":58,"column":2},"end":{"line":58,"column":82}},{"start":{},"end":{}}],"line":58},"6":{"loc":{"start":{"line":60,"column":2},"end":{"line":62,"column":3}},"type":"if","locations":[{"start":{"line":60,"column":2},"end":{"line":62,"column":3}},{"start":{},"end":{}}],"line":60}},"s":{"0":14,"1":14,"2":14,"3":14,"4":14,"5":0,"6":0,"7":0,"8":0,"9":0,"10":0,"11":0,"12":0,"13":0,"14":14,"15":0,"16":0,"17":14,"18":0,"19":0,"20":0,"21":0,"22":0,"23":0,"24":0,"25":0,"26":14,"27":0,"28":0,"29":0,"30":0,"31":0,"32":0,"33":0,"34":0,"35":0,"36":0,"37":0,"38":14,"39":0,"40":0,"41":0,"42":0,"43":0,"44":14,"45":0,"46":0,"47":0,"48":0,"49":0,"50":14},"f":{"0":0,"1":0,"2":0,"3":0,"4":0,"5":0,"6":0,"7":0,"8":0,"9":0,"10":0},"b":{"0":[0,0],"1":[0,0],"2":[0,0],"3":[0,0],"4":[0,0],"5":[0,0],"6":[0,0]},"_coverageSchema":"1a1c01bbd47fc00a2c39e90264f33305004495a9","hash":"0344dde633bcc8ac3126463a4be1643260e959df"}
,"C:\\Users\\atdan\\OneDrive\\Desktop\\Merkato\\backend\\routes\\devSeedRoute.js": {"path":"C:\\Users\\atdan\\OneDrive\\Desktop\\Merkato\\backend\\routes\\devSeedRoute.js","statementMap":{"0":{"start":{"line":1,"column":16},"end":{"line":1,"column":34}},"1":{"start":{"line":2,"column":15},"end":{"line":2,"column":31}},"2":{"start":{"line":3,"column":16},"end":{"line":3,"column":49}},"3":{"start":{"line":4,"column":13},"end":{"line":4,"column":43}},"4":{"start":{"line":5,"column":15},"end":{"line":5,"column":34}},"5":{"start":{"line":8,"column":0},"end":{"line":75,"column":3}},"6":{"start":{"line":9,"column":2},"end":{"line":74,"column":3}},"7":{"start":{"line":11,"column":4},"end":{"line":11,"column":55}},"8":{"start":{"line":12,"column":4},"end":{"line":12,"column":55}},"9":{"start":{"line":14,"column":27},"end":{"line":14,"column":64}},"10":{"start":{"line":17,"column":18},"end":{"line":39,"column":6}},"11":{"start":{"line":42,"column":21},"end":{"line":64,"column":6}},"12":{"start":{"line":66,"column":4},"end":{"line":70,"column":7}},"13":{"start":{"line":72,"column":4},"end":{"line":72,"column":49}},"14":{"start":{"line":73,"column":4},"end":{"line":73,"column":78}},"15":{"start":{"line":77,"column":0},"end":{"line":77,"column":24}}},"fnMap":{"0":{"name":"(anonymous_0)","decl":{"start":{"line":8,"column":21},"end":{"line":8,"column":22}},"loc":{"start":{"line":8,"column":41},"end":{"line":75,"column":1}},"line":8}},"branchMap":{},"s":{"0":14,"1":14,"2":14,"3":14,"4":14,"5":14,"6":0,"7":0,"8":0,"9":0,"10":0,"11":0,"12":0,"13":0,"14":0,"15":14},"f":{"0":0},"b":{},"_coverageSchema":"1a1c01bbd47fc00a2c39e90264f33305004495a9","hash":"a2376e1646924db0d8dd097308078510f2df6dc6"}
,"C:\\Users\\atdan\\OneDrive\\Desktop\\Merkato\\backend\\routes\\emailInvoiceRoutes.js": {"path":"C:\\Users\\atdan\\OneDrive\\Desktop\\Merkato\\backend\\routes\\emailInvoiceRoutes.js","statementMap":{"0":{"start":{"line":1,"column":16},"end":{"line":1,"column":34}},"1":{"start":{"line":2,"column":15},"end":{"line":2,"column":31}},"2":{"start":{"line":3,"column":19},"end":{"line":3,"column":40}},"3":{"start":{"line":4,"column":18},"end":{"line":4,"column":38}},"4":{"start":{"line":5,"column":14},"end":{"line":5,"column":40}},"5":{"start":{"line":6,"column":23},"end":{"line":6,"column":62}},"6":{"start":{"line":8,"column":0},"end":{"line":117,"column":3}},"7":{"start":{"line":9,"column":2},"end":{"line":116,"column":3}},"8":{"start":{"line":10,"column":18},"end":{"line":13,"column":35}},"9":{"start":{"line":15,"column":4},"end":{"line":17,"column":5}},"10":{"start":{"line":16,"column":6},"end":{"line":16,"column":85}},"11":{"start":{"line":19,"column":20},"end":{"line":19,"column":83}},"12":{"start":{"line":21,"column":17},"end":{"line":67,"column":5}},"13":{"start":{"line":51,"column":40},"end":{"line":58,"column":15}},"14":{"start":{"line":69,"column":20},"end":{"line":69,"column":44}},"15":{"start":{"line":70,"column":17},"end":{"line":70,"column":40}},"16":{"start":{"line":71,"column":4},"end":{"line":71,"column":63}},"17":{"start":{"line":72,"column":22},"end":{"line":72,"column":54}},"18":{"start":{"line":73,"column":4},"end":{"line":73,"column":26}},"19":{"start":{"line":75,"column":24},"end":{"line":81,"column":6}},"20":{"start":{"line":83,"column":4},"end":{"line":94,"column":7}},"21":{"start":{"line":96,"column":4},"end":{"line":100,"column":6}},"22":{"start":{"line":101,"column":4},"end":{"line":101,"column":23}},"23":{"start":{"line":103,"column":4},"end":{"line":103,"column":71}},"24":{"start":{"line":105,"column":4},"end":{"line":105,"column":49}},"25":{"start":{"line":106,"column":4},"end":{"line":114,"column":14}},"26":{"start":{"line":107,"column":20},"end":{"line":107,"column":55}},"27":{"start":{"line":108,"column":6},"end":{"line":112,"column":8}},"28":{"start":{"line":113,"column":6},"end":{"line":113,"column":25}},"29":{"start":{"line":115,"column":4},"end":{"line":115,"column":83}},"30":{"start":{"line":119,"column":0},"end":{"line":119,"column":24}}},"fnMap":{"0":{"name":"(anonymous_0)","decl":{"start":{"line":8,"column":46},"end":{"line":8,"column":47}},"loc":{"start":{"line":8,"column":66},"end":{"line":117,"column":1}},"line":8},"1":{"name":"(anonymous_1)","decl":{"start":{"line":51,"column":35},"end":{"line":51,"column":36}},"loc":{"start":{"line":51,"column":40},"end":{"line":58,"column":15}},"line":51}},"branchMap":{"0":{"loc":{"start":{"line":15,"column":4},"end":{"line":17,"column":5}},"type":"if","locations":[{"start":{"line":15,"column":4},"end":{"line":17,"column":5}},{"start":{},"end":{}}],"line":15},"1":{"loc":{"start":{"line":15,"column":8},"end":{"line":15,"column":40}},"type":"binary-expr","locations":[{"start":{"line":15,"column":8},"end":{"line":15,"column":14}},{"start":{"line":15,"column":18},"end":{"line":15,"column":40}}],"line":15},"2":{"loc":{"start":{"line":19,"column":20},"end":{"line":19,"column":83}},"type":"binary-expr","locations":[{"start":{"line":19,"column":20},"end":{"line":19,"column":38}},{"start":{"line":19,"column":42},"end":{"line":19,"column":83}}],"line":19},"3":{"loc":{"start":{"line":43,"column":12},"end":{"line":43,"column":112}},"type":"cond-expr","locations":[{"start":{"line":43,"column":30},"end":{"line":43,"column":107}},{"start":{"line":43,"column":110},"end":{"lin
[...]
,"C:\\Users\\atdan\\OneDrive\\Desktop\\Merkato\\backend\\tests\\utils\\mockStripeEvent.js": {"path":"C:\\Users\\atdan\\OneDrive\\Desktop\\Merkato\\backend\\tests\\utils\\mockStripeEvent.js","statementMap":{"0":{"start":{"line":1,"column":15},"end":{"line":1,"column":63}},"1":{"start":{"line":19,"column":6},"end":{"line":19,"column":13}},"2":{"start":{"line":21,"column":23},"end":{"line":29,"column":3}},"3":{"start":{"line":31,"column":24},"end":{"line":31,"column":52}},"4":{"start":{"line":33,"column":20},"end":{"line":35,"column":55}},"5":{"start":{"line":37,"column":2},"end":{"line":37,"column":47}},"6":{"start":{"line":47,"column":24},"end":{"line":47,"column":42}},"7":{"start":{"line":48,"column":2},"end":{"line":48,"column":68}},"8":{"start":{"line":51,"column":0},"end":{"line":54,"column":2}}},"fnMap":{"0":{"name":"mockStripeEvent","decl":{"start":{"line":14,"column":9},"end":{"line":14,"column":24}},"loc":{"start":{"line":14,"column":99},"end":{"line":38,"column":1}},"line":14},"1":{"name":"generateSignatureHeader","decl":{"start":{"line":46,"column":9},"end":{"line":46,"column":32}},"loc":{"start":{"line":46,"column":85},"end":{"line":49,"column":1}},"line":46}},"branchMap":{"0":{"loc":{"start":{"line":14,"column":25},"end":{"line":14,"column":37}},"type":"default-arg","locations":[{"start":{"line":14,"column":33},"end":{"line":14,"column":37}}],"line":14},"1":{"loc":{"start":{"line":14,"column":39},"end":{"line":14,"column":72}},"type":"default-arg","locations":[{"start":{"line":14,"column":46},"end":{"line":14,"column":72}}],"line":14},"2":{"loc":{"start":{"line":14,"column":74},"end":{"line":14,"column":83}},"type":"default-arg","locations":[{"start":{"line":14,"column":81},"end":{"line":14,"column":83}}],"line":14},"3":{"loc":{"start":{"line":14,"column":85},"end":{"line":14,"column":97}},"type":"default-arg","locations":[{"start":{"line":14,"column":95},"end":{"line":14,"column":97}}],"line":14},"4":{"loc":{"start":{"line":16,"column":4},"end":{"line":16,"column":45}},"type":"default-arg","locations":[{"start":{"line":16,"column":16},"end":{"line":16,"column":45}}],"line":16},"5":{"loc":{"start":{"line":17,"column":4},"end":{"line":17,"column":17}},"type":"default-arg","locations":[{"start":{"line":17,"column":13},"end":{"line":17,"column":17}}],"line":17},"6":{"loc":{"start":{"line":18,"column":4},"end":{"line":18,"column":20}},"type":"default-arg","locations":[{"start":{"line":18,"column":18},"end":{"line":18,"column":20}}],"line":18},"7":{"loc":{"start":{"line":21,"column":23},"end":{"line":29,"column":3}},"type":"binary-expr","locations":[{"start":{"line":21,"column":23},"end":{"line":21,"column":28}},{"start":{"line":21,"column":32},"end":{"line":29,"column":3}}],"line":21},"8":{"loc":{"start":{"line":33,"column":20},"end":{"line":35,"column":55}},"type":"cond-expr","locations":[{"start":{"line":34,"column":6},"end":{"line":34,"column":93}},{"start":{"line":35,"column":6},"end":{"line":35,"column":55}}],"line":33},"9":{"loc":{"start":{"line":46,"column":42},"end":{"line":46,"column":83}},"type":"default-arg","locations":[{"start":{"line":46,"column":54},"end":{"line":46,"column":83}}],"line":46}},"s":{"0":1,"1":0,"2":0,"3":0,"4":0,"5":0,"6":0,"7":0,"8":1},"f":{"0":0,"1":0},"b":{"0":[0],"1":[0],"2":[0],"3":[0],"4":[0],"5":[0],"6":[0],"7":[0,0],"8":[0,0],"9":[0]},"_coverageSchema":"1a1c01bbd47fc00a2c39e90264f33305004495a9","hash":"773189b77568b6be420ccfbf332a2236a2fd71de"}
,"C:\\Users\\atdan\\OneDrive\\Desktop\\Merkato\\backend\\tests\\utils\\testUserUtils.js": {"path":"C:\\Users\\atdan\\OneDrive\\Desktop\\Merkato\\backend\\tests\\utils\\testUserUtils.js","statementMap":{"0":{"start":{"line":1,"column":16},"end":{"line":1,"column":36}},"1":{"start":{"line":2,"column":23},"end":{"line":2,"column":38}},"2":{"start":{"line":3,"column":12},"end":{"line":3,"column":35}},"3":{"start":{"line":13,"column":23},"end":{"line":13,"column":31}},"4":{"start":{"line":14,"column":23},"end":{"line":14,"column":61}},"5":{"start":{"line":16,"column":19},"end":{"line":22,"column":3}},"6":{"start":{"line":24,"column":2},"end":{"line":24,"column":81}},"7":{"start":{"line":25,"column":2},"end":{"line":36,"column":3}},"8":{"start":{"line":26,"column":16},"end":{"line":26,"column":68}},"9":{"start":{"line":27,"column":4},"end":{"line":30,"column":5}},"10":{"start":{"line":28,"column":6},"end":{"line":28,"column":89}},"11":{"start":{"line":29,"column":6},"end":{"line":29,"column":84}},"12":{"start":{"line":31,"column":4},"end":{"line":31,"column":76}},"13":{"start":{"line":32,"column":4},"end":{"line":32,"column":20}},"14":{"start":{"line":34,"column":4},"end":{"line":34,"column":56}},"15":{"start":{"line":35,"column":4},"end":{"line":35,"column":14}},"16":{"start":{"line":53,"column":2},"end":{"line":55,"column":3}},"17":{"start":{"line":54,"column":4},"end":{"line":54,"column":77}},"18":{"start":{"line":57,"column":2},"end":{"line":57,"column":62}},"19":{"start":{"line":58,"column":2},"end":{"line":75,"column":3}},"20":{"start":{"line":59,"column":16},"end":{"line":61,"column":48}},"21":{"start":{"line":63,"column":4},"end":{"line":66,"column":5}},"22":{"start":{"line":64,"column":6},"end":{"line":64,"column":79}},"23":{"start":{"line":65,"column":6},"end":{"line":65,"column":76}},"24":{"start":{"line":68,"column":18},"end":{"line":68,"column":56}},"25":{"start":{"line":69,"column":17},"end":{"line":69,"column":42}},"26":{"start":{"line":70,"column":4},"end":{"line":70,"column":57}},"27":{"start":{"line":71,"column":4},"end":{"line":71,"column":27}},"28":{"start":{"line":73,"column":4},"end":{"line":73,"column":53}},"29":{"start":{"line":74,"column":4},"end":{"line":74,"column":14}},"30":{"start":{"line":93,"column":2},"end":{"line":93,"column":28}},"31":{"start":{"line":93,"column":15},"end":{"line":93,"column":28}},"32":{"start":{"line":95,"column":12},"end":{"line":95,"column":58}},"33":{"start":{"line":96,"column":2},"end":{"line":96,"column":59}},"34":{"start":{"line":96,"column":13},"end":{"line":96,"column":59}},"35":{"start":{"line":98,"column":14},"end":{"line":98,"column":23}},"36":{"start":{"line":100,"column":2},"end":{"line":105,"column":3}},"37":{"start":{"line":101,"column":4},"end":{"line":103,"column":5}},"38":{"start":{"line":102,"column":6},"end":{"line":102,"column":90}},"39":{"start":{"line":104,"column":4},"end":{"line":104,"column":17}},"40":{"start":{"line":107,"column":2},"end":{"line":107,"column":14}},"41":{"start":{"line":110,"column":0},"end":{"line":114,"column":2}}},"fnMap":{"0":{"name":"registerTestUser","decl":{"start":{"line":12,"column":15},"end":{"line":12,"column":31}},"loc":{"start":{"line":12,"column":95},"end":{"line":37,"column":1}},"line":12},"1":{"name":"loginTestUser","decl":{"start":{"line":48,"column":15},"end":{"line":48,"column":28}},"loc":{"start":{"line":52,"column":2},"end":{"line":76,"column":1}},"line":52},"2":{"name":"deleteTestUser","decl":{"start":{"line":88,"column":15},"end":{"line":88,"column":29}},"loc":{"start":{"line":92,"column":2},"end":{"line":108,"column":1}},"line":92}},"branchMap":{"0":{"loc":{"start":{"line":12,"column":32},"end":{"line":12,"column":47}},"type":"default-arg","locations":[{"start":{"line":12,"column":45},"end":{"line":12,"column":47}}],"line":12},"1":{"loc":{"start":{"line":12,"column":49},"end":{"line":12,"column":93}},"type":"default-arg","locations":[{"start":{"line":12,"column":91},"end":{"line":12,"column":93}}],"line":12},"2":{"loc":{"start":{"line":12,"column":51},"end":{"line":12,"column":86}},"type":"default-arg","locations":[{"start":{"line":12,"column":66},"end":{"line":12,"column":86}}],"line":12},"3":{"loc":{"start":{"line":17,"column":11},"end":{"line":17,"column":43}},"type":"binary-expr","locations":[{"start":{"line":17,"column":11},"end":{"line":17,"column":27}},{"start":{"line":17,"column":31},"end":{"line":17,"column":43}}],"line":17},"4":{"loc":{"start":{"line":18,"column":14},"end":{"line":18,"column":51}},"type":"binary-expr","locations":[{"start":{"line":18,"column":14},"end":{"line":18,"column":33}},{"start":{"line":18,"column":37},"end":{"line":18,"column":51}}],"line":18},"5":{"loc":{"start":{"line":19,"column":10},"end":{"line":19,"column":40}},"type":"binary-expr","locations":[{"start":{"line":19,"column":10},"end":{"line":19,"column":25}},{"start":{"line":19,"column":29},"end":{"line":19,"column":40}}],"line":19},"6":{"loc":{"start":{"line":20,"column":13},"end":{"line":20,"column":45}},"type":"binary-expr","locations":[{"start":{"line":20,"column":13},"end":{"line":20,"column":31}},{"start":{"line":20,"column":35},"end":{"line":20,"column":45}}],"line":20},"7":{"loc":{"start":{"line":27,"column":4},"end":{"line":30,"column":5}},"type":"if","locations":[{"start":{"line":27,"column":4},"end":{"line":30,"column":5}},{"start":{},"end":{}}],"line":27},"8":{"loc":{"start":{"line":51,"column":2},"end":{"line":51,"column":58}},"type":"default-arg","locations":[{"start":{"line":51,"column":56},"end":{"line":51,"column":58}}],"line":51},"9":{"loc":{"start":{"line":51,"column":4},"end":{"line":51,"column":33}},"type":"default-arg","locations":[{"start":{"line":51,"column":16},"end":{"line":51,"column":33}}],"line":51},"10":{"loc":{"start":{"line":51,"column":35},"end":{"line":51,"column":51}},"type":"default-arg","locations":[{"start":{"line":51,"column":49},"end":{"line":51,"column":51}}],"line":51},"11":{"loc":{"start":{"line":53,"column":2},"end":{"line":55,"column":3}},"type":"if","locations":[{"start":{"line":53,"column":2},"end":{"line":55,"column":3}},{"start":{},"end":{}}],"line":53},"12":{"loc":{"start":{"line":53,"column":6},"end":{"line":53,"column":25}},"type":"binary-expr","locations":[{"start":{"line":53,"column":6},"end":{"line":53,"column":12}},{"start":{"line":53,"column":16},"end":{"line":53,"column":25}}],"line":53},"13":{"loc":{"start":{"line":63,"column":4},"end":{"line":66,"column":5}},"type":"if","locations":[{"start":{"line":63,"column":4},"end":{"line":66,"column":5}},{"start":{},"end":{}}],"line":63},"14":{"loc":{"start":{"line":68,"column":18},"end":{"line":68,"column":56}},"type":"binary-expr","locations":[{"start":{"line":68,"column":18},"end":{"line":68,"column":32}},{"start":{"line":68,"column":36},"end":{"line":68,"column":56}}],"line":68},"15":{"loc":{"start":{"line":69,"column":17},"end":{"line":69,"column":42}},"type":"binary-expr","locations":[{"start":{"line":69,"column":17},"end":{"line":69,"column":30}},{"start":{"line":69,"column":34},"end":{"line":69,"column":42}}],"line":69},"16":{"loc":{"start":{"line":91,"column":2},"end":{"line":91,"column":83}},"type":"default-arg","locations":[{"start":{"line":91,"column":81},"end":{"line":91,"column":83}}],"line":91},"17":{"loc":{"start":{"line":91,"column":4},"end":{"line":91,"column":29}},"type":"default-arg","locations":[{"start":{"line":91,"column":17},"end":{"line":91,"column":29}}],"line":91},"18":{"loc":{"start":{"line":91,"column":31},"end":{"line":91,"column":45}},"type":"default-arg","locations":[{"start":{"line":91,"column":40},"end":{"line":91,"column":45}}],"line":91},"19":{"loc":{"start":{"line":91,"column":47},"end":{"line":91,"column":76}},"type":"default-arg","locations":[{"start":{"line":91,"column":61},"end":{"line":91,"column":76}}],"line":91},"20":{"loc":{"start":{"line":93,"column":2},"end":{"line":93,"column":28}},"type":"if","locations":[{"start":{"line":93,"column":2},"end":{"line":93,"column":28}},{"start":{},"end":{}}],"line":93},"21":{"loc":{"start":{"line":96,"column":2},"end":{"line":96,"column":59}},"type":"if","locations":[{"start":{"line":96,"column":2},"end":{"line":96,"column":59}},{"start":{},"end":{}}],"line":96},"22":{"loc":{"start":{"line":100,"column":2},"end":{"line":105,"column":3}},"type":"if","locations":[{"start":{"line":100,"column":2},"end":{"line":105,"column":3}},{"start":{},"end":{}}],"line":100},"23":{"loc":{"start":{"line":101,"column":4},"end":{"line":103,"column":5}},"type":"if","locations":[{"start":{"line":101,"column":4},"end":{"line":103,"column":5}},{"start":{},"end":{}}],"line":101}},"s":{"0":10,"1":10,"2":10,"3":15,"4":15,"5":15,"6":15,"7":15,"8":15,"9":11,"10":1,"11":1,"12":10,"13":10,"14":1,"15":1,"16":8,"17":0,"18":8,"19":8,"20":8,"21":7,"22":0,"23":0,"24":7,"25":7,"26":7,"27":7,"28":0,"29":0,"30":3,"31":0,"32":3,"33":3,"34":2,"35":3,"36":3,"37":3,"38":3,"39":3,"40":0,"41":10},"f":{"0":15,"1":8,"2":3},"b":{"0":[3],"1":[15],"2":[15],"3":[15,7],"4":[15,9],"5":[15,9],"6":[15,8],"7":[1,10],"8":[8],"9":[8],"10":[8],"11":[0,8],"12":[8,8],"13":[0,7],"14":[7,0],"15":[7,7],"16":[3],"17":[3],"18":[3],"19":[3],"20":[0,3],"21":[2,1],"22":[3,0],"23":[3,0]},"_coverageSchema":"1a1c01bbd47fc00a2c39e90264f33305004495a9","hash":"05c3b477fdce4012a2a4d6a269b75422b706030b"}
,"C:\\Users\\atdan\\OneDrive\\Desktop\\Merkato\\backend\\utils\\sendEmail.js": {"path":"C:\\Users\\atdan\\OneDrive\\Desktop\\Merkato\\backend\\utils\\sendEmail.js","statementMap":{"0":{"start":{"line":1,"column":19},"end":{"line":1,"column":40}},"1":{"start":{"line":2,"column":18},"end":{"line":2,"column":47}},"2":{"start":{"line":10,"column":4},"end":{"line":10,"column":15}},"3":{"start":{"line":13,"column":0},"end":{"line":15,"column":1}},"4":{"start":{"line":14,"column":2},"end":{"line":14,"column":86}},"5":{"start":{"line":18,"column":20},"end":{"line":25,"column":2}},"6":{"start":{"line":28,"column":18},"end":{"line":62,"column":1}},"7":{"start":{"line":29,"column":28},"end":{"line":41,"column":3}},"8":{"start":{"line":42,"column":37},"end":{"line":49,"column":3}},"9":{"start":{"line":50,"column":31},"end":{"line":61,"column":3}},"10":{"start":{"line":66,"column":2},"end":{"line":84,"column":3}},"11":{"start":{"line":67,"column":4},"end":{"line":67,"column":31}},"12":{"start":{"line":69,"column":19},"end":{"line":73,"column":6}},"13":{"start":{"line":75,"column":4},"end":{"line":75,"column":63}},"14":{"start":{"line":76,"column":4},"end":{"line":76,"column":18}},"15":{"start":{"line":78,"column":4},"end":{"line":82,"column":7}},"16":{"start":{"line":83,"column":4},"end":{"line":83,"column":69}},"17":{"start":{"line":88,"column":30},"end":{"line":100,"column":1}},"18":{"start":{"line":89,"column":22},"end":{"line":91,"column":12}},"19":{"start":{"line":90,"column":4},"end":{"line":90,"column":62}},"20":{"start":{"line":93,"column":15},"end":{"line":93,"column":88}},"21":{"start":{"line":95,"column":2},"end":{"line":99,"column":5}},"22":{"start":{"line":103,"column":31},"end":{"line":112,"column":1}},"23":{"start":{"line":104,"column":19},"end":{"line":104,"column":62}},"24":{"start":{"line":105,"column":15},"end":{"line":105,"column":95}},"25":{"start":{"line":107,"column":2},"end":{"line":111,"column":5}},"26":{"start":{"line":115,"column":25},"end":{"line":131,"column":2}},"27":{"start":{"line":126,"column":4},"end":{"line":126,"column":58}},"28":{"start":{"line":127,"column":4},"end":{"line":129,"column":7}},"29":{"start":{"line":134,"column":24},"end":{"line":143,"column":1}},"30":{"start":{"line":135,"column":2},"end":{"line":142,"column":3}},"31":{"start":{"line":136,"column":4},"end":{"line":141,"column":5}},"32":{"start":{"line":137,"column":6},"end":{"line":137,"column":33}},"33":{"start":{"line":138,"column":6},"end":{"line":138,"column":65}},"34":{"start":{"line":140,"column":6},"end":{"line":140,"column":65}},"35":{"start":{"line":145,"column":0},"end":{"line":151,"column":2}}},"fnMap":{"0":{"name":"(anonymous_0)","decl":{"start":{"line":29,"column":8},"end":{"line":29,"column":9}},"loc":{"start":{"line":29,"column":28},"end":{"line":41,"column":3}},"line":29},"1":{"name":"(anonymous_1)","decl":{"start":{"line":42,"column":9},"end":{"line":42,"column":10}},"loc":{"start":{"line":42,"column":37},"end":{"line":49,"column":3}},"line":42},"2":{"name":"(anonymous_2)","decl":{"start":{"line":50,"column":17},"end":{"line":50,"column":18}},"loc":{"start":{"line":50,"column":31},"end":{"line":61,"column":3}},"line":50},"3":{"name":"sendEmail","decl":{"start":{"line":65,"column":15},"end":{"line":65,"column":24}},"loc":{"start":{"line":65,"column":34},"end":{"line":85,"column":1}},"line":65},"4":{"name":"(anonymous_4)","decl":{"start":{"line":88,"column":30},"end":{"line":88,"column":31}},"loc":{"start":{"line":88,"column":55},"end":{"line":100,"column":1}},"line":88},"5":{"name":"(anonymous_5)","decl":{"start":{"line":89,"column":41},"end":{"line":89,"column":42}},"loc":{"start":{"line":90,"column":4},"end":{"line":90,"column":62}},"line":90},"6":{"name":"(anonymous_6)","decl":{"start":{"line":103,"column":31},"end":{"line":103,"column":32}},"loc":{"start":{"line":103,"column":56},"end":{"line":112,"column":1}},"line":103},"7":{"name":"(anonymous_7)","decl":{"start":{"line":125,"column":11},"end":{"line":125,"column":12}},"loc":{"start":{"line":125,"column":25},"end":{"line":130,"column":3}},"line":125},"8":{"name":"(anonymous_8)","decl":{"start":{"line":134,"column":24},"end":{"line":134,"column":25}},"loc":{"start":{"line":134,"column":36},"end":{"line":143,"column":1}},"line":134}},"branchMap":{"0":{"loc":{"start":{"line":6,"column":2},"end":{"line":6,"column":37}},"type":"default-arg","locations":[{"start":{"line":6,"column":15},"end":{"line":6,"column":37}}],"line":6},"1":{"loc":{"start":{"line":7,"column":2},"end":{"line":7,"column":37}},"type":"default-arg","locations":[{"start":{"line":7,"column":15},"end":{"line":7,"column":37}}],"line":7},"2":{"loc":{"start":{"line":8,"column":2},"end":{"line":8,"column":62}},"type":"default-arg","locations":[{"start":{"line":8,"column":13},"end":{"line":8,"column":62}}],"line":8},"3":{"loc":{"start":{"line":8,"column":13},"end":{"line":8,"column":62}},"type":"binary-expr","locations":[{"start":{"line":8,"column":13},"end":{"line":8,"column":35}},{"start":{"line":8,"column":39},"end":{"line":8,"column":62}}],"line":8},"4":{"loc":{"start":{"line":9,"column":2},"end":{"line":9,"column":40}},"type":"default-arg","locations":[{"start":{"line":9,"column":15},"end":{"line":9,"column":40}}],"line":9},"5":{"loc":{"start":{"line":13,"column":0},"end":{"line":15,"column":1}},"type":"if","locations":[{"start":{"line":13,"column":0},"end":{"line":15,"column":1}},{"start":{},"end":{}}],"line":13},"6":{"loc":{"start":{"line":13,"column":4},"end":{"line":13,"column":30}},"type":"binary-expr","locations":[{"start":{"line":13,"column":4},"end":{"line":13,"column":15}},{"start":{"line":13,"column":19},"end":{"line":13,"column":30}}],"line":13},"7":{"loc":{"start":{"line":72,"column":12},"end":{"line":72,"column":64}},"type":"binary-expr","locations":[{"start":{"line":72,"column":12},"end":{"line":72,"column":24}},{"start":{"line":72,"column":28},"end":{"line":72,"column":64}}],"line":72},"8":{"loc":{"start":{"line":90,"column":11},"end":{"line":90,"column":39}},"type":"binary-expr","locations":[{"start":{"line":90,"column":11},"end":{"line":90,"column":26}},{"start":{"line":90,"column":30},"end":{"line":90,"column":39}}],"line":90},"9":{"loc":{"start":{"line":135,"column":2},"end":{"line":142,"column":3}},"type":"if","locations":[{"start":{"line":135,"column":2},"end":{"line":142,"column":3}},{"start":{},"end":{}}],"line":135}},"s":{"0":15,"1":15,"2":15,"3":15,"4":0,"5":15,"6":15,"7":4,"8":2,"9":2,"10":4,"11":4,"12":4,"13":2,"14":2,"15":2,"16":2,"17":15,"18":2,"19":1,"20":2,"21":2,"22":15,"23":2,"24":2,"25":2,"26":15,"27":0,"28":0,"29":15,"30":1,"31":1,"32":1,"33":1,"34":0,"35":15},"f":{"0":4,"1":2,"2":2,"3":4,"4":2,"5":1,"6":2,"7":0,"8":1},"b":{"0":[0],"1":[0],"2":[15],"3":[15,0],"4":[15],"5":[0,15],"6":[15,15],"7":[4,4],"8":[1,0],"9":[1,0]},"_coverageSchema":"1a1c01bbd47fc00a2c39e90264f33305004495a9","hash":"c323e853cd042ed065c4eea73dbf6a4e507cf582"}
}
