TN:
SF:server.js
FN:66,(anonymous_0)
FN:71,(anonymous_1)
FN:85,(anonymous_2)
FN:90,(anonymous_3)
FN:95,(anonymous_4)
FN:98,(anonymous_5)
FN:99,(anonymous_6)
FN:110,(anonymous_7)
FN:116,(anonymous_8)
FN:119,(anonymous_9)
FN:122,(anonymous_10)
FN:125,(anonymous_11)
FNF:12
FNH:3
FNDA:0,(anonymous_0)
FNDA:0,(anonymous_1)
FNDA:14,(anonymous_2)
FNDA:0,(anonymous_3)
FNDA:0,(anonymous_4)
FNDA:0,(anonymous_5)
FNDA:0,(anonymous_6)
FNDA:0,(anonymous_7)
FNDA:0,(anonymous_8)
FNDA:14,(anonymous_9)
FNDA:0,(anonymous_10)
FNDA:10,(anonymous_11)
DA:1,14
DA:2,14
DA:3,14
DA:4,14
DA:5,14
DA:8,14
DA:11,14
DA:12,14
DA:13,14
DA:14,14
DA:15,14
DA:16,14
DA:17,14
DA:18,14
DA:19,14
DA:20,14
DA:21,14
DA:22,14
DA:23,14
DA:24,14
DA:25,14
DA:26,14
DA:27,14
DA:28,14
DA:29,14
DA:30,14
DA:33,14
DA:36,14
DA:39,14
DA:40,14
DA:41,14
DA:44,14
DA:45,14
DA:46,14
DA:47,14
DA:48,14
DA:49,14
DA:50,14
DA:51,14
DA:52,14
DA:53,14
DA:54,14
DA:55,14
DA:56,14
DA:57,14
DA:58,14
DA:59,14
DA:60,14
DA:61,14
DA:62,14
DA:63,14
DA:66,14
DA:67,0
DA:71,14
DA:72,0
DA:76,14
DA:77,0
DA:78,0
DA:81,14
DA:82,14
DA:86,14
DA:88,14
DA:89,0
DA:90,0
DA:91,0
DA:95,0
DA:96,0
DA:97,0
DA:98,0
DA:99,0
DA:100,0
DA:101,0
DA:107,0
DA:108,0
DA:111,0
DA:112,0
DA:116,14
DA:117,0
DA:119,14
DA:120,14
DA:122,14
DA:123,0
DA:125,14
DA:126,10
DA:130,14
LF:85
LH:65
BRDA:76,0,0,0
BRDA:76,0,1,14
BRDA:88,1,0,0
BRDA:88,1,1,14
BRDA:89,2,0,0
BRDA:89,2,1,0
BRDA:97,3,0,0
BRDA:97,3,1,0
BRF:8
BRH:2
end_of_record
TN:
SF:middleware\authMiddleware.js
FN:5,(anonymous_0)
FN:38,(anonymous_1)
FN:39,(anonymous_2)
FN:41,(anonymous_3)
FN:49,(anonymous_4)
FN:58,(anonymous_5)
FN:67,(anonymous_6)
FNF:7
FNH:4
FNDA:19,(anonymous_0)
FNDA:868,(anonymous_1)
FNDA:12,(anonymous_2)
FNDA:19,(anonymous_3)
FNDA:0,(anonymous_4)
FNDA:0,(anonymous_5)
FNDA:0,(anonymous_6)
DA:1,14
DA:2,14
DA:5,14
DA:8,19
DA:12,15
DA:13,15
DA:14,15
DA:15,14
DA:17,14
DA:18,0
DA:19,0
DA:22,14
DA:23,14
DA:25,1
DA:26,1
DA:31,4
DA:32,4
DA:33,4
DA:38,14
DA:39,868
DA:40,12
DA:41,19
DA:42,2
DA:44,10
DA:49,14
DA:50,0
DA:51,0
DA:52,0
DA:54,0
DA:58,14
DA:59,0
DA:60,0
DA:61,0
DA:63,0
DA:67,14
DA:68,0
DA:70,0
DA:71,0
DA:72,0
DA:75,0
DA:76,0
DA:77,0
DA:78,0
DA:81,0
DA:87,0
DA:90,0
DA:93,14
LF:47
LH:26
BRDA:8,0,0,15
BRDA:8,0,1,4
BRDA:9,1,0,19
BRDA:9,1,1,15
BRDA:17,2,0,0
BRDA:17,2,1,14
BRDA:31,3,0,4
BRDA:31,3,1,0
BRDA:40,4,0,12
BRDA:40,4,1,0
BRDA:41,5,0,2
BRDA:41,5,1,10
BRDA:41,6,0,12
BRDA:41,6,1,12
BRDA:50,7,0,0
BRDA:50,7,1,0
BRDA:51,8,0,0
BRDA:51,8,1,0
BRDA:59,9,0,0
BRDA:59,9,1,0
BRDA:60,10,0,0
BRDA:60,10,1,0
BRDA:68,11,0,0
BRDA:68,11,1,0
BRDA:70,12,0,0
BRDA:70,12,1,0
BRDA:70,13,0,0
BRDA:70,13,1,0
BRDA:75,14,0,0
BRDA:75,14,1,0
BRDA:77,15,0,0
BRDA:77,15,1,0
BRF:32
BRH:11
end_of_record
TN:
SF:models\Expense.js
FNF:0
FNH:0
DA:1,14
DA:3,14
DA:19,14
LF:3
LH:3
BRF:0
BRH:0
end_of_record
TN:
SF:models\Favorite.js
FNF:0
FNH:0
DA:1,14
DA:3,14
DA:19,14
LF:3
LH:3
BRF:0
BRH:0
end_of_record
TN:
SF:models\Feedback.js
FNF:0
FNH:0
DA:1,14
DA:3,14
DA:33,14
LF:3
LH:3
BRF:0
BRH:0
end_of_record
TN:
SF:models\FirstTimeDiscount.js
FNF:0
FNH:0
DA:2,14
DA:4,14
DA:9,14
LF:3
LH:3
BRF:0
BRH:0
end_of_record
TN:
SF:models\Flag.js
FNF:0
FNH:0
DA:2,14
DA:4,14
DA:47,14
LF:3
LH:3
BRF:0
BRH:0
end_of_record
TN:
SF:models\Invoice.js
FNF:0
FNH:0
DA:1,14
DA:3,14
DA:28,14
LF:3
LH:3
BRF:0
BRH:0
end_of_record
TN:
SF:models\Order.js
FNF:0
FNH:0
DA:1,14
DA:3,14
DA:100,14
LF:3
LH:3
BRF:0
BRH:0
end_of_record
TN:
SF:models\Product.js
FNF:0
FNH:0
DA:1,14
DA:3,14
DA:36,14
LF:3
LH:3
BRF:0
BRH:0
end_of_record
TN:
SF:models\PromoCampaign.js
FNF:0
FNH:0
DA:1,14
DA:3,14
DA:14,14
LF:3
LH:3
BRF:0
BRH:0
end_of_record
TN:
SF:models\PromoCode.js
FNF:0
FNH:0
DA:1,14
DA:3,14
DA:26,14
LF:3
LH:3
BRF:0
BRH:0
end_of_record
TN:
SF:models\ResetToken.js
FNF:0
FNH:0
DA:2,14
DA:4,14
DA:21,14
DA:23,14
LF:4
LH:4
BRF:0
BRH:0
end_of_record
TN:
SF:models\Review.js
FNF:0
FNH:0
DA:1,14
DA:3,14
DA:35,14
LF:3
LH:3
BRF:0
BRH:0
end_of_record
TN:
SF:models\Support.js
FNF:0
FNH:0
DA:1,14
DA:3,14
DA:31,14
LF:3
LH:3
BRF:0
BRH:0
end_of_record
TN:
SF:models\User.js
FN:68,(anonymous_0)
FN:80,(anonymous_1)
FNF:2
FNH:2
FNDA:17,(anonymous_0)
FNDA:9,(anonymous_1)
DA:1,14
DA:2,14
DA:4,14
DA:68,14
DA:69,17
DA:70,17
DA:71,17
DA:72,17
DA:73,16
DA:75,0
DA:80,14
DA:81,9
DA:84,14
LF:13
LH:12
BRDA:69,0,0,0
BRDA:69,0,1,17
BRF:2
BRH:1
end_of_record
TN:
SF:models\productModel.js
FNF:0
FNH:0
DA:1,14
DA:3,14
DA:58,14
LF:3
LH:3
BRDA:58,0,0,14
BRDA:58,0,1,0
BRF:2
BRH:1
end_of_record
TN:
SF:models\userModel.js
FN:47,(anonymous_0)
FN:59,(anonymous_1)
FNF:2
FNH:0
FNDA:0,(anonymous_0)
FNDA:0,(anonymous_1)
DA:1,14
DA:2,14
DA:4,14
DA:47,14
DA:48,0
DA:49,0
DA:50,0
DA:51,0
DA:52,0
DA:54,0
DA:59,14
DA:60,0
DA:63,14
LF:13
LH:6
BRDA:48,0,0,0
BRDA:48,0,1,0
BRDA:63,1,0,14
BRDA:63,1,1,0
BRF:4
BRH:1
end_of_record
TN:
SF:routes\adminRoutes.js
FN:15,(anonymous_0)
FN:19,(anonymous_1)
FN:33,(anonymous_2)
FN:38,(anonymous_3)
FN:50,(anonymous_4)
FN:60,(anonymous_5)
FN:74,(anonymous_6)
FN:80,(anonymous_7)
FN:86,(anonymous_8)
FN:98,(anonymous_9)
FN:114,(anonymous_10)
FN:128,(anonymous_11)
FN:158,(anonymous_12)
FN:176,(anonymous_13)
FN:191,(anonymous_14)
FN:208,(anonymous_15)
FN:238,(anonymous_16)
FN:287,(anonymous_17)
FNF:18
FNH:1
FNDA:0,(anonymous_0)
FNDA:2,(anonymous_1)
FNDA:0,(anonymous_2)
FNDA:0,(anonymous_3)
FNDA:0,(anonymous_4)
FNDA:0,(anonymous_5)
FNDA:0,(anonymous_6)
FNDA:0,(anonymous_7)
FNDA:0,(anonymous_8)
FNDA:0,(anonymous_9)
FNDA:0,(anonymous_10)
FNDA:0,(anonymous_11)
FNDA:0,(anonymous_12)
FNDA:0,(anonymous_13)
FNDA:0,(anonymous_14)
FNDA:0,(anonymous_15)
FNDA:0,(anonymous_16)
FNDA:0,(anonymous_17)
DA:1,14
DA:2,14
DA:3,14
DA:4,14
DA:5,14
DA:6,14
DA:7,14
DA:8,14
DA:9,14
DA:10,14
DA:11,14
DA:12,14
DA:15,14
DA:16,0
DA:19,14
DA:20,2
DA:21,2
DA:25,2
DA:26,2
DA:28,0
DA:33,14
DA:34,0
DA:36,0
DA:37,0
DA:38,0
DA:39,0
DA:41,0
DA:43,0
DA:45,0
DA:50,14
DA:51,0
DA:52,0
DA:60,0
DA:67,0
DA:69,0
DA:74,14
DA:75,0
DA:76,0
DA:78,0
DA:79,0
DA:80,0
DA:81,0
DA:83,0
DA:86,0
DA:88,0
DA:93,0
DA:98,14
DA:99,0
DA:100,0
DA:106,0
DA:107,0
DA:109,0
DA:114,14
DA:115,0
DA:116,0
DA:120,0
DA:121,0
DA:123,0
DA:128,14
DA:129,0
DA:130,0
DA:132,0
DA:133,0
DA:134,0
DA:136,0
DA:146,0
DA:153,0
DA:158,14
DA:159,0
DA:160,0
DA:162,0
DA:163,0
DA:166,0
DA:167,0
DA:169,0
DA:171,0
DA:176,14
DA:177,0
DA:178,0
DA:179,0
DA:180,0
DA:181,0
DA:182,0
DA:184,0
DA:186,0
DA:191,14
DA:192,0
DA:193,0
DA:194,0
DA:195,0
DA:196,0
DA:198,0
DA:199,0
DA:200,0
DA:201,0
DA:203,0
DA:208,14
DA:209,0
DA:210,0
DA:211,0
DA:212,0
DA:213,0
DA:214,0
DA:216,0
DA:225,0
DA:226,0
DA:228,0
DA:229,0
DA:230,0
DA:232,0
DA:233,0
DA:238,14
DA:239,0
DA:240,0
DA:242,0
DA:243,0
DA:245,0
DA:247,0
DA:248,0
DA:251,0
DA:252,0
DA:255,0
DA:256,0
DA:257,0
DA:258,0
DA:262,0
DA:263,0
DA:266,0
DA:267,0
DA:268,0
DA:270,0
DA:273,0
DA:275,0
DA:282,0
DA:283,0
DA:287,14
DA:288,0
DA:297,0
DA:299,0
DA:300,0
DA:303,0
DA:314,0
DA:315,0
DA:317,0
DA:321,14
LF:145
LH:31
BRDA:21,0,0,0
BRDA:21,0,1,2
BRDA:21,1,0,2
BRDA:21,1,1,0
BRDA:36,2,0,0
BRDA:36,2,1,0
BRDA:36,3,0,0
BRDA:36,3,1,0
BRDA:78,4,0,0
BRDA:78,4,1,0
BRDA:78,5,0,0
BRDA:78,5,1,0
BRDA:86,6,0,0
BRDA:86,6,1,0
BRDA:102,7,0,0
BRDA:102,7,1,0
BRDA:116,8,0,0
BRDA:116,8,1,0
BRDA:116,9,0,0
BRDA:116,9,1,0
BRDA:150,10,0,0
BRDA:150,10,1,0
BRDA:162,11,0,0
BRDA:162,11,1,0
BRDA:162,12,0,0
BRDA:162,12,1,0
BRDA:179,13,0,0
BRDA:179,13,1,0
BRDA:195,14,0,0
BRDA:195,14,1,0
BRDA:199,15,0,0
BRDA:199,15,1,0
BRDA:201,16,0,0
BRDA:201,16,1,0
BRDA:245,17,0,0
BRDA:245,17,1,0
BRDA:247,18,0,0
BRDA:247,18,1,0
BRDA:247,19,0,0
BRDA:247,19,1,0
BRDA:251,20,0,0
BRDA:251,20,1,0
BRDA:251,21,0,0
BRDA:251,21,1,0
BRDA:255,22,0,0
BRDA:255,22,1,0
BRDA:257,23,0,0
BRDA:257,23,1,0
BRDA:262,24,0,0
BRDA:262,24,1,0
BRDA:262,25,0,0
BRDA:262,25,1,0
BRDA:267,26,0,0
BRDA:267,26,1,0
BRDA:299,27,0,0
BRDA:299,27,1,0
BRDA:299,28,0,0
BRDA:299,28,1,0
BRDA:299,28,2,0
BRF:59
BRH:2
end_of_record
TN:
SF:routes\authRoutes.js
FN:12,(anonymous_0)
FN:19,(anonymous_1)
FN:37,(anonymous_2)
FN:56,(anonymous_3)
FN:92,(anonymous_4)
FN:115,(anonymous_5)
FN:120,(anonymous_6)
FN:153,(anonymous_7)
FN:185,(anonymous_8)
FNF:9
FNH:4
FNDA:19,(anonymous_0)
FNDA:0,(anonymous_1)
FNDA:1,(anonymous_2)
FNDA:20,(anonymous_3)
FNDA:10,(anonymous_4)
FNDA:0,(anonymous_5)
FNDA:0,(anonymous_6)
FNDA:0,(anonymous_7)
FNDA:0,(anonymous_8)
DA:1,14
DA:2,14
DA:3,14
DA:4,14
DA:5,14
DA:6,14
DA:7,14
DA:9,14
DA:12,14
DA:13,19
DA:19,14
DA:20,0
DA:21,0
DA:22,0
DA:23,0
DA:26,0
DA:27,0
DA:28,0
DA:29,0
DA:31,0
DA:32,0
DA:37,14
DA:38,1
DA:39,0
DA:40,0
DA:43,1
DA:44,1
DA:56,14
DA:57,20
DA:59,20
DA:60,20
DA:61,1
DA:63,19
DA:64,19
DA:65,18
DA:66,1
DA:69,17
DA:77,11
DA:86,3
DA:87,3
DA:92,14
DA:93,10
DA:94,10
DA:95,10
DA:96,9
DA:97,1
DA:100,8
DA:109,1
DA:110,1
DA:115,14
DA:116,0
DA:120,14
DA:121,0
DA:122,0
DA:125,0
DA:126,0
DA:127,0
DA:128,0
DA:129,0
DA:132,0
DA:140,0
DA:147,0
DA:148,0
DA:153,14
DA:154,0
DA:155,0
DA:156,0
DA:159,0
DA:160,0
DA:161,0
DA:162,0
DA:164,0
DA:165,0
DA:167,0
DA:176,0
DA:177,0
DA:179,0
DA:180,0
DA:185,14
DA:186,0
DA:187,0
DA:188,0
DA:191,0
DA:192,0
DA:193,0
DA:195,0
DA:196,0
DA:199,0
DA:200,0
DA:201,0
DA:204,0
DA:205,0
DA:206,0
DA:208,0
DA:210,0
DA:211,0
DA:215,14
LF:97
LH:42
BRDA:21,0,0,0
BRDA:21,0,1,0
BRDA:38,1,0,0
BRDA:38,1,1,1
BRDA:43,2,0,1
BRDA:43,2,1,0
BRDA:43,2,2,0
BRDA:60,3,0,1
BRDA:60,3,1,19
BRDA:60,4,0,20
BRDA:60,4,1,20
BRDA:65,5,0,1
BRDA:65,5,1,17
BRDA:73,6,0,17
BRDA:73,6,1,12
BRDA:96,7,0,1
BRDA:96,7,1,8
BRDA:96,8,0,9
BRDA:96,8,1,9
BRDA:121,9,0,0
BRDA:121,9,1,0
BRDA:128,10,0,0
BRDA:128,10,1,0
BRDA:155,11,0,0
BRDA:155,11,1,0
BRDA:162,12,0,0
BRDA:162,12,1,0
BRDA:187,13,0,0
BRDA:187,13,1,0
BRDA:187,14,0,0
BRDA:187,14,1,0
BRDA:195,15,0,0
BRDA:195,15,1,0
BRDA:200,16,0,0
BRDA:200,16,1,0
BRF:35
BRH:14
end_of_record
TN:
SF:routes\customerRoutes.js
FN:8,(anonymous_0)
FN:34,(anonymous_1)
FN:40,(anonymous_2)
FN:45,(anonymous_3)
FN:54,(anonymous_4)
FN:56,(anonymous_5)
FN:61,(anonymous_6)
FN:70,(anonymous_7)
FN:72,(anonymous_8)
FN:78,(anonymous_9)
FN:80,(anonymous_10)
FNF:11
FNH:0
FNDA:0,(anonymous_0)
FNDA:0,(anonymous_1)
FNDA:0,(anonymous_2)
FNDA:0,(anonymous_3)
FNDA:0,(anonymous_4)
FNDA:0,(anonymous_5)
FNDA:0,(anonymous_6)
FNDA:0,(anonymous_7)
FNDA:0,(anonymous_8)
FNDA:0,(anonymous_9)
FNDA:0,(anonymous_10)
DA:2,14
DA:3,14
DA:4,14
DA:5,14
DA:8,14
DA:9,0
DA:10,0
DA:11,0
DA:12,0
DA:15,0
DA:16,0
DA:18,0
DA:23,0
DA:24,0
DA:34,14
DA:35,0
DA:36,0
DA:40,14
DA:41,0
DA:42,0
DA:44,0
DA:45,0
DA:48,0
DA:49,0
DA:50,0
DA:54,14
DA:55,0
DA:56,0
DA:58,0
DA:60,0
DA:61,0
DA:64,0
DA:65,0
DA:66,0
DA:70,14
DA:71,0
DA:72,0
DA:73,0
DA:74,0
DA:78,14
DA:79,0
DA:80,0
DA:81,0
DA:83,0
DA:84,0
DA:87,14
LF:46
LH:11
BRDA:11,0,0,0
BRDA:11,0,1,0
BRDA:11,1,0,0
BRDA:11,1,1,0
BRDA:15,2,0,0
BRDA:15,2,1,0
BRDA:36,3,0,0
BRDA:36,3,1,0
BRDA:44,4,0,0
BRDA:44,4,1,0
BRDA:58,5,0,0
BRDA:58,5,1,0
BRDA:60,6,0,0
BRDA:60,6,1,0
BRF:14
BRH:0
end_of_record
TN:
SF:routes\devSeedRoute.js
FN:8,(anonymous_0)
FNF:1
FNH:0
FNDA:0,(anonymous_0)
DA:1,14
DA:2,14
DA:3,14
DA:4,14
DA:5,14
DA:8,14
DA:9,0
DA:11,0
DA:12,0
DA:14,0
DA:17,0
DA:42,0
DA:66,0
DA:72,0
DA:73,0
DA:77,14
LF:16
LH:7
BRF:0
BRH:0
end_of_record
TN:
SF:routes\emailInvoiceRoutes.js
FN:8,(anonymous_0)
FN:51,(anonymous_1)
FNF:2
FNH:0
FNDA:0,(anonymous_0)
FNDA:0,(anonymous_1)
DA:1,14
DA:2,14
DA:3,14
DA:4,14
DA:5,14
DA:6,14
DA:8,14
DA:9,0
DA:10,0
DA:15,0
DA:16,0
DA:19,0
DA:21,0
DA:51,0
DA:69,0
DA:70,0
DA:71,0
DA:72,0
DA:73,0
DA:75,0
DA:83,0
DA:96,0
DA:101,0
DA:103,0
DA:105,0
DA:106,0
DA:107,0
DA:108,0
DA:113,0
DA:115,0
DA:119,14
LF:31
LH:8
BRDA:15,0,0,0
BRDA:15,0,1,0
BRDA:15,1,0,0
BRDA:15,1,1,0
BRDA:19,2,0,0
BRDA:19,2,1,0
BRDA:43,3,0,0
BRDA:43,3,1,0
BRDA:63,4,0,0
BRDA:63,4,1,0
BRF:10
BRH:0
end_of_record
TN:
SF:routes\favoriteRoutes.js
FN:8,(anonymous_0)
FN:11,(anonymous_1)
FN:18,(anonymous_2)
FN:32,(anonymous_3)
FNF:4
FNH:0
FNDA:0,(anonymous_0)
FNDA:0,(anonymous_1)
FNDA:0,(anonymous_2)
FNDA:0,(anonymous_3)
DA:1,14
DA:2,14
DA:3,14
DA:4,14
DA:5,14
DA:8,14
DA:9,0
DA:10,0
DA:11,0
DA:13,0
DA:18,14
DA:19,0
DA:20,0
DA:21,0
DA:23,0
DA:24,0
DA:25,0
DA:27,0
DA:32,14
DA:33,0
DA:34,0
DA:35,0
DA:37,0
DA:41,14
LF:24
LH:9
BRDA:21,0,0,0
BRDA:21,0,1,0
BRF:2
BRH:0
end_of_record
TN:
SF:routes\feedbackRoutes.js
FN:7,(anonymous_0)
FN:27,(anonymous_1)
FNF:2
FNH:2
FNDA:2,(anonymous_0)
FNDA:3,(anonymous_1)
DA:1,14
DA:2,14
DA:3,14
DA:4,14
DA:7,14
DA:8,2
DA:9,2
DA:16,2
DA:17,1
DA:19,1
DA:20,1
DA:22,0
DA:27,14
DA:28,3
DA:29,3
DA:32,3
DA:34,0
DA:38,14
LF:18
LH:16
BRDA:19,0,0,1
BRDA:19,0,1,0
BRF:2
BRH:1
end_of_record
TN:
SF:routes\flagRoutes.js
FN:11,(anonymous_0)
FN:25,(anonymous_1)
FN:43,(anonymous_2)
FNF:3
FNH:0
FNDA:0,(anonymous_0)
FNDA:0,(anonymous_1)
FNDA:0,(anonymous_2)
DA:2,14
DA:3,14
DA:4,14
DA:5,14
DA:6,14
DA:11,14
DA:12,0
DA:13,0
DA:16,0
DA:18,0
DA:25,14
DA:26,0
DA:27,0
DA:28,0
DA:30,0
DA:31,0
DA:32,0
DA:34,0
DA:36,0
DA:43,14
DA:44,0
DA:45,0
DA:46,0
DA:48,0
DA:49,0
DA:50,0
DA:51,0
DA:53,0
DA:55,0
DA:59,14
LF:30
LH:9
BRDA:28,0,0,0
BRDA:28,0,1,0
BRDA:46,1,0,0
BRDA:46,1,1,0
BRF:4
BRH:0
end_of_record
TN:
SF:routes\invoiceRoutes.js
FN:10,(anonymous_0)
FN:29,(anonymous_1)
FN:43,(anonymous_2)
FN:76,(anonymous_3)
FN:107,(anonymous_4)
FNF:5
FNH:0
FNDA:0,(anonymous_0)
FNDA:0,(anonymous_1)
FNDA:0,(anonymous_2)
FNDA:0,(anonymous_3)
FNDA:0,(anonymous_4)
DA:1,14
DA:2,14
DA:3,14
DA:4,14
DA:5,14
DA:6,14
DA:7,14
DA:10,14
DA:11,0
DA:12,0
DA:13,0
DA:14,0
DA:16,0
DA:18,0
DA:19,0
DA:25,0
DA:29,0
DA:31,0
DA:37,0
DA:38,0
DA:43,14
DA:44,0
DA:45,0
DA:49,0
DA:50,0
DA:54,0
DA:55,0
DA:56,0
DA:59,0
DA:61,0
DA:62,0
DA:68,0
DA:70,0
DA:71,0
DA:72,0
DA:73,0
DA:76,0
DA:77,0
DA:80,0
DA:83,0
DA:84,0
DA:85,0
DA:86,0
DA:87,0
DA:88,0
DA:89,0
DA:90,0
DA:91,0
DA:94,0
DA:96,0
DA:97,0
DA:99,0
DA:100,0
DA:106,14
DA:107,14
DA:108,0
DA:109,0
DA:110,0
DA:112,0
DA:114,0
DA:117,0
DA:118,0
DA:121,0
DA:122,0
DA:123,0
DA:126,0
DA:136,0
DA:137,0
DA:141,14
LF:69
LH:12
BRDA:13,0,0,0
BRDA:13,0,1,0
BRDA:16,1,0,0
BRDA:16,1,1,0
BRDA:18,2,0,0
BRDA:18,2,1,0
BRDA:18,3,0,0
BRDA:18,3,1,0
BRDA:29,4,0,0
BRDA:29,4,1,0
BRDA:49,5,0,0
BRDA:49,5,1,0
BRDA:54,6,0,0
BRDA:54,6,1,0
BRDA:55,7,0,0
BRDA:55,7,1,0
BRDA:55,8,0,0
BRDA:55,8,1,0
BRDA:70,9,0,0
BRDA:70,9,1,0
BRDA:70,9,2,0
BRDA:70,10,0,0
BRDA:70,10,1,0
BRDA:71,11,0,0
BRDA:71,11,1,0
BRDA:71,12,0,0
BRDA:71,12,1,0
BRDA:109,13,0,0
BRDA:109,13,1,0
BRDA:117,14,0,0
BRDA:117,14,1,0
BRDA:121,15,0,0
BRDA:121,15,1,0
BRDA:122,16,0,0
BRDA:122,16,1,0
BRDA:122,17,0,0
BRDA:122,17,1,0
BRDA:122,17,2,0
BRF:38
BRH:0
end_of_record
TN:
SF:routes\orderRoutes.js
FN:15,(anonymous_0)
FN:36,(anonymous_1)
FN:62,(anonymous_2)
FN:69,(anonymous_3)
FN:88,(anonymous_4)
FN:93,(anonymous_5)
FN:143,(anonymous_6)
FN:167,(anonymous_7)
FN:197,(anonymous_8)
FN:208,(anonymous_9)
FN:219,(anonymous_10)
FN:240,(anonymous_11)
FN:257,(anonymous_12)
FN:268,(anonymous_13)
FN:288,(anonymous_14)
FN:305,(anonymous_15)
FN:315,(anonymous_16)
FN:338,(anonymous_17)
FNF:18
FNH:1
FNDA:1,(anonymous_0)
FNDA:0,(anonymous_1)
FNDA:0,(anonymous_2)
FNDA:0,(anonymous_3)
FNDA:0,(anonymous_4)
FNDA:0,(anonymous_5)
FNDA:0,(anonymous_6)
FNDA:0,(anonymous_7)
FNDA:0,(anonymous_8)
FNDA:0,(anonymous_9)
FNDA:0,(anonymous_10)
FNDA:0,(anonymous_11)
FNDA:0,(anonymous_12)
FNDA:0,(anonymous_13)
FNDA:0,(anonymous_14)
FNDA:0,(anonymous_15)
FNDA:0,(anonymous_16)
FNDA:0,(anonymous_17)
DA:1,14
DA:2,14
DA:3,14
DA:4,14
DA:5,14
DA:6,14
DA:7,14
DA:8,14
DA:15,14
DA:16,1
DA:17,1
DA:19,1
DA:28,1
DA:30,1
DA:33,1
DA:34,1
DA:36,0
DA:37,0
DA:39,0
DA:40,0
DA:42,0
DA:43,0
DA:45,0
DA:46,0
DA:50,0
DA:51,0
DA:52,0
DA:53,0
DA:54,0
DA:56,0
DA:57,0
DA:58,0
DA:62,0
DA:63,0
DA:68,0
DA:69,0
DA:70,0
DA:72,0
DA:73,0
DA:74,0
DA:79,0
DA:80,0
DA:81,0
DA:88,0
DA:91,0
DA:92,0
DA:93,0
DA:94,0
DA:98,0
DA:104,0
DA:105,0
DA:106,0
DA:108,0
DA:109,0
DA:128,0
DA:137,0
DA:138,0
DA:139,0
DA:143,0
DA:144,0
DA:145,0
DA:146,0
DA:148,0
DA:162,0
DA:163,0
DA:164,0
DA:167,0
DA:170,0
DA:171,0
DA:172,0
DA:178,0
DA:193,0
DA:196,0
DA:197,0
DA:202,0
DA:204,0
DA:208,0
DA:216,0
DA:217,0
DA:218,0
DA:219,0
DA:220,0
DA:221,0
DA:224,0
DA:225,0
DA:231,1
DA:240,14
DA:241,0
DA:242,0
DA:246,0
DA:248,0
DA:257,14
DA:258,0
DA:259,0
DA:263,0
DA:264,0
DA:268,0
DA:269,0
DA:271,0
DA:273,0
DA:274,0
DA:277,0
DA:279,0
DA:288,14
DA:289,0
DA:290,0
DA:294,0
DA:296,0
DA:305,14
DA:306,0
DA:307,0
DA:308,0
DA:310,0
DA:311,0
DA:314,0
DA:315,0
DA:316,0
DA:318,0
DA:319,0
DA:321,0
DA:323,0
DA:326,0
DA:327,0
DA:329,0
DA:338,14
DA:339,0
DA:340,0
DA:341,0
DA:342,0
DA:343,0
DA:345,0
DA:349,0
DA:350,0
DA:352,0
DA:353,0
DA:356,14
LF:136
LH:23
BRDA:33,0,0,1
BRDA:33,0,1,0
BRDA:36,1,0,0
BRDA:36,1,1,0
BRDA:39,2,0,0
BRDA:39,2,1,0
BRDA:39,3,0,0
BRDA:39,3,1,0
BRDA:39,3,2,0
BRDA:42,4,0,0
BRDA:42,4,1,0
BRDA:45,5,0,0
BRDA:45,5,1,0
BRDA:45,6,0,0
BRDA:45,6,1,0
BRDA:45,6,2,0
BRDA:51,7,0,0
BRDA:51,7,1,0
BRDA:53,8,0,0
BRDA:53,8,1,0
BRDA:62,9,0,0
BRDA:62,9,1,0
BRDA:70,10,0,0
BRDA:70,10,1,0
BRDA:72,11,0,0
BRDA:72,11,1,0
BRDA:79,12,0,0
BRDA:79,12,1,0
BRDA:94,13,0,0
BRDA:94,13,1,0
BRDA:108,14,0,0
BRDA:108,14,1,0
BRDA:119,15,0,0
BRDA:119,15,1,0
BRDA:170,16,0,0
BRDA:170,16,1,0
BRDA:170,17,0,0
BRDA:170,17,1,0
BRDA:182,18,0,0
BRDA:182,18,1,0
BRDA:183,19,0,0
BRDA:183,19,1,0
BRDA:218,20,0,0
BRDA:218,20,1,0
BRDA:220,21,0,0
BRDA:220,21,1,0
BRDA:263,22,0,0
BRDA:263,22,1,0
BRDA:273,23,0,0
BRDA:273,23,1,0
BRDA:273,24,0,0
BRDA:273,24,1,0
BRDA:273,24,2,0
BRDA:310,25,0,0
BRDA:310,25,1,0
BRDA:314,26,0,0
BRDA:314,26,1,0
BRDA:318,27,0,0
BRDA:318,27,1,0
BRDA:341,28,0,0
BRDA:341,28,1,0
BRDA:341,29,0,0
BRDA:341,29,1,0
BRF:63
BRH:1
end_of_record
TN:
SF:routes\productRoutes.js
FN:9,(anonymous_0)
FN:19,(anonymous_1)
FN:30,(anonymous_2)
FN:40,(anonymous_3)
FN:53,(anonymous_4)
FN:74,(anonymous_5)
FN:89,(anonymous_6)
FN:110,(anonymous_7)
FNF:8
FNH:6
FNDA:1,(anonymous_0)
FNDA:1,(anonymous_1)
FNDA:0,(anonymous_2)
FNDA:1,(anonymous_3)
FNDA:3,(anonymous_4)
FNDA:1,(anonymous_5)
FNDA:1,(anonymous_6)
FNDA:0,(anonymous_7)
DA:2,14
DA:3,14
DA:4,14
DA:5,14
DA:6,14
DA:9,14
DA:10,1
DA:11,1
DA:12,1
DA:14,0
DA:19,14
DA:20,1
DA:21,1
DA:22,1
DA:23,1
DA:25,0
DA:30,14
DA:31,0
DA:32,0
DA:33,0
DA:35,0
DA:40,14
DA:41,1
DA:42,1
DA:48,1
DA:51,1
DA:52,1
DA:53,3
DA:54,1
DA:56,1
DA:57,0
DA:63,0
DA:67,1
DA:69,0
DA:74,14
DA:75,1
DA:76,1
DA:81,1
DA:82,1
DA:84,0
DA:89,14
DA:90,1
DA:91,1
DA:92,1
DA:94,1
DA:95,1
DA:96,1
DA:98,1
DA:99,1
DA:100,1
DA:103,0
DA:105,0
DA:110,14
DA:111,0
DA:112,0
DA:113,0
DA:114,0
DA:116,0
DA:123,0
DA:124,0
DA:126,0
DA:130,14
LF:62
LH:42
BRDA:22,0,0,0
BRDA:22,0,1,1
BRDA:45,1,0,1
BRDA:45,1,1,0
BRDA:56,2,0,0
BRDA:56,2,1,1
BRDA:56,3,0,1
BRDA:56,3,1,1
BRDA:60,4,0,0
BRDA:60,4,1,0
BRDA:81,5,0,0
BRDA:81,5,1,1
BRDA:92,6,0,0
BRDA:92,6,1,1
BRDA:96,7,0,1
BRDA:96,7,1,0
BRDA:98,8,0,1
BRDA:98,8,1,0
BRDA:98,9,0,1
BRDA:98,9,1,0
BRDA:98,9,2,0
BRDA:114,10,0,0
BRDA:114,10,1,0
BRF:23
BRH:10
end_of_record
TN:
SF:routes\reviewModerationRoutes.js
FN:10,(anonymous_0)
FN:24,(anonymous_1)
FN:43,(anonymous_2)
FN:61,(anonymous_3)
FNF:4
FNH:0
FNDA:0,(anonymous_0)
FNDA:0,(anonymous_1)
FNDA:0,(anonymous_2)
FNDA:0,(anonymous_3)
DA:2,14
DA:3,14
DA:4,14
DA:5,14
DA:10,14
DA:11,0
DA:12,0
DA:15,0
DA:17,0
DA:24,14
DA:25,0
DA:26,0
DA:27,0
DA:29,0
DA:30,0
DA:31,0
DA:32,0
DA:34,0
DA:36,0
DA:43,14
DA:44,0
DA:45,0
DA:46,0
DA:48,0
DA:49,0
DA:50,0
DA:52,0
DA:54,0
DA:61,14
DA:62,0
DA:63,0
DA:64,0
DA:66,0
DA:68,0
DA:72,14
LF:35
LH:9
BRDA:27,0,0,0
BRDA:27,0,1,0
BRDA:46,1,0,0
BRDA:46,1,1,0
BRDA:64,2,0,0
BRDA:64,2,1,0
BRF:6
BRH:0
end_of_record
TN:
SF:routes\reviewRoutes.js
FN:7,(anonymous_0)
FN:20,(anonymous_1)
FN:46,(anonymous_2)
FNF:3
FNH:0
FNDA:0,(anonymous_0)
FNDA:0,(anonymous_1)
FNDA:0,(anonymous_2)
DA:1,14
DA:2,14
DA:3,14
DA:4,14
DA:7,14
DA:8,0
DA:9,0
DA:13,0
DA:15,0
DA:20,14
DA:21,0
DA:22,0
DA:27,0
DA:28,0
DA:31,0
DA:38,0
DA:39,0
DA:41,0
DA:46,14
DA:47,0
DA:48,0
DA:50,0
DA:52,0
DA:53,0
DA:56,0
DA:57,0
DA:59,0
DA:63,14
LF:28
LH:8
BRDA:27,0,0,0
BRDA:27,0,1,0
BRDA:50,1,0,0
BRDA:50,1,1,0
BRDA:52,2,0,0
BRDA:52,2,1,0
BRDA:52,3,0,0
BRDA:52,3,1,0
BRDA:52,3,2,0
BRF:9
BRH:0
end_of_record
TN:
SF:routes\stripeRoutes.js
FN:7,(anonymous_0)
FNF:1
FNH:0
FNDA:0,(anonymous_0)
DA:1,14
DA:2,14
DA:3,14
DA:4,14
DA:5,14
DA:7,14
DA:8,0
DA:9,0
DA:10,0
DA:11,0
DA:13,0
DA:32,0
DA:34,0
DA:35,0
DA:39,14
LF:15
LH:7
BRDA:11,0,0,0
BRDA:11,0,1,0
BRF:2
BRH:0
end_of_record
TN:
SF:routes\supportRoutes.js
FN:7,(anonymous_0)
FN:22,(anonymous_1)
FN:35,(anonymous_2)
FNF:3
FNH:0
FNDA:0,(anonymous_0)
FNDA:0,(anonymous_1)
FNDA:0,(anonymous_2)
DA:1,14
DA:2,14
DA:3,14
DA:4,14
DA:7,14
DA:8,0
DA:9,0
DA:14,0
DA:15,0
DA:17,0
DA:22,14
DA:23,0
DA:24,0
DA:28,0
DA:30,0
DA:35,14
DA:36,0
DA:37,0
DA:38,0
DA:40,0
DA:41,0
DA:43,0
DA:44,0
DA:46,0
DA:50,14
LF:25
LH:8
BRDA:38,0,0,0
BRDA:38,0,1,0
BRDA:40,1,0,0
BRDA:40,1,1,0
BRDA:41,2,0,0
BRDA:41,2,1,0
BRF:6
BRH:0
end_of_record
TN:
SF:routes\telebirrRoutes.js
FN:5,(anonymous_0)
FNF:1
FNH:0
FNDA:0,(anonymous_0)
DA:1,14
DA:2,14
DA:3,14
DA:5,14
DA:6,0
DA:7,0
DA:10,0
DA:12,0
DA:14,0
DA:18,14
LF:10
LH:5
BRF:0
BRH:0
end_of_record
TN:
SF:routes\testEmailRoute.js
FN:6,(anonymous_0)
FNF:1
FNH:0
FNDA:0,(anonymous_0)
DA:2,14
DA:3,14
DA:4,14
DA:6,14
DA:7,0
DA:8,0
DA:14,0
DA:16,0
DA:17,0
DA:21,14
LF:10
LH:5
BRF:0
BRH:0
end_of_record
TN:
SF:routes\uploadRoutes.js
FN:17,(anonymous_0)
FN:20,(anonymous_1)
FN:28,(anonymous_2)
FN:48,(anonymous_3)
FN:49,(anonymous_4)
FNF:5
FNH:0
FNDA:0,(anonymous_0)
FNDA:0,(anonymous_1)
FNDA:0,(anonymous_2)
FNDA:0,(anonymous_3)
FNDA:0,(anonymous_4)
DA:2,14
DA:3,14
DA:4,14
DA:5,14
DA:6,14
DA:7,14
DA:10,14
DA:11,14
DA:12,0
DA:16,14
DA:18,0
DA:21,0
DA:22,0
DA:23,0
DA:28,14
DA:29,0
DA:30,0
DA:31,0
DA:32,0
DA:33,0
DA:35,0
DA:39,14
DA:48,14
DA:49,0
DA:50,0
DA:52,0
DA:53,0
DA:55,0
DA:56,0
DA:58,0
DA:60,0
DA:61,0
DA:63,0
DA:64,0
DA:67,0
DA:73,0
DA:77,14
LF:37
LH:13
BRDA:11,0,0,0
BRDA:11,0,1,14
BRDA:32,1,0,0
BRDA:32,1,1,0
BRDA:32,2,0,0
BRDA:32,2,1,0
BRDA:50,3,0,0
BRDA:50,3,1,0
BRDA:52,4,0,0
BRDA:52,4,1,0
BRDA:56,5,0,0
BRDA:56,5,1,0
BRDA:60,6,0,0
BRDA:60,6,1,0
BRF:14
BRH:1
end_of_record
TN:
SF:routes\vendorPromoRoutes.js
FN:8,(anonymous_0)
FN:18,(anonymous_1)
FN:54,(anonymous_2)
FN:67,(anonymous_3)
FN:77,(anonymous_4)
FN:104,(anonymous_5)
FN:127,(anonymous_6)
FNF:7
FNH:0
FNDA:0,(anonymous_0)
FNDA:0,(anonymous_1)
FNDA:0,(anonymous_2)
FNDA:0,(anonymous_3)
FNDA:0,(anonymous_4)
FNDA:0,(anonymous_5)
FNDA:0,(anonymous_6)
DA:1,14
DA:2,14
DA:3,14
DA:4,14
DA:5,14
DA:8,14
DA:9,0
DA:10,0
DA:11,0
DA:13,0
DA:18,14
DA:19,0
DA:28,0
DA:31,0
DA:32,0
DA:35,0
DA:46,0
DA:47,0
DA:49,0
DA:54,14
DA:55,0
DA:56,0
DA:57,0
DA:59,0
DA:60,0
DA:62,0
DA:67,14
DA:68,0
DA:69,0
DA:70,0
DA:72,0
DA:77,14
DA:78,0
DA:79,0
DA:82,0
DA:83,0
DA:86,0
DA:96,0
DA:97,0
DA:99,0
DA:104,14
DA:105,0
DA:106,0
DA:107,0
DA:109,0
DA:112,0
DA:113,0
DA:114,0
DA:115,0
DA:116,0
DA:117,0
DA:119,0
DA:120,0
DA:122,0
DA:127,14
DA:128,0
DA:129,0
DA:130,0
DA:132,0
DA:133,0
DA:135,0
DA:139,14
LF:62
LH:13
BRDA:31,0,0,0
BRDA:31,0,1,0
BRDA:31,1,0,0
BRDA:31,1,1,0
BRDA:31,1,2,0
BRDA:31,1,3,0
BRDA:57,2,0,0
BRDA:57,2,1,0
BRDA:82,3,0,0
BRDA:82,3,1,0
BRDA:82,4,0,0
BRDA:82,4,1,0
BRDA:82,4,2,0
BRDA:82,4,3,0
BRDA:92,5,0,0
BRDA:92,5,1,0
BRDA:107,6,0,0
BRDA:107,6,1,0
BRDA:112,7,0,0
BRDA:112,7,1,0
BRDA:113,8,0,0
BRDA:113,8,1,0
BRDA:114,9,0,0
BRDA:114,9,1,0
BRDA:115,10,0,0
BRDA:115,10,1,0
BRDA:116,11,0,0
BRDA:116,11,1,0
BRDA:117,12,0,0
BRDA:117,12,1,0
BRDA:130,13,0,0
BRDA:130,13,1,0
BRF:32
BRH:0
end_of_record
TN:
SF:routes\vendorRoutes.js
FN:12,(anonymous_0)
FN:35,(anonymous_1)
FN:45,(anonymous_2)
FN:48,(anonymous_3)
FN:59,(anonymous_4)
FN:70,(anonymous_5)
FN:71,(anonymous_6)
FN:80,(anonymous_7)
FN:99,(anonymous_8)
FN:106,(anonymous_9)
FN:107,(anonymous_10)
FN:119,(anonymous_11)
FN:130,(anonymous_12)
FN:138,(anonymous_13)
FN:140,(anonymous_14)
FN:160,(anonymous_15)
FN:171,(anonymous_16)
FN:187,(anonymous_17)
FN:200,(anonymous_18)
FN:210,(anonymous_19)
FNF:20
FNH:0
FNDA:0,(anonymous_0)
FNDA:0,(anonymous_1)
FNDA:0,(anonymous_2)
FNDA:0,(anonymous_3)
FNDA:0,(anonymous_4)
FNDA:0,(anonymous_5)
FNDA:0,(anonymous_6)
FNDA:0,(anonymous_7)
FNDA:0,(anonymous_8)
FNDA:0,(anonymous_9)
FNDA:0,(anonymous_10)
FNDA:0,(anonymous_11)
FNDA:0,(anonymous_12)
FNDA:0,(anonymous_13)
FNDA:0,(anonymous_14)
FNDA:0,(anonymous_15)
FNDA:0,(anonymous_16)
FNDA:0,(anonymous_17)
FNDA:0,(anonymous_18)
FNDA:0,(anonymous_19)
DA:3,14
DA:4,14
DA:5,14
DA:6,14
DA:7,14
DA:8,14
DA:9,14
DA:12,14
DA:13,0
DA:14,0
DA:15,0
DA:16,0
DA:18,0
DA:27,0
DA:28,0
DA:30,0
DA:35,14
DA:36,0
DA:37,0
DA:38,0
DA:40,0
DA:45,14
DA:46,0
DA:47,0
DA:48,0
DA:49,0
DA:54,0
DA:59,14
DA:60,0
DA:61,0
DA:65,0
DA:66,0
DA:67,0
DA:68,0
DA:70,0
DA:71,0
DA:72,0
DA:73,0
DA:76,0
DA:77,0
DA:78,0
DA:80,0
DA:81,0
DA:82,0
DA:87,0
DA:94,0
DA:99,14
DA:100,0
DA:101,0
DA:104,0
DA:106,0
DA:107,0
DA:108,0
DA:109,0
DA:110,0
DA:111,0
DA:113,0
DA:118,0
DA:119,0
DA:122,0
DA:124,0
DA:125,0
DA:130,14
DA:131,0
DA:132,0
DA:136,0
DA:138,0
DA:139,0
DA:140,0
DA:141,0
DA:142,0
DA:146,0
DA:147,0
DA:148,0
DA:149,0
DA:155,0
DA:159,0
DA:160,0
DA:163,0
DA:165,0
DA:166,0
DA:171,14
DA:172,0
DA:173,0
DA:174,0
DA:175,0
DA:178,0
DA:179,0
DA:180,0
DA:182,0
DA:187,14
DA:188,0
DA:189,0
DA:190,0
DA:191,0
DA:193,0
DA:195,0
DA:200,14
DA:201,0
DA:202,0
DA:203,0
DA:205,0
DA:210,14
DA:211,0
DA:212,0
DA:214,0
DA:215,0
DA:218,0
DA:219,0
DA:221,0
DA:226,0
DA:230,14
LF:112
LH:18
BRDA:15,0,0,0
BRDA:15,0,1,0
BRDA:15,1,0,0
BRDA:15,1,1,0
BRDA:48,2,0,0
BRDA:48,2,1,0
BRDA:76,3,0,0
BRDA:76,3,1,0
BRDA:81,4,0,0
BRDA:81,4,1,0
BRDA:108,5,0,0
BRDA:108,5,1,0
BRDA:110,6,0,0
BRDA:110,6,1,0
BRDA:141,7,0,0
BRDA:141,7,1,0
BRDA:142,8,0,0
BRDA:142,8,1,0
BRDA:146,9,0,0
BRDA:146,9,1,0
BRDA:146,10,0,0
BRDA:146,10,1,0
BRDA:148,11,0,0
BRDA:148,11,1,0
BRDA:174,12,0,0
BRDA:174,12,1,0
BRDA:190,13,0,0
BRDA:190,13,1,0
BRDA:214,14,0,0
BRDA:214,14,1,0
BRDA:214,15,0,0
BRDA:214,15,1,0
BRDA:214,15,2,0
BRDA:218,16,0,0
BRDA:218,16,1,0
BRF:35
BRH:0
end_of_record
TN:
SF:tests\utils\mockStripeEvent.js
FN:14,mockStripeEvent
FN:46,generateSignatureHeader
FNF:2
FNH:0
FNDA:0,mockStripeEvent
FNDA:0,generateSignatureHeader
DA:1,1
DA:19,0
DA:21,0
DA:31,0
DA:33,0
DA:37,0
DA:47,0
DA:48,0
DA:51,1
LF:9
LH:2
BRDA:14,0,0,0
BRDA:14,1,0,0
BRDA:14,2,0,0
BRDA:14,3,0,0
BRDA:16,4,0,0
BRDA:17,5,0,0
BRDA:18,6,0,0
BRDA:21,7,0,0
BRDA:21,7,1,0
BRDA:33,8,0,0
BRDA:33,8,1,0
BRDA:46,9,0,0
BRF:12
BRH:0
end_of_record
TN:
SF:tests\utils\testUserUtils.js
FN:12,registerTestUser
FN:48,loginTestUser
FN:88,deleteTestUser
FNF:3
FNH:3
FNDA:15,registerTestUser
FNDA:8,loginTestUser
FNDA:3,deleteTestUser
DA:1,10
DA:2,10
DA:3,10
DA:13,15
DA:14,15
DA:16,15
DA:24,15
DA:25,15
DA:26,15
DA:27,11
DA:28,1
DA:29,1
DA:31,10
DA:32,10
DA:34,1
DA:35,1
DA:53,8
DA:54,0
DA:57,8
DA:58,8
DA:59,8
DA:63,7
DA:64,0
DA:65,0
DA:68,7
DA:69,7
DA:70,7
DA:71,7
DA:73,0
DA:74,0
DA:93,3
DA:95,3
DA:96,3
DA:98,3
DA:100,3
DA:101,3
DA:102,3
DA:104,3
DA:107,0
DA:110,10
LF:40
LH:34
BRDA:12,0,0,3
BRDA:12,1,0,15
BRDA:12,2,0,15
BRDA:17,3,0,15
BRDA:17,3,1,7
BRDA:18,4,0,15
BRDA:18,4,1,9
BRDA:19,5,0,15
BRDA:19,5,1,9
BRDA:20,6,0,15
BRDA:20,6,1,8
BRDA:27,7,0,1
BRDA:27,7,1,10
BRDA:51,8,0,8
BRDA:51,9,0,8
BRDA:51,10,0,8
BRDA:53,11,0,0
BRDA:53,11,1,8
BRDA:53,12,0,8
BRDA:53,12,1,8
BRDA:63,13,0,0
BRDA:63,13,1,7
BRDA:68,14,0,7
BRDA:68,14,1,0
BRDA:69,15,0,7
BRDA:69,15,1,7
BRDA:91,16,0,3
BRDA:91,17,0,3
BRDA:91,18,0,3
BRDA:91,19,0,3
BRDA:93,20,0,0
BRDA:93,20,1,3
BRDA:96,21,0,2
BRDA:96,21,1,1
BRDA:100,22,0,3
BRDA:100,22,1,0
BRDA:101,23,0,3
BRDA:101,23,1,0
BRF:38
BRH:32
end_of_record
TN:
SF:utils\sendEmail.js
FN:29,(anonymous_0)
FN:42,(anonymous_1)
FN:50,(anonymous_2)
FN:65,sendEmail
FN:88,(anonymous_4)
FN:89,(anonymous_5)
FN:103,(anonymous_6)
FN:125,(anonymous_7)
FN:134,(anonymous_8)
FNF:9
FNH:8
FNDA:4,(anonymous_0)
FNDA:2,(anonymous_1)
FNDA:2,(anonymous_2)
FNDA:4,sendEmail
FNDA:2,(anonymous_4)
FNDA:1,(anonymous_5)
FNDA:2,(anonymous_6)
FNDA:0,(anonymous_7)
FNDA:1,(anonymous_8)
DA:1,15
DA:2,15
DA:10,15
DA:13,15
DA:14,0
DA:18,15
DA:28,15
DA:29,4
DA:42,2
DA:50,2
DA:66,4
DA:67,4
DA:69,4
DA:75,2
DA:76,2
DA:78,2
DA:83,2
DA:88,15
DA:89,2
DA:90,1
DA:93,2
DA:95,2
DA:103,15
DA:104,2
DA:105,2
DA:107,2
DA:115,15
DA:126,0
DA:127,0
DA:134,15
DA:135,1
DA:136,1
DA:137,1
DA:138,1
DA:140,0
DA:145,15
LF:36
LH:32
BRDA:6,0,0,0
BRDA:7,1,0,0
BRDA:8,2,0,15
BRDA:8,3,0,15
BRDA:8,3,1,0
BRDA:9,4,0,15
BRDA:13,5,0,0
BRDA:13,5,1,15
BRDA:13,6,0,15
BRDA:13,6,1,15
BRDA:72,7,0,4
BRDA:72,7,1,4
BRDA:90,8,0,1
BRDA:90,8,1,0
BRDA:135,9,0,1
BRDA:135,9,1,0
BRF:16
BRH:10
end_of_record
