TN:
SF:server.js
FN:17,(anonymous_0)
FN:18,(anonymous_1)
FN:92,(anonymous_2)
FN:104,(anonymous_3)
FN:109,(anonymous_4)
FN:123,(anonymous_5)
FN:128,(anonymous_6)
FN:133,(anonymous_7)
FN:136,(anonymous_8)
FN:137,(anonymous_9)
FN:148,(anonymous_10)
FN:155,(anonymous_11)
FN:158,(anonymous_12)
FN:161,(anonymous_13)
FN:164,(anonymous_14)
FNF:15
FNH:3
FNDA:14,(anonymous_0)
FNDA:0,(anonymous_1)
FNDA:1,(anonymous_2)
FNDA:0,(anonymous_3)
FNDA:0,(anonymous_4)
FNDA:14,(anonymous_5)
FNDA:0,(anonymous_6)
FNDA:0,(anonymous_7)
FNDA:0,(anonymous_8)
FNDA:0,(anonymous_9)
FNDA:0,(anonymous_10)
FNDA:0,(anonymous_11)
FNDA:0,(anonymous_12)
FNDA:0,(anonymous_13)
FNDA:0,(anonymous_14)
DA:1,14
DA:2,14
DA:3,14
DA:4,14
DA:6,14
DA:7,14
DA:9,0
DA:10,0
DA:12,14
DA:15,14
DA:16,14
DA:17,14
DA:18,14
DA:21,14
DA:22,14
DA:23,14
DA:24,14
DA:25,14
DA:26,14
DA:27,14
DA:28,14
DA:29,14
DA:30,14
DA:31,14
DA:32,14
DA:33,14
DA:34,14
DA:35,14
DA:36,14
DA:37,14
DA:38,14
DA:39,14
DA:40,14
DA:41,14
DA:42,14
DA:43,14
DA:44,14
DA:45,14
DA:46,14
DA:47,14
DA:50,14
DA:53,14
DA:56,14
DA:57,14
DA:58,14
DA:61,14
DA:62,14
DA:63,14
DA:64,14
DA:65,14
DA:67,14
DA:68,14
DA:69,14
DA:70,14
DA:71,14
DA:72,14
DA:73,14
DA:74,14
DA:75,14
DA:76,14
DA:77,14
DA:78,14
DA:79,14
DA:80,14
DA:82,14
DA:83,14
DA:84,14
DA:85,14
DA:86,14
DA:87,14
DA:88,14
DA:89,14
DA:92,14
DA:93,1
DA:94,1
DA:95,0
DA:97,1
DA:104,14
DA:105,0
DA:109,14
DA:110,0
DA:114,14
DA:115,0
DA:116,0
DA:119,14
DA:120,14
DA:124,14
DA:126,14
DA:127,0
DA:128,0
DA:129,0
DA:133,0
DA:134,0
DA:135,0
DA:136,0
DA:137,0
DA:138,0
DA:139,0
DA:145,0
DA:146,0
DA:149,0
DA:150,0
DA:154,14
DA:155,0
DA:156,0
DA:158,0
DA:159,0
DA:161,0
DA:162,0
DA:164,0
DA:165,0
DA:170,14
LF:112
LH:83
BRDA:7,0,0,14
BRDA:7,0,1,0
BRDA:9,1,0,0
BRDA:9,1,1,0
BRDA:16,2,0,14
BRDA:16,2,1,0
BRDA:17,3,0,0
BRDA:17,3,1,14
BRDA:18,4,0,0
BRDA:18,4,1,0
BRDA:94,5,0,0
BRDA:94,5,1,1
BRDA:97,6,0,1
BRDA:97,6,1,0
BRDA:98,7,0,1
BRDA:98,7,1,0
BRDA:99,8,0,0
BRDA:99,8,1,1
BRDA:114,9,0,0
BRDA:114,9,1,14
BRDA:119,10,0,0
BRDA:119,10,1,14
BRDA:126,11,0,0
BRDA:126,11,1,14
BRDA:127,12,0,0
BRDA:127,12,1,0
BRDA:135,13,0,0
BRDA:135,13,1,0
BRDA:154,14,0,0
BRDA:154,14,1,14
BRF:30
BRH:11
end_of_record
TN:
SF:middleware\authMiddleware.js
FN:5,(anonymous_0)
FN:17,(anonymous_1)
FN:18,(anonymous_2)
FN:32,(anonymous_3)
FN:40,(anonymous_4)
FN:47,(anonymous_5)
FN:48,(anonymous_6)
FN:50,(anonymous_7)
FN:58,(anonymous_8)
FN:67,(anonymous_9)
FN:76,(anonymous_10)
FNF:11
FNH:6
FNDA:101,(anonymous_0)
FNDA:170,(anonymous_1)
FNDA:0,(anonymous_2)
FNDA:0,(anonymous_3)
FNDA:16,(anonymous_4)
FNDA:952,(anonymous_5)
FNDA:79,(anonymous_6)
FNDA:107,(anonymous_7)
FNDA:0,(anonymous_8)
FNDA:0,(anonymous_9)
FNDA:0,(anonymous_10)
DA:1,14
DA:2,14
DA:5,14
DA:8,101
DA:12,85
DA:13,85
DA:15,85
DA:16,85
DA:17,170
DA:18,85
DA:19,85
DA:20,85
DA:21,85
DA:22,85
DA:24,85
DA:25,0
DA:26,0
DA:29,85
DA:30,85
DA:32,0
DA:33,0
DA:34,0
DA:39,16
DA:40,16
DA:41,16
DA:42,16
DA:47,14
DA:48,952
DA:49,79
DA:50,107
DA:51,27
DA:53,52
DA:58,14
DA:59,0
DA:60,0
DA:61,0
DA:63,0
DA:67,14
DA:68,0
DA:69,0
DA:70,0
DA:72,0
DA:76,14
DA:77,0
DA:79,0
DA:80,0
DA:81,0
DA:84,0
DA:85,0
DA:86,0
DA:87,0
DA:90,0
DA:96,0
DA:99,0
DA:102,14
LF:55
LH:31
BRDA:8,0,0,85
BRDA:8,0,1,16
BRDA:9,1,0,101
BRDA:9,1,1,85
BRDA:15,2,0,85
BRDA:15,2,1,0
BRDA:17,3,0,0
BRDA:17,3,1,170
BRDA:18,4,0,0
BRDA:18,4,1,0
BRDA:20,5,0,85
BRDA:20,5,1,85
BRDA:24,6,0,0
BRDA:24,6,1,85
BRDA:32,7,0,0
BRDA:32,7,1,0
BRDA:39,8,0,16
BRDA:39,8,1,0
BRDA:40,9,0,0
BRDA:40,9,1,16
BRDA:49,10,0,79
BRDA:49,10,1,0
BRDA:50,11,0,27
BRDA:50,11,1,52
BRDA:50,12,0,79
BRDA:50,12,1,79
BRDA:59,13,0,0
BRDA:59,13,1,0
BRDA:60,14,0,0
BRDA:60,14,1,0
BRDA:68,15,0,0
BRDA:68,15,1,0
BRDA:69,16,0,0
BRDA:69,16,1,0
BRDA:77,17,0,0
BRDA:77,17,1,0
BRDA:79,18,0,0
BRDA:79,18,1,0
BRDA:79,19,0,0
BRDA:79,19,1,0
BRDA:84,20,0,0
BRDA:84,20,1,0
BRDA:86,21,0,0
BRDA:86,21,1,0
BRF:44
BRH:16
end_of_record
TN:
SF:models\BehaviorEvent.js
FNF:0
FNH:0
DA:1,14
DA:3,14
DA:18,14
LF:3
LH:3
BRF:0
BRH:0
end_of_record
TN:
SF:models\Expense.js
FNF:0
FNH:0
DA:1,14
DA:3,14
DA:19,14
LF:3
LH:3
BRF:0
BRH:0
end_of_record
TN:
SF:models\Favorite.js
FNF:0
FNH:0
DA:1,14
DA:3,14
DA:19,14
LF:3
LH:3
BRF:0
BRH:0
end_of_record
TN:
SF:models\Feedback.js
FNF:0
FNH:0
DA:1,14
DA:3,14
DA:33,14
LF:3
LH:3
BRF:0
BRH:0
end_of_record
TN:
SF:models\FirstTimeDiscount.js
FNF:0
FNH:0
DA:2,14
DA:4,14
DA:9,14
LF:3
LH:3
BRF:0
BRH:0
end_of_record
TN:
SF:models\Flag.js
FNF:0
FNH:0
DA:2,14
DA:4,14
DA:47,14
LF:3
LH:3
BRF:0
BRH:0
end_of_record
TN:
SF:models\Invoice.js
FNF:0
FNH:0
DA:1,14
DA:3,14
DA:28,14
LF:3
LH:3
BRF:0
BRH:0
end_of_record
TN:
SF:models\Order.js
FNF:0
FNH:0
DA:1,14
DA:3,14
DA:100,14
LF:3
LH:3
BRF:0
BRH:0
end_of_record
TN:
SF:models\Product.js
FNF:0
FNH:0
DA:1,14
DA:3,14
DA:36,14
LF:3
LH:3
BRF:0
BRH:0
end_of_record
TN:
SF:models\PromoCampaign.js
FNF:0
FNH:0
DA:1,14
DA:3,14
DA:14,14
LF:3
LH:3
BRF:0
BRH:0
end_of_record
TN:
SF:models\PromoCode.js
FNF:0
FNH:0
DA:1,14
DA:3,14
DA:26,14
LF:3
LH:3
BRF:0
BRH:0
end_of_record
TN:
SF:models\ResetToken.js
FNF:0
FNH:0
DA:2,14
DA:4,14
DA:21,14
DA:23,14
LF:4
LH:4
BRF:0
BRH:0
end_of_record
TN:
SF:models\Review.js
FNF:0
FNH:0
DA:1,14
DA:3,14
DA:35,14
LF:3
LH:3
BRF:0
BRH:0
end_of_record
TN:
SF:models\RewardPointLedger.js
FN:16,(anonymous_0)
FNF:1
FNH:0
FNDA:0,(anonymous_0)
DA:1,14
DA:3,14
DA:16,14
DA:17,0
DA:21,0
DA:24,14
LF:6
LH:4
BRDA:21,0,0,0
BRDA:21,0,1,0
BRF:2
BRH:0
end_of_record
TN:
SF:models\Support.js
FNF:0
FNH:0
DA:1,14
DA:3,14
DA:34,14
LF:3
LH:3
BRF:0
BRH:0
end_of_record
TN:
SF:models\User.js
FN:68,(anonymous_0)
FN:80,(anonymous_1)
FNF:2
FNH:2
FNDA:29,(anonymous_0)
FNDA:22,(anonymous_1)
DA:1,14
DA:2,14
DA:4,14
DA:68,14
DA:69,29
DA:70,24
DA:71,24
DA:72,24
DA:73,24
DA:75,0
DA:80,14
DA:81,22
DA:84,14
LF:13
LH:12
BRDA:69,0,0,5
BRDA:69,0,1,24
BRF:2
BRH:2
end_of_record
TN:
SF:routes\adminOrders.js
FN:7,(anonymous_0)
FNF:1
FNH:1
FNDA:1,(anonymous_0)
DA:1,14
DA:2,14
DA:3,14
DA:4,14
DA:7,14
DA:8,1
DA:9,1
DA:11,1
DA:25,1
DA:28,14
LF:10
LH:10
BRDA:9,0,0,1
BRDA:9,0,1,0
BRDA:9,1,0,1
BRDA:9,1,1,1
BRF:4
BRH:3
end_of_record
TN:
SF:routes\adminRoutes.js
FN:15,(anonymous_0)
FN:19,(anonymous_1)
FN:33,(anonymous_2)
FN:38,(anonymous_3)
FN:50,(anonymous_4)
FN:60,(anonymous_5)
FN:74,(anonymous_6)
FN:80,(anonymous_7)
FN:86,(anonymous_8)
FN:98,(anonymous_9)
FN:114,(anonymous_10)
FN:128,(anonymous_11)
FN:158,(anonymous_12)
FN:176,(anonymous_13)
FN:191,(anonymous_14)
FN:208,(anonymous_15)
FN:238,(anonymous_16)
FN:287,(anonymous_17)
FNF:18
FNH:1
FNDA:0,(anonymous_0)
FNDA:2,(anonymous_1)
FNDA:0,(anonymous_2)
FNDA:0,(anonymous_3)
FNDA:0,(anonymous_4)
FNDA:0,(anonymous_5)
FNDA:0,(anonymous_6)
FNDA:0,(anonymous_7)
FNDA:0,(anonymous_8)
FNDA:0,(anonymous_9)
FNDA:0,(anonymous_10)
FNDA:0,(anonymous_11)
FNDA:0,(anonymous_12)
FNDA:0,(anonymous_13)
FNDA:0,(anonymous_14)
FNDA:0,(anonymous_15)
FNDA:0,(anonymous_16)
FNDA:0,(anonymous_17)
DA:1,14
DA:2,14
DA:3,14
DA:4,14
DA:5,14
DA:6,14
DA:7,14
DA:8,14
DA:9,14
DA:10,14
DA:11,14
DA:12,14
DA:15,14
DA:16,0
DA:19,14
DA:20,2
DA:21,2
DA:25,2
DA:26,2
DA:28,0
DA:33,14
DA:34,0
DA:36,0
DA:37,0
DA:38,0
DA:39,0
DA:41,0
DA:43,0
DA:45,0
DA:50,14
DA:51,0
DA:52,0
DA:60,0
DA:67,0
DA:69,0
DA:74,14
DA:75,0
DA:76,0
DA:78,0
DA:79,0
DA:80,0
DA:81,0
DA:83,0
DA:86,0
DA:88,0
DA:93,0
DA:98,14
DA:99,0
DA:100,0
DA:106,0
DA:107,0
DA:109,0
DA:114,14
DA:115,0
DA:116,0
DA:120,0
DA:121,0
DA:123,0
DA:128,14
DA:129,0
DA:130,0
DA:132,0
DA:133,0
DA:134,0
DA:136,0
DA:146,0
DA:153,0
DA:158,14
DA:159,0
DA:160,0
DA:162,0
DA:163,0
DA:166,0
DA:167,0
DA:169,0
DA:171,0
DA:176,14
DA:177,0
DA:178,0
DA:179,0
DA:180,0
DA:181,0
DA:182,0
DA:184,0
DA:186,0
DA:191,14
DA:192,0
DA:193,0
DA:194,0
DA:195,0
DA:196,0
DA:198,0
DA:199,0
DA:200,0
DA:201,0
DA:203,0
DA:208,14
DA:209,0
DA:210,0
DA:211,0
DA:212,0
DA:213,0
DA:214,0
DA:216,0
DA:225,0
DA:226,0
DA:228,0
DA:229,0
DA:230,0
DA:232,0
DA:233,0
DA:238,14
DA:239,0
DA:240,0
DA:242,0
DA:243,0
DA:245,0
DA:247,0
DA:248,0
DA:251,0
DA:252,0
DA:255,0
DA:256,0
DA:257,0
DA:258,0
DA:262,0
DA:263,0
DA:266,0
DA:267,0
DA:268,0
DA:270,0
DA:273,0
DA:275,0
DA:282,0
DA:283,0
DA:287,14
DA:288,0
DA:297,0
DA:299,0
DA:300,0
DA:303,0
DA:314,0
DA:315,0
DA:317,0
DA:321,14
LF:145
LH:31
BRDA:21,0,0,0
BRDA:21,0,1,2
BRDA:21,1,0,2
BRDA:21,1,1,0
BRDA:36,2,0,0
BRDA:36,2,1,0
BRDA:36,3,0,0
BRDA:36,3,1,0
BRDA:78,4,0,0
BRDA:78,4,1,0
BRDA:78,5,0,0
BRDA:78,5,1,0
BRDA:86,6,0,0
BRDA:86,6,1,0
BRDA:102,7,0,0
BRDA:102,7,1,0
BRDA:116,8,0,0
BRDA:116,8,1,0
BRDA:116,9,0,0
BRDA:116,9,1,0
BRDA:150,10,0,0
BRDA:150,10,1,0
BRDA:162,11,0,0
BRDA:162,11,1,0
BRDA:162,12,0,0
BRDA:162,12,1,0
BRDA:179,13,0,0
BRDA:179,13,1,0
BRDA:195,14,0,0
BRDA:195,14,1,0
BRDA:199,15,0,0
BRDA:199,15,1,0
BRDA:201,16,0,0
BRDA:201,16,1,0
BRDA:245,17,0,0
BRDA:245,17,1,0
BRDA:247,18,0,0
BRDA:247,18,1,0
BRDA:247,19,0,0
BRDA:247,19,1,0
BRDA:251,20,0,0
BRDA:251,20,1,0
BRDA:251,21,0,0
BRDA:251,21,1,0
BRDA:255,22,0,0
BRDA:255,22,1,0
BRDA:257,23,0,0
BRDA:257,23,1,0
BRDA:262,24,0,0
BRDA:262,24,1,0
BRDA:262,25,0,0
BRDA:262,25,1,0
BRDA:267,26,0,0
BRDA:267,26,1,0
BRDA:299,27,0,0
BRDA:299,27,1,0
BRDA:299,28,0,0
BRDA:299,28,1,0
BRDA:299,28,2,0
BRF:59
BRH:2
end_of_record
TN:
SF:routes\authRoutes.js
FN:12,(anonymous_0)
FN:19,(anonymous_1)
FN:37,(anonymous_2)
FN:56,(anonymous_3)
FN:92,(anonymous_4)
FN:115,(anonymous_5)
FN:120,(anonymous_6)
FN:153,(anonymous_7)
FN:185,(anonymous_8)
FNF:9
FNH:4
FNDA:45,(anonymous_0)
FNDA:0,(anonymous_1)
FNDA:1,(anonymous_2)
FNDA:31,(anonymous_3)
FNDA:22,(anonymous_4)
FNDA:0,(anonymous_5)
FNDA:0,(anonymous_6)
FNDA:0,(anonymous_7)
FNDA:0,(anonymous_8)
DA:1,14
DA:2,14
DA:3,14
DA:4,14
DA:5,14
DA:6,14
DA:7,14
DA:9,14
DA:12,14
DA:13,45
DA:19,14
DA:20,0
DA:21,0
DA:22,0
DA:23,0
DA:26,0
DA:27,0
DA:28,0
DA:29,0
DA:31,0
DA:32,0
DA:37,14
DA:38,1
DA:39,0
DA:40,0
DA:43,1
DA:44,1
DA:56,14
DA:57,31
DA:59,31
DA:60,31
DA:61,1
DA:63,30
DA:64,30
DA:65,30
DA:66,6
DA:69,24
DA:77,24
DA:86,0
DA:87,0
DA:92,14
DA:93,22
DA:94,22
DA:95,22
DA:96,22
DA:97,1
DA:100,21
DA:109,0
DA:110,0
DA:115,14
DA:116,0
DA:120,14
DA:121,0
DA:122,0
DA:125,0
DA:126,0
DA:127,0
DA:128,0
DA:129,0
DA:132,0
DA:140,0
DA:147,0
DA:148,0
DA:153,14
DA:154,0
DA:155,0
DA:156,0
DA:159,0
DA:160,0
DA:161,0
DA:162,0
DA:164,0
DA:165,0
DA:167,0
DA:176,0
DA:177,0
DA:179,0
DA:180,0
DA:185,14
DA:186,0
DA:187,0
DA:188,0
DA:191,0
DA:192,0
DA:193,0
DA:195,0
DA:196,0
DA:199,0
DA:200,0
DA:201,0
DA:204,0
DA:205,0
DA:206,0
DA:208,0
DA:210,0
DA:211,0
DA:215,14
LF:97
LH:38
BRDA:21,0,0,0
BRDA:21,0,1,0
BRDA:38,1,0,0
BRDA:38,1,1,1
BRDA:43,2,0,1
BRDA:43,2,1,0
BRDA:43,2,2,0
BRDA:60,3,0,1
BRDA:60,3,1,30
BRDA:60,4,0,31
BRDA:60,4,1,31
BRDA:65,5,0,6
BRDA:65,5,1,24
BRDA:73,6,0,24
BRDA:73,6,1,13
BRDA:96,7,0,1
BRDA:96,7,1,21
BRDA:96,8,0,22
BRDA:96,8,1,22
BRDA:121,9,0,0
BRDA:121,9,1,0
BRDA:128,10,0,0
BRDA:128,10,1,0
BRDA:155,11,0,0
BRDA:155,11,1,0
BRDA:162,12,0,0
BRDA:162,12,1,0
BRDA:187,13,0,0
BRDA:187,13,1,0
BRDA:187,14,0,0
BRDA:187,14,1,0
BRDA:195,15,0,0
BRDA:195,15,1,0
BRDA:200,16,0,0
BRDA:200,16,1,0
BRF:35
BRH:14
end_of_record
TN:
SF:routes\behaviorRoutes.js
FN:9,(anonymous_0)
FN:33,(anonymous_1)
FN:48,(anonymous_2)
FNF:3
FNH:0
FNDA:0,(anonymous_0)
FNDA:0,(anonymous_1)
FNDA:0,(anonymous_2)
DA:1,14
DA:2,14
DA:3,14
DA:4,14
DA:5,14
DA:6,14
DA:9,14
DA:10,0
DA:11,0
DA:12,0
DA:14,0
DA:25,0
DA:26,0
DA:28,0
DA:33,14
DA:34,0
DA:35,0
DA:36,0
DA:37,0
DA:41,0
DA:43,0
DA:48,14
DA:49,0
DA:50,0
DA:51,0
DA:52,0
DA:57,0
DA:58,0
DA:60,0
DA:61,0
DA:62,0
DA:67,0
DA:69,0
DA:73,14
LF:34
LH:10
BRDA:11,0,0,0
BRDA:11,0,1,0
BRDA:12,1,0,0
BRDA:12,1,1,0
BRDA:15,2,0,0
BRDA:15,2,1,0
BRDA:15,2,2,0
BRDA:16,3,0,0
BRDA:16,3,1,0
BRDA:18,4,0,0
BRDA:18,4,1,0
BRDA:19,5,0,0
BRDA:19,5,1,0
BRDA:35,6,0,0
BRDA:35,6,1,0
BRDA:36,7,0,0
BRDA:36,7,1,0
BRDA:57,8,0,0
BRDA:57,8,1,0
BRDA:60,9,0,0
BRDA:60,9,1,0
BRF:21
BRH:0
end_of_record
TN:
SF:routes\codex.js
FN:5,(anonymous_0)
FNF:1
FNH:0
FNDA:0,(anonymous_0)
DA:1,14
DA:2,14
DA:3,14
DA:5,14
DA:6,0
DA:7,0
DA:8,0
DA:9,0
DA:11,0
DA:15,14
LF:10
LH:5
BRF:0
BRH:0
end_of_record
TN:
SF:routes\customerRoutes.js
FN:8,(anonymous_0)
FN:34,(anonymous_1)
FN:40,(anonymous_2)
FN:45,(anonymous_3)
FN:54,(anonymous_4)
FN:56,(anonymous_5)
FN:61,(anonymous_6)
FN:70,(anonymous_7)
FN:72,(anonymous_8)
FN:78,(anonymous_9)
FN:80,(anonymous_10)
FNF:11
FNH:8
FNDA:0,(anonymous_0)
FNDA:1,(anonymous_1)
FNDA:1,(anonymous_2)
FNDA:0,(anonymous_3)
FNDA:1,(anonymous_4)
FNDA:1,(anonymous_5)
FNDA:0,(anonymous_6)
FNDA:1,(anonymous_7)
FNDA:1,(anonymous_8)
FNDA:1,(anonymous_9)
FNDA:1,(anonymous_10)
DA:2,14
DA:3,14
DA:4,14
DA:5,14
DA:8,14
DA:9,0
DA:10,0
DA:11,0
DA:12,0
DA:15,0
DA:16,0
DA:18,0
DA:23,0
DA:24,0
DA:34,14
DA:35,1
DA:36,1
DA:40,14
DA:41,1
DA:42,1
DA:44,1
DA:45,1
DA:48,1
DA:49,1
DA:50,1
DA:54,14
DA:55,1
DA:56,1
DA:58,1
DA:60,1
DA:61,0
DA:64,1
DA:65,1
DA:66,1
DA:70,14
DA:71,1
DA:72,1
DA:73,1
DA:74,1
DA:78,14
DA:79,1
DA:80,1
DA:81,1
DA:83,1
DA:84,1
DA:87,14
LF:46
LH:36
BRDA:11,0,0,0
BRDA:11,0,1,0
BRDA:11,1,0,0
BRDA:11,1,1,0
BRDA:15,2,0,0
BRDA:15,2,1,0
BRDA:36,3,0,1
BRDA:36,3,1,0
BRDA:44,4,0,1
BRDA:44,4,1,0
BRDA:58,5,0,0
BRDA:58,5,1,1
BRDA:60,6,0,0
BRDA:60,6,1,1
BRF:14
BRH:4
end_of_record
TN:
SF:routes\devSeedRoute.js
FN:8,(anonymous_0)
FN:11,(anonymous_1)
FN:41,(anonymous_2)
FNF:3
FNH:0
FNDA:0,(anonymous_0)
FNDA:0,(anonymous_1)
FNDA:0,(anonymous_2)
DA:1,14
DA:2,14
DA:3,14
DA:4,14
DA:8,14
DA:9,0
DA:10,0
DA:11,0
DA:12,0
DA:13,0
DA:15,0
DA:18,0
DA:19,0
DA:21,0
DA:22,0
DA:23,0
DA:25,0
DA:28,0
DA:29,0
DA:30,0
DA:32,0
DA:33,0
DA:34,0
DA:36,0
DA:37,0
DA:38,0
DA:39,0
DA:41,0
DA:42,0
DA:43,0
DA:44,0
DA:48,0
DA:59,0
DA:68,0
DA:78,0
DA:90,0
DA:91,0
DA:95,14
LF:38
LH:6
BRDA:13,0,0,0
BRDA:13,0,1,0
BRDA:19,1,0,0
BRDA:19,1,1,0
BRDA:23,2,0,0
BRDA:23,2,1,0
BRDA:43,3,0,0
BRDA:43,3,1,0
BRF:8
BRH:0
end_of_record
TN:
SF:routes\emailInvoiceRoutes.js
FN:8,(anonymous_0)
FN:51,(anonymous_1)
FNF:2
FNH:0
FNDA:0,(anonymous_0)
FNDA:0,(anonymous_1)
DA:1,14
DA:2,14
DA:3,14
DA:4,14
DA:5,14
DA:6,14
DA:8,14
DA:9,0
DA:10,0
DA:15,0
DA:16,0
DA:19,0
DA:21,0
DA:51,0
DA:69,0
DA:70,0
DA:71,0
DA:72,0
DA:73,0
DA:75,0
DA:83,0
DA:96,0
DA:101,0
DA:103,0
DA:105,0
DA:106,0
DA:107,0
DA:108,0
DA:113,0
DA:115,0
DA:119,14
LF:31
LH:8
BRDA:15,0,0,0
BRDA:15,0,1,0
BRDA:15,1,0,0
BRDA:15,1,1,0
BRDA:19,2,0,0
BRDA:19,2,1,0
BRDA:43,3,0,0
BRDA:43,3,1,0
BRDA:63,4,0,0
BRDA:63,4,1,0
BRF:10
BRH:0
end_of_record
TN:
SF:routes\favoriteRoutes.js
FN:8,(anonymous_0)
FN:11,(anonymous_1)
FN:18,(anonymous_2)
FN:32,(anonymous_3)
FNF:4
FNH:0
FNDA:0,(anonymous_0)
FNDA:0,(anonymous_1)
FNDA:0,(anonymous_2)
FNDA:0,(anonymous_3)
DA:1,14
DA:2,14
DA:3,14
DA:4,14
DA:5,14
DA:8,14
DA:9,0
DA:10,0
DA:11,0
DA:13,0
DA:18,14
DA:19,0
DA:20,0
DA:21,0
DA:23,0
DA:24,0
DA:25,0
DA:27,0
DA:32,14
DA:33,0
DA:34,0
DA:35,0
DA:37,0
DA:41,14
LF:24
LH:9
BRDA:21,0,0,0
BRDA:21,0,1,0
BRF:2
BRH:0
end_of_record
TN:
SF:routes\feedbackRoutes.js
FN:7,(anonymous_0)
FN:27,(anonymous_1)
FNF:2
FNH:2
FNDA:2,(anonymous_0)
FNDA:3,(anonymous_1)
DA:1,14
DA:2,14
DA:3,14
DA:4,14
DA:7,14
DA:8,2
DA:9,2
DA:16,2
DA:17,1
DA:19,1
DA:20,1
DA:22,0
DA:27,14
DA:28,3
DA:29,3
DA:32,3
DA:34,0
DA:38,14
LF:18
LH:16
BRDA:19,0,0,1
BRDA:19,0,1,0
BRF:2
BRH:1
end_of_record
TN:
SF:routes\flagRoutes.js
FN:11,(anonymous_0)
FN:25,(anonymous_1)
FN:43,(anonymous_2)
FNF:3
FNH:0
FNDA:0,(anonymous_0)
FNDA:0,(anonymous_1)
FNDA:0,(anonymous_2)
DA:2,14
DA:3,14
DA:4,14
DA:5,14
DA:6,14
DA:11,14
DA:12,0
DA:13,0
DA:16,0
DA:18,0
DA:25,14
DA:26,0
DA:27,0
DA:28,0
DA:30,0
DA:31,0
DA:32,0
DA:34,0
DA:36,0
DA:43,14
DA:44,0
DA:45,0
DA:46,0
DA:48,0
DA:49,0
DA:50,0
DA:51,0
DA:53,0
DA:55,0
DA:59,14
LF:30
LH:9
BRDA:28,0,0,0
BRDA:28,0,1,0
BRDA:46,1,0,0
BRDA:46,1,1,0
BRF:4
BRH:0
end_of_record
TN:
SF:routes\invoiceRoutes.js
FN:10,(anonymous_0)
FN:29,(anonymous_1)
FN:43,(anonymous_2)
FN:75,(anonymous_3)
FN:106,(anonymous_4)
FNF:5
FNH:1
FNDA:0,(anonymous_0)
FNDA:0,(anonymous_1)
FNDA:0,(anonymous_2)
FNDA:0,(anonymous_3)
FNDA:2,(anonymous_4)
DA:1,14
DA:2,14
DA:3,14
DA:4,14
DA:5,14
DA:6,14
DA:7,14
DA:10,14
DA:11,0
DA:12,0
DA:13,0
DA:14,0
DA:15,0
DA:17,0
DA:19,0
DA:20,0
DA:26,0
DA:29,0
DA:31,0
DA:37,0
DA:38,0
DA:43,14
DA:44,0
DA:45,0
DA:48,0
DA:49,0
DA:53,0
DA:54,0
DA:55,0
DA:58,0
DA:60,0
DA:61,0
DA:67,0
DA:69,0
DA:70,0
DA:71,0
DA:72,0
DA:75,0
DA:76,0
DA:79,0
DA:82,0
DA:83,0
DA:84,0
DA:85,0
DA:86,0
DA:87,0
DA:88,0
DA:89,0
DA:90,0
DA:93,0
DA:95,0
DA:96,0
DA:98,0
DA:99,0
DA:105,14
DA:106,14
DA:107,2
DA:108,2
DA:109,1
DA:111,1
DA:113,1
DA:115,1
DA:116,1
DA:119,0
DA:120,0
DA:121,0
DA:124,0
DA:134,0
DA:135,0
DA:139,14
LF:70
LH:19
BRDA:13,0,0,0
BRDA:13,0,1,0
BRDA:14,1,0,0
BRDA:14,1,1,0
BRDA:17,2,0,0
BRDA:17,2,1,0
BRDA:19,3,0,0
BRDA:19,3,1,0
BRDA:19,4,0,0
BRDA:19,4,1,0
BRDA:29,5,0,0
BRDA:29,5,1,0
BRDA:48,6,0,0
BRDA:48,6,1,0
BRDA:53,7,0,0
BRDA:53,7,1,0
BRDA:54,8,0,0
BRDA:54,8,1,0
BRDA:54,9,0,0
BRDA:54,9,1,0
BRDA:69,10,0,0
BRDA:69,10,1,0
BRDA:69,10,2,0
BRDA:69,11,0,0
BRDA:69,11,1,0
BRDA:70,12,0,0
BRDA:70,12,1,0
BRDA:70,13,0,0
BRDA:70,13,1,0
BRDA:108,14,0,1
BRDA:108,14,1,1
BRDA:115,15,0,1
BRDA:115,15,1,0
BRDA:119,16,0,0
BRDA:119,16,1,0
BRDA:120,17,0,0
BRDA:120,17,1,0
BRDA:120,18,0,0
BRDA:120,18,1,0
BRDA:120,18,2,0
BRF:40
BRH:3
end_of_record
TN:
SF:routes\orderRoutes.js
FN:17,(anonymous_0)
FN:38,(anonymous_1)
FN:64,(anonymous_2)
FN:71,(anonymous_3)
FN:90,(anonymous_4)
FN:95,(anonymous_5)
FN:151,(anonymous_6)
FN:175,(anonymous_7)
FN:205,(anonymous_8)
FN:246,(anonymous_9)
FN:257,(anonymous_10)
FN:278,(anonymous_11)
FN:286,(anonymous_12)
FN:289,(anonymous_13)
FN:291,(anonymous_14)
FN:309,(anonymous_15)
FN:317,(anonymous_16)
FN:320,(anonymous_17)
FN:322,(anonymous_18)
FN:344,(anonymous_19)
FN:355,(anonymous_20)
FN:375,(anonymous_21)
FN:392,(anonymous_22)
FN:402,(anonymous_23)
FN:425,(anonymous_24)
FNF:25
FNH:3
FNDA:6,(anonymous_0)
FNDA:0,(anonymous_1)
FNDA:0,(anonymous_2)
FNDA:0,(anonymous_3)
FNDA:0,(anonymous_4)
FNDA:0,(anonymous_5)
FNDA:0,(anonymous_6)
FNDA:0,(anonymous_7)
FNDA:0,(anonymous_8)
FNDA:0,(anonymous_9)
FNDA:0,(anonymous_10)
FNDA:1,(anonymous_11)
FNDA:0,(anonymous_12)
FNDA:0,(anonymous_13)
FNDA:0,(anonymous_14)
FNDA:0,(anonymous_15)
FNDA:0,(anonymous_16)
FNDA:0,(anonymous_17)
FNDA:0,(anonymous_18)
FNDA:2,(anonymous_19)
FNDA:0,(anonymous_20)
FNDA:0,(anonymous_21)
FNDA:0,(anonymous_22)
FNDA:0,(anonymous_23)
FNDA:0,(anonymous_24)
DA:1,14
DA:2,14
DA:3,14
DA:4,14
DA:5,14
DA:6,14
DA:7,14
DA:8,14
DA:9,14
DA:10,14
DA:17,14
DA:18,6
DA:19,6
DA:21,6
DA:30,6
DA:32,6
DA:35,6
DA:36,6
DA:38,0
DA:39,0
DA:41,0
DA:42,0
DA:44,0
DA:45,0
DA:47,0
DA:48,0
DA:52,0
DA:53,0
DA:54,0
DA:55,0
DA:56,0
DA:58,0
DA:59,0
DA:60,0
DA:64,0
DA:65,0
DA:70,0
DA:71,0
DA:72,0
DA:74,0
DA:75,0
DA:76,0
DA:81,0
DA:82,0
DA:83,0
DA:90,0
DA:93,0
DA:94,0
DA:95,0
DA:96,0
DA:100,0
DA:107,0
DA:110,0
DA:111,0
DA:112,0
DA:113,0
DA:114,0
DA:116,0
DA:117,0
DA:136,0
DA:145,0
DA:146,0
DA:147,0
DA:151,0
DA:152,0
DA:153,0
DA:154,0
DA:156,0
DA:170,0
DA:171,0
DA:172,0
DA:175,0
DA:178,0
DA:179,0
DA:180,0
DA:186,0
DA:201,0
DA:204,0
DA:205,0
DA:210,0
DA:213,0
DA:214,0
DA:215,0
DA:216,0
DA:217,0
DA:218,0
DA:227,0
DA:228,0
DA:229,0
DA:238,0
DA:242,0
DA:246,0
DA:254,0
DA:255,0
DA:256,0
DA:257,0
DA:258,0
DA:259,0
DA:262,0
DA:263,0
DA:269,6
DA:278,14
DA:279,1
DA:280,1
DA:286,1
DA:287,0
DA:288,0
DA:289,0
DA:290,0
DA:291,0
DA:292,0
DA:293,0
DA:299,0
DA:302,1
DA:304,0
DA:309,14
DA:310,0
DA:311,0
DA:317,0
DA:318,0
DA:319,0
DA:320,0
DA:321,0
DA:322,0
DA:323,0
DA:324,0
DA:330,0
DA:333,0
DA:335,0
DA:344,14
DA:345,2
DA:346,2
DA:350,1
DA:351,1
DA:355,0
DA:356,0
DA:358,0
DA:360,0
DA:361,0
DA:364,0
DA:366,1
DA:375,14
DA:376,0
DA:377,0
DA:381,0
DA:383,0
DA:392,14
DA:393,0
DA:394,0
DA:395,0
DA:397,0
DA:398,0
DA:401,0
DA:402,0
DA:403,0
DA:405,0
DA:406,0
DA:408,0
DA:410,0
DA:413,0
DA:414,0
DA:416,0
DA:425,14
DA:426,0
DA:427,0
DA:428,0
DA:429,0
DA:430,0
DA:432,0
DA:436,0
DA:437,0
DA:439,0
DA:440,0
DA:443,14
LF:174
LH:35
BRDA:35,0,0,6
BRDA:35,0,1,0
BRDA:38,1,0,0
BRDA:38,1,1,0
BRDA:41,2,0,0
BRDA:41,2,1,0
BRDA:41,3,0,0
BRDA:41,3,1,0
BRDA:41,3,2,0
BRDA:44,4,0,0
BRDA:44,4,1,0
BRDA:47,5,0,0
BRDA:47,5,1,0
BRDA:47,6,0,0
BRDA:47,6,1,0
BRDA:47,6,2,0
BRDA:53,7,0,0
BRDA:53,7,1,0
BRDA:55,8,0,0
BRDA:55,8,1,0
BRDA:64,9,0,0
BRDA:64,9,1,0
BRDA:72,10,0,0
BRDA:72,10,1,0
BRDA:74,11,0,0
BRDA:74,11,1,0
BRDA:81,12,0,0
BRDA:81,12,1,0
BRDA:96,13,0,0
BRDA:96,13,1,0
BRDA:107,14,0,0
BRDA:107,14,1,0
BRDA:107,15,0,0
BRDA:107,15,1,0
BRDA:109,16,0,0
BRDA:109,16,1,0
BRDA:111,17,0,0
BRDA:111,17,1,0
BRDA:111,18,0,0
BRDA:111,18,1,0
BRDA:112,19,0,0
BRDA:112,19,1,0
BRDA:112,20,0,0
BRDA:112,20,1,0
BRDA:116,21,0,0
BRDA:116,21,1,0
BRDA:127,22,0,0
BRDA:127,22,1,0
BRDA:127,22,2,0
BRDA:153,23,0,0
BRDA:153,23,1,0
BRDA:178,24,0,0
BRDA:178,24,1,0
BRDA:178,25,0,0
BRDA:178,25,1,0
BRDA:190,26,0,0
BRDA:190,26,1,0
BRDA:191,27,0,0
BRDA:191,27,1,0
BRDA:213,28,0,0
BRDA:213,28,1,0
BRDA:215,29,0,0
BRDA:215,29,1,0
BRDA:217,30,0,0
BRDA:217,30,1,0
BRDA:228,31,0,0
BRDA:228,31,1,0
BRDA:256,32,0,0
BRDA:256,32,1,0
BRDA:258,33,0,0
BRDA:258,33,1,0
BRDA:288,34,0,0
BRDA:288,34,1,0
BRDA:290,35,0,0
BRDA:290,35,1,0
BRDA:292,36,0,0
BRDA:292,36,1,0
BRDA:292,37,0,0
BRDA:292,37,1,0
BRDA:292,37,2,0
BRDA:319,38,0,0
BRDA:319,38,1,0
BRDA:321,39,0,0
BRDA:321,39,1,0
BRDA:323,40,0,0
BRDA:323,40,1,0
BRDA:323,41,0,0
BRDA:323,41,1,0
BRDA:323,41,2,0
BRDA:350,42,0,1
BRDA:350,42,1,0
BRDA:360,43,0,0
BRDA:360,43,1,0
BRDA:360,44,0,0
BRDA:360,44,1,0
BRDA:360,44,2,0
BRDA:397,45,0,0
BRDA:397,45,1,0
BRDA:401,46,0,0
BRDA:401,46,1,0
BRDA:405,47,0,0
BRDA:405,47,1,0
BRDA:428,48,0,0
BRDA:428,48,1,0
BRDA:428,49,0,0
BRDA:428,49,1,0
BRF:106
BRH:2
end_of_record
TN:
SF:routes\productRoutes.js
FN:9,(anonymous_0)
FN:19,(anonymous_1)
FN:30,(anonymous_2)
FN:40,(anonymous_3)
FN:53,(anonymous_4)
FN:74,(anonymous_5)
FN:89,(anonymous_6)
FN:110,(anonymous_7)
FNF:8
FNH:6
FNDA:1,(anonymous_0)
FNDA:1,(anonymous_1)
FNDA:0,(anonymous_2)
FNDA:1,(anonymous_3)
FNDA:3,(anonymous_4)
FNDA:1,(anonymous_5)
FNDA:1,(anonymous_6)
FNDA:0,(anonymous_7)
DA:2,14
DA:3,14
DA:4,14
DA:5,14
DA:6,14
DA:9,14
DA:10,1
DA:11,1
DA:12,1
DA:14,0
DA:19,14
DA:20,1
DA:21,1
DA:22,1
DA:23,1
DA:25,0
DA:30,14
DA:31,0
DA:32,0
DA:33,0
DA:35,0
DA:40,14
DA:41,1
DA:42,1
DA:48,1
DA:51,1
DA:52,1
DA:53,3
DA:54,1
DA:56,1
DA:57,0
DA:63,0
DA:67,1
DA:69,0
DA:74,14
DA:75,1
DA:76,1
DA:81,1
DA:82,1
DA:84,0
DA:89,14
DA:90,1
DA:91,1
DA:92,1
DA:94,1
DA:95,1
DA:96,1
DA:98,1
DA:99,1
DA:100,1
DA:103,0
DA:105,0
DA:110,14
DA:111,0
DA:112,0
DA:113,0
DA:114,0
DA:116,0
DA:123,0
DA:124,0
DA:126,0
DA:130,14
LF:62
LH:42
BRDA:22,0,0,0
BRDA:22,0,1,1
BRDA:45,1,0,1
BRDA:45,1,1,0
BRDA:56,2,0,0
BRDA:56,2,1,1
BRDA:56,3,0,1
BRDA:56,3,1,1
BRDA:60,4,0,0
BRDA:60,4,1,0
BRDA:81,5,0,0
BRDA:81,5,1,1
BRDA:92,6,0,0
BRDA:92,6,1,1
BRDA:96,7,0,1
BRDA:96,7,1,0
BRDA:98,8,0,1
BRDA:98,8,1,0
BRDA:98,9,0,1
BRDA:98,9,1,0
BRDA:98,9,2,0
BRDA:114,10,0,0
BRDA:114,10,1,0
BRF:23
BRH:10
end_of_record
TN:
SF:routes\reviewModerationRoutes.js
FN:10,(anonymous_0)
FN:24,(anonymous_1)
FN:43,(anonymous_2)
FN:61,(anonymous_3)
FNF:4
FNH:0
FNDA:0,(anonymous_0)
FNDA:0,(anonymous_1)
FNDA:0,(anonymous_2)
FNDA:0,(anonymous_3)
DA:2,14
DA:3,14
DA:4,14
DA:5,14
DA:10,14
DA:11,0
DA:12,0
DA:15,0
DA:17,0
DA:24,14
DA:25,0
DA:26,0
DA:27,0
DA:29,0
DA:30,0
DA:31,0
DA:32,0
DA:34,0
DA:36,0
DA:43,14
DA:44,0
DA:45,0
DA:46,0
DA:48,0
DA:49,0
DA:50,0
DA:52,0
DA:54,0
DA:61,14
DA:62,0
DA:63,0
DA:64,0
DA:66,0
DA:68,0
DA:72,14
LF:35
LH:9
BRDA:27,0,0,0
BRDA:27,0,1,0
BRDA:46,1,0,0
BRDA:46,1,1,0
BRDA:64,2,0,0
BRDA:64,2,1,0
BRF:6
BRH:0
end_of_record
TN:
SF:routes\reviewRoutes.js
FN:7,(anonymous_0)
FN:20,(anonymous_1)
FN:46,(anonymous_2)
FNF:3
FNH:1
FNDA:0,(anonymous_0)
FNDA:0,(anonymous_1)
FNDA:4,(anonymous_2)
DA:1,14
DA:2,14
DA:3,14
DA:4,14
DA:7,14
DA:8,0
DA:9,0
DA:13,0
DA:15,0
DA:20,14
DA:21,0
DA:22,0
DA:27,0
DA:28,0
DA:31,0
DA:38,0
DA:39,0
DA:41,0
DA:46,14
DA:47,4
DA:48,4
DA:49,4
DA:50,3
DA:52,1
DA:54,1
DA:56,0
DA:57,0
DA:60,0
DA:61,0
DA:63,0
DA:67,14
LF:31
LH:14
BRDA:27,0,0,0
BRDA:27,0,1,0
BRDA:49,1,0,3
BRDA:49,1,1,1
BRDA:54,2,0,1
BRDA:54,2,1,0
BRDA:56,3,0,0
BRDA:56,3,1,0
BRDA:56,4,0,0
BRDA:56,4,1,0
BRDA:56,4,2,0
BRF:11
BRH:3
end_of_record
TN:
SF:routes\rewardsRoutes.js
FN:8,(anonymous_0)
FN:14,(anonymous_1)
FN:27,(anonymous_2)
FNF:3
FNH:0
FNDA:0,(anonymous_0)
FNDA:0,(anonymous_1)
FNDA:0,(anonymous_2)
DA:1,14
DA:2,14
DA:3,14
DA:4,14
DA:5,14
DA:8,14
DA:9,0
DA:10,0
DA:14,14
DA:15,0
DA:16,0
DA:20,0
DA:22,0
DA:27,14
DA:28,0
DA:29,0
DA:30,0
DA:31,0
DA:32,0
DA:33,0
DA:35,0
DA:39,14
LF:22
LH:9
BRDA:9,0,0,0
BRDA:9,0,1,0
BRDA:29,1,0,0
BRDA:29,1,1,0
BRDA:30,2,0,0
BRDA:30,2,1,0
BRDA:30,3,0,0
BRDA:30,3,1,0
BRDA:31,4,0,0
BRDA:31,4,1,0
BRF:10
BRH:0
end_of_record
TN:
SF:routes\stripeRoutes.js
FN:7,(anonymous_0)
FNF:1
FNH:1
FNDA:5,(anonymous_0)
DA:1,14
DA:2,14
DA:3,14
DA:4,14
DA:5,14
DA:7,14
DA:8,5
DA:9,5
DA:10,5
DA:11,5
DA:13,0
DA:32,0
DA:34,0
DA:35,0
DA:39,14
LF:15
LH:11
BRDA:11,0,0,5
BRDA:11,0,1,0
BRF:2
BRH:1
end_of_record
TN:
SF:routes\supportRoutes.js
FN:8,(anonymous_0)
FN:29,(anonymous_1)
FN:42,(anonymous_2)
FN:55,(anonymous_3)
FNF:4
FNH:2
FNDA:3,(anonymous_0)
FNDA:2,(anonymous_1)
FNDA:0,(anonymous_2)
FNDA:0,(anonymous_3)
DA:1,14
DA:2,14
DA:3,14
DA:4,14
DA:8,14
DA:9,3
DA:10,3
DA:11,3
DA:12,1
DA:14,2
DA:21,2
DA:23,2
DA:25,0
DA:29,14
DA:30,2
DA:31,2
DA:32,2
DA:33,0
DA:35,2
DA:37,0
DA:42,14
DA:43,0
DA:44,0
DA:48,0
DA:50,0
DA:55,14
DA:56,0
DA:57,0
DA:58,0
DA:60,0
DA:61,0
DA:63,0
DA:64,0
DA:66,0
DA:70,14
LF:35
LH:20
BRDA:11,0,0,1
BRDA:11,0,1,2
BRDA:16,1,0,2
BRDA:16,1,1,2
BRDA:18,2,0,2
BRDA:18,2,1,0
BRDA:32,3,0,0
BRDA:32,3,1,2
BRDA:32,4,0,2
BRDA:32,4,1,2
BRDA:58,5,0,0
BRDA:58,5,1,0
BRDA:60,6,0,0
BRDA:60,6,1,0
BRDA:61,7,0,0
BRDA:61,7,1,0
BRF:16
BRH:8
end_of_record
TN:
SF:routes\taskRoutes.js
FN:14,(anonymous_0)
FN:19,(anonymous_1)
FN:32,(anonymous_2)
FN:49,(anonymous_3)
FN:57,(anonymous_4)
FN:74,(anonymous_5)
FNF:6
FNH:0
FNDA:0,(anonymous_0)
FNDA:0,(anonymous_1)
FNDA:0,(anonymous_2)
FNDA:0,(anonymous_3)
FNDA:0,(anonymous_4)
FNDA:0,(anonymous_5)
DA:1,14
DA:2,14
DA:11,14
DA:14,14
DA:15,0
DA:19,14
DA:20,0
DA:21,0
DA:22,0
DA:23,0
DA:24,0
DA:25,0
DA:27,0
DA:32,14
DA:33,0
DA:34,0
DA:35,0
DA:49,14
DA:50,0
DA:51,0
DA:52,0
DA:53,0
DA:57,14
DA:58,0
DA:59,0
DA:61,0
DA:62,0
DA:63,0
DA:64,0
DA:67,0
DA:68,0
DA:69,0
DA:72,0
DA:74,0
DA:75,0
DA:76,0
DA:80,14
LF:37
LH:9
BRDA:20,0,0,0
BRDA:20,0,1,0
BRDA:21,1,0,0
BRDA:21,1,1,0
BRDA:34,2,0,0
BRDA:34,2,1,0
BRDA:51,3,0,0
BRDA:51,3,1,0
BRDA:52,4,0,0
BRDA:52,4,1,0
BRDA:59,5,0,0
BRDA:59,5,1,0
BRF:12
BRH:0
end_of_record
TN:
SF:routes\telebirrRoutes.js
FN:5,(anonymous_0)
FNF:1
FNH:0
FNDA:0,(anonymous_0)
DA:1,14
DA:2,14
DA:3,14
DA:5,14
DA:6,0
DA:7,0
DA:10,0
DA:12,0
DA:14,0
DA:18,14
LF:10
LH:5
BRF:0
BRH:0
end_of_record
TN:
SF:routes\testEmailRoute.js
FN:6,(anonymous_0)
FNF:1
FNH:0
FNDA:0,(anonymous_0)
DA:2,14
DA:3,14
DA:4,14
DA:6,14
DA:7,0
DA:9,0
DA:10,0
DA:14,0
DA:15,0
DA:21,0
DA:23,0
DA:24,0
DA:28,14
LF:13
LH:5
BRDA:9,0,0,0
BRDA:9,0,1,0
BRDA:14,1,0,0
BRDA:14,1,1,0
BRDA:14,1,2,0
BRF:5
BRH:0
end_of_record
TN:
SF:routes\testSeedInvoicesRoute.js
FN:11,(anonymous_0)
FNF:1
FNH:0
FNDA:0,(anonymous_0)
DA:2,14
DA:3,14
DA:4,14
DA:5,14
DA:6,14
DA:7,14
DA:8,14
DA:11,14
DA:12,0
DA:14,0
DA:15,0
DA:16,0
DA:17,0
DA:19,0
DA:21,0
DA:22,0
DA:23,0
DA:25,0
DA:26,0
DA:29,0
DA:30,0
DA:31,0
DA:32,0
DA:33,0
DA:34,0
DA:35,0
DA:37,0
DA:61,0
DA:63,0
DA:67,14
LF:30
LH:9
BRDA:14,0,0,0
BRDA:14,0,1,0
BRDA:16,1,0,0
BRDA:16,1,1,0
BRDA:25,2,0,0
BRDA:25,2,1,0
BRDA:25,3,0,0
BRDA:25,3,1,0
BRDA:25,3,2,0
BRDA:29,4,0,0
BRDA:29,4,1,0
BRDA:43,5,0,0
BRDA:43,5,1,0
BRDA:63,6,0,0
BRDA:63,6,1,0
BRF:15
BRH:0
end_of_record
TN:
SF:routes\testSeedOrdersRoute.js
FN:10,(anonymous_0)
FNF:1
FNH:0
FNDA:0,(anonymous_0)
DA:2,14
DA:3,14
DA:4,14
DA:5,14
DA:6,14
DA:7,14
DA:10,14
DA:11,0
DA:12,0
DA:14,0
DA:15,0
DA:16,0
DA:17,0
DA:19,0
DA:21,0
DA:23,0
DA:24,0
DA:28,0
DA:30,0
DA:64,0
DA:66,0
DA:68,0
DA:72,14
LF:23
LH:8
BRDA:15,0,0,0
BRDA:15,0,1,0
BRDA:16,1,0,0
BRDA:16,1,1,0
BRDA:23,2,0,0
BRDA:23,2,1,0
BRDA:23,3,0,0
BRDA:23,3,1,0
BRDA:23,3,2,0
BRDA:68,4,0,0
BRDA:68,4,1,0
BRF:11
BRH:0
end_of_record
TN:
SF:routes\uploadRoutes.js
FN:19,(anonymous_0)
FN:22,(anonymous_1)
FN:35,(anonymous_2)
FN:47,(anonymous_3)
FN:74,(anonymous_4)
FN:76,(anonymous_5)
FN:82,(anonymous_6)
FN:153,(anonymous_7)
FN:155,(anonymous_8)
FN:160,(anonymous_9)
FN:185,(anonymous_10)
FN:190,(anonymous_11)
FNF:12
FNH:5
FNDA:4,(anonymous_0)
FNDA:4,(anonymous_1)
FNDA:6,(anonymous_2)
FNDA:0,(anonymous_3)
FNDA:8,(anonymous_4)
FNDA:0,(anonymous_5)
FNDA:8,(anonymous_6)
FNDA:0,(anonymous_7)
FNDA:0,(anonymous_8)
FNDA:0,(anonymous_9)
FNDA:0,(anonymous_10)
FNDA:0,(anonymous_11)
DA:2,14
DA:3,14
DA:4,14
DA:5,14
DA:7,14
DA:8,14
DA:9,14
DA:12,14
DA:13,14
DA:14,0
DA:18,14
DA:20,4
DA:23,4
DA:25,4
DA:26,0
DA:29,4
DA:30,4
DA:35,14
DA:36,6
DA:37,6
DA:38,6
DA:39,6
DA:40,4
DA:42,2
DA:47,14
DA:48,0
DA:49,0
DA:50,0
DA:51,0
DA:52,0
DA:54,0
DA:58,14
DA:64,14
DA:74,14
DA:75,8
DA:76,8
DA:77,0
DA:79,0
DA:82,8
DA:83,8
DA:84,0
DA:86,8
DA:87,2
DA:88,0
DA:90,2
DA:91,6
DA:92,2
DA:94,4
DA:95,1
DA:97,3
DA:98,3
DA:99,4
DA:100,4
DA:103,4
DA:110,4
DA:111,4
DA:112,4
DA:119,0
DA:120,0
DA:124,0
DA:125,0
DA:128,4
DA:129,4
DA:130,4
DA:131,4
DA:133,0
DA:137,3
DA:138,3
DA:139,0
DA:141,3
DA:146,14
DA:153,14
DA:154,0
DA:155,0
DA:156,0
DA:158,0
DA:160,0
DA:161,0
DA:162,0
DA:164,0
DA:165,0
DA:166,0
DA:168,0
DA:169,0
DA:170,0
DA:172,0
DA:173,0
DA:175,0
DA:176,0
DA:179,0
DA:185,0
DA:186,0
DA:187,0
DA:188,0
DA:190,0
DA:191,0
DA:192,0
DA:194,0
DA:195,0
DA:202,14
DA:204,14
LF:101
LH:56
BRDA:13,0,0,0
BRDA:13,0,1,14
BRDA:25,1,0,0
BRDA:25,1,1,4
BRDA:25,2,0,4
BRDA:25,2,1,4
BRDA:25,2,2,4
BRDA:39,3,0,4
BRDA:39,3,1,2
BRDA:39,4,0,6
BRDA:39,4,1,4
BRDA:51,5,0,0
BRDA:51,5,1,0
BRDA:51,6,0,0
BRDA:51,6,1,0
BRDA:83,7,0,0
BRDA:83,7,1,8
BRDA:86,8,0,2
BRDA:86,8,1,6
BRDA:87,9,0,0
BRDA:87,9,1,2
BRDA:91,10,0,2
BRDA:91,10,1,4
BRDA:94,11,0,1
BRDA:94,11,1,3
BRDA:94,12,0,4
BRDA:94,12,1,3
BRDA:112,13,0,0
BRDA:112,13,1,4
BRDA:113,14,0,4
BRDA:113,14,1,4
BRDA:113,14,2,4
BRDA:113,14,3,4
BRDA:124,15,0,0
BRDA:124,15,1,0
BRDA:137,16,0,3
BRDA:137,16,1,0
BRDA:138,17,0,0
BRDA:138,17,1,3
BRDA:161,18,0,0
BRDA:161,18,1,0
BRDA:164,19,0,0
BRDA:164,19,1,0
BRDA:165,20,0,0
BRDA:165,20,1,0
BRDA:169,21,0,0
BRDA:169,21,1,0
BRDA:172,22,0,0
BRDA:172,22,1,0
BRDA:186,23,0,0
BRDA:186,23,1,0
BRDA:191,24,0,0
BRDA:191,24,1,0
BRDA:194,25,0,0
BRDA:194,25,1,0
BRF:55
BRH:26
end_of_record
TN:
SF:routes\vendorPromoRoutes.js
FN:8,(anonymous_0)
FN:18,(anonymous_1)
FN:54,(anonymous_2)
FN:67,(anonymous_3)
FN:77,(anonymous_4)
FN:104,(anonymous_5)
FN:127,(anonymous_6)
FNF:7
FNH:0
FNDA:0,(anonymous_0)
FNDA:0,(anonymous_1)
FNDA:0,(anonymous_2)
FNDA:0,(anonymous_3)
FNDA:0,(anonymous_4)
FNDA:0,(anonymous_5)
FNDA:0,(anonymous_6)
DA:1,14
DA:2,14
DA:3,14
DA:4,14
DA:5,14
DA:8,14
DA:9,0
DA:10,0
DA:11,0
DA:13,0
DA:18,14
DA:19,0
DA:28,0
DA:31,0
DA:32,0
DA:35,0
DA:46,0
DA:47,0
DA:49,0
DA:54,14
DA:55,0
DA:56,0
DA:57,0
DA:59,0
DA:60,0
DA:62,0
DA:67,14
DA:68,0
DA:69,0
DA:70,0
DA:72,0
DA:77,14
DA:78,0
DA:79,0
DA:82,0
DA:83,0
DA:86,0
DA:96,0
DA:97,0
DA:99,0
DA:104,14
DA:105,0
DA:106,0
DA:107,0
DA:109,0
DA:112,0
DA:113,0
DA:114,0
DA:115,0
DA:116,0
DA:117,0
DA:119,0
DA:120,0
DA:122,0
DA:127,14
DA:128,0
DA:129,0
DA:130,0
DA:132,0
DA:133,0
DA:135,0
DA:139,14
LF:62
LH:13
BRDA:31,0,0,0
BRDA:31,0,1,0
BRDA:31,1,0,0
BRDA:31,1,1,0
BRDA:31,1,2,0
BRDA:31,1,3,0
BRDA:57,2,0,0
BRDA:57,2,1,0
BRDA:82,3,0,0
BRDA:82,3,1,0
BRDA:82,4,0,0
BRDA:82,4,1,0
BRDA:82,4,2,0
BRDA:82,4,3,0
BRDA:92,5,0,0
BRDA:92,5,1,0
BRDA:107,6,0,0
BRDA:107,6,1,0
BRDA:112,7,0,0
BRDA:112,7,1,0
BRDA:113,8,0,0
BRDA:113,8,1,0
BRDA:114,9,0,0
BRDA:114,9,1,0
BRDA:115,10,0,0
BRDA:115,10,1,0
BRDA:116,11,0,0
BRDA:116,11,1,0
BRDA:117,12,0,0
BRDA:117,12,1,0
BRDA:130,13,0,0
BRDA:130,13,1,0
BRF:32
BRH:0
end_of_record
TN:
SF:routes\vendorRoutes.js
FN:12,(anonymous_0)
FN:35,(anonymous_1)
FN:45,(anonymous_2)
FN:48,(anonymous_3)
FN:59,(anonymous_4)
FN:71,(anonymous_5)
FN:75,(anonymous_6)
FN:81,(anonymous_7)
FN:83,(anonymous_8)
FN:104,(anonymous_9)
FN:112,(anonymous_10)
FN:115,(anonymous_11)
FN:116,(anonymous_12)
FN:118,(anonymous_13)
FN:131,(anonymous_14)
FN:142,(anonymous_15)
FN:151,(anonymous_16)
FN:156,(anonymous_17)
FN:157,(anonymous_18)
FN:159,(anonymous_19)
FN:180,(anonymous_20)
FN:191,(anonymous_21)
FN:207,(anonymous_22)
FN:220,(anonymous_23)
FN:230,(anonymous_24)
FNF:25
FNH:7
FNDA:1,(anonymous_0)
FNDA:0,(anonymous_1)
FNDA:1,(anonymous_2)
FNDA:0,(anonymous_3)
FNDA:1,(anonymous_4)
FNDA:0,(anonymous_5)
FNDA:0,(anonymous_6)
FNDA:0,(anonymous_7)
FNDA:0,(anonymous_8)
FNDA:1,(anonymous_9)
FNDA:0,(anonymous_10)
FNDA:0,(anonymous_11)
FNDA:0,(anonymous_12)
FNDA:0,(anonymous_13)
FNDA:0,(anonymous_14)
FNDA:1,(anonymous_15)
FNDA:0,(anonymous_16)
FNDA:0,(anonymous_17)
FNDA:0,(anonymous_18)
FNDA:0,(anonymous_19)
FNDA:0,(anonymous_20)
FNDA:0,(anonymous_21)
FNDA:2,(anonymous_22)
FNDA:0,(anonymous_23)
FNDA:1,(anonymous_24)
DA:3,14
DA:4,14
DA:5,14
DA:6,14
DA:7,14
DA:8,14
DA:9,14
DA:12,14
DA:13,1
DA:14,1
DA:15,1
DA:16,0
DA:18,1
DA:27,1
DA:28,1
DA:30,0
DA:35,14
DA:36,0
DA:37,0
DA:38,0
DA:40,0
DA:45,14
DA:46,1
DA:47,1
DA:48,1
DA:49,1
DA:54,0
DA:59,14
DA:60,1
DA:61,1
DA:62,1
DA:66,1
DA:67,1
DA:68,1
DA:69,1
DA:71,1
DA:72,0
DA:75,0
DA:76,0
DA:78,0
DA:79,0
DA:81,0
DA:82,0
DA:83,0
DA:84,0
DA:85,0
DA:86,0
DA:87,0
DA:92,1
DA:99,0
DA:104,14
DA:105,1
DA:106,1
DA:107,1
DA:110,1
DA:112,1
DA:113,0
DA:114,0
DA:115,0
DA:117,0
DA:118,0
DA:119,0
DA:120,0
DA:121,0
DA:122,0
DA:123,0
DA:125,0
DA:130,1
DA:131,0
DA:134,1
DA:136,0
DA:137,0
DA:142,14
DA:143,1
DA:144,1
DA:145,1
DA:149,1
DA:151,1
DA:152,0
DA:154,0
DA:155,0
DA:156,0
DA:158,0
DA:159,0
DA:160,0
DA:161,0
DA:162,0
DA:166,0
DA:167,0
DA:168,0
DA:169,0
DA:175,0
DA:179,1
DA:180,0
DA:183,1
DA:185,0
DA:186,0
DA:191,14
DA:192,0
DA:193,0
DA:194,0
DA:195,0
DA:198,0
DA:199,0
DA:200,0
DA:202,0
DA:207,14
DA:208,2
DA:209,2
DA:210,2
DA:211,1
DA:213,1
DA:215,0
DA:220,14
DA:221,0
DA:222,0
DA:223,0
DA:225,0
DA:230,14
DA:231,1
DA:232,1
DA:234,1
DA:235,0
DA:238,1
DA:239,1
DA:241,1
DA:246,0
DA:250,14
LF:128
LH:62
BRDA:15,0,0,0
BRDA:15,0,1,1
BRDA:15,1,0,1
BRDA:15,1,1,1
BRDA:48,2,0,0
BRDA:48,2,1,0
BRDA:72,3,0,0
BRDA:72,3,1,0
BRDA:76,4,0,0
BRDA:76,4,1,0
BRDA:79,5,0,0
BRDA:79,5,1,0
BRDA:82,6,0,0
BRDA:82,6,1,0
BRDA:84,7,0,0
BRDA:84,7,1,0
BRDA:85,8,0,0
BRDA:85,8,1,0
BRDA:113,9,0,0
BRDA:113,9,1,0
BRDA:117,10,0,0
BRDA:117,10,1,0
BRDA:120,11,0,0
BRDA:120,11,1,0
BRDA:122,12,0,0
BRDA:122,12,1,0
BRDA:125,13,0,0
BRDA:125,13,1,0
BRDA:152,14,0,0
BRDA:152,14,1,0
BRDA:158,15,0,0
BRDA:158,15,1,0
BRDA:160,16,0,0
BRDA:160,16,1,0
BRDA:161,17,0,0
BRDA:161,17,1,0
BRDA:166,18,0,0
BRDA:166,18,1,0
BRDA:166,19,0,0
BRDA:166,19,1,0
BRDA:168,20,0,0
BRDA:168,20,1,0
BRDA:194,21,0,0
BRDA:194,21,1,0
BRDA:210,22,0,1
BRDA:210,22,1,1
BRDA:234,23,0,0
BRDA:234,23,1,1
BRDA:234,24,0,1
BRDA:234,24,1,1
BRDA:234,24,2,1
BRDA:238,25,0,1
BRDA:238,25,1,1
BRF:53
BRH:11
end_of_record
TN:
SF:tests\utils\mockStripeEvent.js
FN:14,mockStripeEvent
FN:46,generateSignatureHeader
FNF:2
FNH:2
FNDA:2,mockStripeEvent
FNDA:2,generateSignatureHeader
DA:1,1
DA:19,2
DA:21,2
DA:31,2
DA:33,2
DA:37,2
DA:47,2
DA:48,2
DA:51,1
LF:9
LH:9
BRDA:14,0,0,0
BRDA:14,1,0,1
BRDA:14,2,0,1
BRDA:14,3,0,2
BRDA:16,4,0,2
BRDA:17,5,0,2
BRDA:18,6,0,2
BRDA:21,7,0,2
BRDA:21,7,1,1
BRDA:33,8,0,0
BRDA:33,8,1,2
BRDA:46,9,0,0
BRF:12
BRH:9
end_of_record
TN:
SF:tests\utils\testUserUtils.js
FN:12,registerTestUser
FN:48,loginTestUser
FN:88,deleteTestUser
FNF:3
FNH:3
FNDA:24,registerTestUser
FNDA:16,loginTestUser
FNDA:5,deleteTestUser
DA:1,11
DA:2,11
DA:3,11
DA:13,24
DA:14,24
DA:16,24
DA:24,24
DA:25,24
DA:26,24
DA:27,24
DA:28,0
DA:29,0
DA:31,24
DA:32,24
DA:34,0
DA:35,0
DA:53,16
DA:54,0
DA:57,16
DA:58,16
DA:59,16
DA:63,16
DA:64,0
DA:65,0
DA:68,16
DA:69,16
DA:70,16
DA:71,16
DA:73,0
DA:74,0
DA:93,5
DA:95,5
DA:96,5
DA:98,5
DA:100,5
DA:101,5
DA:102,5
DA:104,5
DA:107,0
DA:110,11
LF:40
LH:30
BRDA:12,0,0,4
BRDA:12,1,0,24
BRDA:12,2,0,24
BRDA:17,3,0,24
BRDA:17,3,1,15
BRDA:18,4,0,24
BRDA:18,4,1,17
BRDA:19,5,0,24
BRDA:19,5,1,15
BRDA:20,6,0,24
BRDA:20,6,1,14
BRDA:27,7,0,0
BRDA:27,7,1,24
BRDA:51,8,0,16
BRDA:51,9,0,16
BRDA:51,10,0,16
BRDA:53,11,0,0
BRDA:53,11,1,16
BRDA:53,12,0,16
BRDA:53,12,1,16
BRDA:63,13,0,0
BRDA:63,13,1,16
BRDA:68,14,0,16
BRDA:68,14,1,0
BRDA:69,15,0,16
BRDA:69,15,1,16
BRDA:91,16,0,5
BRDA:91,17,0,5
BRDA:91,18,0,5
BRDA:91,19,0,5
BRDA:93,20,0,0
BRDA:93,20,1,5
BRDA:96,21,0,5
BRDA:96,21,1,0
BRDA:100,22,0,5
BRDA:100,22,1,0
BRDA:101,23,0,5
BRDA:101,23,1,0
BRF:38
BRH:30
end_of_record
TN:
SF:utils\azureContentModerator.js
FN:9,moderateImage
FNF:1
FNH:1
FNDA:4,moderateImage
DA:3,14
DA:4,14
DA:6,14
DA:7,14
DA:10,4
DA:12,4
DA:19,0
DA:20,0
DA:21,0
DA:22,0
DA:28,0
DA:30,0
DA:34,14
LF:13
LH:7
BRDA:10,0,0,4
BRDA:10,0,1,0
BRDA:10,1,0,4
BRDA:10,1,1,0
BRDA:10,1,2,0
BRDA:30,2,0,0
BRDA:30,2,1,0
BRF:7
BRH:2
end_of_record
TN:
SF:utils\codexAgent.js
FN:7,runCodex
FNF:1
FNH:0
FNDA:0,runCodex
DA:1,14
DA:3,14
DA:8,0
DA:13,0
DA:16,14
LF:5
LH:3
BRF:0
BRH:0
end_of_record
TN:
SF:utils\flags.js
FNF:0
FNH:0
DA:4,14
LF:1
LH:1
BRF:0
BRH:0
end_of_record
TN:
SF:utils\sendEmail.js
FN:35,(anonymous_0)
FN:48,(anonymous_1)
FN:56,(anonymous_2)
FN:71,sendEmail
FN:97,(anonymous_4)
FN:98,(anonymous_5)
FN:112,(anonymous_6)
FN:134,(anonymous_7)
FN:143,(anonymous_8)
FNF:9
FNH:8
FNDA:4,(anonymous_0)
FNDA:2,(anonymous_1)
FNDA:2,(anonymous_2)
FNDA:4,sendEmail
FNDA:2,(anonymous_4)
FNDA:1,(anonymous_5)
FNDA:2,(anonymous_6)
FNDA:0,(anonymous_7)
FNDA:1,(anonymous_8)
DA:1,15
DA:2,15
DA:5,15
DA:10,15
DA:12,15
DA:17,15
DA:18,0
DA:22,15
DA:34,15
DA:35,4
DA:48,2
DA:56,2
DA:72,4
DA:74,4
DA:75,4
DA:78,4
DA:84,2
DA:85,2
DA:87,2
DA:92,2
DA:97,15
DA:98,2
DA:99,1
DA:102,2
DA:104,2
DA:112,15
DA:113,2
DA:114,2
DA:116,2
DA:124,15
DA:135,0
DA:136,0
DA:143,15
DA:144,1
DA:145,1
DA:146,1
DA:147,1
DA:149,1
DA:151,0
DA:156,15
LF:40
LH:36
BRDA:5,0,0,15
BRDA:5,0,1,0
BRDA:7,1,0,0
BRDA:8,2,0,0
BRDA:9,3,0,15
BRDA:9,4,0,15
BRDA:9,4,1,0
BRDA:12,5,0,15
BRDA:12,5,1,0
BRDA:17,6,0,0
BRDA:17,6,1,15
BRDA:17,7,0,15
BRDA:17,7,1,0
BRDA:17,7,2,0
BRDA:22,8,0,15
BRDA:22,8,1,0
BRDA:74,9,0,4
BRDA:74,9,1,0
BRDA:81,10,0,4
BRDA:81,10,1,4
BRDA:99,11,0,1
BRDA:99,11,1,0
BRDA:144,12,0,1
BRDA:144,12,1,0
BRDA:146,13,0,1
BRDA:146,13,1,0
BRF:26
BRH:13
end_of_record
TN:
SF:utils\taskRunner.js
FN:109,toId
FN:113,ensureSet
FN:118,emitSSE
FN:127,createTask
FN:149,appendLog
FN:156,runTask
FN:170,(anonymous_6)
FN:185,(anonymous_7)
FN:187,(anonymous_8)
FN:193,(anonymous_9)
FN:201,(anonymous_10)
FN:213,getTask
FN:217,listTaskDefs
FN:218,(anonymous_13)
FN:221,subscribe
FN:226,unsubscribe
FNF:16
FNH:0
FNDA:0,toId
FNDA:0,ensureSet
FNDA:0,emitSSE
FNDA:0,createTask
FNDA:0,appendLog
FNDA:0,runTask
FNDA:0,(anonymous_6)
FNDA:0,(anonymous_7)
FNDA:0,(anonymous_8)
FNDA:0,(anonymous_9)
FNDA:0,(anonymous_10)
FNDA:0,getTask
FNDA:0,listTaskDefs
FNDA:0,(anonymous_13)
FNDA:0,subscribe
FNDA:0,unsubscribe
DA:1,14
DA:2,14
DA:3,14
DA:6,14
DA:7,14
DA:9,14
DA:18,14
DA:19,14
DA:20,14
DA:22,14
DA:110,0
DA:114,0
DA:115,0
DA:119,0
DA:120,0
DA:121,0
DA:122,0
DA:123,0
DA:128,0
DA:129,0
DA:130,0
DA:131,0
DA:145,0
DA:146,0
DA:150,0
DA:151,0
DA:152,0
DA:153,0
DA:157,0
DA:158,0
DA:159,0
DA:160,0
DA:162,0
DA:168,0
DA:169,0
DA:170,0
DA:171,0
DA:172,0
DA:173,0
DA:175,0
DA:177,0
DA:178,0
DA:179,0
DA:185,0
DA:186,0
DA:187,0
DA:190,0
DA:191,0
DA:193,0
DA:194,0
DA:195,0
DA:196,0
DA:197,0
DA:198,0
DA:201,0
DA:202,0
DA:203,0
DA:205,0
DA:206,0
DA:207,0
DA:210,0
DA:214,0
DA:218,0
DA:222,0
DA:223,0
DA:227,0
DA:228,0
DA:229,0
DA:230,0
DA:233,14
LF:70
LH:11
BRDA:101,0,0,14
BRDA:101,0,1,0
BRDA:102,1,0,14
BRDA:102,1,1,0
BRDA:114,2,0,0
BRDA:114,2,1,0
BRDA:120,3,0,0
BRDA:120,3,1,0
BRDA:120,4,0,0
BRDA:120,4,1,0
BRDA:129,5,0,0
BRDA:129,5,1,0
BRDA:150,6,0,0
BRDA:150,6,1,0
BRDA:152,7,0,0
BRDA:152,7,1,0
BRDA:164,8,0,0
BRDA:164,8,1,0
BRDA:168,9,0,0
BRDA:168,9,1,0
BRDA:172,10,0,0
BRDA:172,10,1,0
BRDA:202,11,0,0
BRDA:202,11,1,0
BRDA:203,12,0,0
BRDA:203,12,1,0
BRDA:214,13,0,0
BRDA:214,13,1,0
BRDA:228,14,0,0
BRDA:228,14,1,0
BRDA:230,15,0,0
BRDA:230,15,1,0
BRF:32
BRH:2
end_of_record
